Added Parameter LatestRevisionDate= to Part R25
Added Parameter LatestRevisionDate= to Part R26
Added Parameter LatestRevisionDate= to Part R27
Added Parameter LatestRevisionDate= to Part R28
Added Parameter LatestRevisionNote= to Part R25
Added Parameter LatestRevisionNote= to Part R26
Added Parameter LatestRevisionNote= to Part R27
Added Parameter LatestRevisionNote= to Part R28
Added Parameter PackageDescription= to Part R25
Added Parameter PackageDescription= to Part R26
Added Parameter PackageDescription= to Part R27
Added Parameter PackageDescription= to Part R28
Added Parameter PackageReference= to Part R25
Added Parameter PackageReference= to Part R26
Added Parameter PackageReference= to Part R27
Added Parameter PackageReference= to Part R28
Added Parameter Published= to Part R25
Added Parameter Published= to Part R26
Added Parameter Published= to Part R27
Added Parameter Published= to Part R28
Added Parameter Publisher= to Part R25
Added Parameter Publisher= to Part R26
Added Parameter Publisher= to Part R27
Added Parameter Publisher= to Part R28
