Add component (AddParameter): Name = "cijena (funte)"; Value = "0.29"; VariantName = "[No Variations]"
Add component (AddParameter): Name = "dobavljaè"; Value = "Farnell"; VariantName = "[No Variations]"
Add component (AddParameter): Name = "kataloški broj"; Value = "1840875"; VariantName = "[No Variations]"
Add component (AddParameter): Name = "opis komponente"; Value = "Operational Amplifier"; VariantName = "[No Variations]"
Add component (AddParameter): Name = "Value"; Value = ""; VariantName = "[No Variations]"
Added Component: Designator=D1(MSOP za op.pojacalo)
Add component. Clean all parameters for all variants
Add component (AddParameter): Name = "cijena (funte)"; Value = "0.29"; VariantName = "[No Variations]"
Add component (AddParameter): Name = "dobavljaè"; Value = "Farnell"; VariantName = "[No Variations]"
Add component (AddParameter): Name = "kataloški broj"; Value = "1840875"; VariantName = "[No Variations]"
Add component (AddParameter): Name = "opis komponente"; Value = "Operational Amplifier"; VariantName = "[No Variations]"
Add component (AddParameter): Name = "Value"; Value = ""; VariantName = "[No Variations]"
Add component (AddParameter): Name = "cijena (funte)"; Value = "0.29"; VariantName = "[No Variations]"
Add component (AddParameter): Name = "dobavljaè"; Value = "Farnell"; VariantName = "[No Variations]"
Add component (AddParameter): Name = "kataloški broj"; Value = "1840875"; VariantName = "[No Variations]"
Add component (AddParameter): Name = "opis komponente"; Value = "Operational Amplifier"; VariantName = "[No Variations]"
Add component (AddParameter): Name = "Value"; Value = ""; VariantName = "[No Variations]"
Added Component: Designator=D2(MSOP za op.pojacalo)
Add component. Clean all parameters for all variants
Add component (AddParameter): Name = "cijena (funte)"; Value = "0.29"; VariantName = "[No Variations]"
Add component (AddParameter): Name = "dobavljaè"; Value = "Farnell"; VariantName = "[No Variations]"
Add component (AddParameter): Name = "kataloški broj"; Value = "1840875"; VariantName = "[No Variations]"
Add component (AddParameter): Name = "opis komponente"; Value = "Operational Amplifier"; VariantName = "[No Variations]"
Add component (AddParameter): Name = "Value"; Value = ""; VariantName = "[No Variations]"
Added Pin To Net: NetName=NetD1_1 Pin=D1-1
Added Pin To Net: NetName=NetD1_1 Pin=D1-1
Added Pin To Net: NetName=NetD1_1 Pin=D1-1
Added Pin To Net: NetName=NetD1_1 Pin=D1-2
Added Pin To Net: NetName=NetD1_1 Pin=D1-2
Added Pin To Net: NetName=NetD1_1 Pin=D1-2
Added Pin To Net: NetName=NetD1_3 Pin=D1-3
Added Pin To Net: NetName=NetD1_3 Pin=D1-3
Added Pin To Net: NetName=NetD1_3 Pin=D1-3
Added Pin To Net: NetName=GND Pin=D1-4
Added Pin To Net: NetName=GND Pin=D1-4
Added Pin To Net: NetName=GND Pin=D1-4
Added Pin To Net: NetName=NetD1_5 Pin=D1-5
Added Pin To Net: NetName=NetD1_5 Pin=D1-5
Added Pin To Net: NetName=NetD1_5 Pin=D1-5
Added Pin To Net: NetName=NetD1_6 Pin=D1-6
Added Pin To Net: NetName=NetD1_6 Pin=D1-6
Added Pin To Net: NetName=NetD1_6 Pin=D1-6
Added Pin To Net: NetName=NetD1_6 Pin=D1-7
Added Pin To Net: NetName=NetD1_6 Pin=D1-7
Added Pin To Net: NetName=NetD1_6 Pin=D1-7
Added Pin To Net: NetName=VDDA Pin=D1-8
Added Pin To Net: NetName=VDDA Pin=D1-8
Added Pin To Net: NetName=VDDA Pin=D1-8
Added Pin To Net: NetName=NetD2_1 Pin=D2-1
Added Pin To Net: NetName=NetD2_1 Pin=D2-1
Added Pin To Net: NetName=NetD2_1 Pin=D2-1
Added Pin To Net: NetName=NetD2_1 Pin=D2-2
Added Pin To Net: NetName=NetD2_1 Pin=D2-2
Added Pin To Net: NetName=NetD2_1 Pin=D2-2
Added Pin To Net: NetName=NetD2_3 Pin=D2-3
Added Pin To Net: NetName=NetD2_3 Pin=D2-3
Added Pin To Net: NetName=NetD2_3 Pin=D2-3
Added Pin To Net: NetName=GND Pin=D2-4
Added Pin To Net: NetName=GND Pin=D2-4
Added Pin To Net: NetName=GND Pin=D2-4
Added Pin To Net: NetName=NetD2_5 Pin=D2-5
Added Pin To Net: NetName=NetD2_5 Pin=D2-5
Added Pin To Net: NetName=NetD2_5 Pin=D2-5
Added Pin To Net: NetName=NetD2_6 Pin=D2-6
Added Pin To Net: NetName=NetD2_6 Pin=D2-6
Added Pin To Net: NetName=NetD2_6 Pin=D2-6
Added Pin To Net: NetName=NetD2_6 Pin=D2-7
Added Pin To Net: NetName=NetD2_6 Pin=D2-7
Added Pin To Net: NetName=NetD2_6 Pin=D2-7
Added Pin To Net: NetName=VDDA Pin=D2-8
Added Pin To Net: NetName=VDDA Pin=D2-8
Added Pin To Net: NetName=VDDA Pin=D2-8
Added Member To Class: ClassName=PART_2 Member=Component D1 
Added Member To Class: ClassName=PART_2 Member=Component D2 
