Change Component Comment : Designator=R13 Old Comment=1.25M New Comment=2M
Change Component Comment : Designator=R14 Old Comment=1.25M New Comment=2M
Change Component Comment : Designator=R15 Old Comment=1.25M New Comment=2M
Change Component Comment : Designator=R16 Old Comment=1.25M New Comment=2M
Change component parameters (AddParameter): Name = "cijena (funte)"; Value = ""; VariantName = "[No Variations]"
Change component parameters (AddParameter): Name = "dobavljaè"; Value = "Farnell"; VariantName = "[No Variations]"
Change component parameters (AddParameter): Name = "kataloški broj"; Value = ""; VariantName = "[No Variations]"
Change component parameters (AddParameter): Name = "opis komponente"; Value = "resistor"; VariantName = "[No Variations]"
Change component parameters (AddParameter): Name = "Value"; Value = "2M"; VariantName = "[No Variations]"
Change component parameters. Clean all parameters for all variants
Change component parameters (AddParameter): Name = "cijena (funte)"; Value = ""; VariantName = "[No Variations]"
Change component parameters (AddParameter): Name = "dobavljaè"; Value = "Farnell"; VariantName = "[No Variations]"
Change component parameters (AddParameter): Name = "kataloški broj"; Value = ""; VariantName = "[No Variations]"
Change component parameters (AddParameter): Name = "opis komponente"; Value = "resistor"; VariantName = "[No Variations]"
Change component parameters (AddParameter): Name = "Value"; Value = "2M"; VariantName = "[No Variations]"
Change component parameters (AddParameter): Name = "cijena (funte)"; Value = ""; VariantName = "[No Variations]"
Change component parameters (AddParameter): Name = "dobavljaè"; Value = "Farnell"; VariantName = "[No Variations]"
Change component parameters (AddParameter): Name = "kataloški broj"; Value = ""; VariantName = "[No Variations]"
Change component parameters (AddParameter): Name = "opis komponente"; Value = "resistor"; VariantName = "[No Variations]"
Change component parameters (AddParameter): Name = "Value"; Value = "2M"; VariantName = "[No Variations]"
Change component parameters. Clean all parameters for all variants
Change component parameters (AddParameter): Name = "cijena (funte)"; Value = ""; VariantName = "[No Variations]"
Change component parameters (AddParameter): Name = "dobavljaè"; Value = "Farnell"; VariantName = "[No Variations]"
Change component parameters (AddParameter): Name = "kataloški broj"; Value = ""; VariantName = "[No Variations]"
Change component parameters (AddParameter): Name = "opis komponente"; Value = "resistor"; VariantName = "[No Variations]"
Change component parameters (AddParameter): Name = "Value"; Value = "2M"; VariantName = "[No Variations]"
Change component parameters (AddParameter): Name = "cijena (funte)"; Value = ""; VariantName = "[No Variations]"
Change component parameters (AddParameter): Name = "dobavljaè"; Value = "Farnell"; VariantName = "[No Variations]"
Change component parameters (AddParameter): Name = "kataloški broj"; Value = ""; VariantName = "[No Variations]"
Change component parameters (AddParameter): Name = "opis komponente"; Value = "resistor"; VariantName = "[No Variations]"
Change component parameters (AddParameter): Name = "Value"; Value = "2M"; VariantName = "[No Variations]"
Change component parameters. Clean all parameters for all variants
Change component parameters (AddParameter): Name = "cijena (funte)"; Value = ""; VariantName = "[No Variations]"
Change component parameters (AddParameter): Name = "dobavljaè"; Value = "Farnell"; VariantName = "[No Variations]"
Change component parameters (AddParameter): Name = "kataloški broj"; Value = ""; VariantName = "[No Variations]"
Change component parameters (AddParameter): Name = "opis komponente"; Value = "resistor"; VariantName = "[No Variations]"
Change component parameters (AddParameter): Name = "Value"; Value = "2M"; VariantName = "[No Variations]"
Change component parameters (AddParameter): Name = "cijena (funte)"; Value = ""; VariantName = "[No Variations]"
Change component parameters (AddParameter): Name = "dobavljaè"; Value = "Farnell"; VariantName = "[No Variations]"
Change component parameters (AddParameter): Name = "kataloški broj"; Value = ""; VariantName = "[No Variations]"
Change component parameters (AddParameter): Name = "opis komponente"; Value = "resistor"; VariantName = "[No Variations]"
Change component parameters (AddParameter): Name = "Value"; Value = "2M"; VariantName = "[No Variations]"
Change component parameters. Clean all parameters for all variants
Change component parameters (AddParameter): Name = "cijena (funte)"; Value = ""; VariantName = "[No Variations]"
Change component parameters (AddParameter): Name = "dobavljaè"; Value = "Farnell"; VariantName = "[No Variations]"
Change component parameters (AddParameter): Name = "kataloški broj"; Value = ""; VariantName = "[No Variations]"
Change component parameters (AddParameter): Name = "opis komponente"; Value = "resistor"; VariantName = "[No Variations]"
Change component parameters (AddParameter): Name = "Value"; Value = "2M"; VariantName = "[No Variations]"
Added Room: Name=PART_2
