Add component (AddParameter): Name = "cijena (funte)"; Value = "0.325"; VariantName = "[No Variations]"
Add component (AddParameter): Name = "dobavljaè"; Value = "Farnell"; VariantName = "[No Variations]"
Add component (AddParameter): Name = "kataloški broj"; Value = "2164804"; VariantName = "[No Variations]"
Add component (AddParameter): Name = "opis komponente"; Value = "Analogue Comparator"; VariantName = "[No Variations]"
Add component (AddParameter): Name = "Value"; Value = ""; VariantName = "[No Variations]"
Added Component: Designator=K1(TSSOP5-3)
Add component. Clean all parameters for all variants
Add component (AddParameter): Name = "cijena (funte)"; Value = "0.325"; VariantName = "[No Variations]"
Add component (AddParameter): Name = "dobavljaè"; Value = "Farnell"; VariantName = "[No Variations]"
Add component (AddParameter): Name = "kataloški broj"; Value = "2164804"; VariantName = "[No Variations]"
Add component (AddParameter): Name = "opis komponente"; Value = "Analogue Comparator"; VariantName = "[No Variations]"
Add component (AddParameter): Name = "Value"; Value = ""; VariantName = "[No Variations]"
Add component (AddParameter): Name = "cijena (funte)"; Value = "0.325"; VariantName = "[No Variations]"
Add component (AddParameter): Name = "dobavljaè"; Value = "Farnell"; VariantName = "[No Variations]"
Add component (AddParameter): Name = "kataloški broj"; Value = "2164804"; VariantName = "[No Variations]"
Add component (AddParameter): Name = "opis komponente"; Value = "Analogue Comparator"; VariantName = "[No Variations]"
Add component (AddParameter): Name = "Value"; Value = ""; VariantName = "[No Variations]"
Added Component: Designator=K2(TSSOP5-3)
Add component. Clean all parameters for all variants
Add component (AddParameter): Name = "cijena (funte)"; Value = "0.325"; VariantName = "[No Variations]"
Add component (AddParameter): Name = "dobavljaè"; Value = "Farnell"; VariantName = "[No Variations]"
Add component (AddParameter): Name = "kataloški broj"; Value = "2164804"; VariantName = "[No Variations]"
Add component (AddParameter): Name = "opis komponente"; Value = "Analogue Comparator"; VariantName = "[No Variations]"
Add component (AddParameter): Name = "Value"; Value = ""; VariantName = "[No Variations]"
Add component (AddParameter): Name = "cijena (funte)"; Value = "0.325"; VariantName = "[No Variations]"
Add component (AddParameter): Name = "dobavljaè"; Value = "Farnell"; VariantName = "[No Variations]"
Add component (AddParameter): Name = "kataloški broj"; Value = "2164804"; VariantName = "[No Variations]"
Add component (AddParameter): Name = "opis komponente"; Value = "Analogue Comparator"; VariantName = "[No Variations]"
Add component (AddParameter): Name = "Value"; Value = ""; VariantName = "[No Variations]"
Added Component: Designator=K3(TSSOP5-3)
Add component. Clean all parameters for all variants
Add component (AddParameter): Name = "cijena (funte)"; Value = "0.325"; VariantName = "[No Variations]"
Add component (AddParameter): Name = "dobavljaè"; Value = "Farnell"; VariantName = "[No Variations]"
Add component (AddParameter): Name = "kataloški broj"; Value = "2164804"; VariantName = "[No Variations]"
Add component (AddParameter): Name = "opis komponente"; Value = "Analogue Comparator"; VariantName = "[No Variations]"
Add component (AddParameter): Name = "Value"; Value = ""; VariantName = "[No Variations]"
Add component (AddParameter): Name = "cijena (funte)"; Value = "0.325"; VariantName = "[No Variations]"
Add component (AddParameter): Name = "dobavljaè"; Value = "Farnell"; VariantName = "[No Variations]"
Add component (AddParameter): Name = "kataloški broj"; Value = "2164804"; VariantName = "[No Variations]"
Add component (AddParameter): Name = "opis komponente"; Value = "Analogue Comparator"; VariantName = "[No Variations]"
Add component (AddParameter): Name = "Value"; Value = ""; VariantName = "[No Variations]"
Added Component: Designator=K4(TSSOP5-3)
Add component. Clean all parameters for all variants
Add component (AddParameter): Name = "cijena (funte)"; Value = "0.325"; VariantName = "[No Variations]"
Add component (AddParameter): Name = "dobavljaè"; Value = "Farnell"; VariantName = "[No Variations]"
Add component (AddParameter): Name = "kataloški broj"; Value = "2164804"; VariantName = "[No Variations]"
Add component (AddParameter): Name = "opis komponente"; Value = "Analogue Comparator"; VariantName = "[No Variations]"
Add component (AddParameter): Name = "Value"; Value = ""; VariantName = "[No Variations]"
Add component (AddParameter): Name = "cijena (funte)"; Value = "0.567"; VariantName = "[No Variations]"
Add component (AddParameter): Name = "dobavljaè"; Value = "Farnell"; VariantName = "[No Variations]"
Add component (AddParameter): Name = "kataloški broj"; Value = "2511278"; VariantName = "[No Variations]"
Add component (AddParameter): Name = "opis komponente"; Value = "chip za ref napon"; VariantName = "[No Variations]"
Add component (AddParameter): Name = "Value"; Value = "1.25V"; VariantName = "[No Variations]"
Added Component: Designator=N1(SOT-23-ref_chip)
Add component. Clean all parameters for all variants
Add component (AddParameter): Name = "cijena (funte)"; Value = "0.567"; VariantName = "[No Variations]"
Add component (AddParameter): Name = "dobavljaè"; Value = "Farnell"; VariantName = "[No Variations]"
Add component (AddParameter): Name = "kataloški broj"; Value = "2511278"; VariantName = "[No Variations]"
Add component (AddParameter): Name = "opis komponente"; Value = "chip za ref napon"; VariantName = "[No Variations]"
Add component (AddParameter): Name = "Value"; Value = "1.25V"; VariantName = "[No Variations]"
Add component (AddParameter): Name = "cijena (funte)"; Value = "0.567"; VariantName = "[No Variations]"
Add component (AddParameter): Name = "dobavljaè"; Value = "Farnell"; VariantName = "[No Variations]"
Add component (AddParameter): Name = "kataloški broj"; Value = "2511278"; VariantName = "[No Variations]"
Add component (AddParameter): Name = "opis komponente"; Value = "chip za ref napon"; VariantName = "[No Variations]"
Add component (AddParameter): Name = "Value"; Value = "1.25V"; VariantName = "[No Variations]"
Added Component: Designator=N2(SOT-23-ref_chip)
Add component. Clean all parameters for all variants
Add component (AddParameter): Name = "cijena (funte)"; Value = "0.567"; VariantName = "[No Variations]"
Add component (AddParameter): Name = "dobavljaè"; Value = "Farnell"; VariantName = "[No Variations]"
Add component (AddParameter): Name = "kataloški broj"; Value = "2511278"; VariantName = "[No Variations]"
Add component (AddParameter): Name = "opis komponente"; Value = "chip za ref napon"; VariantName = "[No Variations]"
Add component (AddParameter): Name = "Value"; Value = "1.25V"; VariantName = "[No Variations]"
Add component (AddParameter): Name = "cijena (funte)"; Value = "0.567"; VariantName = "[No Variations]"
Add component (AddParameter): Name = "dobavljaè"; Value = "Farnell"; VariantName = "[No Variations]"
Add component (AddParameter): Name = "kataloški broj"; Value = "2511278"; VariantName = "[No Variations]"
Add component (AddParameter): Name = "opis komponente"; Value = "chip za ref napon"; VariantName = "[No Variations]"
Add component (AddParameter): Name = "Value"; Value = "1.25V"; VariantName = "[No Variations]"
Added Component: Designator=N3(SOT-23-ref_chip)
Add component. Clean all parameters for all variants
Add component (AddParameter): Name = "cijena (funte)"; Value = "0.567"; VariantName = "[No Variations]"
Add component (AddParameter): Name = "dobavljaè"; Value = "Farnell"; VariantName = "[No Variations]"
Add component (AddParameter): Name = "kataloški broj"; Value = "2511278"; VariantName = "[No Variations]"
Add component (AddParameter): Name = "opis komponente"; Value = "chip za ref napon"; VariantName = "[No Variations]"
Add component (AddParameter): Name = "Value"; Value = "1.25V"; VariantName = "[No Variations]"
Add component (AddParameter): Name = "cijena (funte)"; Value = "0.567"; VariantName = "[No Variations]"
Add component (AddParameter): Name = "dobavljaè"; Value = "Farnell"; VariantName = "[No Variations]"
Add component (AddParameter): Name = "kataloški broj"; Value = "2511278"; VariantName = "[No Variations]"
Add component (AddParameter): Name = "opis komponente"; Value = "chip za ref napon"; VariantName = "[No Variations]"
Add component (AddParameter): Name = "Value"; Value = "1.25V"; VariantName = "[No Variations]"
Added Component: Designator=N4(SOT-23-ref_chip)
Add component. Clean all parameters for all variants
Add component (AddParameter): Name = "cijena (funte)"; Value = "0.567"; VariantName = "[No Variations]"
Add component (AddParameter): Name = "dobavljaè"; Value = "Farnell"; VariantName = "[No Variations]"
Add component (AddParameter): Name = "kataloški broj"; Value = "2511278"; VariantName = "[No Variations]"
Add component (AddParameter): Name = "opis komponente"; Value = "chip za ref napon"; VariantName = "[No Variations]"
Add component (AddParameter): Name = "Value"; Value = "1.25V"; VariantName = "[No Variations]"
Add component (AddParameter): Name = "cijena (funte)"; Value = ""; VariantName = "[No Variations]"
Add component (AddParameter): Name = "dobavljaè"; Value = "Farnell"; VariantName = "[No Variations]"
Add component (AddParameter): Name = "kataloški broj"; Value = ""; VariantName = "[No Variations]"
Add component (AddParameter): Name = "opis komponente"; Value = "resistor"; VariantName = "[No Variations]"
Add component (AddParameter): Name = "Value"; Value = "50K"; VariantName = "[No Variations]"
Added Component: Designator=R1(C1210_L)
Add component. Clean all parameters for all variants
Add component (AddParameter): Name = "cijena (funte)"; Value = ""; VariantName = "[No Variations]"
Add component (AddParameter): Name = "dobavljaè"; Value = "Farnell"; VariantName = "[No Variations]"
Add component (AddParameter): Name = "kataloški broj"; Value = ""; VariantName = "[No Variations]"
Add component (AddParameter): Name = "opis komponente"; Value = "resistor"; VariantName = "[No Variations]"
Add component (AddParameter): Name = "Value"; Value = "50K"; VariantName = "[No Variations]"
Add component (AddParameter): Name = "cijena (funte)"; Value = ""; VariantName = "[No Variations]"
Add component (AddParameter): Name = "dobavljaè"; Value = "Farnell"; VariantName = "[No Variations]"
Add component (AddParameter): Name = "kataloški broj"; Value = ""; VariantName = "[No Variations]"
Add component (AddParameter): Name = "opis komponente"; Value = "resistor"; VariantName = "[No Variations]"
Add component (AddParameter): Name = "Value"; Value = "50K"; VariantName = "[No Variations]"
Added Component: Designator=R2(C1210_L)
Add component. Clean all parameters for all variants
Add component (AddParameter): Name = "cijena (funte)"; Value = ""; VariantName = "[No Variations]"
Add component (AddParameter): Name = "dobavljaè"; Value = "Farnell"; VariantName = "[No Variations]"
Add component (AddParameter): Name = "kataloški broj"; Value = ""; VariantName = "[No Variations]"
Add component (AddParameter): Name = "opis komponente"; Value = "resistor"; VariantName = "[No Variations]"
Add component (AddParameter): Name = "Value"; Value = "50K"; VariantName = "[No Variations]"
Add component (AddParameter): Name = "cijena (funte)"; Value = ""; VariantName = "[No Variations]"
Add component (AddParameter): Name = "dobavljaè"; Value = "Farnell"; VariantName = "[No Variations]"
Add component (AddParameter): Name = "kataloški broj"; Value = ""; VariantName = "[No Variations]"
Add component (AddParameter): Name = "opis komponente"; Value = "resistor"; VariantName = "[No Variations]"
Add component (AddParameter): Name = "Value"; Value = "50K"; VariantName = "[No Variations]"
Added Component: Designator=R3(C1210_L)
Add component. Clean all parameters for all variants
Add component (AddParameter): Name = "cijena (funte)"; Value = ""; VariantName = "[No Variations]"
Add component (AddParameter): Name = "dobavljaè"; Value = "Farnell"; VariantName = "[No Variations]"
Add component (AddParameter): Name = "kataloški broj"; Value = ""; VariantName = "[No Variations]"
Add component (AddParameter): Name = "opis komponente"; Value = "resistor"; VariantName = "[No Variations]"
Add component (AddParameter): Name = "Value"; Value = "50K"; VariantName = "[No Variations]"
Add component (AddParameter): Name = "cijena (funte)"; Value = ""; VariantName = "[No Variations]"
Add component (AddParameter): Name = "dobavljaè"; Value = "Farnell"; VariantName = "[No Variations]"
Add component (AddParameter): Name = "kataloški broj"; Value = ""; VariantName = "[No Variations]"
Add component (AddParameter): Name = "opis komponente"; Value = "resistor"; VariantName = "[No Variations]"
Add component (AddParameter): Name = "Value"; Value = "50K"; VariantName = "[No Variations]"
Added Component: Designator=R4(C1210_L)
Add component. Clean all parameters for all variants
Add component (AddParameter): Name = "cijena (funte)"; Value = ""; VariantName = "[No Variations]"
Add component (AddParameter): Name = "dobavljaè"; Value = "Farnell"; VariantName = "[No Variations]"
Add component (AddParameter): Name = "kataloški broj"; Value = ""; VariantName = "[No Variations]"
Add component (AddParameter): Name = "opis komponente"; Value = "resistor"; VariantName = "[No Variations]"
Add component (AddParameter): Name = "Value"; Value = "50K"; VariantName = "[No Variations]"
Add component (AddParameter): Name = "cijena (funte)"; Value = ""; VariantName = "[No Variations]"
Add component (AddParameter): Name = "dobavljaè"; Value = "Farnell"; VariantName = "[No Variations]"
Add component (AddParameter): Name = "kataloški broj"; Value = ""; VariantName = "[No Variations]"
Add component (AddParameter): Name = "opis komponente"; Value = "resistor"; VariantName = "[No Variations]"
Add component (AddParameter): Name = "Value"; Value = "250K"; VariantName = "[No Variations]"
Added Component: Designator=R5(C1210_L)
Add component. Clean all parameters for all variants
Add component (AddParameter): Name = "cijena (funte)"; Value = ""; VariantName = "[No Variations]"
Add component (AddParameter): Name = "dobavljaè"; Value = "Farnell"; VariantName = "[No Variations]"
Add component (AddParameter): Name = "kataloški broj"; Value = ""; VariantName = "[No Variations]"
Add component (AddParameter): Name = "opis komponente"; Value = "resistor"; VariantName = "[No Variations]"
Add component (AddParameter): Name = "Value"; Value = "250K"; VariantName = "[No Variations]"
Add component (AddParameter): Name = "cijena (funte)"; Value = ""; VariantName = "[No Variations]"
Add component (AddParameter): Name = "dobavljaè"; Value = "Farnell"; VariantName = "[No Variations]"
Add component (AddParameter): Name = "kataloški broj"; Value = ""; VariantName = "[No Variations]"
Add component (AddParameter): Name = "opis komponente"; Value = "resistor"; VariantName = "[No Variations]"
Add component (AddParameter): Name = "Value"; Value = "250K"; VariantName = "[No Variations]"
Added Component: Designator=R6(C1210_L)
Add component. Clean all parameters for all variants
Add component (AddParameter): Name = "cijena (funte)"; Value = ""; VariantName = "[No Variations]"
Add component (AddParameter): Name = "dobavljaè"; Value = "Farnell"; VariantName = "[No Variations]"
Add component (AddParameter): Name = "kataloški broj"; Value = ""; VariantName = "[No Variations]"
Add component (AddParameter): Name = "opis komponente"; Value = "resistor"; VariantName = "[No Variations]"
Add component (AddParameter): Name = "Value"; Value = "250K"; VariantName = "[No Variations]"
Add component (AddParameter): Name = "cijena (funte)"; Value = ""; VariantName = "[No Variations]"
Add component (AddParameter): Name = "dobavljaè"; Value = "Farnell"; VariantName = "[No Variations]"
Add component (AddParameter): Name = "kataloški broj"; Value = ""; VariantName = "[No Variations]"
Add component (AddParameter): Name = "opis komponente"; Value = "resistor"; VariantName = "[No Variations]"
Add component (AddParameter): Name = "Value"; Value = "250K"; VariantName = "[No Variations]"
Added Component: Designator=R7(C1210_L)
Add component. Clean all parameters for all variants
Add component (AddParameter): Name = "cijena (funte)"; Value = ""; VariantName = "[No Variations]"
Add component (AddParameter): Name = "dobavljaè"; Value = "Farnell"; VariantName = "[No Variations]"
Add component (AddParameter): Name = "kataloški broj"; Value = ""; VariantName = "[No Variations]"
Add component (AddParameter): Name = "opis komponente"; Value = "resistor"; VariantName = "[No Variations]"
Add component (AddParameter): Name = "Value"; Value = "250K"; VariantName = "[No Variations]"
Add component (AddParameter): Name = "cijena (funte)"; Value = ""; VariantName = "[No Variations]"
Add component (AddParameter): Name = "dobavljaè"; Value = "Farnell"; VariantName = "[No Variations]"
Add component (AddParameter): Name = "kataloški broj"; Value = ""; VariantName = "[No Variations]"
Add component (AddParameter): Name = "opis komponente"; Value = "resistor"; VariantName = "[No Variations]"
Add component (AddParameter): Name = "Value"; Value = "250K"; VariantName = "[No Variations]"
Added Component: Designator=R8(C1210_L)
Add component. Clean all parameters for all variants
Add component (AddParameter): Name = "cijena (funte)"; Value = ""; VariantName = "[No Variations]"
Add component (AddParameter): Name = "dobavljaè"; Value = "Farnell"; VariantName = "[No Variations]"
Add component (AddParameter): Name = "kataloški broj"; Value = ""; VariantName = "[No Variations]"
Add component (AddParameter): Name = "opis komponente"; Value = "resistor"; VariantName = "[No Variations]"
Add component (AddParameter): Name = "Value"; Value = "250K"; VariantName = "[No Variations]"
Add component (AddParameter): Name = "cijena (funte)"; Value = "0.332"; VariantName = "[No Variations]"
Add component (AddParameter): Name = "dobavljaè"; Value = "Farnell"; VariantName = "[No Variations]"
Add component (AddParameter): Name = "kataloški broj"; Value = "1697458"; VariantName = "[No Variations]"
Add component (AddParameter): Name = "opis komponente"; Value = "resistor"; VariantName = "[No Variations]"
Add component (AddParameter): Name = "Value"; Value = "100K"; VariantName = "[No Variations]"
Added Component: Designator=R9(C1210_L)
Add component. Clean all parameters for all variants
Add component (AddParameter): Name = "cijena (funte)"; Value = "0.332"; VariantName = "[No Variations]"
Add component (AddParameter): Name = "dobavljaè"; Value = "Farnell"; VariantName = "[No Variations]"
Add component (AddParameter): Name = "kataloški broj"; Value = "1697458"; VariantName = "[No Variations]"
Add component (AddParameter): Name = "opis komponente"; Value = "resistor"; VariantName = "[No Variations]"
Add component (AddParameter): Name = "Value"; Value = "100K"; VariantName = "[No Variations]"
Add component (AddParameter): Name = "cijena (funte)"; Value = "0.332"; VariantName = "[No Variations]"
Add component (AddParameter): Name = "dobavljaè"; Value = "Farnell"; VariantName = "[No Variations]"
Add component (AddParameter): Name = "kataloški broj"; Value = "1697458"; VariantName = "[No Variations]"
Add component (AddParameter): Name = "opis komponente"; Value = "resistor"; VariantName = "[No Variations]"
Add component (AddParameter): Name = "Value"; Value = "100K"; VariantName = "[No Variations]"
Added Component: Designator=R10(C1210_L)
Add component. Clean all parameters for all variants
Add component (AddParameter): Name = "cijena (funte)"; Value = "0.332"; VariantName = "[No Variations]"
Add component (AddParameter): Name = "dobavljaè"; Value = "Farnell"; VariantName = "[No Variations]"
Add component (AddParameter): Name = "kataloški broj"; Value = "1697458"; VariantName = "[No Variations]"
Add component (AddParameter): Name = "opis komponente"; Value = "resistor"; VariantName = "[No Variations]"
Add component (AddParameter): Name = "Value"; Value = "100K"; VariantName = "[No Variations]"
Add component (AddParameter): Name = "cijena (funte)"; Value = "0.332"; VariantName = "[No Variations]"
Add component (AddParameter): Name = "dobavljaè"; Value = "Farnell"; VariantName = "[No Variations]"
Add component (AddParameter): Name = "kataloški broj"; Value = "1697458"; VariantName = "[No Variations]"
Add component (AddParameter): Name = "opis komponente"; Value = "resistor"; VariantName = "[No Variations]"
Add component (AddParameter): Name = "Value"; Value = "100K"; VariantName = "[No Variations]"
Added Component: Designator=R11(C1210_L)
Add component. Clean all parameters for all variants
Add component (AddParameter): Name = "cijena (funte)"; Value = "0.332"; VariantName = "[No Variations]"
Add component (AddParameter): Name = "dobavljaè"; Value = "Farnell"; VariantName = "[No Variations]"
Add component (AddParameter): Name = "kataloški broj"; Value = "1697458"; VariantName = "[No Variations]"
Add component (AddParameter): Name = "opis komponente"; Value = "resistor"; VariantName = "[No Variations]"
Add component (AddParameter): Name = "Value"; Value = "100K"; VariantName = "[No Variations]"
Add component (AddParameter): Name = "cijena (funte)"; Value = "0.332"; VariantName = "[No Variations]"
Add component (AddParameter): Name = "dobavljaè"; Value = "Farnell"; VariantName = "[No Variations]"
Add component (AddParameter): Name = "kataloški broj"; Value = "1697458"; VariantName = "[No Variations]"
Add component (AddParameter): Name = "opis komponente"; Value = "resistor"; VariantName = "[No Variations]"
Add component (AddParameter): Name = "Value"; Value = "100K"; VariantName = "[No Variations]"
Added Component: Designator=R12(C1210_L)
Add component. Clean all parameters for all variants
Add component (AddParameter): Name = "cijena (funte)"; Value = "0.332"; VariantName = "[No Variations]"
Add component (AddParameter): Name = "dobavljaè"; Value = "Farnell"; VariantName = "[No Variations]"
Add component (AddParameter): Name = "kataloški broj"; Value = "1697458"; VariantName = "[No Variations]"
Add component (AddParameter): Name = "opis komponente"; Value = "resistor"; VariantName = "[No Variations]"
Add component (AddParameter): Name = "Value"; Value = "100K"; VariantName = "[No Variations]"
Add component (AddParameter): Name = "cijena (funte)"; Value = ""; VariantName = "[No Variations]"
Add component (AddParameter): Name = "dobavljaè"; Value = "Farnell"; VariantName = "[No Variations]"
Add component (AddParameter): Name = "kataloški broj"; Value = ""; VariantName = "[No Variations]"
Add component (AddParameter): Name = "opis komponente"; Value = "resistor"; VariantName = "[No Variations]"
Add component (AddParameter): Name = "Value"; Value = "1.25M"; VariantName = "[No Variations]"
Added Component: Designator=R13(C1210_L)
Add component. Clean all parameters for all variants
Add component (AddParameter): Name = "cijena (funte)"; Value = ""; VariantName = "[No Variations]"
Add component (AddParameter): Name = "dobavljaè"; Value = "Farnell"; VariantName = "[No Variations]"
Add component (AddParameter): Name = "kataloški broj"; Value = ""; VariantName = "[No Variations]"
Add component (AddParameter): Name = "opis komponente"; Value = "resistor"; VariantName = "[No Variations]"
Add component (AddParameter): Name = "Value"; Value = "1.25M"; VariantName = "[No Variations]"
Add component (AddParameter): Name = "cijena (funte)"; Value = ""; VariantName = "[No Variations]"
Add component (AddParameter): Name = "dobavljaè"; Value = "Farnell"; VariantName = "[No Variations]"
Add component (AddParameter): Name = "kataloški broj"; Value = ""; VariantName = "[No Variations]"
Add component (AddParameter): Name = "opis komponente"; Value = "resistor"; VariantName = "[No Variations]"
Add component (AddParameter): Name = "Value"; Value = "1.25M"; VariantName = "[No Variations]"
Added Component: Designator=R14(C1210_L)
Add component. Clean all parameters for all variants
Add component (AddParameter): Name = "cijena (funte)"; Value = ""; VariantName = "[No Variations]"
Add component (AddParameter): Name = "dobavljaè"; Value = "Farnell"; VariantName = "[No Variations]"
Add component (AddParameter): Name = "kataloški broj"; Value = ""; VariantName = "[No Variations]"
Add component (AddParameter): Name = "opis komponente"; Value = "resistor"; VariantName = "[No Variations]"
Add component (AddParameter): Name = "Value"; Value = "1.25M"; VariantName = "[No Variations]"
Add component (AddParameter): Name = "cijena (funte)"; Value = ""; VariantName = "[No Variations]"
Add component (AddParameter): Name = "dobavljaè"; Value = "Farnell"; VariantName = "[No Variations]"
Add component (AddParameter): Name = "kataloški broj"; Value = ""; VariantName = "[No Variations]"
Add component (AddParameter): Name = "opis komponente"; Value = "resistor"; VariantName = "[No Variations]"
Add component (AddParameter): Name = "Value"; Value = "1.25M"; VariantName = "[No Variations]"
Added Component: Designator=R15(C1210_L)
Add component. Clean all parameters for all variants
Add component (AddParameter): Name = "cijena (funte)"; Value = ""; VariantName = "[No Variations]"
Add component (AddParameter): Name = "dobavljaè"; Value = "Farnell"; VariantName = "[No Variations]"
Add component (AddParameter): Name = "kataloški broj"; Value = ""; VariantName = "[No Variations]"
Add component (AddParameter): Name = "opis komponente"; Value = "resistor"; VariantName = "[No Variations]"
Add component (AddParameter): Name = "Value"; Value = "1.25M"; VariantName = "[No Variations]"
Add component (AddParameter): Name = "cijena (funte)"; Value = ""; VariantName = "[No Variations]"
Add component (AddParameter): Name = "dobavljaè"; Value = "Farnell"; VariantName = "[No Variations]"
Add component (AddParameter): Name = "kataloški broj"; Value = ""; VariantName = "[No Variations]"
Add component (AddParameter): Name = "opis komponente"; Value = "resistor"; VariantName = "[No Variations]"
Add component (AddParameter): Name = "Value"; Value = "1.25M"; VariantName = "[No Variations]"
Added Component: Designator=R16(C1210_L)
Add component. Clean all parameters for all variants
Add component (AddParameter): Name = "cijena (funte)"; Value = ""; VariantName = "[No Variations]"
Add component (AddParameter): Name = "dobavljaè"; Value = "Farnell"; VariantName = "[No Variations]"
Add component (AddParameter): Name = "kataloški broj"; Value = ""; VariantName = "[No Variations]"
Add component (AddParameter): Name = "opis komponente"; Value = "resistor"; VariantName = "[No Variations]"
Add component (AddParameter): Name = "Value"; Value = "1.25M"; VariantName = "[No Variations]"
Add component (AddParameter): Name = "cijena (funte)"; Value = ""; VariantName = "[No Variations]"
Add component (AddParameter): Name = "dobavljaè"; Value = "Farnell"; VariantName = "[No Variations]"
Add component (AddParameter): Name = "kataloški broj"; Value = ""; VariantName = "[No Variations]"
Add component (AddParameter): Name = "opis komponente"; Value = "resistor"; VariantName = "[No Variations]"
Add component (AddParameter): Name = "Value"; Value = "200"; VariantName = "[No Variations]"
Added Component: Designator=R17(C1210_L)
Add component. Clean all parameters for all variants
Add component (AddParameter): Name = "cijena (funte)"; Value = ""; VariantName = "[No Variations]"
Add component (AddParameter): Name = "dobavljaè"; Value = "Farnell"; VariantName = "[No Variations]"
Add component (AddParameter): Name = "kataloški broj"; Value = ""; VariantName = "[No Variations]"
Add component (AddParameter): Name = "opis komponente"; Value = "resistor"; VariantName = "[No Variations]"
Add component (AddParameter): Name = "Value"; Value = "200"; VariantName = "[No Variations]"
Add component (AddParameter): Name = "cijena (funte)"; Value = ""; VariantName = "[No Variations]"
Add component (AddParameter): Name = "dobavljaè"; Value = "Farnell"; VariantName = "[No Variations]"
Add component (AddParameter): Name = "kataloški broj"; Value = ""; VariantName = "[No Variations]"
Add component (AddParameter): Name = "opis komponente"; Value = "resistor"; VariantName = "[No Variations]"
Add component (AddParameter): Name = "Value"; Value = "200"; VariantName = "[No Variations]"
Added Component: Designator=R18(C1210_L)
Add component. Clean all parameters for all variants
Add component (AddParameter): Name = "cijena (funte)"; Value = ""; VariantName = "[No Variations]"
Add component (AddParameter): Name = "dobavljaè"; Value = "Farnell"; VariantName = "[No Variations]"
Add component (AddParameter): Name = "kataloški broj"; Value = ""; VariantName = "[No Variations]"
Add component (AddParameter): Name = "opis komponente"; Value = "resistor"; VariantName = "[No Variations]"
Add component (AddParameter): Name = "Value"; Value = "200"; VariantName = "[No Variations]"
Add component (AddParameter): Name = "cijena (funte)"; Value = ""; VariantName = "[No Variations]"
Add component (AddParameter): Name = "dobavljaè"; Value = "Farnell"; VariantName = "[No Variations]"
Add component (AddParameter): Name = "kataloški broj"; Value = ""; VariantName = "[No Variations]"
Add component (AddParameter): Name = "opis komponente"; Value = "resistor"; VariantName = "[No Variations]"
Add component (AddParameter): Name = "Value"; Value = "200"; VariantName = "[No Variations]"
Added Component: Designator=R19(C1210_L)
Add component. Clean all parameters for all variants
Add component (AddParameter): Name = "cijena (funte)"; Value = ""; VariantName = "[No Variations]"
Add component (AddParameter): Name = "dobavljaè"; Value = "Farnell"; VariantName = "[No Variations]"
Add component (AddParameter): Name = "kataloški broj"; Value = ""; VariantName = "[No Variations]"
Add component (AddParameter): Name = "opis komponente"; Value = "resistor"; VariantName = "[No Variations]"
Add component (AddParameter): Name = "Value"; Value = "200"; VariantName = "[No Variations]"
Add component (AddParameter): Name = "cijena (funte)"; Value = ""; VariantName = "[No Variations]"
Add component (AddParameter): Name = "dobavljaè"; Value = "Farnell"; VariantName = "[No Variations]"
Add component (AddParameter): Name = "kataloški broj"; Value = ""; VariantName = "[No Variations]"
Add component (AddParameter): Name = "opis komponente"; Value = "resistor"; VariantName = "[No Variations]"
Add component (AddParameter): Name = "Value"; Value = "200"; VariantName = "[No Variations]"
Added Component: Designator=R20(C1210_L)
Add component. Clean all parameters for all variants
Add component (AddParameter): Name = "cijena (funte)"; Value = ""; VariantName = "[No Variations]"
Add component (AddParameter): Name = "dobavljaè"; Value = "Farnell"; VariantName = "[No Variations]"
Add component (AddParameter): Name = "kataloški broj"; Value = ""; VariantName = "[No Variations]"
Add component (AddParameter): Name = "opis komponente"; Value = "resistor"; VariantName = "[No Variations]"
Add component (AddParameter): Name = "Value"; Value = "200"; VariantName = "[No Variations]"
Add component (AddParameter): Name = "cijena (funte)"; Value = "0.426"; VariantName = "[No Variations]"
Add component (AddParameter): Name = "dobavljaè"; Value = "Farnell"; VariantName = "[No Variations]"
Add component (AddParameter): Name = "kataloški broj"; Value = "1292518"; VariantName = "[No Variations]"
Add component (AddParameter): Name = "opis komponente"; Value = "Through Hole Resistor 7W"; VariantName = "[No Variations]"
Add component (AddParameter): Name = "Value"; Value = "1"; VariantName = "[No Variations]"
Added Component: Designator=R21(F za 7W otpornik)
Add component. Clean all parameters for all variants
Add component (AddParameter): Name = "cijena (funte)"; Value = "0.426"; VariantName = "[No Variations]"
Add component (AddParameter): Name = "dobavljaè"; Value = "Farnell"; VariantName = "[No Variations]"
Add component (AddParameter): Name = "kataloški broj"; Value = "1292518"; VariantName = "[No Variations]"
Add component (AddParameter): Name = "opis komponente"; Value = "Through Hole Resistor 7W"; VariantName = "[No Variations]"
Add component (AddParameter): Name = "Value"; Value = "1"; VariantName = "[No Variations]"
Add component (AddParameter): Name = "cijena (funte)"; Value = "0.426"; VariantName = "[No Variations]"
Add component (AddParameter): Name = "dobavljaè"; Value = "Farnell"; VariantName = "[No Variations]"
Add component (AddParameter): Name = "kataloški broj"; Value = "1292518"; VariantName = "[No Variations]"
Add component (AddParameter): Name = "opis komponente"; Value = "Through Hole Resistor 7W"; VariantName = "[No Variations]"
Add component (AddParameter): Name = "Value"; Value = "1"; VariantName = "[No Variations]"
Added Component: Designator=R22(F za 7W otpornik)
Add component. Clean all parameters for all variants
Add component (AddParameter): Name = "cijena (funte)"; Value = "0.426"; VariantName = "[No Variations]"
Add component (AddParameter): Name = "dobavljaè"; Value = "Farnell"; VariantName = "[No Variations]"
Add component (AddParameter): Name = "kataloški broj"; Value = "1292518"; VariantName = "[No Variations]"
Add component (AddParameter): Name = "opis komponente"; Value = "Through Hole Resistor 7W"; VariantName = "[No Variations]"
Add component (AddParameter): Name = "Value"; Value = "1"; VariantName = "[No Variations]"
Add component (AddParameter): Name = "cijena (funte)"; Value = "0.426"; VariantName = "[No Variations]"
Add component (AddParameter): Name = "dobavljaè"; Value = "Farnell"; VariantName = "[No Variations]"
Add component (AddParameter): Name = "kataloški broj"; Value = "1292518"; VariantName = "[No Variations]"
Add component (AddParameter): Name = "opis komponente"; Value = "Through Hole Resistor 7W"; VariantName = "[No Variations]"
Add component (AddParameter): Name = "Value"; Value = "1"; VariantName = "[No Variations]"
Added Component: Designator=R23(F za 7W otpornik)
Add component. Clean all parameters for all variants
Add component (AddParameter): Name = "cijena (funte)"; Value = "0.426"; VariantName = "[No Variations]"
Add component (AddParameter): Name = "dobavljaè"; Value = "Farnell"; VariantName = "[No Variations]"
Add component (AddParameter): Name = "kataloški broj"; Value = "1292518"; VariantName = "[No Variations]"
Add component (AddParameter): Name = "opis komponente"; Value = "Through Hole Resistor 7W"; VariantName = "[No Variations]"
Add component (AddParameter): Name = "Value"; Value = "1"; VariantName = "[No Variations]"
Add component (AddParameter): Name = "cijena (funte)"; Value = "0.426"; VariantName = "[No Variations]"
Add component (AddParameter): Name = "dobavljaè"; Value = "Farnell"; VariantName = "[No Variations]"
Add component (AddParameter): Name = "kataloški broj"; Value = "1292518"; VariantName = "[No Variations]"
Add component (AddParameter): Name = "opis komponente"; Value = "Through Hole Resistor 7W"; VariantName = "[No Variations]"
Add component (AddParameter): Name = "Value"; Value = "1"; VariantName = "[No Variations]"
Added Component: Designator=R24(F za 7W otpornik)
Add component. Clean all parameters for all variants
Add component (AddParameter): Name = "cijena (funte)"; Value = "0.426"; VariantName = "[No Variations]"
Add component (AddParameter): Name = "dobavljaè"; Value = "Farnell"; VariantName = "[No Variations]"
Add component (AddParameter): Name = "kataloški broj"; Value = "1292518"; VariantName = "[No Variations]"
Add component (AddParameter): Name = "opis komponente"; Value = "Through Hole Resistor 7W"; VariantName = "[No Variations]"
Add component (AddParameter): Name = "Value"; Value = "1"; VariantName = "[No Variations]"
Add component (AddParameter): Name = "cijena (funte)"; Value = ""; VariantName = "[No Variations]"
Add component (AddParameter): Name = "dobavljaè"; Value = "Farnell"; VariantName = "[No Variations]"
Add component (AddParameter): Name = "kataloški broj"; Value = ""; VariantName = "[No Variations]"
Add component (AddParameter): Name = "opis komponente"; Value = "resistor"; VariantName = "[No Variations]"
Add component (AddParameter): Name = "Value"; Value = "512K"; VariantName = "[No Variations]"
Added Component: Designator=R25(C1210_L)
Add component. Clean all parameters for all variants
Add component (AddParameter): Name = "cijena (funte)"; Value = ""; VariantName = "[No Variations]"
Add component (AddParameter): Name = "dobavljaè"; Value = "Farnell"; VariantName = "[No Variations]"
Add component (AddParameter): Name = "kataloški broj"; Value = ""; VariantName = "[No Variations]"
Add component (AddParameter): Name = "opis komponente"; Value = "resistor"; VariantName = "[No Variations]"
Add component (AddParameter): Name = "Value"; Value = "512K"; VariantName = "[No Variations]"
Add component (AddParameter): Name = "cijena (funte)"; Value = ""; VariantName = "[No Variations]"
Add component (AddParameter): Name = "dobavljaè"; Value = "Farnell"; VariantName = "[No Variations]"
Add component (AddParameter): Name = "kataloški broj"; Value = ""; VariantName = "[No Variations]"
Add component (AddParameter): Name = "opis komponente"; Value = "resistor"; VariantName = "[No Variations]"
Add component (AddParameter): Name = "Value"; Value = "512K"; VariantName = "[No Variations]"
Added Component: Designator=R26(C1210_L)
Add component. Clean all parameters for all variants
Add component (AddParameter): Name = "cijena (funte)"; Value = ""; VariantName = "[No Variations]"
Add component (AddParameter): Name = "dobavljaè"; Value = "Farnell"; VariantName = "[No Variations]"
Add component (AddParameter): Name = "kataloški broj"; Value = ""; VariantName = "[No Variations]"
Add component (AddParameter): Name = "opis komponente"; Value = "resistor"; VariantName = "[No Variations]"
Add component (AddParameter): Name = "Value"; Value = "512K"; VariantName = "[No Variations]"
Add component (AddParameter): Name = "cijena (funte)"; Value = ""; VariantName = "[No Variations]"
Add component (AddParameter): Name = "dobavljaè"; Value = "Farnell"; VariantName = "[No Variations]"
Add component (AddParameter): Name = "kataloški broj"; Value = ""; VariantName = "[No Variations]"
Add component (AddParameter): Name = "opis komponente"; Value = "resistor"; VariantName = "[No Variations]"
Add component (AddParameter): Name = "Value"; Value = "512K"; VariantName = "[No Variations]"
Added Component: Designator=R27(C1210_L)
Add component. Clean all parameters for all variants
Add component (AddParameter): Name = "cijena (funte)"; Value = ""; VariantName = "[No Variations]"
Add component (AddParameter): Name = "dobavljaè"; Value = "Farnell"; VariantName = "[No Variations]"
Add component (AddParameter): Name = "kataloški broj"; Value = ""; VariantName = "[No Variations]"
Add component (AddParameter): Name = "opis komponente"; Value = "resistor"; VariantName = "[No Variations]"
Add component (AddParameter): Name = "Value"; Value = "512K"; VariantName = "[No Variations]"
Add component (AddParameter): Name = "cijena (funte)"; Value = ""; VariantName = "[No Variations]"
Add component (AddParameter): Name = "dobavljaè"; Value = "Farnell"; VariantName = "[No Variations]"
Add component (AddParameter): Name = "kataloški broj"; Value = ""; VariantName = "[No Variations]"
Add component (AddParameter): Name = "opis komponente"; Value = "resistor"; VariantName = "[No Variations]"
Add component (AddParameter): Name = "Value"; Value = "512K"; VariantName = "[No Variations]"
Added Component: Designator=R28(C1210_L)
Add component. Clean all parameters for all variants
Add component (AddParameter): Name = "cijena (funte)"; Value = ""; VariantName = "[No Variations]"
Add component (AddParameter): Name = "dobavljaè"; Value = "Farnell"; VariantName = "[No Variations]"
Add component (AddParameter): Name = "kataloški broj"; Value = ""; VariantName = "[No Variations]"
Add component (AddParameter): Name = "opis komponente"; Value = "resistor"; VariantName = "[No Variations]"
Add component (AddParameter): Name = "Value"; Value = "512K"; VariantName = "[No Variations]"
Add component (AddParameter): Name = "cijena (funte)"; Value = "0.388"; VariantName = "[No Variations]"
Add component (AddParameter): Name = "dobavljaè"; Value = "Farnell"; VariantName = "[No Variations]"
Add component (AddParameter): Name = "kataloški broj"; Value = "2396085"; VariantName = "[No Variations]"
Add component (AddParameter): Name = "opis komponente"; Value = "N-MOSFET"; VariantName = "[No Variations]"
Add component (AddParameter): Name = "Value"; Value = ""; VariantName = "[No Variations]"
Added Component: Designator=V1(SO-8L single_f)
Add component. Clean all parameters for all variants
Add component (AddParameter): Name = "cijena (funte)"; Value = "0.388"; VariantName = "[No Variations]"
Add component (AddParameter): Name = "dobavljaè"; Value = "Farnell"; VariantName = "[No Variations]"
Add component (AddParameter): Name = "kataloški broj"; Value = "2396085"; VariantName = "[No Variations]"
Add component (AddParameter): Name = "opis komponente"; Value = "N-MOSFET"; VariantName = "[No Variations]"
Add component (AddParameter): Name = "Value"; Value = ""; VariantName = "[No Variations]"
Add component (AddParameter): Name = "cijena (funte)"; Value = "0.388"; VariantName = "[No Variations]"
Add component (AddParameter): Name = "dobavljaè"; Value = "Farnell"; VariantName = "[No Variations]"
Add component (AddParameter): Name = "kataloški broj"; Value = "2396085"; VariantName = "[No Variations]"
Add component (AddParameter): Name = "opis komponente"; Value = "N-MOSFET"; VariantName = "[No Variations]"
Add component (AddParameter): Name = "Value"; Value = ""; VariantName = "[No Variations]"
Added Component: Designator=V2(SO-8L single_f)
Add component. Clean all parameters for all variants
Add component (AddParameter): Name = "cijena (funte)"; Value = "0.388"; VariantName = "[No Variations]"
Add component (AddParameter): Name = "dobavljaè"; Value = "Farnell"; VariantName = "[No Variations]"
Add component (AddParameter): Name = "kataloški broj"; Value = "2396085"; VariantName = "[No Variations]"
Add component (AddParameter): Name = "opis komponente"; Value = "N-MOSFET"; VariantName = "[No Variations]"
Add component (AddParameter): Name = "Value"; Value = ""; VariantName = "[No Variations]"
Add component (AddParameter): Name = "cijena (funte)"; Value = "0.388"; VariantName = "[No Variations]"
Add component (AddParameter): Name = "dobavljaè"; Value = "Farnell"; VariantName = "[No Variations]"
Add component (AddParameter): Name = "kataloški broj"; Value = "2396085"; VariantName = "[No Variations]"
Add component (AddParameter): Name = "opis komponente"; Value = "N-MOSFET"; VariantName = "[No Variations]"
Add component (AddParameter): Name = "Value"; Value = ""; VariantName = "[No Variations]"
Added Component: Designator=V3(SO-8L single_f)
Add component. Clean all parameters for all variants
Add component (AddParameter): Name = "cijena (funte)"; Value = "0.388"; VariantName = "[No Variations]"
Add component (AddParameter): Name = "dobavljaè"; Value = "Farnell"; VariantName = "[No Variations]"
Add component (AddParameter): Name = "kataloški broj"; Value = "2396085"; VariantName = "[No Variations]"
Add component (AddParameter): Name = "opis komponente"; Value = "N-MOSFET"; VariantName = "[No Variations]"
Add component (AddParameter): Name = "Value"; Value = ""; VariantName = "[No Variations]"
Add component (AddParameter): Name = "cijena (funte)"; Value = "0.388"; VariantName = "[No Variations]"
Add component (AddParameter): Name = "dobavljaè"; Value = "Farnell"; VariantName = "[No Variations]"
Add component (AddParameter): Name = "kataloški broj"; Value = "2396085"; VariantName = "[No Variations]"
Add component (AddParameter): Name = "opis komponente"; Value = "N-MOSFET"; VariantName = "[No Variations]"
Add component (AddParameter): Name = "Value"; Value = ""; VariantName = "[No Variations]"
Added Component: Designator=V4(SO-8L single_f)
Add component. Clean all parameters for all variants
Add component (AddParameter): Name = "cijena (funte)"; Value = "0.388"; VariantName = "[No Variations]"
Add component (AddParameter): Name = "dobavljaè"; Value = "Farnell"; VariantName = "[No Variations]"
Add component (AddParameter): Name = "kataloški broj"; Value = "2396085"; VariantName = "[No Variations]"
Add component (AddParameter): Name = "opis komponente"; Value = "N-MOSFET"; VariantName = "[No Variations]"
Add component (AddParameter): Name = "Value"; Value = ""; VariantName = "[No Variations]"
Add component (AddParameter): Name = "cijena (funte)"; Value = "0.239"; VariantName = "[No Variations]"
Add component (AddParameter): Name = "dobavljaè"; Value = "Farnell"; VariantName = "[No Variations]"
Add component (AddParameter): Name = "kataloški broj"; Value = "2396251"; VariantName = "[No Variations]"
Add component (AddParameter): Name = "opis komponente"; Value = "Header, 2-Pin"; VariantName = "[No Variations]"
Add component (AddParameter): Name = "Value"; Value = ""; VariantName = "[No Variations]"
Added Component: Designator=X1(F Header 1x2)
Add component. Clean all parameters for all variants
Add component (AddParameter): Name = "cijena (funte)"; Value = "0.239"; VariantName = "[No Variations]"
Add component (AddParameter): Name = "dobavljaè"; Value = "Farnell"; VariantName = "[No Variations]"
Add component (AddParameter): Name = "kataloški broj"; Value = "2396251"; VariantName = "[No Variations]"
Add component (AddParameter): Name = "opis komponente"; Value = "Header, 2-Pin"; VariantName = "[No Variations]"
Add component (AddParameter): Name = "Value"; Value = ""; VariantName = "[No Variations]"
Add component (AddParameter): Name = "cijena (funte)"; Value = "0.239"; VariantName = "[No Variations]"
Add component (AddParameter): Name = "dobavljaè"; Value = "Farnell"; VariantName = "[No Variations]"
Add component (AddParameter): Name = "kataloški broj"; Value = "2396251"; VariantName = "[No Variations]"
Add component (AddParameter): Name = "opis komponente"; Value = "Header, 2-Pin"; VariantName = "[No Variations]"
Add component (AddParameter): Name = "Value"; Value = ""; VariantName = "[No Variations]"
Added Component: Designator=X2(F Header 1x2)
Add component. Clean all parameters for all variants
Add component (AddParameter): Name = "cijena (funte)"; Value = "0.239"; VariantName = "[No Variations]"
Add component (AddParameter): Name = "dobavljaè"; Value = "Farnell"; VariantName = "[No Variations]"
Add component (AddParameter): Name = "kataloški broj"; Value = "2396251"; VariantName = "[No Variations]"
Add component (AddParameter): Name = "opis komponente"; Value = "Header, 2-Pin"; VariantName = "[No Variations]"
Add component (AddParameter): Name = "Value"; Value = ""; VariantName = "[No Variations]"
Add component (AddParameter): Name = "cijena (funte)"; Value = "0.239"; VariantName = "[No Variations]"
Add component (AddParameter): Name = "dobavljaè"; Value = "Farnell"; VariantName = "[No Variations]"
Add component (AddParameter): Name = "kataloški broj"; Value = "2396251"; VariantName = "[No Variations]"
Add component (AddParameter): Name = "opis komponente"; Value = "Header, 2-Pin"; VariantName = "[No Variations]"
Add component (AddParameter): Name = "Value"; Value = ""; VariantName = "[No Variations]"
Added Component: Designator=X3(F Header 1x2)
Add component. Clean all parameters for all variants
Add component (AddParameter): Name = "cijena (funte)"; Value = "0.239"; VariantName = "[No Variations]"
Add component (AddParameter): Name = "dobavljaè"; Value = "Farnell"; VariantName = "[No Variations]"
Add component (AddParameter): Name = "kataloški broj"; Value = "2396251"; VariantName = "[No Variations]"
Add component (AddParameter): Name = "opis komponente"; Value = "Header, 2-Pin"; VariantName = "[No Variations]"
Add component (AddParameter): Name = "Value"; Value = ""; VariantName = "[No Variations]"
Add component (AddParameter): Name = "cijena (funte)"; Value = "0.239"; VariantName = "[No Variations]"
Add component (AddParameter): Name = "dobavljaè"; Value = "Farnell"; VariantName = "[No Variations]"
Add component (AddParameter): Name = "kataloški broj"; Value = "2396251"; VariantName = "[No Variations]"
Add component (AddParameter): Name = "opis komponente"; Value = "Header, 2-Pin"; VariantName = "[No Variations]"
Add component (AddParameter): Name = "Value"; Value = ""; VariantName = "[No Variations]"
Added Component: Designator=X4(F Header 1x2)
Add component. Clean all parameters for all variants
Add component (AddParameter): Name = "cijena (funte)"; Value = "0.239"; VariantName = "[No Variations]"
Add component (AddParameter): Name = "dobavljaè"; Value = "Farnell"; VariantName = "[No Variations]"
Add component (AddParameter): Name = "kataloški broj"; Value = "2396251"; VariantName = "[No Variations]"
Add component (AddParameter): Name = "opis komponente"; Value = "Header, 2-Pin"; VariantName = "[No Variations]"
Add component (AddParameter): Name = "Value"; Value = ""; VariantName = "[No Variations]"
Added Pin To Net: NetName=NetK1_1 Pin=K1-1
Added Pin To Net: NetName=NetK1_1 Pin=R13-1
Added Pin To Net: NetName=NetK1_1 Pin=R17-2
Added Net: Name=NetK1_1
Added Pin To Net: NetName=NetK1_3 Pin=K1-3
Added Pin To Net: NetName=NetK1_3 Pin=N1-2
Added Pin To Net: NetName=NetK1_3 Pin=R2-2
Added Pin To Net: NetName=NetK1_3 Pin=R6-2
Added Pin To Net: NetName=NetK1_3 Pin=R9-1
Added Pin To Net: NetName=NetK1_3 Pin=R22-2
Added Pin To Net: NetName=NetK1_3 Pin=R25-1
Added Pin To Net: NetName=NetK1_3 Pin=V1-3
Added Pin To Net: NetName=NetK1_3 Pin=V1-3
Added Pin To Net: NetName=NetK1_3 Pin=V1-3
Added Pin To Net: NetName=NetK1_3 Pin=X1-2
Added Pin To Net: NetName=NetK1_3 Pin=X2-1
Added Net: Name=NetK1_3
Added Pin To Net: NetName=NetK1_6 Pin=N1-1
Added Pin To Net: NetName=NetK1_6 Pin=R5-1
Added Net: Name=NetK1_6
Added Pin To Net: NetName=NetK1_7 Pin=R1-1
Added Pin To Net: NetName=NetK1_7 Pin=R9-2
Added Pin To Net: NetName=NetK1_7 Pin=R13-2
Added Net: Name=NetK1_7
Added Pin To Net: NetName=NetK1_12 Pin=R1-2
Added Pin To Net: NetName=NetK1_12 Pin=R5-2
Added Pin To Net: NetName=NetK1_12 Pin=R21-2
Added Pin To Net: NetName=NetK1_12 Pin=X1-1
Added Net: Name=NetK1_12
Added Pin To Net: NetName=NetK2_1 Pin=K2-1
Added Pin To Net: NetName=NetK2_1 Pin=R14-1
Added Pin To Net: NetName=NetK2_1 Pin=R18-2
Added Net: Name=NetK2_1
Added Pin To Net: NetName=NetK2_3 Pin=K2-3
Added Pin To Net: NetName=NetK2_3 Pin=N2-2
Added Pin To Net: NetName=NetK2_3 Pin=R3-2
Added Pin To Net: NetName=NetK2_3 Pin=R7-2
Added Pin To Net: NetName=NetK2_3 Pin=R10-1
Added Pin To Net: NetName=NetK2_3 Pin=R23-2
Added Pin To Net: NetName=NetK2_3 Pin=R26-1
Added Pin To Net: NetName=NetK2_3 Pin=V2-3
Added Pin To Net: NetName=NetK2_3 Pin=V2-3
Added Pin To Net: NetName=NetK2_3 Pin=V2-3
Added Pin To Net: NetName=NetK2_3 Pin=X2-2
Added Pin To Net: NetName=NetK2_3 Pin=X3-1
Added Net: Name=NetK2_3
Added Pin To Net: NetName=NetK2_6 Pin=N2-1
Added Pin To Net: NetName=NetK2_6 Pin=R6-1
Added Net: Name=NetK2_6
Added Pin To Net: NetName=NetK2_7 Pin=R2-1
Added Pin To Net: NetName=NetK2_7 Pin=R10-2
Added Pin To Net: NetName=NetK2_7 Pin=R14-2
Added Net: Name=NetK2_7
Added Pin To Net: NetName=NetK3_1 Pin=K3-1
Added Pin To Net: NetName=NetK3_1 Pin=R15-1
Added Pin To Net: NetName=NetK3_1 Pin=R19-2
Added Net: Name=NetK3_1
Added Pin To Net: NetName=NetK3_3 Pin=K3-3
Added Pin To Net: NetName=NetK3_3 Pin=N3-2
Added Pin To Net: NetName=NetK3_3 Pin=R4-2
Added Pin To Net: NetName=NetK3_3 Pin=R8-2
Added Pin To Net: NetName=NetK3_3 Pin=R11-1
Added Pin To Net: NetName=NetK3_3 Pin=R24-2
Added Pin To Net: NetName=NetK3_3 Pin=R27-1
Added Pin To Net: NetName=NetK3_3 Pin=V3-3
Added Pin To Net: NetName=NetK3_3 Pin=V3-3
Added Pin To Net: NetName=NetK3_3 Pin=V3-3
Added Pin To Net: NetName=NetK3_3 Pin=X3-2
Added Pin To Net: NetName=NetK3_3 Pin=X4-1
Added Net: Name=NetK3_3
Added Pin To Net: NetName=NetK3_6 Pin=N3-1
Added Pin To Net: NetName=NetK3_6 Pin=R7-1
Added Net: Name=NetK3_6
Added Pin To Net: NetName=NetK3_7 Pin=R3-1
Added Pin To Net: NetName=NetK3_7 Pin=R11-2
Added Pin To Net: NetName=NetK3_7 Pin=R15-2
Added Net: Name=NetK3_7
Added Pin To Net: NetName=NetK4_1 Pin=K4-1
Added Pin To Net: NetName=NetK4_1 Pin=R16-1
Added Pin To Net: NetName=NetK4_1 Pin=R20-2
Added Net: Name=NetK4_1
Added Pin To Net: NetName=NetK4_3 Pin=K4-3
Added Pin To Net: NetName=NetK4_3 Pin=N4-2
Added Pin To Net: NetName=NetK4_3 Pin=R12-1
Added Pin To Net: NetName=NetK4_3 Pin=R28-1
Added Pin To Net: NetName=NetK4_3 Pin=V4-3
Added Pin To Net: NetName=NetK4_3 Pin=V4-3
Added Pin To Net: NetName=NetK4_3 Pin=V4-3
Added Pin To Net: NetName=NetK4_3 Pin=X4-2
Added Net: Name=NetK4_3
Added Pin To Net: NetName=NetK4_6 Pin=N4-1
Added Pin To Net: NetName=NetK4_6 Pin=R8-1
Added Net: Name=NetK4_6
Added Pin To Net: NetName=NetK4_7 Pin=R4-1
Added Pin To Net: NetName=NetK4_7 Pin=R12-2
Added Pin To Net: NetName=NetK4_7 Pin=R16-2
Added Net: Name=NetK4_7
Added Pin To Net: NetName=NetR17_1 Pin=R17-1
Added Pin To Net: NetName=NetR17_1 Pin=R25-2
Added Pin To Net: NetName=NetR17_1 Pin=V1-1
Added Net: Name=NetR17_1
Added Pin To Net: NetName=NetR18_1 Pin=R18-1
Added Pin To Net: NetName=NetR18_1 Pin=R26-2
Added Pin To Net: NetName=NetR18_1 Pin=V2-1
Added Net: Name=NetR18_1
Added Pin To Net: NetName=NetR19_1 Pin=R19-1
Added Pin To Net: NetName=NetR19_1 Pin=R27-2
Added Pin To Net: NetName=NetR19_1 Pin=V3-1
Added Net: Name=NetR19_1
Added Pin To Net: NetName=NetR20_1 Pin=R20-1
Added Pin To Net: NetName=NetR20_1 Pin=R28-2
Added Pin To Net: NetName=NetR20_1 Pin=V4-1
Added Net: Name=NetR20_1
Added Pin To Net: NetName=NetR21_1 Pin=R21-1
Added Pin To Net: NetName=NetR21_1 Pin=V1-2
Added Pin To Net: NetName=NetR21_1 Pin=V1-2
Added Net: Name=NetR21_1
Added Pin To Net: NetName=NetR22_1 Pin=R22-1
Added Pin To Net: NetName=NetR22_1 Pin=V2-2
Added Pin To Net: NetName=NetR22_1 Pin=V2-2
Added Net: Name=NetR22_1
Added Pin To Net: NetName=NetR23_1 Pin=R23-1
Added Pin To Net: NetName=NetR23_1 Pin=V3-2
Added Pin To Net: NetName=NetR23_1 Pin=V3-2
Added Net: Name=NetR23_1
Added Pin To Net: NetName=NetR24_1 Pin=R24-1
Added Pin To Net: NetName=NetR24_1 Pin=V4-2
Added Pin To Net: NetName=NetR24_1 Pin=V4-2
Added Net: Name=NetR24_1
Added Class: Name=PART_2
Added Room: Name=PART_2
