Add component (AddParameter): Name = "LatestRevisionDate"; Value = "17-Jul-2002"; VariantName = "[No Variations]"
Add component (AddParameter): Name = "LatestRevisionNote"; Value = "Re-released for DXP Platform."; VariantName = "[No Variations]"
Add component (AddParameter): Name = "PackageDescription"; Value = "Radial Cap, Thru-Hole; 2 Leads; 0.3 in Pin Spacing"; VariantName = "[No Variations]"
Add component (AddParameter): Name = "PackageReference"; Value = "RAD-0.3"; VariantName = "[No Variations]"
Add component (AddParameter): Name = "Published"; Value = "8-Jun-2000"; VariantName = "[No Variations]"
Add component (AddParameter): Name = "Publisher"; Value = "Altium Limited"; VariantName = "[No Variations]"
Add component (AddParameter): Name = "Value"; Value = "1nF"; VariantName = "[No Variations]"
Added Component: Designator=C1(C0805)
Add component. Clean all parameters for all variants
Add component (AddParameter): Name = "LatestRevisionDate"; Value = "17-Jul-2002"; VariantName = "[No Variations]"
Add component (AddParameter): Name = "LatestRevisionNote"; Value = "Re-released for DXP Platform."; VariantName = "[No Variations]"
Add component (AddParameter): Name = "PackageDescription"; Value = "Radial Cap, Thru-Hole; 2 Leads; 0.3 in Pin Spacing"; VariantName = "[No Variations]"
Add component (AddParameter): Name = "PackageReference"; Value = "RAD-0.3"; VariantName = "[No Variations]"
Add component (AddParameter): Name = "Published"; Value = "8-Jun-2000"; VariantName = "[No Variations]"
Add component (AddParameter): Name = "Publisher"; Value = "Altium Limited"; VariantName = "[No Variations]"
Add component (AddParameter): Name = "Value"; Value = "1nF"; VariantName = "[No Variations]"
Add component (AddParameter): Name = "LatestRevisionDate"; Value = "17-Jul-2002"; VariantName = "[No Variations]"
Add component (AddParameter): Name = "LatestRevisionNote"; Value = "Re-released for DXP Platform."; VariantName = "[No Variations]"
Add component (AddParameter): Name = "PackageDescription"; Value = "Radial Cap, Thru-Hole; 2 Leads; 0.3 in Pin Spacing"; VariantName = "[No Variations]"
Add component (AddParameter): Name = "PackageReference"; Value = "RAD-0.3"; VariantName = "[No Variations]"
Add component (AddParameter): Name = "Published"; Value = "8-Jun-2000"; VariantName = "[No Variations]"
Add component (AddParameter): Name = "Publisher"; Value = "Altium Limited"; VariantName = "[No Variations]"
Add component (AddParameter): Name = "Value"; Value = "1nF"; VariantName = "[No Variations]"
Added Component: Designator=C2(C0805)
Add component. Clean all parameters for all variants
Add component (AddParameter): Name = "LatestRevisionDate"; Value = "17-Jul-2002"; VariantName = "[No Variations]"
Add component (AddParameter): Name = "LatestRevisionNote"; Value = "Re-released for DXP Platform."; VariantName = "[No Variations]"
Add component (AddParameter): Name = "PackageDescription"; Value = "Radial Cap, Thru-Hole; 2 Leads; 0.3 in Pin Spacing"; VariantName = "[No Variations]"
Add component (AddParameter): Name = "PackageReference"; Value = "RAD-0.3"; VariantName = "[No Variations]"
Add component (AddParameter): Name = "Published"; Value = "8-Jun-2000"; VariantName = "[No Variations]"
Add component (AddParameter): Name = "Publisher"; Value = "Altium Limited"; VariantName = "[No Variations]"
Add component (AddParameter): Name = "Value"; Value = "1nF"; VariantName = "[No Variations]"
Add component (AddParameter): Name = "LatestRevisionDate"; Value = "17-Jul-2002"; VariantName = "[No Variations]"
Add component (AddParameter): Name = "LatestRevisionNote"; Value = "Re-released for DXP Platform."; VariantName = "[No Variations]"
Add component (AddParameter): Name = "PackageDescription"; Value = "Radial Cap, Thru-Hole; 2 Leads; 0.3 in Pin Spacing"; VariantName = "[No Variations]"
Add component (AddParameter): Name = "PackageReference"; Value = "RAD-0.3"; VariantName = "[No Variations]"
Add component (AddParameter): Name = "Published"; Value = "8-Jun-2000"; VariantName = "[No Variations]"
Add component (AddParameter): Name = "Publisher"; Value = "Altium Limited"; VariantName = "[No Variations]"
Add component (AddParameter): Name = "Value"; Value = "1nF"; VariantName = "[No Variations]"
Added Component: Designator=C3(C0805)
Add component. Clean all parameters for all variants
Add component (AddParameter): Name = "LatestRevisionDate"; Value = "17-Jul-2002"; VariantName = "[No Variations]"
Add component (AddParameter): Name = "LatestRevisionNote"; Value = "Re-released for DXP Platform."; VariantName = "[No Variations]"
Add component (AddParameter): Name = "PackageDescription"; Value = "Radial Cap, Thru-Hole; 2 Leads; 0.3 in Pin Spacing"; VariantName = "[No Variations]"
Add component (AddParameter): Name = "PackageReference"; Value = "RAD-0.3"; VariantName = "[No Variations]"
Add component (AddParameter): Name = "Published"; Value = "8-Jun-2000"; VariantName = "[No Variations]"
Add component (AddParameter): Name = "Publisher"; Value = "Altium Limited"; VariantName = "[No Variations]"
Add component (AddParameter): Name = "Value"; Value = "1nF"; VariantName = "[No Variations]"
Add component (AddParameter): Name = "LatestRevisionDate"; Value = "17-Jul-2002"; VariantName = "[No Variations]"
Add component (AddParameter): Name = "LatestRevisionNote"; Value = "Re-released for DXP Platform."; VariantName = "[No Variations]"
Add component (AddParameter): Name = "PackageDescription"; Value = "Radial Cap, Thru-Hole; 2 Leads; 0.3 in Pin Spacing"; VariantName = "[No Variations]"
Add component (AddParameter): Name = "PackageReference"; Value = "RAD-0.3"; VariantName = "[No Variations]"
Add component (AddParameter): Name = "Published"; Value = "8-Jun-2000"; VariantName = "[No Variations]"
Add component (AddParameter): Name = "Publisher"; Value = "Altium Limited"; VariantName = "[No Variations]"
Add component (AddParameter): Name = "Value"; Value = "1nF"; VariantName = "[No Variations]"
Added Component: Designator=C4(C0805)
Add component. Clean all parameters for all variants
Add component (AddParameter): Name = "LatestRevisionDate"; Value = "17-Jul-2002"; VariantName = "[No Variations]"
Add component (AddParameter): Name = "LatestRevisionNote"; Value = "Re-released for DXP Platform."; VariantName = "[No Variations]"
Add component (AddParameter): Name = "PackageDescription"; Value = "Radial Cap, Thru-Hole; 2 Leads; 0.3 in Pin Spacing"; VariantName = "[No Variations]"
Add component (AddParameter): Name = "PackageReference"; Value = "RAD-0.3"; VariantName = "[No Variations]"
Add component (AddParameter): Name = "Published"; Value = "8-Jun-2000"; VariantName = "[No Variations]"
Add component (AddParameter): Name = "Publisher"; Value = "Altium Limited"; VariantName = "[No Variations]"
Add component (AddParameter): Name = "Value"; Value = "1nF"; VariantName = "[No Variations]"
Added Component: Designator=D1(MSOP za MCP6242)
Add component. Clean all parameters for all variants
Added Component: Designator=D2(MSOP za MCP6242)
Add component. Clean all parameters for all variants
Add component (AddParameter): Name = "cijena (funte)"; Value = ""; VariantName = "[No Variations]"
Add component (AddParameter): Name = "dobavljaè"; Value = "Farnell"; VariantName = "[No Variations]"
Add component (AddParameter): Name = "kataloški broj"; Value = ""; VariantName = "[No Variations]"
Add component (AddParameter): Name = "opis komponente"; Value = "resistor"; VariantName = "[No Variations]"
Add component (AddParameter): Name = "Value"; Value = "45K3"; VariantName = "[No Variations]"
Added Component: Designator=R11(C0805)
Add component. Clean all parameters for all variants
Add component (AddParameter): Name = "cijena (funte)"; Value = ""; VariantName = "[No Variations]"
Add component (AddParameter): Name = "dobavljaè"; Value = "Farnell"; VariantName = "[No Variations]"
Add component (AddParameter): Name = "kataloški broj"; Value = ""; VariantName = "[No Variations]"
Add component (AddParameter): Name = "opis komponente"; Value = "resistor"; VariantName = "[No Variations]"
Add component (AddParameter): Name = "Value"; Value = "45K3"; VariantName = "[No Variations]"
Add component (AddParameter): Name = "cijena (funte)"; Value = ""; VariantName = "[No Variations]"
Add component (AddParameter): Name = "dobavljaè"; Value = "Farnell"; VariantName = "[No Variations]"
Add component (AddParameter): Name = "kataloški broj"; Value = ""; VariantName = "[No Variations]"
Add component (AddParameter): Name = "opis komponente"; Value = "resistor"; VariantName = "[No Variations]"
Add component (AddParameter): Name = "Value"; Value = ""; VariantName = "[No Variations]"
Added Component: Designator=R29(C0805)
Add component. Clean all parameters for all variants
Add component (AddParameter): Name = "cijena (funte)"; Value = ""; VariantName = "[No Variations]"
Add component (AddParameter): Name = "dobavljaè"; Value = "Farnell"; VariantName = "[No Variations]"
Add component (AddParameter): Name = "kataloški broj"; Value = ""; VariantName = "[No Variations]"
Add component (AddParameter): Name = "opis komponente"; Value = "resistor"; VariantName = "[No Variations]"
Add component (AddParameter): Name = "Value"; Value = ""; VariantName = "[No Variations]"
Add component (AddParameter): Name = "cijena (funte)"; Value = ""; VariantName = "[No Variations]"
Add component (AddParameter): Name = "dobavljaè"; Value = "Farnell"; VariantName = "[No Variations]"
Add component (AddParameter): Name = "kataloški broj"; Value = ""; VariantName = "[No Variations]"
Add component (AddParameter): Name = "opis komponente"; Value = "resistor"; VariantName = "[No Variations]"
Add component (AddParameter): Name = "Value"; Value = ""; VariantName = "[No Variations]"
Added Component: Designator=R30(C0805)
Add component. Clean all parameters for all variants
Add component (AddParameter): Name = "cijena (funte)"; Value = ""; VariantName = "[No Variations]"
Add component (AddParameter): Name = "dobavljaè"; Value = "Farnell"; VariantName = "[No Variations]"
Add component (AddParameter): Name = "kataloški broj"; Value = ""; VariantName = "[No Variations]"
Add component (AddParameter): Name = "opis komponente"; Value = "resistor"; VariantName = "[No Variations]"
Add component (AddParameter): Name = "Value"; Value = ""; VariantName = "[No Variations]"
Add component (AddParameter): Name = "cijena (funte)"; Value = ""; VariantName = "[No Variations]"
Add component (AddParameter): Name = "dobavljaè"; Value = "Farnell"; VariantName = "[No Variations]"
Add component (AddParameter): Name = "kataloški broj"; Value = ""; VariantName = "[No Variations]"
Add component (AddParameter): Name = "opis komponente"; Value = "resistor"; VariantName = "[No Variations]"
Add component (AddParameter): Name = "Value"; Value = ""; VariantName = "[No Variations]"
Added Component: Designator=R31(C0805)
Add component. Clean all parameters for all variants
Add component (AddParameter): Name = "cijena (funte)"; Value = ""; VariantName = "[No Variations]"
Add component (AddParameter): Name = "dobavljaè"; Value = "Farnell"; VariantName = "[No Variations]"
Add component (AddParameter): Name = "kataloški broj"; Value = ""; VariantName = "[No Variations]"
Add component (AddParameter): Name = "opis komponente"; Value = "resistor"; VariantName = "[No Variations]"
Add component (AddParameter): Name = "Value"; Value = ""; VariantName = "[No Variations]"
Add component (AddParameter): Name = "cijena (funte)"; Value = ""; VariantName = "[No Variations]"
Add component (AddParameter): Name = "dobavljaè"; Value = "Farnell"; VariantName = "[No Variations]"
Add component (AddParameter): Name = "kataloški broj"; Value = ""; VariantName = "[No Variations]"
Add component (AddParameter): Name = "opis komponente"; Value = "resistor"; VariantName = "[No Variations]"
Add component (AddParameter): Name = "Value"; Value = ""; VariantName = "[No Variations]"
Added Component: Designator=R32(C0805)
Add component. Clean all parameters for all variants
Add component (AddParameter): Name = "cijena (funte)"; Value = ""; VariantName = "[No Variations]"
Add component (AddParameter): Name = "dobavljaè"; Value = "Farnell"; VariantName = "[No Variations]"
Add component (AddParameter): Name = "kataloški broj"; Value = ""; VariantName = "[No Variations]"
Add component (AddParameter): Name = "opis komponente"; Value = "resistor"; VariantName = "[No Variations]"
Add component (AddParameter): Name = "Value"; Value = ""; VariantName = "[No Variations]"
Add component (AddParameter): Name = "cijena (funte)"; Value = ""; VariantName = "[No Variations]"
Add component (AddParameter): Name = "dobavljaè"; Value = "Farnell"; VariantName = "[No Variations]"
Add component (AddParameter): Name = "kataloški broj"; Value = ""; VariantName = "[No Variations]"
Add component (AddParameter): Name = "opis komponente"; Value = "resistor"; VariantName = "[No Variations]"
Add component (AddParameter): Name = "Value"; Value = ""; VariantName = "[No Variations]"
Added Component: Designator=R33(C0805)
Add component. Clean all parameters for all variants
Add component (AddParameter): Name = "cijena (funte)"; Value = ""; VariantName = "[No Variations]"
Add component (AddParameter): Name = "dobavljaè"; Value = "Farnell"; VariantName = "[No Variations]"
Add component (AddParameter): Name = "kataloški broj"; Value = ""; VariantName = "[No Variations]"
Add component (AddParameter): Name = "opis komponente"; Value = "resistor"; VariantName = "[No Variations]"
Add component (AddParameter): Name = "Value"; Value = ""; VariantName = "[No Variations]"
Add component (AddParameter): Name = "cijena (funte)"; Value = ""; VariantName = "[No Variations]"
Add component (AddParameter): Name = "dobavljaè"; Value = "Farnell"; VariantName = "[No Variations]"
Add component (AddParameter): Name = "kataloški broj"; Value = ""; VariantName = "[No Variations]"
Add component (AddParameter): Name = "opis komponente"; Value = "resistor"; VariantName = "[No Variations]"
Add component (AddParameter): Name = "Value"; Value = ""; VariantName = "[No Variations]"
Added Component: Designator=R34(C0805)
Add component. Clean all parameters for all variants
Add component (AddParameter): Name = "cijena (funte)"; Value = ""; VariantName = "[No Variations]"
Add component (AddParameter): Name = "dobavljaè"; Value = "Farnell"; VariantName = "[No Variations]"
Add component (AddParameter): Name = "kataloški broj"; Value = ""; VariantName = "[No Variations]"
Add component (AddParameter): Name = "opis komponente"; Value = "resistor"; VariantName = "[No Variations]"
Add component (AddParameter): Name = "Value"; Value = ""; VariantName = "[No Variations]"
Add component (AddParameter): Name = "cijena (funte)"; Value = ""; VariantName = "[No Variations]"
Add component (AddParameter): Name = "dobavljaè"; Value = "Farnell"; VariantName = "[No Variations]"
Add component (AddParameter): Name = "kataloški broj"; Value = ""; VariantName = "[No Variations]"
Add component (AddParameter): Name = "opis komponente"; Value = "resistor"; VariantName = "[No Variations]"
Add component (AddParameter): Name = "Value"; Value = ""; VariantName = "[No Variations]"
Added Component: Designator=R35(C0805)
Add component. Clean all parameters for all variants
Add component (AddParameter): Name = "cijena (funte)"; Value = ""; VariantName = "[No Variations]"
Add component (AddParameter): Name = "dobavljaè"; Value = "Farnell"; VariantName = "[No Variations]"
Add component (AddParameter): Name = "kataloški broj"; Value = ""; VariantName = "[No Variations]"
Add component (AddParameter): Name = "opis komponente"; Value = "resistor"; VariantName = "[No Variations]"
Add component (AddParameter): Name = "Value"; Value = ""; VariantName = "[No Variations]"
Add component (AddParameter): Name = "cijena (funte)"; Value = ""; VariantName = "[No Variations]"
Add component (AddParameter): Name = "dobavljaè"; Value = "Farnell"; VariantName = "[No Variations]"
Add component (AddParameter): Name = "kataloški broj"; Value = ""; VariantName = "[No Variations]"
Add component (AddParameter): Name = "opis komponente"; Value = "resistor"; VariantName = "[No Variations]"
Add component (AddParameter): Name = "Value"; Value = ""; VariantName = "[No Variations]"
Added Component: Designator=R36(C0805)
Add component. Clean all parameters for all variants
Add component (AddParameter): Name = "cijena (funte)"; Value = ""; VariantName = "[No Variations]"
Add component (AddParameter): Name = "dobavljaè"; Value = "Farnell"; VariantName = "[No Variations]"
Add component (AddParameter): Name = "kataloški broj"; Value = ""; VariantName = "[No Variations]"
Add component (AddParameter): Name = "opis komponente"; Value = "resistor"; VariantName = "[No Variations]"
Add component (AddParameter): Name = "Value"; Value = ""; VariantName = "[No Variations]"
Add component (AddParameter): Name = "cijena (funte)"; Value = ""; VariantName = "[No Variations]"
Add component (AddParameter): Name = "dobavljaè"; Value = "Farnell"; VariantName = "[No Variations]"
Add component (AddParameter): Name = "kataloški broj"; Value = ""; VariantName = "[No Variations]"
Add component (AddParameter): Name = "opis komponente"; Value = "resistor"; VariantName = "[No Variations]"
Add component (AddParameter): Name = "Value"; Value = "800 "; VariantName = "[No Variations]"
Added Component: Designator=R37(C0805)
Add component. Clean all parameters for all variants
Add component (AddParameter): Name = "cijena (funte)"; Value = ""; VariantName = "[No Variations]"
Add component (AddParameter): Name = "dobavljaè"; Value = "Farnell"; VariantName = "[No Variations]"
Add component (AddParameter): Name = "kataloški broj"; Value = ""; VariantName = "[No Variations]"
Add component (AddParameter): Name = "opis komponente"; Value = "resistor"; VariantName = "[No Variations]"
Add component (AddParameter): Name = "Value"; Value = "800 "; VariantName = "[No Variations]"
Add component (AddParameter): Name = "cijena (funte)"; Value = ""; VariantName = "[No Variations]"
Add component (AddParameter): Name = "dobavljaè"; Value = "Farnell"; VariantName = "[No Variations]"
Add component (AddParameter): Name = "kataloški broj"; Value = ""; VariantName = "[No Variations]"
Add component (AddParameter): Name = "opis komponente"; Value = "resistor"; VariantName = "[No Variations]"
Add component (AddParameter): Name = "Value"; Value = "800 "; VariantName = "[No Variations]"
Added Component: Designator=R38(C0805)
Add component. Clean all parameters for all variants
Add component (AddParameter): Name = "cijena (funte)"; Value = ""; VariantName = "[No Variations]"
Add component (AddParameter): Name = "dobavljaè"; Value = "Farnell"; VariantName = "[No Variations]"
Add component (AddParameter): Name = "kataloški broj"; Value = ""; VariantName = "[No Variations]"
Add component (AddParameter): Name = "opis komponente"; Value = "resistor"; VariantName = "[No Variations]"
Add component (AddParameter): Name = "Value"; Value = "800 "; VariantName = "[No Variations]"
Add component (AddParameter): Name = "cijena (funte)"; Value = ""; VariantName = "[No Variations]"
Add component (AddParameter): Name = "dobavljaè"; Value = "Farnell"; VariantName = "[No Variations]"
Add component (AddParameter): Name = "kataloški broj"; Value = ""; VariantName = "[No Variations]"
Add component (AddParameter): Name = "opis komponente"; Value = "resistor"; VariantName = "[No Variations]"
Add component (AddParameter): Name = "Value"; Value = "800 "; VariantName = "[No Variations]"
Added Component: Designator=R39(C0805)
Add component. Clean all parameters for all variants
Add component (AddParameter): Name = "cijena (funte)"; Value = ""; VariantName = "[No Variations]"
Add component (AddParameter): Name = "dobavljaè"; Value = "Farnell"; VariantName = "[No Variations]"
Add component (AddParameter): Name = "kataloški broj"; Value = ""; VariantName = "[No Variations]"
Add component (AddParameter): Name = "opis komponente"; Value = "resistor"; VariantName = "[No Variations]"
Add component (AddParameter): Name = "Value"; Value = "800 "; VariantName = "[No Variations]"
Add component (AddParameter): Name = "cijena (funte)"; Value = ""; VariantName = "[No Variations]"
Add component (AddParameter): Name = "dobavljaè"; Value = "Farnell"; VariantName = "[No Variations]"
Add component (AddParameter): Name = "kataloški broj"; Value = ""; VariantName = "[No Variations]"
Add component (AddParameter): Name = "opis komponente"; Value = "resistor"; VariantName = "[No Variations]"
Add component (AddParameter): Name = "Value"; Value = "800 "; VariantName = "[No Variations]"
Added Component: Designator=R40(C0805)
Add component. Clean all parameters for all variants
Add component (AddParameter): Name = "cijena (funte)"; Value = ""; VariantName = "[No Variations]"
Add component (AddParameter): Name = "dobavljaè"; Value = "Farnell"; VariantName = "[No Variations]"
Add component (AddParameter): Name = "kataloški broj"; Value = ""; VariantName = "[No Variations]"
Add component (AddParameter): Name = "opis komponente"; Value = "resistor"; VariantName = "[No Variations]"
Add component (AddParameter): Name = "Value"; Value = "800 "; VariantName = "[No Variations]"
Added Pin To Net: NetName=NetK4_3 Pin=C1-1
Added Pin To Net: NetName=NetK4_3 Pin=C2-1
Added Pin To Net: NetName=NetK4_3 Pin=C3-1
Added Pin To Net: NetName=NetK4_3 Pin=C4-1
Added Pin To Net: NetName=NetK4_3 Pin=D1-4
Added Pin To Net: NetName=GND Pin=D1-8
Added Pin To Net: NetName=NetK4_3 Pin=D2-4
Added Pin To Net: NetName=NetR29_1 Pin=D2-6
Added Pin To Net: NetName=NetR29_1 Pin=D2-7
Added Pin To Net: NetName=GND Pin=D2-8
Added Pin To Net: NetName=NetK3_3 Pin=R11-1
Added Pin To Net: NetName=NetK3_7 Pin=R11-2
Added Pin To Net: NetName=NetK1_12 Pin=R29-2
Added Pin To Net: NetName=NetK4_3 Pin=R30-1
Added Pin To Net: NetName=NetK1_3 Pin=R31-2
Added Pin To Net: NetName=NetK4_3 Pin=R32-1
Added Pin To Net: NetName=NetK2_3 Pin=R33-2
Added Pin To Net: NetName=NetK4_3 Pin=R34-1
Added Pin To Net: NetName=NetK3_3 Pin=R35-2
Added Pin To Net: NetName=NetK4_3 Pin=R36-1
Added Pin To Net: NetName=NetR29_1 Pin=R40-1
Change Net Name : Old Net Name=GND New Net Name=VDDA
Change Net Name : Old Net Name=NetK4_3 New Net Name=GND
Change Net Name : Old Net Name=NetR29_1 New Net Name=NetD2_6
Added Pin To Net: NetName=NetC1_2 Pin=C1-2
Added Pin To Net: NetName=NetC1_2 Pin=R37-2
Added Net: Name=NetC1_2
Added Pin To Net: NetName=NetC2_2 Pin=C2-2
Added Pin To Net: NetName=NetC2_2 Pin=R38-2
Added Net: Name=NetC2_2
Added Pin To Net: NetName=NetC3_2 Pin=C3-2
Added Pin To Net: NetName=NetC3_2 Pin=R39-1
Added Net: Name=NetC3_2
Added Pin To Net: NetName=NetC4_2 Pin=C4-2
Added Pin To Net: NetName=NetC4_2 Pin=R40-2
Added Net: Name=NetC4_2
Added Pin To Net: NetName=NetD1_1 Pin=D1-1
Added Pin To Net: NetName=NetD1_1 Pin=D1-2
Added Pin To Net: NetName=NetD1_1 Pin=R37-1
Added Net: Name=NetD1_1
Added Pin To Net: NetName=NetD1_3 Pin=D1-3
Added Pin To Net: NetName=NetD1_3 Pin=R29-1
Added Pin To Net: NetName=NetD1_3 Pin=R30-2
Added Net: Name=NetD1_3
Added Pin To Net: NetName=NetD1_5 Pin=D1-5
Added Pin To Net: NetName=NetD1_5 Pin=R31-1
Added Pin To Net: NetName=NetD1_5 Pin=R32-2
Added Net: Name=NetD1_5
Added Pin To Net: NetName=NetD1_6 Pin=D1-6
Added Pin To Net: NetName=NetD1_6 Pin=D1-7
Added Pin To Net: NetName=NetD1_6 Pin=R38-1
Added Net: Name=NetD1_6
Added Pin To Net: NetName=NetD2_1 Pin=D2-1
Added Pin To Net: NetName=NetD2_1 Pin=D2-2
Added Pin To Net: NetName=NetD2_1 Pin=R39-2
Added Net: Name=NetD2_1
Added Pin To Net: NetName=NetD2_3 Pin=D2-3
Added Pin To Net: NetName=NetD2_3 Pin=R33-1
Added Pin To Net: NetName=NetD2_3 Pin=R34-2
Added Net: Name=NetD2_3
Added Pin To Net: NetName=NetD2_5 Pin=D2-5
Added Pin To Net: NetName=NetD2_5 Pin=R35-1
Added Pin To Net: NetName=NetD2_5 Pin=R36-2
Added Net: Name=NetD2_5
Added Member To Class: ClassName=PART_2 Member=Component C1 Cap
Added Member To Class: ClassName=PART_2 Member=Component C2 Cap
Added Member To Class: ClassName=PART_2 Member=Component C3 Cap
Added Member To Class: ClassName=PART_2 Member=Component C4 Cap
Added Member To Class: ClassName=PART_2 Member=Component D1 
Added Member To Class: ClassName=PART_2 Member=Component D2 
Added Member To Class: ClassName=PART_2 Member=Component N4 LM4040
Added Member To Class: ClassName=PART_2 Member=Component R11 45K3
Added Member To Class: ClassName=PART_2 Member=Component R29 
Added Member To Class: ClassName=PART_2 Member=Component R30 
Added Member To Class: ClassName=PART_2 Member=Component R31 
Added Member To Class: ClassName=PART_2 Member=Component R32 
Added Member To Class: ClassName=PART_2 Member=Component R33 
Added Member To Class: ClassName=PART_2 Member=Component R34 
Added Member To Class: ClassName=PART_2 Member=Component R35 
Added Member To Class: ClassName=PART_2 Member=Component R36 
Added Member To Class: ClassName=PART_2 Member=Component R37 
Added Member To Class: ClassName=PART_2 Member=Component R38 
Added Member To Class: ClassName=PART_2 Member=Component R39 
Added Member To Class: ClassName=PART_2 Member=Component R40 
Added Member To Class: ClassName=PART_2 Member=Component V3 NMOS-2
Added Room: Name=PART_2
