Removed Pin From Net: NetName=GND Pin=C1-1
Removed Pin From Net: NetName=GND Pin=C2-1
Removed Pin From Net: NetName=GND Pin=C3-1
Removed Pin From Net: NetName=GND Pin=C4-1
Removed Pin From Net: NetName=GND Pin=C5-1
Removed Pin From Net: NetName=GND Pin=C6-1
Removed Pin From Net: NetName=GND Pin=D1-4
Removed Pin From Net: NetName=GND Pin=D2-4
Removed Pin From Net: NetName=NetK3_3 Pin=R35-2
Removed Pin From Net: NetName=GND Pin=R36-1
Removed Member From Class: ClassName=PART_2 Member=R35
Removed Member From Class: ClassName=PART_2 Member=R36
Change Component Footprint: Designator=D1 Old Footprint=MSOP za MCP6242 New Footprint=MSOP za op.pojacalo
Change Component Comment : Designator=R5 Old Comment=250K New Comment=249K
Change Component Comment : Designator=R6 Old Comment=250K New Comment=249K
Change Component Comment : Designator=R7 Old Comment=250K New Comment=249K
Change Component Comment : Designator=R8 Old Comment=250K New Comment=249K
Change Component Comment : Designator=R25 Old Comment=512K New Comment=510K
Change Component Comment : Designator=R26 Old Comment=512K New Comment=510K
Change Component Comment : Designator=R27 Old Comment=512K New Comment=510K
Change Component Comment : Designator=R28 Old Comment=512K New Comment=510K
Change component parameters (AddParameter): Name = "LatestRevisionDate"; Value = "17-Jul-2002"; VariantName = "[No Variations]"
Change component parameters (AddParameter): Name = "LatestRevisionNote"; Value = "Re-released for DXP Platform."; VariantName = "[No Variations]"
Change component parameters (AddParameter): Name = "PackageDescription"; Value = "Radial Cap, Thru-Hole; 2 Leads; 0.3 in Pin Spacing"; VariantName = "[No Variations]"
Change component parameters (AddParameter): Name = "PackageReference"; Value = "RAD-0.3"; VariantName = "[No Variations]"
Change component parameters (AddParameter): Name = "Published"; Value = "8-Jun-2000"; VariantName = "[No Variations]"
Change component parameters (AddParameter): Name = "Publisher"; Value = "Altium Limited"; VariantName = "[No Variations]"
Change component parameters (AddParameter): Name = "Value"; Value = "100nF"; VariantName = "[No Variations]"
Change component parameters. Clean all parameters for all variants
Change component parameters (AddParameter): Name = "LatestRevisionDate"; Value = "17-Jul-2002"; VariantName = "[No Variations]"
Change component parameters (AddParameter): Name = "LatestRevisionNote"; Value = "Re-released for DXP Platform."; VariantName = "[No Variations]"
Change component parameters (AddParameter): Name = "PackageDescription"; Value = "Radial Cap, Thru-Hole; 2 Leads; 0.3 in Pin Spacing"; VariantName = "[No Variations]"
Change component parameters (AddParameter): Name = "PackageReference"; Value = "RAD-0.3"; VariantName = "[No Variations]"
Change component parameters (AddParameter): Name = "Published"; Value = "8-Jun-2000"; VariantName = "[No Variations]"
Change component parameters (AddParameter): Name = "Publisher"; Value = "Altium Limited"; VariantName = "[No Variations]"
Change component parameters (AddParameter): Name = "Value"; Value = "100nF"; VariantName = "[No Variations]"
Change component parameters (AddParameter): Name = "LatestRevisionDate"; Value = "17-Jul-2002"; VariantName = "[No Variations]"
Change component parameters (AddParameter): Name = "LatestRevisionNote"; Value = "Re-released for DXP Platform."; VariantName = "[No Variations]"
Change component parameters (AddParameter): Name = "PackageDescription"; Value = "Radial Cap, Thru-Hole; 2 Leads; 0.3 in Pin Spacing"; VariantName = "[No Variations]"
Change component parameters (AddParameter): Name = "PackageReference"; Value = "RAD-0.3"; VariantName = "[No Variations]"
Change component parameters (AddParameter): Name = "Published"; Value = "8-Jun-2000"; VariantName = "[No Variations]"
Change component parameters (AddParameter): Name = "Publisher"; Value = "Altium Limited"; VariantName = "[No Variations]"
Change component parameters (AddParameter): Name = "Value"; Value = "1uF"; VariantName = "[No Variations]"
Change component parameters. Clean all parameters for all variants
Change component parameters (AddParameter): Name = "LatestRevisionDate"; Value = "17-Jul-2002"; VariantName = "[No Variations]"
Change component parameters (AddParameter): Name = "LatestRevisionNote"; Value = "Re-released for DXP Platform."; VariantName = "[No Variations]"
Change component parameters (AddParameter): Name = "PackageDescription"; Value = "Radial Cap, Thru-Hole; 2 Leads; 0.3 in Pin Spacing"; VariantName = "[No Variations]"
Change component parameters (AddParameter): Name = "PackageReference"; Value = "RAD-0.3"; VariantName = "[No Variations]"
Change component parameters (AddParameter): Name = "Published"; Value = "8-Jun-2000"; VariantName = "[No Variations]"
Change component parameters (AddParameter): Name = "Publisher"; Value = "Altium Limited"; VariantName = "[No Variations]"
Change component parameters (AddParameter): Name = "Value"; Value = "1uF"; VariantName = "[No Variations]"
Change component parameters (AddParameter): Name = "cijena (funte)"; Value = "0.172"; VariantName = "[No Variations]"
Change component parameters (AddParameter): Name = "dobavljaè"; Value = "Farnell"; VariantName = "[No Variations]"
Change component parameters (AddParameter): Name = "kataloški broj"; Value = "1577628"; VariantName = "[No Variations]"
Change component parameters (AddParameter): Name = "opis komponente"; Value = "resistor, 0.1%, 100mW"; VariantName = "[No Variations]"
Change component parameters (AddParameter): Name = "Value"; Value = "47K"; VariantName = "[No Variations]"
Change component parameters. Clean all parameters for all variants
Change component parameters (AddParameter): Name = "cijena (funte)"; Value = "0.172"; VariantName = "[No Variations]"
Change component parameters (AddParameter): Name = "dobavljaè"; Value = "Farnell"; VariantName = "[No Variations]"
Change component parameters (AddParameter): Name = "kataloški broj"; Value = "1577628"; VariantName = "[No Variations]"
Change component parameters (AddParameter): Name = "opis komponente"; Value = "resistor, 0.1%, 100mW"; VariantName = "[No Variations]"
Change component parameters (AddParameter): Name = "Value"; Value = "47K"; VariantName = "[No Variations]"
Change component parameters (AddParameter): Name = "cijena (funte)"; Value = "0.172"; VariantName = "[No Variations]"
Change component parameters (AddParameter): Name = "dobavljaè"; Value = "Farnell"; VariantName = "[No Variations]"
Change component parameters (AddParameter): Name = "kataloški broj"; Value = "1577628"; VariantName = "[No Variations]"
Change component parameters (AddParameter): Name = "opis komponente"; Value = "resistor, 0.1%, 100mW"; VariantName = "[No Variations]"
Change component parameters (AddParameter): Name = "Value"; Value = "47K"; VariantName = "[No Variations]"
Change component parameters. Clean all parameters for all variants
Change component parameters (AddParameter): Name = "cijena (funte)"; Value = "0.172"; VariantName = "[No Variations]"
Change component parameters (AddParameter): Name = "dobavljaè"; Value = "Farnell"; VariantName = "[No Variations]"
Change component parameters (AddParameter): Name = "kataloški broj"; Value = "1577628"; VariantName = "[No Variations]"
Change component parameters (AddParameter): Name = "opis komponente"; Value = "resistor, 0.1%, 100mW"; VariantName = "[No Variations]"
Change component parameters (AddParameter): Name = "Value"; Value = "47K"; VariantName = "[No Variations]"
Change component parameters (AddParameter): Name = "cijena (funte)"; Value = "0.172"; VariantName = "[No Variations]"
Change component parameters (AddParameter): Name = "dobavljaè"; Value = "Farnell"; VariantName = "[No Variations]"
Change component parameters (AddParameter): Name = "kataloški broj"; Value = "1577628"; VariantName = "[No Variations]"
Change component parameters (AddParameter): Name = "opis komponente"; Value = "resistor, 0.1%, 100mW"; VariantName = "[No Variations]"
Change component parameters (AddParameter): Name = "Value"; Value = "47K"; VariantName = "[No Variations]"
Change component parameters. Clean all parameters for all variants
Change component parameters (AddParameter): Name = "cijena (funte)"; Value = "0.172"; VariantName = "[No Variations]"
Change component parameters (AddParameter): Name = "dobavljaè"; Value = "Farnell"; VariantName = "[No Variations]"
Change component parameters (AddParameter): Name = "kataloški broj"; Value = "1577628"; VariantName = "[No Variations]"
Change component parameters (AddParameter): Name = "opis komponente"; Value = "resistor, 0.1%, 100mW"; VariantName = "[No Variations]"
Change component parameters (AddParameter): Name = "Value"; Value = "47K"; VariantName = "[No Variations]"
Change component parameters (AddParameter): Name = "cijena (funte)"; Value = "0.172"; VariantName = "[No Variations]"
Change component parameters (AddParameter): Name = "dobavljaè"; Value = "Farnell"; VariantName = "[No Variations]"
Change component parameters (AddParameter): Name = "kataloški broj"; Value = "1577628"; VariantName = "[No Variations]"
Change component parameters (AddParameter): Name = "opis komponente"; Value = "resistor, 0.1%, 100mW"; VariantName = "[No Variations]"
Change component parameters (AddParameter): Name = "Value"; Value = "47K"; VariantName = "[No Variations]"
Change component parameters. Clean all parameters for all variants
Change component parameters (AddParameter): Name = "cijena (funte)"; Value = "0.172"; VariantName = "[No Variations]"
Change component parameters (AddParameter): Name = "dobavljaè"; Value = "Farnell"; VariantName = "[No Variations]"
Change component parameters (AddParameter): Name = "kataloški broj"; Value = "1577628"; VariantName = "[No Variations]"
Change component parameters (AddParameter): Name = "opis komponente"; Value = "resistor, 0.1%, 100mW"; VariantName = "[No Variations]"
Change component parameters (AddParameter): Name = "Value"; Value = "47K"; VariantName = "[No Variations]"
Change component parameters (AddParameter): Name = "cijena (funte)"; Value = "0.0173"; VariantName = "[No Variations]"
Change component parameters (AddParameter): Name = "dobavljaè"; Value = "Farnell"; VariantName = "[No Variations]"
Change component parameters (AddParameter): Name = "kataloški broj"; Value = "2073774"; VariantName = "[No Variations]"
Change component parameters (AddParameter): Name = "opis komponente"; Value = "resistor, 125 mW, 1%"; VariantName = "[No Variations]"
Change component parameters (AddParameter): Name = "Value"; Value = "45K3"; VariantName = "[No Variations]"
Change component parameters. Clean all parameters for all variants
Change component parameters (AddParameter): Name = "cijena (funte)"; Value = "0.0173"; VariantName = "[No Variations]"
Change component parameters (AddParameter): Name = "dobavljaè"; Value = "Farnell"; VariantName = "[No Variations]"
Change component parameters (AddParameter): Name = "kataloški broj"; Value = "2073774"; VariantName = "[No Variations]"
Change component parameters (AddParameter): Name = "opis komponente"; Value = "resistor, 125 mW, 1%"; VariantName = "[No Variations]"
Change component parameters (AddParameter): Name = "Value"; Value = "45K3"; VariantName = "[No Variations]"
Change component parameters (AddParameter): Name = "cijena (funte)"; Value = "0.0173"; VariantName = "[No Variations]"
Change component parameters (AddParameter): Name = "dobavljaè"; Value = "Farnell"; VariantName = "[No Variations]"
Change component parameters (AddParameter): Name = "kataloški broj"; Value = "2073774"; VariantName = "[No Variations]"
Change component parameters (AddParameter): Name = "opis komponente"; Value = "resistor, 125 mW, 1%"; VariantName = "[No Variations]"
Change component parameters (AddParameter): Name = "Value"; Value = "45K3"; VariantName = "[No Variations]"
Change component parameters. Clean all parameters for all variants
Change component parameters (AddParameter): Name = "cijena (funte)"; Value = "0.0173"; VariantName = "[No Variations]"
Change component parameters (AddParameter): Name = "dobavljaè"; Value = "Farnell"; VariantName = "[No Variations]"
Change component parameters (AddParameter): Name = "kataloški broj"; Value = "2073774"; VariantName = "[No Variations]"
Change component parameters (AddParameter): Name = "opis komponente"; Value = "resistor, 125 mW, 1%"; VariantName = "[No Variations]"
Change component parameters (AddParameter): Name = "Value"; Value = "45K3"; VariantName = "[No Variations]"
Change component parameters (AddParameter): Name = "cijena (funte)"; Value = "0.0173"; VariantName = "[No Variations]"
Change component parameters (AddParameter): Name = "dobavljaè"; Value = "Farnell"; VariantName = "[No Variations]"
Change component parameters (AddParameter): Name = "kataloški broj"; Value = "2073774"; VariantName = "[No Variations]"
Change component parameters (AddParameter): Name = "opis komponente"; Value = "resistor, 125 mW, 1%"; VariantName = "[No Variations]"
Change component parameters (AddParameter): Name = "Value"; Value = "45K3"; VariantName = "[No Variations]"
Change component parameters. Clean all parameters for all variants
Change component parameters (AddParameter): Name = "cijena (funte)"; Value = "0.0173"; VariantName = "[No Variations]"
Change component parameters (AddParameter): Name = "dobavljaè"; Value = "Farnell"; VariantName = "[No Variations]"
Change component parameters (AddParameter): Name = "kataloški broj"; Value = "2073774"; VariantName = "[No Variations]"
Change component parameters (AddParameter): Name = "opis komponente"; Value = "resistor, 125 mW, 1%"; VariantName = "[No Variations]"
Change component parameters (AddParameter): Name = "Value"; Value = "45K3"; VariantName = "[No Variations]"
Change component parameters (AddParameter): Name = "cijena (funte)"; Value = "0.0173"; VariantName = "[No Variations]"
Change component parameters (AddParameter): Name = "dobavljaè"; Value = "Farnell"; VariantName = "[No Variations]"
Change component parameters (AddParameter): Name = "kataloški broj"; Value = "2073774"; VariantName = "[No Variations]"
Change component parameters (AddParameter): Name = "opis komponente"; Value = "resistor, 125 mW, 1%"; VariantName = "[No Variations]"
Change component parameters (AddParameter): Name = "Value"; Value = "45K3"; VariantName = "[No Variations]"
Change component parameters. Clean all parameters for all variants
Change component parameters (AddParameter): Name = "cijena (funte)"; Value = "0.0173"; VariantName = "[No Variations]"
Change component parameters (AddParameter): Name = "dobavljaè"; Value = "Farnell"; VariantName = "[No Variations]"
Change component parameters (AddParameter): Name = "kataloški broj"; Value = "2073774"; VariantName = "[No Variations]"
Change component parameters (AddParameter): Name = "opis komponente"; Value = "resistor, 125 mW, 1%"; VariantName = "[No Variations]"
Change component parameters (AddParameter): Name = "Value"; Value = "45K3"; VariantName = "[No Variations]"
Change component parameters (AddParameter): Name = "cijena (funte)"; Value = "0.0106"; VariantName = "[No Variations]"
Change component parameters (AddParameter): Name = "dobavljaè"; Value = "Farnell"; VariantName = "[No Variations]"
Change component parameters (AddParameter): Name = "kataloški broj"; Value = "2447628"; VariantName = "[No Variations]"
Change component parameters (AddParameter): Name = "opis komponente"; Value = "resistor, 125mW"; VariantName = "[No Variations]"
Change component parameters (AddParameter): Name = "Value"; Value = "2M"; VariantName = "[No Variations]"
Change component parameters. Clean all parameters for all variants
Change component parameters (AddParameter): Name = "cijena (funte)"; Value = "0.0106"; VariantName = "[No Variations]"
Change component parameters (AddParameter): Name = "dobavljaè"; Value = "Farnell"; VariantName = "[No Variations]"
Change component parameters (AddParameter): Name = "kataloški broj"; Value = "2447628"; VariantName = "[No Variations]"
Change component parameters (AddParameter): Name = "opis komponente"; Value = "resistor, 125mW"; VariantName = "[No Variations]"
Change component parameters (AddParameter): Name = "Value"; Value = "2M"; VariantName = "[No Variations]"
Change component parameters (AddParameter): Name = "cijena (funte)"; Value = "0.0106"; VariantName = "[No Variations]"
Change component parameters (AddParameter): Name = "dobavljaè"; Value = "Farnell"; VariantName = "[No Variations]"
Change component parameters (AddParameter): Name = "kataloški broj"; Value = "2447628"; VariantName = "[No Variations]"
Change component parameters (AddParameter): Name = "opis komponente"; Value = "resistor, 125mW"; VariantName = "[No Variations]"
Change component parameters (AddParameter): Name = "Value"; Value = "2M"; VariantName = "[No Variations]"
Change component parameters. Clean all parameters for all variants
Change component parameters (AddParameter): Name = "cijena (funte)"; Value = "0.0106"; VariantName = "[No Variations]"
Change component parameters (AddParameter): Name = "dobavljaè"; Value = "Farnell"; VariantName = "[No Variations]"
Change component parameters (AddParameter): Name = "kataloški broj"; Value = "2447628"; VariantName = "[No Variations]"
Change component parameters (AddParameter): Name = "opis komponente"; Value = "resistor, 125mW"; VariantName = "[No Variations]"
Change component parameters (AddParameter): Name = "Value"; Value = "2M"; VariantName = "[No Variations]"
Change component parameters (AddParameter): Name = "cijena (funte)"; Value = "0.0106"; VariantName = "[No Variations]"
Change component parameters (AddParameter): Name = "dobavljaè"; Value = "Farnell"; VariantName = "[No Variations]"
Change component parameters (AddParameter): Name = "kataloški broj"; Value = "2447628"; VariantName = "[No Variations]"
Change component parameters (AddParameter): Name = "opis komponente"; Value = "resistor, 125mW"; VariantName = "[No Variations]"
Change component parameters (AddParameter): Name = "Value"; Value = "2M"; VariantName = "[No Variations]"
Change component parameters. Clean all parameters for all variants
Change component parameters (AddParameter): Name = "cijena (funte)"; Value = "0.0106"; VariantName = "[No Variations]"
Change component parameters (AddParameter): Name = "dobavljaè"; Value = "Farnell"; VariantName = "[No Variations]"
Change component parameters (AddParameter): Name = "kataloški broj"; Value = "2447628"; VariantName = "[No Variations]"
Change component parameters (AddParameter): Name = "opis komponente"; Value = "resistor, 125mW"; VariantName = "[No Variations]"
Change component parameters (AddParameter): Name = "Value"; Value = "2M"; VariantName = "[No Variations]"
Change component parameters (AddParameter): Name = "cijena (funte)"; Value = "0.0106"; VariantName = "[No Variations]"
Change component parameters (AddParameter): Name = "dobavljaè"; Value = "Farnell"; VariantName = "[No Variations]"
Change component parameters (AddParameter): Name = "kataloški broj"; Value = "2447628"; VariantName = "[No Variations]"
Change component parameters (AddParameter): Name = "opis komponente"; Value = "resistor, 125mW"; VariantName = "[No Variations]"
Change component parameters (AddParameter): Name = "Value"; Value = "2M"; VariantName = "[No Variations]"
Change component parameters. Clean all parameters for all variants
Change component parameters (AddParameter): Name = "cijena (funte)"; Value = "0.0106"; VariantName = "[No Variations]"
Change component parameters (AddParameter): Name = "dobavljaè"; Value = "Farnell"; VariantName = "[No Variations]"
Change component parameters (AddParameter): Name = "kataloški broj"; Value = "2447628"; VariantName = "[No Variations]"
Change component parameters (AddParameter): Name = "opis komponente"; Value = "resistor, 125mW"; VariantName = "[No Variations]"
Change component parameters (AddParameter): Name = "Value"; Value = "2M"; VariantName = "[No Variations]"
Change component parameters (AddParameter): Name = "cijena (funte)"; Value = "0.084"; VariantName = "[No Variations]"
Change component parameters (AddParameter): Name = "dobavljaè"; Value = "Farnell"; VariantName = "[No Variations]"
Change component parameters (AddParameter): Name = "kataloški broj"; Value = "9334076"; VariantName = "[No Variations]"
Change component parameters (AddParameter): Name = "opis komponente"; Value = "resistor, 100mW"; VariantName = "[No Variations]"
Change component parameters (AddParameter): Name = "Value"; Value = "200"; VariantName = "[No Variations]"
Change component parameters. Clean all parameters for all variants
Change component parameters (AddParameter): Name = "cijena (funte)"; Value = "0.084"; VariantName = "[No Variations]"
Change component parameters (AddParameter): Name = "dobavljaè"; Value = "Farnell"; VariantName = "[No Variations]"
Change component parameters (AddParameter): Name = "kataloški broj"; Value = "9334076"; VariantName = "[No Variations]"
Change component parameters (AddParameter): Name = "opis komponente"; Value = "resistor, 100mW"; VariantName = "[No Variations]"
Change component parameters (AddParameter): Name = "Value"; Value = "200"; VariantName = "[No Variations]"
Change component parameters (AddParameter): Name = "cijena (funte)"; Value = "0.084"; VariantName = "[No Variations]"
Change component parameters (AddParameter): Name = "dobavljaè"; Value = "Farnell"; VariantName = "[No Variations]"
Change component parameters (AddParameter): Name = "kataloški broj"; Value = "9334076"; VariantName = "[No Variations]"
Change component parameters (AddParameter): Name = "opis komponente"; Value = "resistor, 100mW"; VariantName = "[No Variations]"
Change component parameters (AddParameter): Name = "Value"; Value = "200"; VariantName = "[No Variations]"
Change component parameters. Clean all parameters for all variants
Change component parameters (AddParameter): Name = "cijena (funte)"; Value = "0.084"; VariantName = "[No Variations]"
Change component parameters (AddParameter): Name = "dobavljaè"; Value = "Farnell"; VariantName = "[No Variations]"
Change component parameters (AddParameter): Name = "kataloški broj"; Value = "9334076"; VariantName = "[No Variations]"
Change component parameters (AddParameter): Name = "opis komponente"; Value = "resistor, 100mW"; VariantName = "[No Variations]"
Change component parameters (AddParameter): Name = "Value"; Value = "200"; VariantName = "[No Variations]"
Change component parameters (AddParameter): Name = "cijena (funte)"; Value = "0.084"; VariantName = "[No Variations]"
Change component parameters (AddParameter): Name = "dobavljaè"; Value = "Farnell"; VariantName = "[No Variations]"
Change component parameters (AddParameter): Name = "kataloški broj"; Value = "9334076"; VariantName = "[No Variations]"
Change component parameters (AddParameter): Name = "opis komponente"; Value = "resistor, 100mW"; VariantName = "[No Variations]"
Change component parameters (AddParameter): Name = "Value"; Value = "200"; VariantName = "[No Variations]"
Change component parameters. Clean all parameters for all variants
Change component parameters (AddParameter): Name = "cijena (funte)"; Value = "0.084"; VariantName = "[No Variations]"
Change component parameters (AddParameter): Name = "dobavljaè"; Value = "Farnell"; VariantName = "[No Variations]"
Change component parameters (AddParameter): Name = "kataloški broj"; Value = "9334076"; VariantName = "[No Variations]"
Change component parameters (AddParameter): Name = "opis komponente"; Value = "resistor, 100mW"; VariantName = "[No Variations]"
Change component parameters (AddParameter): Name = "Value"; Value = "200"; VariantName = "[No Variations]"
Change component parameters (AddParameter): Name = "cijena (funte)"; Value = "0.084"; VariantName = "[No Variations]"
Change component parameters (AddParameter): Name = "dobavljaè"; Value = "Farnell"; VariantName = "[No Variations]"
Change component parameters (AddParameter): Name = "kataloški broj"; Value = "9334076"; VariantName = "[No Variations]"
Change component parameters (AddParameter): Name = "opis komponente"; Value = "resistor, 100mW"; VariantName = "[No Variations]"
Change component parameters (AddParameter): Name = "Value"; Value = "200"; VariantName = "[No Variations]"
Change component parameters. Clean all parameters for all variants
Change component parameters (AddParameter): Name = "cijena (funte)"; Value = "0.084"; VariantName = "[No Variations]"
Change component parameters (AddParameter): Name = "dobavljaè"; Value = "Farnell"; VariantName = "[No Variations]"
Change component parameters (AddParameter): Name = "kataloški broj"; Value = "9334076"; VariantName = "[No Variations]"
Change component parameters (AddParameter): Name = "opis komponente"; Value = "resistor, 100mW"; VariantName = "[No Variations]"
Change component parameters (AddParameter): Name = "Value"; Value = "200"; VariantName = "[No Variations]"
Change component parameters (AddParameter): Name = "cijena (funte)"; Value = "0.0452"; VariantName = "[No Variations]"
Change component parameters (AddParameter): Name = "dobavljaè"; Value = "Farnell"; VariantName = "[No Variations]"
Change component parameters (AddParameter): Name = "kataloški broj"; Value = "2057658"; VariantName = "[No Variations]"
Change component parameters (AddParameter): Name = "opis komponente"; Value = "resistor, 1%, 125mW"; VariantName = "[No Variations]"
Change component parameters (AddParameter): Name = "Publisher"; Value = ""; VariantName = "[No Variations]"
Change component parameters (AddParameter): Name = "Value"; Value = "249K"; VariantName = "[No Variations]"
Change component parameters. Clean all parameters for all variants
Change component parameters (AddParameter): Name = "cijena (funte)"; Value = "0.0452"; VariantName = "[No Variations]"
Change component parameters (AddParameter): Name = "dobavljaè"; Value = "Farnell"; VariantName = "[No Variations]"
Change component parameters (AddParameter): Name = "kataloški broj"; Value = "2057658"; VariantName = "[No Variations]"
Change component parameters (AddParameter): Name = "opis komponente"; Value = "resistor, 1%, 125mW"; VariantName = "[No Variations]"
Change component parameters (AddParameter): Name = "Publisher"; Value = ""; VariantName = "[No Variations]"
Change component parameters (AddParameter): Name = "Value"; Value = "249K"; VariantName = "[No Variations]"
Change component parameters (AddParameter): Name = "cijena (funte)"; Value = "0.0452"; VariantName = "[No Variations]"
Change component parameters (AddParameter): Name = "dobavljaè"; Value = "Farnell"; VariantName = "[No Variations]"
Change component parameters (AddParameter): Name = "kataloški broj"; Value = "2057658"; VariantName = "[No Variations]"
Change component parameters (AddParameter): Name = "opis komponente"; Value = "resistor, 1%, 125mW"; VariantName = "[No Variations]"
Change component parameters (AddParameter): Name = "Publisher"; Value = ""; VariantName = "[No Variations]"
Change component parameters (AddParameter): Name = "Value"; Value = "249K"; VariantName = "[No Variations]"
Change component parameters. Clean all parameters for all variants
Change component parameters (AddParameter): Name = "cijena (funte)"; Value = "0.0452"; VariantName = "[No Variations]"
Change component parameters (AddParameter): Name = "dobavljaè"; Value = "Farnell"; VariantName = "[No Variations]"
Change component parameters (AddParameter): Name = "kataloški broj"; Value = "2057658"; VariantName = "[No Variations]"
Change component parameters (AddParameter): Name = "opis komponente"; Value = "resistor, 1%, 125mW"; VariantName = "[No Variations]"
Change component parameters (AddParameter): Name = "Publisher"; Value = ""; VariantName = "[No Variations]"
Change component parameters (AddParameter): Name = "Value"; Value = "249K"; VariantName = "[No Variations]"
Change component parameters (AddParameter): Name = "cijena (funte)"; Value = "0.0452"; VariantName = "[No Variations]"
Change component parameters (AddParameter): Name = "dobavljaè"; Value = "Farnell"; VariantName = "[No Variations]"
Change component parameters (AddParameter): Name = "kataloški broj"; Value = "2057658"; VariantName = "[No Variations]"
Change component parameters (AddParameter): Name = "opis komponente"; Value = "resistor, 1%, 125mW"; VariantName = "[No Variations]"
Change component parameters (AddParameter): Name = "Publisher"; Value = ""; VariantName = "[No Variations]"
Change component parameters (AddParameter): Name = "Value"; Value = "249K"; VariantName = "[No Variations]"
Change component parameters. Clean all parameters for all variants
Change component parameters (AddParameter): Name = "cijena (funte)"; Value = "0.0452"; VariantName = "[No Variations]"
Change component parameters (AddParameter): Name = "dobavljaè"; Value = "Farnell"; VariantName = "[No Variations]"
Change component parameters (AddParameter): Name = "kataloški broj"; Value = "2057658"; VariantName = "[No Variations]"
Change component parameters (AddParameter): Name = "opis komponente"; Value = "resistor, 1%, 125mW"; VariantName = "[No Variations]"
Change component parameters (AddParameter): Name = "Publisher"; Value = ""; VariantName = "[No Variations]"
Change component parameters (AddParameter): Name = "Value"; Value = "249K"; VariantName = "[No Variations]"
Change component parameters (AddParameter): Name = "cijena (funte)"; Value = "0.0452"; VariantName = "[No Variations]"
Change component parameters (AddParameter): Name = "dobavljaè"; Value = "Farnell"; VariantName = "[No Variations]"
Change component parameters (AddParameter): Name = "kataloški broj"; Value = "2057658"; VariantName = "[No Variations]"
Change component parameters (AddParameter): Name = "opis komponente"; Value = "resistor, 1%, 125mW"; VariantName = "[No Variations]"
Change component parameters (AddParameter): Name = "Publisher"; Value = ""; VariantName = "[No Variations]"
Change component parameters (AddParameter): Name = "Value"; Value = "249K"; VariantName = "[No Variations]"
Change component parameters. Clean all parameters for all variants
Change component parameters (AddParameter): Name = "cijena (funte)"; Value = "0.0452"; VariantName = "[No Variations]"
Change component parameters (AddParameter): Name = "dobavljaè"; Value = "Farnell"; VariantName = "[No Variations]"
Change component parameters (AddParameter): Name = "kataloški broj"; Value = "2057658"; VariantName = "[No Variations]"
Change component parameters (AddParameter): Name = "opis komponente"; Value = "resistor, 1%, 125mW"; VariantName = "[No Variations]"
Change component parameters (AddParameter): Name = "Publisher"; Value = ""; VariantName = "[No Variations]"
Change component parameters (AddParameter): Name = "Value"; Value = "249K"; VariantName = "[No Variations]"
Change component parameters (AddParameter): Name = "cijena (funte)"; Value = "0.0086"; VariantName = "[No Variations]"
Change component parameters (AddParameter): Name = "dobavljaè"; Value = "Farnell"; VariantName = "[No Variations]"
Change component parameters (AddParameter): Name = "kataloški broj"; Value = "2447678"; VariantName = "[No Variations]"
Change component parameters (AddParameter): Name = "LatestRevisionDate"; Value = ""; VariantName = "[No Variations]"
Change component parameters (AddParameter): Name = "LatestRevisionNote"; Value = ""; VariantName = "[No Variations]"
Change component parameters (AddParameter): Name = "opis komponente"; Value = "rsistor, 125mW"; VariantName = "[No Variations]"
Change component parameters (AddParameter): Name = "PackageDescription"; Value = ""; VariantName = "[No Variations]"
Change component parameters (AddParameter): Name = "PackageReference"; Value = ""; VariantName = "[No Variations]"
Change component parameters (AddParameter): Name = "Published"; Value = ""; VariantName = "[No Variations]"
Change component parameters (AddParameter): Name = "Publisher"; Value = ""; VariantName = "[No Variations]"
Change component parameters (AddParameter): Name = "Value"; Value = "510K"; VariantName = "[No Variations]"
Change component parameters. Clean all parameters for all variants
Change component parameters (AddParameter): Name = "cijena (funte)"; Value = "0.0086"; VariantName = "[No Variations]"
Change component parameters (AddParameter): Name = "dobavljaè"; Value = "Farnell"; VariantName = "[No Variations]"
Change component parameters (AddParameter): Name = "kataloški broj"; Value = "2447678"; VariantName = "[No Variations]"
Change component parameters (AddParameter): Name = "LatestRevisionDate"; Value = ""; VariantName = "[No Variations]"
Change component parameters (AddParameter): Name = "LatestRevisionNote"; Value = ""; VariantName = "[No Variations]"
Change component parameters (AddParameter): Name = "opis komponente"; Value = "rsistor, 125mW"; VariantName = "[No Variations]"
Change component parameters (AddParameter): Name = "PackageDescription"; Value = ""; VariantName = "[No Variations]"
Change component parameters (AddParameter): Name = "PackageReference"; Value = ""; VariantName = "[No Variations]"
Change component parameters (AddParameter): Name = "Published"; Value = ""; VariantName = "[No Variations]"
Change component parameters (AddParameter): Name = "Publisher"; Value = ""; VariantName = "[No Variations]"
Change component parameters (AddParameter): Name = "Value"; Value = "510K"; VariantName = "[No Variations]"
Change component parameters (AddParameter): Name = "cijena (funte)"; Value = "0.0086"; VariantName = "[No Variations]"
Change component parameters (AddParameter): Name = "dobavljaè"; Value = "Farnell"; VariantName = "[No Variations]"
Change component parameters (AddParameter): Name = "kataloški broj"; Value = "2447678"; VariantName = "[No Variations]"
Change component parameters (AddParameter): Name = "LatestRevisionDate"; Value = ""; VariantName = "[No Variations]"
Change component parameters (AddParameter): Name = "LatestRevisionNote"; Value = ""; VariantName = "[No Variations]"
Change component parameters (AddParameter): Name = "opis komponente"; Value = "rsistor, 125mW"; VariantName = "[No Variations]"
Change component parameters (AddParameter): Name = "PackageDescription"; Value = ""; VariantName = "[No Variations]"
Change component parameters (AddParameter): Name = "PackageReference"; Value = ""; VariantName = "[No Variations]"
Change component parameters (AddParameter): Name = "Published"; Value = ""; VariantName = "[No Variations]"
Change component parameters (AddParameter): Name = "Publisher"; Value = ""; VariantName = "[No Variations]"
Change component parameters (AddParameter): Name = "Value"; Value = "510K"; VariantName = "[No Variations]"
Change component parameters. Clean all parameters for all variants
Change component parameters (AddParameter): Name = "cijena (funte)"; Value = "0.0086"; VariantName = "[No Variations]"
Change component parameters (AddParameter): Name = "dobavljaè"; Value = "Farnell"; VariantName = "[No Variations]"
Change component parameters (AddParameter): Name = "kataloški broj"; Value = "2447678"; VariantName = "[No Variations]"
Change component parameters (AddParameter): Name = "LatestRevisionDate"; Value = ""; VariantName = "[No Variations]"
Change component parameters (AddParameter): Name = "LatestRevisionNote"; Value = ""; VariantName = "[No Variations]"
Change component parameters (AddParameter): Name = "opis komponente"; Value = "rsistor, 125mW"; VariantName = "[No Variations]"
Change component parameters (AddParameter): Name = "PackageDescription"; Value = ""; VariantName = "[No Variations]"
Change component parameters (AddParameter): Name = "PackageReference"; Value = ""; VariantName = "[No Variations]"
Change component parameters (AddParameter): Name = "Published"; Value = ""; VariantName = "[No Variations]"
Change component parameters (AddParameter): Name = "Publisher"; Value = ""; VariantName = "[No Variations]"
Change component parameters (AddParameter): Name = "Value"; Value = "510K"; VariantName = "[No Variations]"
Change component parameters (AddParameter): Name = "cijena (funte)"; Value = "0.0086"; VariantName = "[No Variations]"
Change component parameters (AddParameter): Name = "dobavljaè"; Value = "Farnell"; VariantName = "[No Variations]"
Change component parameters (AddParameter): Name = "kataloški broj"; Value = "2447678"; VariantName = "[No Variations]"
Change component parameters (AddParameter): Name = "LatestRevisionDate"; Value = ""; VariantName = "[No Variations]"
Change component parameters (AddParameter): Name = "LatestRevisionNote"; Value = ""; VariantName = "[No Variations]"
Change component parameters (AddParameter): Name = "opis komponente"; Value = "rsistor, 125mW"; VariantName = "[No Variations]"
Change component parameters (AddParameter): Name = "PackageDescription"; Value = ""; VariantName = "[No Variations]"
Change component parameters (AddParameter): Name = "PackageReference"; Value = ""; VariantName = "[No Variations]"
Change component parameters (AddParameter): Name = "Published"; Value = ""; VariantName = "[No Variations]"
Change component parameters (AddParameter): Name = "Publisher"; Value = ""; VariantName = "[No Variations]"
Change component parameters (AddParameter): Name = "Value"; Value = "510K"; VariantName = "[No Variations]"
Change component parameters. Clean all parameters for all variants
Change component parameters (AddParameter): Name = "cijena (funte)"; Value = "0.0086"; VariantName = "[No Variations]"
Change component parameters (AddParameter): Name = "dobavljaè"; Value = "Farnell"; VariantName = "[No Variations]"
Change component parameters (AddParameter): Name = "kataloški broj"; Value = "2447678"; VariantName = "[No Variations]"
Change component parameters (AddParameter): Name = "LatestRevisionDate"; Value = ""; VariantName = "[No Variations]"
Change component parameters (AddParameter): Name = "LatestRevisionNote"; Value = ""; VariantName = "[No Variations]"
Change component parameters (AddParameter): Name = "opis komponente"; Value = "rsistor, 125mW"; VariantName = "[No Variations]"
Change component parameters (AddParameter): Name = "PackageDescription"; Value = ""; VariantName = "[No Variations]"
Change component parameters (AddParameter): Name = "PackageReference"; Value = ""; VariantName = "[No Variations]"
Change component parameters (AddParameter): Name = "Published"; Value = ""; VariantName = "[No Variations]"
Change component parameters (AddParameter): Name = "Publisher"; Value = ""; VariantName = "[No Variations]"
Change component parameters (AddParameter): Name = "Value"; Value = "510K"; VariantName = "[No Variations]"
Change component parameters (AddParameter): Name = "cijena (funte)"; Value = "0.0086"; VariantName = "[No Variations]"
Change component parameters (AddParameter): Name = "dobavljaè"; Value = "Farnell"; VariantName = "[No Variations]"
Change component parameters (AddParameter): Name = "kataloški broj"; Value = "2447678"; VariantName = "[No Variations]"
Change component parameters (AddParameter): Name = "LatestRevisionDate"; Value = ""; VariantName = "[No Variations]"
Change component parameters (AddParameter): Name = "LatestRevisionNote"; Value = ""; VariantName = "[No Variations]"
Change component parameters (AddParameter): Name = "opis komponente"; Value = "rsistor, 125mW"; VariantName = "[No Variations]"
Change component parameters (AddParameter): Name = "PackageDescription"; Value = ""; VariantName = "[No Variations]"
Change component parameters (AddParameter): Name = "PackageReference"; Value = ""; VariantName = "[No Variations]"
Change component parameters (AddParameter): Name = "Published"; Value = ""; VariantName = "[No Variations]"
Change component parameters (AddParameter): Name = "Publisher"; Value = ""; VariantName = "[No Variations]"
Change component parameters (AddParameter): Name = "Value"; Value = "510K"; VariantName = "[No Variations]"
Change component parameters. Clean all parameters for all variants
Change component parameters (AddParameter): Name = "cijena (funte)"; Value = "0.0086"; VariantName = "[No Variations]"
Change component parameters (AddParameter): Name = "dobavljaè"; Value = "Farnell"; VariantName = "[No Variations]"
Change component parameters (AddParameter): Name = "kataloški broj"; Value = "2447678"; VariantName = "[No Variations]"
Change component parameters (AddParameter): Name = "LatestRevisionDate"; Value = ""; VariantName = "[No Variations]"
Change component parameters (AddParameter): Name = "LatestRevisionNote"; Value = ""; VariantName = "[No Variations]"
Change component parameters (AddParameter): Name = "opis komponente"; Value = "rsistor, 125mW"; VariantName = "[No Variations]"
Change component parameters (AddParameter): Name = "PackageDescription"; Value = ""; VariantName = "[No Variations]"
Change component parameters (AddParameter): Name = "PackageReference"; Value = ""; VariantName = "[No Variations]"
Change component parameters (AddParameter): Name = "Published"; Value = ""; VariantName = "[No Variations]"
Change component parameters (AddParameter): Name = "Publisher"; Value = ""; VariantName = "[No Variations]"
Change component parameters (AddParameter): Name = "Value"; Value = "510K"; VariantName = "[No Variations]"
Change component parameters (AddParameter): Name = "cijena (funte)"; Value = "0.29"; VariantName = "[No Variations]"
Change component parameters (AddParameter): Name = "dobavljaè"; Value = "Farnell"; VariantName = "[No Variations]"
Change component parameters (AddParameter): Name = "kataloški broj"; Value = "1840875"; VariantName = "[No Variations]"
Change component parameters (AddParameter): Name = "LatestRevisionDate"; Value = ""; VariantName = "[No Variations]"
Change component parameters (AddParameter): Name = "LatestRevisionNote"; Value = ""; VariantName = "[No Variations]"
Change component parameters (AddParameter): Name = "opis komponente"; Value = "Operational Amplifier"; VariantName = "[No Variations]"
Change component parameters (AddParameter): Name = "PackageDescription"; Value = ""; VariantName = "[No Variations]"
Change component parameters (AddParameter): Name = "PackageReference"; Value = ""; VariantName = "[No Variations]"
Change component parameters (AddParameter): Name = "Published"; Value = ""; VariantName = "[No Variations]"
Change component parameters (AddParameter): Name = "Publisher"; Value = ""; VariantName = "[No Variations]"
Change component parameters (AddParameter): Name = "Value"; Value = ""; VariantName = "[No Variations]"
Change component parameters. Clean all parameters for all variants
Change component parameters (AddParameter): Name = "cijena (funte)"; Value = "0.29"; VariantName = "[No Variations]"
Change component parameters (AddParameter): Name = "dobavljaè"; Value = "Farnell"; VariantName = "[No Variations]"
Change component parameters (AddParameter): Name = "kataloški broj"; Value = "1840875"; VariantName = "[No Variations]"
Change component parameters (AddParameter): Name = "LatestRevisionDate"; Value = ""; VariantName = "[No Variations]"
Change component parameters (AddParameter): Name = "LatestRevisionNote"; Value = ""; VariantName = "[No Variations]"
Change component parameters (AddParameter): Name = "opis komponente"; Value = "Operational Amplifier"; VariantName = "[No Variations]"
Change component parameters (AddParameter): Name = "PackageDescription"; Value = ""; VariantName = "[No Variations]"
Change component parameters (AddParameter): Name = "PackageReference"; Value = ""; VariantName = "[No Variations]"
Change component parameters (AddParameter): Name = "Published"; Value = ""; VariantName = "[No Variations]"
Change component parameters (AddParameter): Name = "Publisher"; Value = ""; VariantName = "[No Variations]"
Change component parameters (AddParameter): Name = "Value"; Value = ""; VariantName = "[No Variations]"
Change component parameters (AddParameter): Name = "cijena (funte)"; Value = "0.29"; VariantName = "[No Variations]"
Change component parameters (AddParameter): Name = "dobavljaè"; Value = "Farnell"; VariantName = "[No Variations]"
Change component parameters (AddParameter): Name = "kataloški broj"; Value = "1840875"; VariantName = "[No Variations]"
Change component parameters (AddParameter): Name = "LatestRevisionDate"; Value = ""; VariantName = "[No Variations]"
Change component parameters (AddParameter): Name = "LatestRevisionNote"; Value = ""; VariantName = "[No Variations]"
Change component parameters (AddParameter): Name = "opis komponente"; Value = "Operational Amplifier"; VariantName = "[No Variations]"
Change component parameters (AddParameter): Name = "PackageDescription"; Value = ""; VariantName = "[No Variations]"
Change component parameters (AddParameter): Name = "PackageReference"; Value = ""; VariantName = "[No Variations]"
Change component parameters (AddParameter): Name = "Published"; Value = ""; VariantName = "[No Variations]"
Change component parameters (AddParameter): Name = "Publisher"; Value = ""; VariantName = "[No Variations]"
Change component parameters (AddParameter): Name = "Value"; Value = ""; VariantName = "[No Variations]"
Change component parameters. Clean all parameters for all variants
Change component parameters (AddParameter): Name = "cijena (funte)"; Value = "0.29"; VariantName = "[No Variations]"
Change component parameters (AddParameter): Name = "dobavljaè"; Value = "Farnell"; VariantName = "[No Variations]"
Change component parameters (AddParameter): Name = "kataloški broj"; Value = "1840875"; VariantName = "[No Variations]"
Change component parameters (AddParameter): Name = "LatestRevisionDate"; Value = ""; VariantName = "[No Variations]"
Change component parameters (AddParameter): Name = "LatestRevisionNote"; Value = ""; VariantName = "[No Variations]"
Change component parameters (AddParameter): Name = "opis komponente"; Value = "Operational Amplifier"; VariantName = "[No Variations]"
Change component parameters (AddParameter): Name = "PackageDescription"; Value = ""; VariantName = "[No Variations]"
Change component parameters (AddParameter): Name = "PackageReference"; Value = ""; VariantName = "[No Variations]"
Change component parameters (AddParameter): Name = "Published"; Value = ""; VariantName = "[No Variations]"
Change component parameters (AddParameter): Name = "Publisher"; Value = ""; VariantName = "[No Variations]"
Change component parameters (AddParameter): Name = "Value"; Value = ""; VariantName = "[No Variations]"
Add component (AddParameter): Name = "LatestRevisionDate"; Value = "17-Jul-2002"; VariantName = "[No Variations]"
Add component (AddParameter): Name = "LatestRevisionNote"; Value = "Re-released for DXP Platform."; VariantName = "[No Variations]"
Add component (AddParameter): Name = "PackageDescription"; Value = "Radial Cap, Thru-Hole; 2 Leads; 0.3 in Pin Spacing"; VariantName = "[No Variations]"
Add component (AddParameter): Name = "PackageReference"; Value = "RAD-0.3"; VariantName = "[No Variations]"
Add component (AddParameter): Name = "Published"; Value = "8-Jun-2000"; VariantName = "[No Variations]"
Add component (AddParameter): Name = "Publisher"; Value = "Altium Limited"; VariantName = "[No Variations]"
Add component (AddParameter): Name = "Value"; Value = "100nF"; VariantName = "[No Variations]"
Added Component: Designator=C7(C0805)
Add component. Clean all parameters for all variants
Add component (AddParameter): Name = "LatestRevisionDate"; Value = "17-Jul-2002"; VariantName = "[No Variations]"
Add component (AddParameter): Name = "LatestRevisionNote"; Value = "Re-released for DXP Platform."; VariantName = "[No Variations]"
Add component (AddParameter): Name = "PackageDescription"; Value = "Radial Cap, Thru-Hole; 2 Leads; 0.3 in Pin Spacing"; VariantName = "[No Variations]"
Add component (AddParameter): Name = "PackageReference"; Value = "RAD-0.3"; VariantName = "[No Variations]"
Add component (AddParameter): Name = "Published"; Value = "8-Jun-2000"; VariantName = "[No Variations]"
Add component (AddParameter): Name = "Publisher"; Value = "Altium Limited"; VariantName = "[No Variations]"
Add component (AddParameter): Name = "Value"; Value = "100nF"; VariantName = "[No Variations]"
Add component (AddParameter): Name = "LatestRevisionDate"; Value = "17-Jul-2002"; VariantName = "[No Variations]"
Add component (AddParameter): Name = "LatestRevisionNote"; Value = "Re-released for DXP Platform."; VariantName = "[No Variations]"
Add component (AddParameter): Name = "PackageDescription"; Value = "Radial Cap, Thru-Hole; 2 Leads; 0.3 in Pin Spacing"; VariantName = "[No Variations]"
Add component (AddParameter): Name = "PackageReference"; Value = "RAD-0.3"; VariantName = "[No Variations]"
Add component (AddParameter): Name = "Published"; Value = "8-Jun-2000"; VariantName = "[No Variations]"
Add component (AddParameter): Name = "Publisher"; Value = "Altium Limited"; VariantName = "[No Variations]"
Add component (AddParameter): Name = "Value"; Value = "1uF"; VariantName = "[No Variations]"
Added Component: Designator=C8(C0805)
Add component. Clean all parameters for all variants
Add component (AddParameter): Name = "LatestRevisionDate"; Value = "17-Jul-2002"; VariantName = "[No Variations]"
Add component (AddParameter): Name = "LatestRevisionNote"; Value = "Re-released for DXP Platform."; VariantName = "[No Variations]"
Add component (AddParameter): Name = "PackageDescription"; Value = "Radial Cap, Thru-Hole; 2 Leads; 0.3 in Pin Spacing"; VariantName = "[No Variations]"
Add component (AddParameter): Name = "PackageReference"; Value = "RAD-0.3"; VariantName = "[No Variations]"
Add component (AddParameter): Name = "Published"; Value = "8-Jun-2000"; VariantName = "[No Variations]"
Add component (AddParameter): Name = "Publisher"; Value = "Altium Limited"; VariantName = "[No Variations]"
Add component (AddParameter): Name = "Value"; Value = "1uF"; VariantName = "[No Variations]"
Added Pin To Net: NetName=VDDA Pin=C7-2
Added Pin To Net: NetName=VDDA Pin=C8-2
Added Pin To Net: NetName=NetK3_3 Pin=D2-5
Change Net Name : Old Net Name=GND New Net Name=GNDS
Change Net Name : Old Net Name=NetK3_3 New Net Name=NetD2_5
Added Pin To Net: NetName=GND Pin=C1-1
Added Pin To Net: NetName=GND Pin=C2-1
Added Pin To Net: NetName=GND Pin=C3-1
Added Pin To Net: NetName=GND Pin=C4-1
Added Pin To Net: NetName=GND Pin=C5-1
Added Pin To Net: NetName=GND Pin=C6-1
Added Pin To Net: NetName=GND Pin=C7-1
Added Pin To Net: NetName=GND Pin=C8-1
Added Pin To Net: NetName=GND Pin=D1-4
Added Pin To Net: NetName=GND Pin=D2-4
Added Net: Name=GND
Added Member To Class: ClassName=PART_2 Member=Component C7 Cap
Added Member To Class: ClassName=PART_2 Member=Component C8 Cap
Added Room: Name=PART_2
