Added Parameter cijena (funte)= to Part D1
Added Parameter cijena (funte)= to Part D2
Added Parameter dobavljaè= to Part D1
Added Parameter dobavljaè= to Part D2
Added Parameter kataloški broj= to Part D1
Added Parameter kataloški broj= to Part D2
Added Parameter LatestRevisionDate= to Part D1
Added Parameter LatestRevisionDate= to Part D2
Added Parameter LatestRevisionNote= to Part D1
Added Parameter LatestRevisionNote= to Part D2
Added Parameter opis komponente= to Part D1
Added Parameter opis komponente= to Part D2
Added Parameter PackageDescription= to Part D1
Added Parameter PackageDescription= to Part D2
Added Parameter PackageReference= to Part D1
Added Parameter PackageReference= to Part D2
Added Parameter Published= to Part D1
Added Parameter Published= to Part D2
Added Parameter Publisher= to Part D1
Added Parameter Publisher= to Part D2
Added Parameter Value= to Part D1
Added Parameter Value= to Part D2
