Change Component Comment : Designator=R1 Old Comment=50K New Comment=47K
Change Component Comment : Designator=R2 Old Comment=50K New Comment=47K
Change Component Comment : Designator=R3 Old Comment=50K New Comment=47K
Change Component Comment : Designator=R4 Old Comment=50K New Comment=47K
Change Component Comment : Designator=R9 Old Comment=100K New Comment=45K3
Change Component Comment : Designator=R10 Old Comment=100K New Comment=45K3
Change Component Comment : Designator=R11 Old Comment=100K New Comment=45K3
Change Component Comment : Designator=R12 Old Comment=100K New Comment=45K3
Change component parameters (AddParameter): Name = "cijena (funte)"; Value = ""; VariantName = "[No Variations]"
Change component parameters (AddParameter): Name = "dobavljaè"; Value = "Farnell"; VariantName = "[No Variations]"
Change component parameters (AddParameter): Name = "kataloški broj"; Value = ""; VariantName = "[No Variations]"
Change component parameters (AddParameter): Name = "opis komponente"; Value = "resistor"; VariantName = "[No Variations]"
Change component parameters (AddParameter): Name = "Value"; Value = "47K"; VariantName = "[No Variations]"
Change component parameters. Clean all parameters for all variants
Change component parameters (AddParameter): Name = "cijena (funte)"; Value = ""; VariantName = "[No Variations]"
Change component parameters (AddParameter): Name = "dobavljaè"; Value = "Farnell"; VariantName = "[No Variations]"
Change component parameters (AddParameter): Name = "kataloški broj"; Value = ""; VariantName = "[No Variations]"
Change component parameters (AddParameter): Name = "opis komponente"; Value = "resistor"; VariantName = "[No Variations]"
Change component parameters (AddParameter): Name = "Value"; Value = "47K"; VariantName = "[No Variations]"
Change component parameters (AddParameter): Name = "cijena (funte)"; Value = ""; VariantName = "[No Variations]"
Change component parameters (AddParameter): Name = "dobavljaè"; Value = "Farnell"; VariantName = "[No Variations]"
Change component parameters (AddParameter): Name = "kataloški broj"; Value = ""; VariantName = "[No Variations]"
Change component parameters (AddParameter): Name = "opis komponente"; Value = "resistor"; VariantName = "[No Variations]"
Change component parameters (AddParameter): Name = "Value"; Value = "47K"; VariantName = "[No Variations]"
Change component parameters. Clean all parameters for all variants
Change component parameters (AddParameter): Name = "cijena (funte)"; Value = ""; VariantName = "[No Variations]"
Change component parameters (AddParameter): Name = "dobavljaè"; Value = "Farnell"; VariantName = "[No Variations]"
Change component parameters (AddParameter): Name = "kataloški broj"; Value = ""; VariantName = "[No Variations]"
Change component parameters (AddParameter): Name = "opis komponente"; Value = "resistor"; VariantName = "[No Variations]"
Change component parameters (AddParameter): Name = "Value"; Value = "47K"; VariantName = "[No Variations]"
Change component parameters (AddParameter): Name = "cijena (funte)"; Value = ""; VariantName = "[No Variations]"
Change component parameters (AddParameter): Name = "dobavljaè"; Value = "Farnell"; VariantName = "[No Variations]"
Change component parameters (AddParameter): Name = "kataloški broj"; Value = ""; VariantName = "[No Variations]"
Change component parameters (AddParameter): Name = "opis komponente"; Value = "resistor"; VariantName = "[No Variations]"
Change component parameters (AddParameter): Name = "Value"; Value = "47K"; VariantName = "[No Variations]"
Change component parameters. Clean all parameters for all variants
Change component parameters (AddParameter): Name = "cijena (funte)"; Value = ""; VariantName = "[No Variations]"
Change component parameters (AddParameter): Name = "dobavljaè"; Value = "Farnell"; VariantName = "[No Variations]"
Change component parameters (AddParameter): Name = "kataloški broj"; Value = ""; VariantName = "[No Variations]"
Change component parameters (AddParameter): Name = "opis komponente"; Value = "resistor"; VariantName = "[No Variations]"
Change component parameters (AddParameter): Name = "Value"; Value = "47K"; VariantName = "[No Variations]"
Change component parameters (AddParameter): Name = "cijena (funte)"; Value = ""; VariantName = "[No Variations]"
Change component parameters (AddParameter): Name = "dobavljaè"; Value = "Farnell"; VariantName = "[No Variations]"
Change component parameters (AddParameter): Name = "kataloški broj"; Value = ""; VariantName = "[No Variations]"
Change component parameters (AddParameter): Name = "opis komponente"; Value = "resistor"; VariantName = "[No Variations]"
Change component parameters (AddParameter): Name = "Value"; Value = "47K"; VariantName = "[No Variations]"
Change component parameters. Clean all parameters for all variants
Change component parameters (AddParameter): Name = "cijena (funte)"; Value = ""; VariantName = "[No Variations]"
Change component parameters (AddParameter): Name = "dobavljaè"; Value = "Farnell"; VariantName = "[No Variations]"
Change component parameters (AddParameter): Name = "kataloški broj"; Value = ""; VariantName = "[No Variations]"
Change component parameters (AddParameter): Name = "opis komponente"; Value = "resistor"; VariantName = "[No Variations]"
Change component parameters (AddParameter): Name = "Value"; Value = "47K"; VariantName = "[No Variations]"
Change component parameters (AddParameter): Name = "cijena (funte)"; Value = ""; VariantName = "[No Variations]"
Change component parameters (AddParameter): Name = "dobavljaè"; Value = "Farnell"; VariantName = "[No Variations]"
Change component parameters (AddParameter): Name = "kataloški broj"; Value = ""; VariantName = "[No Variations]"
Change component parameters (AddParameter): Name = "opis komponente"; Value = "resistor"; VariantName = "[No Variations]"
Change component parameters (AddParameter): Name = "Value"; Value = "45K3"; VariantName = "[No Variations]"
Change component parameters. Clean all parameters for all variants
Change component parameters (AddParameter): Name = "cijena (funte)"; Value = ""; VariantName = "[No Variations]"
Change component parameters (AddParameter): Name = "dobavljaè"; Value = "Farnell"; VariantName = "[No Variations]"
Change component parameters (AddParameter): Name = "kataloški broj"; Value = ""; VariantName = "[No Variations]"
Change component parameters (AddParameter): Name = "opis komponente"; Value = "resistor"; VariantName = "[No Variations]"
Change component parameters (AddParameter): Name = "Value"; Value = "45K3"; VariantName = "[No Variations]"
Change component parameters (AddParameter): Name = "cijena (funte)"; Value = ""; VariantName = "[No Variations]"
Change component parameters (AddParameter): Name = "dobavljaè"; Value = "Farnell"; VariantName = "[No Variations]"
Change component parameters (AddParameter): Name = "kataloški broj"; Value = ""; VariantName = "[No Variations]"
Change component parameters (AddParameter): Name = "opis komponente"; Value = "resistor"; VariantName = "[No Variations]"
Change component parameters (AddParameter): Name = "Value"; Value = "45K3"; VariantName = "[No Variations]"
Change component parameters. Clean all parameters for all variants
Change component parameters (AddParameter): Name = "cijena (funte)"; Value = ""; VariantName = "[No Variations]"
Change component parameters (AddParameter): Name = "dobavljaè"; Value = "Farnell"; VariantName = "[No Variations]"
Change component parameters (AddParameter): Name = "kataloški broj"; Value = ""; VariantName = "[No Variations]"
Change component parameters (AddParameter): Name = "opis komponente"; Value = "resistor"; VariantName = "[No Variations]"
Change component parameters (AddParameter): Name = "Value"; Value = "45K3"; VariantName = "[No Variations]"
Change component parameters (AddParameter): Name = "cijena (funte)"; Value = ""; VariantName = "[No Variations]"
Change component parameters (AddParameter): Name = "dobavljaè"; Value = "Farnell"; VariantName = "[No Variations]"
Change component parameters (AddParameter): Name = "kataloški broj"; Value = ""; VariantName = "[No Variations]"
Change component parameters (AddParameter): Name = "opis komponente"; Value = "resistor"; VariantName = "[No Variations]"
Change component parameters (AddParameter): Name = "Value"; Value = "45K3"; VariantName = "[No Variations]"
Change component parameters. Clean all parameters for all variants
Change component parameters (AddParameter): Name = "cijena (funte)"; Value = ""; VariantName = "[No Variations]"
Change component parameters (AddParameter): Name = "dobavljaè"; Value = "Farnell"; VariantName = "[No Variations]"
Change component parameters (AddParameter): Name = "kataloški broj"; Value = ""; VariantName = "[No Variations]"
Change component parameters (AddParameter): Name = "opis komponente"; Value = "resistor"; VariantName = "[No Variations]"
Change component parameters (AddParameter): Name = "Value"; Value = "45K3"; VariantName = "[No Variations]"
Change component parameters (AddParameter): Name = "cijena (funte)"; Value = ""; VariantName = "[No Variations]"
Change component parameters (AddParameter): Name = "dobavljaè"; Value = "Farnell"; VariantName = "[No Variations]"
Change component parameters (AddParameter): Name = "kataloški broj"; Value = ""; VariantName = "[No Variations]"
Change component parameters (AddParameter): Name = "opis komponente"; Value = "resistor"; VariantName = "[No Variations]"
Change component parameters (AddParameter): Name = "Value"; Value = "45K3"; VariantName = "[No Variations]"
Change component parameters. Clean all parameters for all variants
Change component parameters (AddParameter): Name = "cijena (funte)"; Value = ""; VariantName = "[No Variations]"
Change component parameters (AddParameter): Name = "dobavljaè"; Value = "Farnell"; VariantName = "[No Variations]"
Change component parameters (AddParameter): Name = "kataloški broj"; Value = ""; VariantName = "[No Variations]"
Change component parameters (AddParameter): Name = "opis komponente"; Value = "resistor"; VariantName = "[No Variations]"
Change component parameters (AddParameter): Name = "Value"; Value = "45K3"; VariantName = "[No Variations]"
Add component (AddParameter): Name = "cijena (funte)"; Value = ""; VariantName = "[No Variations]"
Add component (AddParameter): Name = "dobavljaè"; Value = "Farnell"; VariantName = "[No Variations]"
Add component (AddParameter): Name = "kataloški broj"; Value = ""; VariantName = "[No Variations]"
Add component (AddParameter): Name = "opis komponente"; Value = "resistor"; VariantName = "[No Variations]"
Add component (AddParameter): Name = "Value"; Value = ""; VariantName = "[No Variations]"
Added Component: Designator=R29(C0805)
Add component. Clean all parameters for all variants
Add component (AddParameter): Name = "cijena (funte)"; Value = ""; VariantName = "[No Variations]"
Add component (AddParameter): Name = "dobavljaè"; Value = "Farnell"; VariantName = "[No Variations]"
Add component (AddParameter): Name = "kataloški broj"; Value = ""; VariantName = "[No Variations]"
Add component (AddParameter): Name = "opis komponente"; Value = "resistor"; VariantName = "[No Variations]"
Add component (AddParameter): Name = "Value"; Value = ""; VariantName = "[No Variations]"
Add component (AddParameter): Name = "cijena (funte)"; Value = ""; VariantName = "[No Variations]"
Add component (AddParameter): Name = "dobavljaè"; Value = "Farnell"; VariantName = "[No Variations]"
Add component (AddParameter): Name = "kataloški broj"; Value = ""; VariantName = "[No Variations]"
Add component (AddParameter): Name = "opis komponente"; Value = "resistor"; VariantName = "[No Variations]"
Add component (AddParameter): Name = "Value"; Value = ""; VariantName = "[No Variations]"
Added Component: Designator=R30(C0805)
Add component. Clean all parameters for all variants
Add component (AddParameter): Name = "cijena (funte)"; Value = ""; VariantName = "[No Variations]"
Add component (AddParameter): Name = "dobavljaè"; Value = "Farnell"; VariantName = "[No Variations]"
Add component (AddParameter): Name = "kataloški broj"; Value = ""; VariantName = "[No Variations]"
Add component (AddParameter): Name = "opis komponente"; Value = "resistor"; VariantName = "[No Variations]"
Add component (AddParameter): Name = "Value"; Value = ""; VariantName = "[No Variations]"
Add component (AddParameter): Name = "cijena (funte)"; Value = ""; VariantName = "[No Variations]"
Add component (AddParameter): Name = "dobavljaè"; Value = "Farnell"; VariantName = "[No Variations]"
Add component (AddParameter): Name = "kataloški broj"; Value = ""; VariantName = "[No Variations]"
Add component (AddParameter): Name = "opis komponente"; Value = "resistor"; VariantName = "[No Variations]"
Add component (AddParameter): Name = "Value"; Value = ""; VariantName = "[No Variations]"
Added Component: Designator=R31(C0805)
Add component. Clean all parameters for all variants
Add component (AddParameter): Name = "cijena (funte)"; Value = ""; VariantName = "[No Variations]"
Add component (AddParameter): Name = "dobavljaè"; Value = "Farnell"; VariantName = "[No Variations]"
Add component (AddParameter): Name = "kataloški broj"; Value = ""; VariantName = "[No Variations]"
Add component (AddParameter): Name = "opis komponente"; Value = "resistor"; VariantName = "[No Variations]"
Add component (AddParameter): Name = "Value"; Value = ""; VariantName = "[No Variations]"
Add component (AddParameter): Name = "cijena (funte)"; Value = ""; VariantName = "[No Variations]"
Add component (AddParameter): Name = "dobavljaè"; Value = "Farnell"; VariantName = "[No Variations]"
Add component (AddParameter): Name = "kataloški broj"; Value = ""; VariantName = "[No Variations]"
Add component (AddParameter): Name = "opis komponente"; Value = "resistor"; VariantName = "[No Variations]"
Add component (AddParameter): Name = "Value"; Value = ""; VariantName = "[No Variations]"
Added Component: Designator=R32(C0805)
Add component. Clean all parameters for all variants
Add component (AddParameter): Name = "cijena (funte)"; Value = ""; VariantName = "[No Variations]"
Add component (AddParameter): Name = "dobavljaè"; Value = "Farnell"; VariantName = "[No Variations]"
Add component (AddParameter): Name = "kataloški broj"; Value = ""; VariantName = "[No Variations]"
Add component (AddParameter): Name = "opis komponente"; Value = "resistor"; VariantName = "[No Variations]"
Add component (AddParameter): Name = "Value"; Value = ""; VariantName = "[No Variations]"
Added Pin To Net: NetName=NetK2_3 Pin=R29-2
Added Pin To Net: NetName=NetK2_3 Pin=R31-2
Added Pin To Net: NetName=NetK3_3 Pin=R32-2
Added Pin To Net: NetName=GND Pin=R30-1
Added Net: Name=GND
Added Pin To Net: NetName=NetR29_1 Pin=R29-1
Added Pin To Net: NetName=NetR29_1 Pin=R30-2
Added Net: Name=NetR29_1
Added Member To Class: ClassName=PART_2 Member=Component R17 200
Added Member To Class: ClassName=PART_2 Member=Component R29 
Added Member To Class: ClassName=PART_2 Member=Component R30 
Added Member To Class: ClassName=PART_2 Member=Component R31 
Added Member To Class: ClassName=PART_2 Member=Component R32 
Added Room: Name=PART_2
