Removed Parameter LatestRevisionDate:17-Jul-2002 from Part C1
Removed Parameter LatestRevisionDate:17-Jul-2002 from Part C2
Removed Parameter LatestRevisionDate:17-Jul-2002 from Part C3
Removed Parameter LatestRevisionDate:17-Jul-2002 from Part C4
Removed Parameter LatestRevisionDate:17-Jul-2002 from Part C5
Removed Parameter LatestRevisionDate:17-Jul-2002 from Part C6
Removed Parameter LatestRevisionDate:17-Jul-2002 from Part C7
Removed Parameter LatestRevisionDate:17-Jul-2002 from Part C8
Removed Parameter LatestRevisionDate: from Part D1
Removed Parameter LatestRevisionDate: from Part D2
Removed Parameter LatestRevisionDate: from Part R25
Removed Parameter LatestRevisionDate: from Part R26
Removed Parameter LatestRevisionDate: from Part R27
Removed Parameter LatestRevisionDate: from Part R28
Removed Parameter LatestRevisionNote: from Part D1
Removed Parameter LatestRevisionNote: from Part D2
Removed Parameter LatestRevisionNote: from Part R25
Removed Parameter LatestRevisionNote: from Part R26
Removed Parameter LatestRevisionNote: from Part R27
Removed Parameter LatestRevisionNote: from Part R28
Removed Parameter LatestRevisionNote:Re-released for DXP Platform. from Part C1
Removed Parameter LatestRevisionNote:Re-released for DXP Platform. from Part C2
Removed Parameter LatestRevisionNote:Re-released for DXP Platform. from Part C3
Removed Parameter LatestRevisionNote:Re-released for DXP Platform. from Part C4
Removed Parameter LatestRevisionNote:Re-released for DXP Platform. from Part C5
Removed Parameter LatestRevisionNote:Re-released for DXP Platform. from Part C6
Removed Parameter LatestRevisionNote:Re-released for DXP Platform. from Part C7
Removed Parameter LatestRevisionNote:Re-released for DXP Platform. from Part C8
Removed Parameter PackageDescription: from Part D1
Removed Parameter PackageDescription: from Part D2
Removed Parameter PackageDescription: from Part R25
Removed Parameter PackageDescription: from Part R26
Removed Parameter PackageDescription: from Part R27
Removed Parameter PackageDescription: from Part R28
Removed Parameter PackageDescription:Radial Cap, Thru-Hole; 2 Leads; 0.3 in Pin Spacing from Part C1
Removed Parameter PackageDescription:Radial Cap, Thru-Hole; 2 Leads; 0.3 in Pin Spacing from Part C2
Removed Parameter PackageDescription:Radial Cap, Thru-Hole; 2 Leads; 0.3 in Pin Spacing from Part C3
Removed Parameter PackageDescription:Radial Cap, Thru-Hole; 2 Leads; 0.3 in Pin Spacing from Part C4
Removed Parameter PackageDescription:Radial Cap, Thru-Hole; 2 Leads; 0.3 in Pin Spacing from Part C5
Removed Parameter PackageDescription:Radial Cap, Thru-Hole; 2 Leads; 0.3 in Pin Spacing from Part C6
Removed Parameter PackageDescription:Radial Cap, Thru-Hole; 2 Leads; 0.3 in Pin Spacing from Part C7
Removed Parameter PackageDescription:Radial Cap, Thru-Hole; 2 Leads; 0.3 in Pin Spacing from Part C8
Removed Parameter PackageReference: from Part D1
Removed Parameter PackageReference: from Part D2
Removed Parameter PackageReference: from Part R25
Removed Parameter PackageReference: from Part R26
Removed Parameter PackageReference: from Part R27
Removed Parameter PackageReference: from Part R28
Removed Parameter PackageReference:RAD-0.3 from Part C1
Removed Parameter PackageReference:RAD-0.3 from Part C2
Removed Parameter PackageReference:RAD-0.3 from Part C3
Removed Parameter PackageReference:RAD-0.3 from Part C4
Removed Parameter PackageReference:RAD-0.3 from Part C5
Removed Parameter PackageReference:RAD-0.3 from Part C6
Removed Parameter PackageReference:RAD-0.3 from Part C7
Removed Parameter PackageReference:RAD-0.3 from Part C8
Removed Parameter Published:8-Jun-2000 from Part C1
Removed Parameter Published:8-Jun-2000 from Part C2
Removed Parameter Published:8-Jun-2000 from Part C3
Removed Parameter Published:8-Jun-2000 from Part C4
Removed Parameter Published:8-Jun-2000 from Part C5
Removed Parameter Published:8-Jun-2000 from Part C6
Removed Parameter Published:8-Jun-2000 from Part C7
Removed Parameter Published:8-Jun-2000 from Part C8
Removed Parameter Published: from Part D1
Removed Parameter Published: from Part D2
Removed Parameter Published: from Part R25
Removed Parameter Published: from Part R26
Removed Parameter Published: from Part R27
Removed Parameter Published: from Part R28
Removed Parameter Publisher:Altium Limited from Part C1
Removed Parameter Publisher:Altium Limited from Part C2
Removed Parameter Publisher:Altium Limited from Part C3
Removed Parameter Publisher:Altium Limited from Part C4
Removed Parameter Publisher:Altium Limited from Part C5
Removed Parameter Publisher:Altium Limited from Part C6
Removed Parameter Publisher:Altium Limited from Part C7
Removed Parameter Publisher:Altium Limited from Part C8
Removed Parameter Publisher: from Part D1
Removed Parameter Publisher: from Part D2
Removed Parameter Publisher: from Part R5
Removed Parameter Publisher: from Part R6
Removed Parameter Publisher: from Part R7
Removed Parameter Publisher: from Part R8
Removed Parameter Publisher: from Part R25
Removed Parameter Publisher: from Part R26
Removed Parameter Publisher: from Part R27
Removed Parameter Publisher: from Part R28
