Added Parameter potrebno naruèiti(broj komada)= to Part C102
Added Parameter potrebno naruèiti(broj komada)= to Part C103
Added Parameter potrebno naruèiti(broj komada)= to Part C104
Added Parameter potrebno naruèiti(broj komada)= to Part C105
Added Parameter potrebno naruèiti(broj komada)= to Part C106
Added Parameter potrebno naruèiti(broj komada)= to Part C107
Added Parameter potrebno naruèiti(broj komada)= to Part C111
Added Parameter potrebno naruèiti(broj komada)= to Part C112
Added Parameter potrebno naruèiti(broj komada)= to Part C121
Added Parameter potrebno naruèiti(broj komada)= to Part C122
Added Parameter potrebno naruèiti(broj komada)= to Part C131
Added Parameter potrebno naruèiti(broj komada)= to Part C132
Added Parameter potrebno naruèiti(broj komada)= to Part C141
Added Parameter potrebno naruèiti(broj komada)= to Part D1
Added Parameter potrebno naruèiti(broj komada)= to Part D1
Added Parameter potrebno naruèiti(broj komada)= to Part H151
Added Parameter potrebno naruèiti(broj komada)= to Part H152
Added Parameter potrebno naruèiti(broj komada)= to Part L5
Added Parameter potrebno naruèiti(broj komada)= to Part Q131
Added Parameter potrebno naruèiti(broj komada)= to Part R141
Added Parameter potrebno naruèiti(broj komada)= to Part R151
Added Parameter potrebno naruèiti(broj komada)= to Part R152
Added Parameter potrebno naruèiti(broj komada)= to Part S141
Added Parameter potrebno naruèiti(broj komada)= to Part X103
