Removed Parameter manafacturer:FEROXCUBE from Part L5
Removed Parameter manafacturer: from Part C102
Removed Parameter manafacturer: from Part C103
Removed Parameter manafacturer: from Part C104
Removed Parameter manafacturer: from Part C105
Removed Parameter manafacturer: from Part C106
Removed Parameter manafacturer: from Part C107
Removed Parameter manafacturer: from Part C111
Removed Parameter manafacturer: from Part C112
Removed Parameter manafacturer: from Part C121
Removed Parameter manafacturer: from Part C122
Removed Parameter manafacturer: from Part C131
Removed Parameter manafacturer: from Part C132
Removed Parameter manafacturer: from Part C141
Removed Parameter manafacturer: from Part D1
Removed Parameter manafacturer: from Part D1
Removed Parameter manafacturer: from Part H151
Removed Parameter manafacturer: from Part H152
Removed Parameter manafacturer: from Part Q131
Removed Parameter manafacturer: from Part R141
Removed Parameter manafacturer: from Part R151
Removed Parameter manafacturer: from Part R152
Removed Parameter manafacturer: from Part S141
Removed Parameter manafacturer: from Part X103
