Change Value of Parameter dobavljaè in Part C102 Old= New=Farnell
Change Value of Parameter dobavljaè in Part C103 Old= New=Farnell
Change Value of Parameter dobavljaè in Part C104 Old= New=Farnell
Change Value of Parameter dobavljaè in Part C105 Old= New=Farnell
Change Value of Parameter dobavljaè in Part C106 Old= New=Farnell
Change Value of Parameter dobavljaè in Part C107 Old= New=Farnell
Change Value of Parameter dobavljaè in Part C111 Old= New=Farnell
Change Value of Parameter dobavljaè in Part C112 Old= New=Farnell
Change Value of Parameter dobavljaè in Part C121 Old= New=Farnell
Change Value of Parameter dobavljaè in Part C122 Old= New=Farnell
Change Value of Parameter dobavljaè in Part C131 Old= New=Farnell
Change Value of Parameter dobavljaè in Part C132 Old= New=Farnell
Change Value of Parameter dobavljaè in Part C141 Old= New=Farnell
Change Value of Parameter dobavljaè in Part D1 Old= New=Farnell
Change Value of Parameter dobavljaè in Part D1 Old= New=Farnell
Change Value of Parameter dobavljaè in Part H151 Old= New=Farnell
Change Value of Parameter dobavljaè in Part H152 Old= New=Farnell
Change Value of Parameter dobavljaè in Part Q131 Old= New=Farnell
Change Value of Parameter dobavljaè in Part R141 Old= New=Farnell
Change Value of Parameter dobavljaè in Part R151 Old= New=Farnell
Change Value of Parameter dobavljaè in Part R152 Old= New=Farnell
Change Value of Parameter dobavljaè in Part S141 Old= New=Farnell
Change Value of Parameter dobavljaè in Part X103 Old= New=Farnell
