Removed Parameter potrebno naruèiti(broj komada): from Part C102
Removed Parameter potrebno naruèiti(broj komada): from Part C103
Removed Parameter potrebno naruèiti(broj komada): from Part C104
Removed Parameter potrebno naruèiti(broj komada): from Part C105
Removed Parameter potrebno naruèiti(broj komada): from Part C106
Removed Parameter potrebno naruèiti(broj komada): from Part C107
Removed Parameter potrebno naruèiti(broj komada): from Part C111
Removed Parameter potrebno naruèiti(broj komada): from Part C112
Removed Parameter potrebno naruèiti(broj komada): from Part C121
Removed Parameter potrebno naruèiti(broj komada): from Part C122
Removed Parameter potrebno naruèiti(broj komada): from Part C131
Removed Parameter potrebno naruèiti(broj komada): from Part C132
Removed Parameter potrebno naruèiti(broj komada): from Part C141
Removed Parameter potrebno naruèiti(broj komada): from Part D1
Removed Parameter potrebno naruèiti(broj komada): from Part D1
Removed Parameter potrebno naruèiti(broj komada): from Part H151
Removed Parameter potrebno naruèiti(broj komada): from Part H152
Removed Parameter potrebno naruèiti(broj komada): from Part L5
Removed Parameter potrebno naruèiti(broj komada): from Part Q131
Removed Parameter potrebno naruèiti(broj komada): from Part R141
Removed Parameter potrebno naruèiti(broj komada): from Part R151
Removed Parameter potrebno naruèiti(broj komada): from Part R152
Removed Parameter potrebno naruèiti(broj komada): from Part S141
Removed Parameter potrebno naruèiti(broj komada): from Part X103
