Removed Parameter manafacturer:BOURNS from Part L1
Removed Parameter manafacturer:DIODES INC from Part V11
Removed Parameter manafacturer: from Part C5
Removed Parameter manafacturer: from Part C15
Removed Parameter manafacturer: from Part C24
Removed Parameter manafacturer: from Part C26
Removed Parameter manafacturer: from Part C28
Removed Parameter manafacturer: from Part C29
Removed Parameter manafacturer: from Part C30
Removed Parameter manafacturer: from Part C36
Removed Parameter manafacturer: from Part C37
Removed Parameter manafacturer: from Part C38
Removed Parameter manafacturer: from Part C39
Removed Parameter manafacturer: from Part C40
Removed Parameter manafacturer: from Part C41
Removed Parameter manafacturer: from Part C42
Removed Parameter manafacturer: from Part C43
Removed Parameter manafacturer: from Part C59
Removed Parameter manafacturer: from Part C108
Removed Parameter manafacturer: from Part C109
Removed Parameter manafacturer: from Part CSS
Removed Parameter manafacturer: from Part D5
Removed Parameter manafacturer: from Part D7
Removed Parameter manafacturer: from Part L2
Removed Parameter manafacturer: from Part N5
Removed Parameter manafacturer: from Part N6
Removed Parameter manafacturer: from Part R15
Removed Parameter manafacturer: from Part R17
Removed Parameter manafacturer: from Part R26
Removed Parameter manafacturer: from Part R69
Removed Parameter manafacturer: from Part R70
Removed Parameter manafacturer: from Part R71
Removed Parameter manafacturer: from Part R72
Removed Parameter manafacturer: from Part R75
Removed Parameter manafacturer: from Part R76
Removed Parameter manafacturer: from Part R77
Removed Parameter manafacturer: from Part R78
Removed Parameter manafacturer: from Part R79
Removed Parameter manafacturer: from Part R80
Removed Parameter manafacturer: from Part RFF
Removed Parameter manafacturer:HARVIN from Part W6
Removed Parameter manafacturer:HARVIN from Part W7
Removed Parameter manafacturer:HOLSWORTHY from Part R20
Removed Parameter manafacturer:HOLSWORTHY from Part R21
Removed Parameter manafacturer:LINEAR TECHNOLOGY from Part D4
Removed Parameter manafacturer:MULTICOMP from Part C7
Removed Parameter manafacturer:MULTICOMP from Part C18
Removed Parameter manafacturer:MULTICOMP from Part R7
Removed Parameter manafacturer:MULTICOMP from Part R65
Removed Parameter manafacturer:MURATA from Part C8
Removed Parameter manafacturer:MURATA from Part C9
Removed Parameter manafacturer:MURATA from Part C10
Removed Parameter manafacturer:MURATA from Part C11
Removed Parameter manafacturer:MURATA from Part C16
Removed Parameter manafacturer:MURATA from Part C17
Removed Parameter manafacturer:MURATA from Part C27
Removed Parameter manafacturer:MURATA from Part C32
Removed Parameter manafacturer:MURATA from Part C35
Removed Parameter manafacturer:PANASONIC ELECTRONIC COMPONENTS from Part C31
Removed Parameter manafacturer:PANASONIC from Part R68
Removed Parameter manafacturer:TEXAS INSTRUMENTS from Part D2
Removed Parameter manafacturer:TEXAS INSTRUMENTS from Part D3
Removed Parameter manafacturer:TEXAS INSTRUMENTS from Part D6
Removed Parameter manafacturer:VISHAY from Part R67
Removed Parameter manafacturer:WALSIN from Part R19
Removed Parameter manafacturer:WALSIN from Part R22
