Change Value of Parameter Value in Part C38 Old=0.47u New=0.47uF
Change Value of Parameter Value in Part C108 Old=470 µF New=470 uF
Change Value of Parameter Value in Part C109 Old=470 µF New=470 uF
Change Value of Parameter Value in Part L2 Old=22u New=22uH
Added Parameter potrebno naruèiti(broj komada)= to Part C5
Added Parameter potrebno naruèiti(broj komada)= to Part C7
Added Parameter potrebno naruèiti(broj komada)= to Part C8
Added Parameter potrebno naruèiti(broj komada)= to Part C9
Added Parameter potrebno naruèiti(broj komada)= to Part C10
Added Parameter potrebno naruèiti(broj komada)= to Part C11
Added Parameter potrebno naruèiti(broj komada)= to Part C15
Added Parameter potrebno naruèiti(broj komada)= to Part C16
Added Parameter potrebno naruèiti(broj komada)= to Part C17
Added Parameter potrebno naruèiti(broj komada)= to Part C18
Added Parameter potrebno naruèiti(broj komada)= to Part C24
Added Parameter potrebno naruèiti(broj komada)= to Part C26
Added Parameter potrebno naruèiti(broj komada)= to Part C27
Added Parameter potrebno naruèiti(broj komada)= to Part C28
Added Parameter potrebno naruèiti(broj komada)= to Part C29
Added Parameter potrebno naruèiti(broj komada)= to Part C30
Added Parameter potrebno naruèiti(broj komada)= to Part C31
Added Parameter potrebno naruèiti(broj komada)= to Part C32
Added Parameter potrebno naruèiti(broj komada)= to Part C35
Added Parameter potrebno naruèiti(broj komada)= to Part C36
Added Parameter potrebno naruèiti(broj komada)= to Part C37
Added Parameter potrebno naruèiti(broj komada)= to Part C38
Added Parameter potrebno naruèiti(broj komada)= to Part C39
Added Parameter potrebno naruèiti(broj komada)= to Part C40
Added Parameter potrebno naruèiti(broj komada)= to Part C41
Added Parameter potrebno naruèiti(broj komada)= to Part C42
Added Parameter potrebno naruèiti(broj komada)= to Part C43
Added Parameter potrebno naruèiti(broj komada)= to Part C59
Added Parameter potrebno naruèiti(broj komada)= to Part C108
Added Parameter potrebno naruèiti(broj komada)= to Part C109
Added Parameter potrebno naruèiti(broj komada)= to Part CSS
Added Parameter potrebno naruèiti(broj komada)= to Part D2
Added Parameter potrebno naruèiti(broj komada)= to Part D3
Added Parameter potrebno naruèiti(broj komada)= to Part D4
Added Parameter potrebno naruèiti(broj komada)= to Part D5
Added Parameter potrebno naruèiti(broj komada)= to Part D6
Added Parameter potrebno naruèiti(broj komada)= to Part D7
Added Parameter potrebno naruèiti(broj komada)= to Part L1
Added Parameter potrebno naruèiti(broj komada)= to Part L2
Added Parameter potrebno naruèiti(broj komada)= to Part N5
Added Parameter potrebno naruèiti(broj komada)= to Part N6
Added Parameter potrebno naruèiti(broj komada)= to Part R7
Added Parameter potrebno naruèiti(broj komada)= to Part R15
Added Parameter potrebno naruèiti(broj komada)= to Part R17
Added Parameter potrebno naruèiti(broj komada)= to Part R19
Added Parameter potrebno naruèiti(broj komada)= to Part R20
Added Parameter potrebno naruèiti(broj komada)= to Part R21
Added Parameter potrebno naruèiti(broj komada)= to Part R22
Added Parameter potrebno naruèiti(broj komada)= to Part R26
Added Parameter potrebno naruèiti(broj komada)= to Part R65
Added Parameter potrebno naruèiti(broj komada)= to Part R67
Added Parameter potrebno naruèiti(broj komada)= to Part R68
Added Parameter potrebno naruèiti(broj komada)= to Part R69
Added Parameter potrebno naruèiti(broj komada)= to Part R70
Added Parameter potrebno naruèiti(broj komada)= to Part R71
Added Parameter potrebno naruèiti(broj komada)= to Part R72
Added Parameter potrebno naruèiti(broj komada)= to Part R75
Added Parameter potrebno naruèiti(broj komada)= to Part R76
Added Parameter potrebno naruèiti(broj komada)= to Part R77
Added Parameter potrebno naruèiti(broj komada)= to Part R78
Added Parameter potrebno naruèiti(broj komada)= to Part R79
Added Parameter potrebno naruèiti(broj komada)= to Part R80
Added Parameter potrebno naruèiti(broj komada)= to Part RFF
Added Parameter potrebno naruèiti(broj komada)= to Part V11
Added Parameter potrebno naruèiti(broj komada)= to Part W6
Added Parameter potrebno naruèiti(broj komada)= to Part W7
