Added Parameter cijena (funte)= to Part GND3
Added Parameter cijena (funte)= to Part GND4
Added Parameter cijena (funte)= to Part TP5
Added Parameter cijena (funte)= to Part TP6
Added Parameter cijena (funte)= to Part TP7
Added Parameter cijena (funte)= to Part TP8
Added Parameter cijena (funte)= to Part TP9
Added Parameter dobavljaè= to Part GND3
Added Parameter dobavljaè= to Part GND4
Added Parameter dobavljaè= to Part TP5
Added Parameter dobavljaè= to Part TP6
Added Parameter dobavljaè= to Part TP7
Added Parameter dobavljaè= to Part TP8
Added Parameter dobavljaè= to Part TP9
Added Parameter kataloški broj= to Part GND3
Added Parameter kataloški broj= to Part GND4
Added Parameter kataloški broj= to Part TP5
Added Parameter kataloški broj= to Part TP6
Added Parameter kataloški broj= to Part TP7
Added Parameter kataloški broj= to Part TP8
Added Parameter kataloški broj= to Part TP9
Added Parameter opis komponente= to Part GND3
Added Parameter opis komponente= to Part GND4
Added Parameter opis komponente= to Part TP5
Added Parameter opis komponente= to Part TP6
Added Parameter opis komponente= to Part TP7
Added Parameter opis komponente= to Part TP8
Added Parameter opis komponente= to Part TP9
Added Parameter Value= to Part GND3
Added Parameter Value= to Part GND4
Added Parameter Value= to Part TP5
Added Parameter Value= to Part TP6
Added Parameter Value= to Part TP7
Added Parameter Value= to Part TP8
Added Parameter Value= to Part TP9
