Removed Pin From Net: NetName=A- Pin=C4-1
Removed Pin From Net: NetName=B- Pin=C8-2
Removed Pin From Net: NetName=A- Pin=C22-2
Removed Pin From Net: NetName=A- Pin=C23-1
Removed Pin From Net: NetName=A- Pin=C25-1
Removed Pin From Net: NetName=A- Pin=C48-1
Removed Pin From Net: NetName=A- Pin=C49-1
Removed Pin From Net: NetName=A- Pin=C50-1
Removed Pin From Net: NetName=A- Pin=C52-1
Removed Pin From Net: NetName=A- Pin=C101-2
Removed Pin From Net: NetName=B- Pin=D2-6
Removed Pin From Net: NetName=A- Pin=D8-3
Removed Pin From Net: NetName=A- Pin=GND1-1
Removed Pin From Net: NetName=A- Pin=GND2-1
Removed Pin From Net: NetName=A- Pin=K5-3
Removed Pin From Net: NetName=A- Pin=R2-1
Removed Pin From Net: NetName=A- Pin=RV1-1
Removed Pin From Net: NetName=A+ Pin=V2-2
Removed Pin From Net: NetName=A+ Pin=V2-2
Removed Pin From Net: NetName=B+ Pin=V6-2
Removed Pin From Net: NetName=B+ Pin=V6-2
Removed Pin From Net: NetName=A- Pin=X12-2
Added Pin To Net: NetName=GND Pin=C4-1
Added Pin To Net: NetName=GND Pin=C22-2
Added Pin To Net: NetName=GND Pin=C23-1
Added Pin To Net: NetName=GND Pin=C25-1
Added Pin To Net: NetName=GND Pin=C48-1
Added Pin To Net: NetName=GND Pin=C49-1
Added Pin To Net: NetName=GND Pin=C50-1
Added Pin To Net: NetName=GND Pin=C52-1
Added Pin To Net: NetName=GND Pin=C101-2
Added Pin To Net: NetName=GND Pin=D8-3
Added Pin To Net: NetName=GND Pin=GND1-1
Added Pin To Net: NetName=GND Pin=GND2-1
Added Pin To Net: NetName=GND Pin=K5-3
Added Pin To Net: NetName=GND Pin=R2-1
Added Pin To Net: NetName=GND Pin=RV1-1
Added Pin To Net: NetName=GND Pin=X12-2
Change Net Name : Old Net Name=B- New Net Name=C+
Added Pin To Net: NetName=B- Pin=C8-2
Added Pin To Net: NetName=B- Pin=D2-6
Added Net: Name=B-
Added Room: Name=CPU_PCB
Added Room: Name=Integrirane_komponente
