Change Component Comment : Designator=GND1 Old Comment=testpoint New Comment=
Change Component Comment : Designator=GND2 Old Comment=testpoint New Comment=
Change Component Comment : Designator=GND3 Old Comment=testpoint New Comment=
Change Component Comment : Designator=GND4 Old Comment=testpoint New Comment=
Change Component Comment : Designator=GNDS Old Comment=testpoint New Comment=
Change Component Comment : Designator=TP1 Old Comment=testpoint New Comment=
Change Component Comment : Designator=TP2 Old Comment=testpoint New Comment=
Change Component Comment : Designator=TP3 Old Comment=testpoint New Comment=
Change Component Comment : Designator=TP4 Old Comment=testpoint New Comment=
Change Component Comment : Designator=TP5 Old Comment=testpoint New Comment=
Change Component Comment : Designator=TP6 Old Comment=testpoint New Comment=
Change Component Comment : Designator=TP7 Old Comment=testpoint New Comment=
Change Component Comment : Designator=TP8 Old Comment=testpoint New Comment=
Change Component Comment : Designator=TP9 Old Comment=testpoint New Comment=
Change Component Comment : Designator=TP11 Old Comment=testpoint New Comment=
Change component parameters. Clean all parameters for all variants
Change component parameters. Clean all parameters for all variants
Change component parameters. Clean all parameters for all variants
Change component parameters. Clean all parameters for all variants
Change component parameters. Clean all parameters for all variants
Change component parameters. Clean all parameters for all variants
Change component parameters. Clean all parameters for all variants
Change component parameters. Clean all parameters for all variants
Change component parameters. Clean all parameters for all variants
Change component parameters. Clean all parameters for all variants
Change component parameters. Clean all parameters for all variants
Change component parameters. Clean all parameters for all variants
Change component parameters. Clean all parameters for all variants
Change component parameters. Clean all parameters for all variants
Change component parameters. Clean all parameters for all variants
Added Pin To Net: NetName=A- Pin=GND1-1
Added Pin To Net: NetName=A- Pin=GND2-1
Added Pin To Net: NetName=GND Pin=GND3-1
Added Pin To Net: NetName=GND Pin=GND4-1
Added Pin To Net: NetName=B- Pin=GNDS-1
Added Pin To Net: NetName=NetR1_2 Pin=TP1-1
Added Pin To Net: NetName=US1 Pin=TP2-1
Added Pin To Net: NetName=NetRV1_2 Pin=TP3-1
Added Pin To Net: NetName=NetRV2_1 Pin=TP4-1
Added Pin To Net: NetName=9.9V Pin=TP5-1
Added Pin To Net: NetName=1.65V Pin=TP6-1
Added Pin To Net: NetName=12.5V Pin=TP7-1
Added Pin To Net: NetName=3.3V Pin=TP8-1
Added Pin To Net: NetName=V- Pin=TP9-1
