Add component (AddParameter): Name = "cijena (funte)"; Value = ""; VariantName = "[No Variations]"
Add component (AddParameter): Name = "dobavljaè"; Value = "Farnell"; VariantName = "[No Variations]"
Add component (AddParameter): Name = "kataloški broj"; Value = "1022264"; VariantName = "[No Variations]"
Add component (AddParameter): Name = "opis komponente"; Value = "konektor"; VariantName = "[No Variations]"
Add component (AddParameter): Name = "Value"; Value = ""; VariantName = "[No Variations]"
Added Component: Designator=X103(HEADER-4_PIN)
Add component. Clean all parameters for all variants
Add component (AddParameter): Name = "cijena (funte)"; Value = ""; VariantName = "[No Variations]"
Add component (AddParameter): Name = "dobavljaè"; Value = "Farnell"; VariantName = "[No Variations]"
Add component (AddParameter): Name = "kataloški broj"; Value = "1022264"; VariantName = "[No Variations]"
Add component (AddParameter): Name = "opis komponente"; Value = "konektor"; VariantName = "[No Variations]"
Add component (AddParameter): Name = "Value"; Value = ""; VariantName = "[No Variations]"
Add component (AddParameter): Name = "cijena (funte)"; Value = ""; VariantName = "[No Variations]"
Add component (AddParameter): Name = "dobavljaè"; Value = "Farnell"; VariantName = "[No Variations]"
Add component (AddParameter): Name = "kataloški broj"; Value = "1022264"; VariantName = "[No Variations]"
Add component (AddParameter): Name = "opis komponente"; Value = "konektor"; VariantName = "[No Variations]"
Add component (AddParameter): Name = "Value"; Value = ""; VariantName = "[No Variations]"
Added Component: Designator=X104(HEADER-4_PIN)
Add component. Clean all parameters for all variants
Add component (AddParameter): Name = "cijena (funte)"; Value = ""; VariantName = "[No Variations]"
Add component (AddParameter): Name = "dobavljaè"; Value = "Farnell"; VariantName = "[No Variations]"
Add component (AddParameter): Name = "kataloški broj"; Value = "1022264"; VariantName = "[No Variations]"
Add component (AddParameter): Name = "opis komponente"; Value = "konektor"; VariantName = "[No Variations]"
Add component (AddParameter): Name = "Value"; Value = ""; VariantName = "[No Variations]"
Added Pin To Net: NetName=3.3_V Pin=X103-1
Added Pin To Net: NetName=SWCLK Pin=X103-2
Added Pin To Net: NetName=GND Pin=X103-3
Added Pin To Net: NetName=SWDIO Pin=X103-4
Added Pin To Net: NetName=3.3_V Pin=X104-1
Added Pin To Net: NetName=RX Pin=X104-2
Added Pin To Net: NetName=TX Pin=X104-3
Added Pin To Net: NetName=GND Pin=X104-4
Added Member To Class: ClassName=CPU_PCB Member=Component X103 Header 4
Added Member To Class: ClassName=CPU_PCB Member=Component X104 Header 4
