Add component (AddParameter): Name = "cijena (funte)"; Value = "-"; VariantName = "[No Variations]"
Add component (AddParameter): Name = "dobavljaè"; Value = "Farnell"; VariantName = "[No Variations]"
Add component (AddParameter): Name = "kataloški broj"; Value = "2320931"; VariantName = "[No Variations]"
Add component (AddParameter): Name = "opis komponente"; Value = "Capacitor 100nF"; VariantName = "[No Variations]"
Add component (AddParameter): Name = "Value"; Value = "10uF"; VariantName = "[No Variations]"
Added Component: Designator=C25(C1210_L)
Add component. Clean all parameters for all variants
Add component (AddParameter): Name = "cijena (funte)"; Value = "-"; VariantName = "[No Variations]"
Add component (AddParameter): Name = "dobavljaè"; Value = "Farnell"; VariantName = "[No Variations]"
Add component (AddParameter): Name = "kataloški broj"; Value = "2320931"; VariantName = "[No Variations]"
Add component (AddParameter): Name = "opis komponente"; Value = "Capacitor 100nF"; VariantName = "[No Variations]"
Add component (AddParameter): Name = "Value"; Value = "10uF"; VariantName = "[No Variations]"
Add component (AddParameter): Name = "cijena (funte)"; Value = "0.141"; VariantName = "[No Variations]"
Add component (AddParameter): Name = "dobavljaè"; Value = "Farnell"; VariantName = "[No Variations]"
Add component (AddParameter): Name = "kataloški broj"; Value = "1856515"; VariantName = "[No Variations]"
Add component (AddParameter): Name = "opis komponente"; Value = "Capacitor 100nF"; VariantName = "[No Variations]"
Add component (AddParameter): Name = "Value"; Value = "100nF"; VariantName = "[No Variations]"
Added Component: Designator=C52(C0805)
Add component. Clean all parameters for all variants
Add component (AddParameter): Name = "cijena (funte)"; Value = "0.141"; VariantName = "[No Variations]"
Add component (AddParameter): Name = "dobavljaè"; Value = "Farnell"; VariantName = "[No Variations]"
Add component (AddParameter): Name = "kataloški broj"; Value = "1856515"; VariantName = "[No Variations]"
Add component (AddParameter): Name = "opis komponente"; Value = "Capacitor 100nF"; VariantName = "[No Variations]"
Add component (AddParameter): Name = "Value"; Value = "100nF"; VariantName = "[No Variations]"
Added Pin To Net: NetName=GNDS Pin=C25-1
Added Pin To Net: NetName=12.5V Pin=C25-2
Added Pin To Net: NetName=GNDS Pin=C52-1
Added Pin To Net: NetName=12.5V Pin=C52-2
