Change Component Footprint: Designator=R65 Old Footprint=C1206 New Footprint=CAP_0603
Change Component Footprint: Designator=R26 Old Footprint=C1210_L New Footprint=CAP_0805
Change Component Footprint: Designator=R67 Old Footprint=C1210_L New Footprint=CAP_0805
Change component parameters (AddParameter): Name = "cijena (funte)"; Value = "0.182"; VariantName = "[No Variations]"
Change component parameters (AddParameter): Name = "dobavljaè"; Value = "Farnell"; VariantName = "[No Variations]"
Change component parameters (AddParameter): Name = "kataloški broj"; Value = "1856515"; VariantName = "[No Variations]"
Change component parameters (AddParameter): Name = "opis komponente"; Value = "Capacitor 100nF"; VariantName = "[No Variations]"
Change component parameters (AddParameter): Name = "Value"; Value = "100nF"; VariantName = "[No Variations]"
Change component parameters. Clean all parameters for all variants
Change component parameters (AddParameter): Name = "cijena (funte)"; Value = "0.182"; VariantName = "[No Variations]"
Change component parameters (AddParameter): Name = "dobavljaè"; Value = "Farnell"; VariantName = "[No Variations]"
Change component parameters (AddParameter): Name = "kataloški broj"; Value = "1856515"; VariantName = "[No Variations]"
Change component parameters (AddParameter): Name = "opis komponente"; Value = "Capacitor 100nF"; VariantName = "[No Variations]"
Change component parameters (AddParameter): Name = "Value"; Value = "100nF"; VariantName = "[No Variations]"
Change component parameters (AddParameter): Name = "cijena (funte)"; Value = "0.182"; VariantName = "[No Variations]"
Change component parameters (AddParameter): Name = "dobavljaè"; Value = "Farnell"; VariantName = "[No Variations]"
Change component parameters (AddParameter): Name = "kataloški broj"; Value = "1856515"; VariantName = "[No Variations]"
Change component parameters (AddParameter): Name = "opis komponente"; Value = "Capacitor 100nF"; VariantName = "[No Variations]"
Change component parameters (AddParameter): Name = "Value"; Value = "100nF"; VariantName = "[No Variations]"
Change component parameters. Clean all parameters for all variants
Change component parameters (AddParameter): Name = "cijena (funte)"; Value = "0.182"; VariantName = "[No Variations]"
Change component parameters (AddParameter): Name = "dobavljaè"; Value = "Farnell"; VariantName = "[No Variations]"
Change component parameters (AddParameter): Name = "kataloški broj"; Value = "1856515"; VariantName = "[No Variations]"
Change component parameters (AddParameter): Name = "opis komponente"; Value = "Capacitor 100nF"; VariantName = "[No Variations]"
Change component parameters (AddParameter): Name = "Value"; Value = "100nF"; VariantName = "[No Variations]"
Change component parameters (AddParameter): Name = "cijena (funte)"; Value = "0.182"; VariantName = "[No Variations]"
Change component parameters (AddParameter): Name = "dobavljaè"; Value = "Farnell"; VariantName = "[No Variations]"
Change component parameters (AddParameter): Name = "kataloški broj"; Value = "1856515"; VariantName = "[No Variations]"
Change component parameters (AddParameter): Name = "opis komponente"; Value = "Capacitor 100nF"; VariantName = "[No Variations]"
Change component parameters (AddParameter): Name = "Value"; Value = "100nF"; VariantName = "[No Variations]"
Change component parameters. Clean all parameters for all variants
Change component parameters (AddParameter): Name = "cijena (funte)"; Value = "0.182"; VariantName = "[No Variations]"
Change component parameters (AddParameter): Name = "dobavljaè"; Value = "Farnell"; VariantName = "[No Variations]"
Change component parameters (AddParameter): Name = "kataloški broj"; Value = "1856515"; VariantName = "[No Variations]"
Change component parameters (AddParameter): Name = "opis komponente"; Value = "Capacitor 100nF"; VariantName = "[No Variations]"
Change component parameters (AddParameter): Name = "Value"; Value = "100nF"; VariantName = "[No Variations]"
Change component parameters (AddParameter): Name = "cijena (funte)"; Value = "0.182"; VariantName = "[No Variations]"
Change component parameters (AddParameter): Name = "dobavljaè"; Value = "Farnell"; VariantName = "[No Variations]"
Change component parameters (AddParameter): Name = "kataloški broj"; Value = "1856515"; VariantName = "[No Variations]"
Change component parameters (AddParameter): Name = "opis komponente"; Value = "Capacitor 100nF"; VariantName = "[No Variations]"
Change component parameters (AddParameter): Name = "Value"; Value = "100nF"; VariantName = "[No Variations]"
Change component parameters. Clean all parameters for all variants
Change component parameters (AddParameter): Name = "cijena (funte)"; Value = "0.182"; VariantName = "[No Variations]"
Change component parameters (AddParameter): Name = "dobavljaè"; Value = "Farnell"; VariantName = "[No Variations]"
Change component parameters (AddParameter): Name = "kataloški broj"; Value = "1856515"; VariantName = "[No Variations]"
Change component parameters (AddParameter): Name = "opis komponente"; Value = "Capacitor 100nF"; VariantName = "[No Variations]"
Change component parameters (AddParameter): Name = "Value"; Value = "100nF"; VariantName = "[No Variations]"
Change component parameters (AddParameter): Name = "cijena (funte)"; Value = "0.182"; VariantName = "[No Variations]"
Change component parameters (AddParameter): Name = "dobavljaè"; Value = "Farnell"; VariantName = "[No Variations]"
Change component parameters (AddParameter): Name = "kataloški broj"; Value = "1856515"; VariantName = "[No Variations]"
Change component parameters (AddParameter): Name = "opis komponente"; Value = "Capacitor 100nF"; VariantName = "[No Variations]"
Change component parameters (AddParameter): Name = "Value"; Value = "100nF"; VariantName = "[No Variations]"
Change component parameters. Clean all parameters for all variants
Change component parameters (AddParameter): Name = "cijena (funte)"; Value = "0.182"; VariantName = "[No Variations]"
Change component parameters (AddParameter): Name = "dobavljaè"; Value = "Farnell"; VariantName = "[No Variations]"
Change component parameters (AddParameter): Name = "kataloški broj"; Value = "1856515"; VariantName = "[No Variations]"
Change component parameters (AddParameter): Name = "opis komponente"; Value = "Capacitor 100nF"; VariantName = "[No Variations]"
Change component parameters (AddParameter): Name = "Value"; Value = "100nF"; VariantName = "[No Variations]"
Change component parameters (AddParameter): Name = "cijena (funte)"; Value = "0.182"; VariantName = "[No Variations]"
Change component parameters (AddParameter): Name = "dobavljaè"; Value = "Farnell"; VariantName = "[No Variations]"
Change component parameters (AddParameter): Name = "kataloški broj"; Value = "1856515"; VariantName = "[No Variations]"
Change component parameters (AddParameter): Name = "opis komponente"; Value = "Capacitor 100nF"; VariantName = "[No Variations]"
Change component parameters (AddParameter): Name = "Value"; Value = "100nF"; VariantName = "[No Variations]"
Change component parameters. Clean all parameters for all variants
Change component parameters (AddParameter): Name = "cijena (funte)"; Value = "0.182"; VariantName = "[No Variations]"
Change component parameters (AddParameter): Name = "dobavljaè"; Value = "Farnell"; VariantName = "[No Variations]"
Change component parameters (AddParameter): Name = "kataloški broj"; Value = "1856515"; VariantName = "[No Variations]"
Change component parameters (AddParameter): Name = "opis komponente"; Value = "Capacitor 100nF"; VariantName = "[No Variations]"
Change component parameters (AddParameter): Name = "Value"; Value = "100nF"; VariantName = "[No Variations]"
Change component parameters (AddParameter): Name = "cijena (funte)"; Value = "0.182"; VariantName = "[No Variations]"
Change component parameters (AddParameter): Name = "dobavljaè"; Value = "Farnell"; VariantName = "[No Variations]"
Change component parameters (AddParameter): Name = "kataloški broj"; Value = "1856515"; VariantName = "[No Variations]"
Change component parameters (AddParameter): Name = "opis komponente"; Value = "Capacitor 100nF"; VariantName = "[No Variations]"
Change component parameters (AddParameter): Name = "Value"; Value = "100nF"; VariantName = "[No Variations]"
Change component parameters. Clean all parameters for all variants
Change component parameters (AddParameter): Name = "cijena (funte)"; Value = "0.182"; VariantName = "[No Variations]"
Change component parameters (AddParameter): Name = "dobavljaè"; Value = "Farnell"; VariantName = "[No Variations]"
Change component parameters (AddParameter): Name = "kataloški broj"; Value = "1856515"; VariantName = "[No Variations]"
Change component parameters (AddParameter): Name = "opis komponente"; Value = "Capacitor 100nF"; VariantName = "[No Variations]"
Change component parameters (AddParameter): Name = "Value"; Value = "100nF"; VariantName = "[No Variations]"
Change component parameters (AddParameter): Name = "cijena (funte)"; Value = "0.182"; VariantName = "[No Variations]"
Change component parameters (AddParameter): Name = "dobavljaè"; Value = "Farnell"; VariantName = "[No Variations]"
Change component parameters (AddParameter): Name = "kataloški broj"; Value = "1856515"; VariantName = "[No Variations]"
Change component parameters (AddParameter): Name = "opis komponente"; Value = "Capacitor 100nF"; VariantName = "[No Variations]"
Change component parameters (AddParameter): Name = "Value"; Value = "100nF"; VariantName = "[No Variations]"
Change component parameters. Clean all parameters for all variants
Change component parameters (AddParameter): Name = "cijena (funte)"; Value = "0.182"; VariantName = "[No Variations]"
Change component parameters (AddParameter): Name = "dobavljaè"; Value = "Farnell"; VariantName = "[No Variations]"
Change component parameters (AddParameter): Name = "kataloški broj"; Value = "1856515"; VariantName = "[No Variations]"
Change component parameters (AddParameter): Name = "opis komponente"; Value = "Capacitor 100nF"; VariantName = "[No Variations]"
Change component parameters (AddParameter): Name = "Value"; Value = "100nF"; VariantName = "[No Variations]"
Change component parameters (AddParameter): Name = "cijena (funte)"; Value = "0.182"; VariantName = "[No Variations]"
Change component parameters (AddParameter): Name = "dobavljaè"; Value = "Farnell"; VariantName = "[No Variations]"
Change component parameters (AddParameter): Name = "kataloški broj"; Value = "1856515"; VariantName = "[No Variations]"
Change component parameters (AddParameter): Name = "opis komponente"; Value = "Capacitor 100nF"; VariantName = "[No Variations]"
Change component parameters (AddParameter): Name = "Value"; Value = "100nF"; VariantName = "[No Variations]"
Change component parameters. Clean all parameters for all variants
Change component parameters (AddParameter): Name = "cijena (funte)"; Value = "0.182"; VariantName = "[No Variations]"
Change component parameters (AddParameter): Name = "dobavljaè"; Value = "Farnell"; VariantName = "[No Variations]"
Change component parameters (AddParameter): Name = "kataloški broj"; Value = "1856515"; VariantName = "[No Variations]"
Change component parameters (AddParameter): Name = "opis komponente"; Value = "Capacitor 100nF"; VariantName = "[No Variations]"
Change component parameters (AddParameter): Name = "Value"; Value = "100nF"; VariantName = "[No Variations]"
Change component parameters (AddParameter): Name = "cijena (funte)"; Value = "0.182"; VariantName = "[No Variations]"
Change component parameters (AddParameter): Name = "dobavljaè"; Value = "Farnell"; VariantName = "[No Variations]"
Change component parameters (AddParameter): Name = "kataloški broj"; Value = "1856515"; VariantName = "[No Variations]"
Change component parameters (AddParameter): Name = "opis komponente"; Value = "Capacitor 100nF"; VariantName = "[No Variations]"
Change component parameters (AddParameter): Name = "Value"; Value = "100nF"; VariantName = "[No Variations]"
Change component parameters. Clean all parameters for all variants
Change component parameters (AddParameter): Name = "cijena (funte)"; Value = "0.182"; VariantName = "[No Variations]"
Change component parameters (AddParameter): Name = "dobavljaè"; Value = "Farnell"; VariantName = "[No Variations]"
Change component parameters (AddParameter): Name = "kataloški broj"; Value = "1856515"; VariantName = "[No Variations]"
Change component parameters (AddParameter): Name = "opis komponente"; Value = "Capacitor 100nF"; VariantName = "[No Variations]"
Change component parameters (AddParameter): Name = "Value"; Value = "100nF"; VariantName = "[No Variations]"
Change component parameters (AddParameter): Name = "cijena (funte)"; Value = "0.182"; VariantName = "[No Variations]"
Change component parameters (AddParameter): Name = "dobavljaè"; Value = "Farnell"; VariantName = "[No Variations]"
Change component parameters (AddParameter): Name = "kataloški broj"; Value = "1856515"; VariantName = "[No Variations]"
Change component parameters (AddParameter): Name = "opis komponente"; Value = "Capacitor 100nF"; VariantName = "[No Variations]"
Change component parameters (AddParameter): Name = "Value"; Value = "100nF"; VariantName = "[No Variations]"
Change component parameters. Clean all parameters for all variants
Change component parameters (AddParameter): Name = "cijena (funte)"; Value = "0.182"; VariantName = "[No Variations]"
Change component parameters (AddParameter): Name = "dobavljaè"; Value = "Farnell"; VariantName = "[No Variations]"
Change component parameters (AddParameter): Name = "kataloški broj"; Value = "1856515"; VariantName = "[No Variations]"
Change component parameters (AddParameter): Name = "opis komponente"; Value = "Capacitor 100nF"; VariantName = "[No Variations]"
Change component parameters (AddParameter): Name = "Value"; Value = "100nF"; VariantName = "[No Variations]"
Change component parameters (AddParameter): Name = "cijena (funte)"; Value = "0.182"; VariantName = "[No Variations]"
Change component parameters (AddParameter): Name = "dobavljaè"; Value = "Farnell"; VariantName = "[No Variations]"
Change component parameters (AddParameter): Name = "kataloški broj"; Value = "1856515"; VariantName = "[No Variations]"
Change component parameters (AddParameter): Name = "opis komponente"; Value = "Capacitor 100nF"; VariantName = "[No Variations]"
Change component parameters (AddParameter): Name = "Value"; Value = "100nF"; VariantName = "[No Variations]"
Change component parameters. Clean all parameters for all variants
Change component parameters (AddParameter): Name = "cijena (funte)"; Value = "0.182"; VariantName = "[No Variations]"
Change component parameters (AddParameter): Name = "dobavljaè"; Value = "Farnell"; VariantName = "[No Variations]"
Change component parameters (AddParameter): Name = "kataloški broj"; Value = "1856515"; VariantName = "[No Variations]"
Change component parameters (AddParameter): Name = "opis komponente"; Value = "Capacitor 100nF"; VariantName = "[No Variations]"
Change component parameters (AddParameter): Name = "Value"; Value = "100nF"; VariantName = "[No Variations]"
Change component parameters (AddParameter): Name = "cijena (funte)"; Value = "0.182"; VariantName = "[No Variations]"
Change component parameters (AddParameter): Name = "dobavljaè"; Value = "Farnell"; VariantName = "[No Variations]"
Change component parameters (AddParameter): Name = "kataloški broj"; Value = "1856515"; VariantName = "[No Variations]"
Change component parameters (AddParameter): Name = "opis komponente"; Value = "Capacitor 100nF"; VariantName = "[No Variations]"
Change component parameters (AddParameter): Name = "Value"; Value = "100nF"; VariantName = "[No Variations]"
Change component parameters. Clean all parameters for all variants
Change component parameters (AddParameter): Name = "cijena (funte)"; Value = "0.182"; VariantName = "[No Variations]"
Change component parameters (AddParameter): Name = "dobavljaè"; Value = "Farnell"; VariantName = "[No Variations]"
Change component parameters (AddParameter): Name = "kataloški broj"; Value = "1856515"; VariantName = "[No Variations]"
Change component parameters (AddParameter): Name = "opis komponente"; Value = "Capacitor 100nF"; VariantName = "[No Variations]"
Change component parameters (AddParameter): Name = "Value"; Value = "100nF"; VariantName = "[No Variations]"
Change component parameters (AddParameter): Name = "cijena (funte)"; Value = "0.182"; VariantName = "[No Variations]"
Change component parameters (AddParameter): Name = "dobavljaè"; Value = "Farnell"; VariantName = "[No Variations]"
Change component parameters (AddParameter): Name = "kataloški broj"; Value = "1856515"; VariantName = "[No Variations]"
Change component parameters (AddParameter): Name = "opis komponente"; Value = "Capacitor 100nF"; VariantName = "[No Variations]"
Change component parameters (AddParameter): Name = "Value"; Value = "100nF"; VariantName = "[No Variations]"
Change component parameters. Clean all parameters for all variants
Change component parameters (AddParameter): Name = "cijena (funte)"; Value = "0.182"; VariantName = "[No Variations]"
Change component parameters (AddParameter): Name = "dobavljaè"; Value = "Farnell"; VariantName = "[No Variations]"
Change component parameters (AddParameter): Name = "kataloški broj"; Value = "1856515"; VariantName = "[No Variations]"
Change component parameters (AddParameter): Name = "opis komponente"; Value = "Capacitor 100nF"; VariantName = "[No Variations]"
Change component parameters (AddParameter): Name = "Value"; Value = "100nF"; VariantName = "[No Variations]"
Change component parameters (AddParameter): Name = "cijena (funte)"; Value = "0.182"; VariantName = "[No Variations]"
Change component parameters (AddParameter): Name = "dobavljaè"; Value = "Farnell"; VariantName = "[No Variations]"
Change component parameters (AddParameter): Name = "kataloški broj"; Value = "1856515"; VariantName = "[No Variations]"
Change component parameters (AddParameter): Name = "opis komponente"; Value = "Capacitor 100nF"; VariantName = "[No Variations]"
Change component parameters (AddParameter): Name = "Value"; Value = "100nF"; VariantName = "[No Variations]"
Change component parameters. Clean all parameters for all variants
Change component parameters (AddParameter): Name = "cijena (funte)"; Value = "0.182"; VariantName = "[No Variations]"
Change component parameters (AddParameter): Name = "dobavljaè"; Value = "Farnell"; VariantName = "[No Variations]"
Change component parameters (AddParameter): Name = "kataloški broj"; Value = "1856515"; VariantName = "[No Variations]"
Change component parameters (AddParameter): Name = "opis komponente"; Value = "Capacitor 100nF"; VariantName = "[No Variations]"
Change component parameters (AddParameter): Name = "Value"; Value = "100nF"; VariantName = "[No Variations]"
Change component parameters (AddParameter): Name = "cijena (funte)"; Value = "0.182"; VariantName = "[No Variations]"
Change component parameters (AddParameter): Name = "dobavljaè"; Value = "Farnell"; VariantName = "[No Variations]"
Change component parameters (AddParameter): Name = "kataloški broj"; Value = "1856515"; VariantName = "[No Variations]"
Change component parameters (AddParameter): Name = "opis komponente"; Value = "Capacitor 100nF"; VariantName = "[No Variations]"
Change component parameters (AddParameter): Name = "Value"; Value = "100nF"; VariantName = "[No Variations]"
Change component parameters. Clean all parameters for all variants
Change component parameters (AddParameter): Name = "cijena (funte)"; Value = "0.182"; VariantName = "[No Variations]"
Change component parameters (AddParameter): Name = "dobavljaè"; Value = "Farnell"; VariantName = "[No Variations]"
Change component parameters (AddParameter): Name = "kataloški broj"; Value = "1856515"; VariantName = "[No Variations]"
Change component parameters (AddParameter): Name = "opis komponente"; Value = "Capacitor 100nF"; VariantName = "[No Variations]"
Change component parameters (AddParameter): Name = "Value"; Value = "100nF"; VariantName = "[No Variations]"
Change component parameters (AddParameter): Name = "cijena (funte)"; Value = ""; VariantName = "[No Variations]"
Change component parameters (AddParameter): Name = "dobavljaè"; Value = ""; VariantName = "[No Variations]"
Change component parameters (AddParameter): Name = "kataloški broj"; Value = ""; VariantName = "[No Variations]"
Change component parameters (AddParameter): Name = "opis komponente"; Value = "transformator"; VariantName = "[No Variations]"
Change component parameters (AddParameter): Name = "Value"; Value = ""; VariantName = "[No Variations]"
Change component parameters. Clean all parameters for all variants
Change component parameters (AddParameter): Name = "cijena (funte)"; Value = ""; VariantName = "[No Variations]"
Change component parameters (AddParameter): Name = "dobavljaè"; Value = ""; VariantName = "[No Variations]"
Change component parameters (AddParameter): Name = "kataloški broj"; Value = ""; VariantName = "[No Variations]"
Change component parameters (AddParameter): Name = "opis komponente"; Value = "transformator"; VariantName = "[No Variations]"
Change component parameters (AddParameter): Name = "Value"; Value = ""; VariantName = "[No Variations]"
Change component parameters (AddParameter): Name = "cijena (funte)"; Value = ""; VariantName = "[No Variations]"
Change component parameters (AddParameter): Name = "dobavljaè"; Value = ""; VariantName = "[No Variations]"
Change component parameters (AddParameter): Name = "kataloški broj"; Value = ""; VariantName = "[No Variations]"
Change component parameters (AddParameter): Name = "opis komponente"; Value = "testpoint"; VariantName = "[No Variations]"
Change component parameters (AddParameter): Name = "Value"; Value = "."; VariantName = "[No Variations]"
Change component parameters. Clean all parameters for all variants
Change component parameters (AddParameter): Name = "cijena (funte)"; Value = ""; VariantName = "[No Variations]"
Change component parameters (AddParameter): Name = "dobavljaè"; Value = ""; VariantName = "[No Variations]"
Change component parameters (AddParameter): Name = "kataloški broj"; Value = ""; VariantName = "[No Variations]"
Change component parameters (AddParameter): Name = "opis komponente"; Value = "testpoint"; VariantName = "[No Variations]"
Change component parameters (AddParameter): Name = "Value"; Value = "."; VariantName = "[No Variations]"
Change component parameters (AddParameter): Name = "cijena (funte)"; Value = ""; VariantName = "[No Variations]"
Change component parameters (AddParameter): Name = "dobavljaè"; Value = ""; VariantName = "[No Variations]"
Change component parameters (AddParameter): Name = "kataloški broj"; Value = ""; VariantName = "[No Variations]"
Change component parameters (AddParameter): Name = "opis komponente"; Value = "testpoint"; VariantName = "[No Variations]"
Change component parameters (AddParameter): Name = "Value"; Value = "."; VariantName = "[No Variations]"
Change component parameters. Clean all parameters for all variants
Change component parameters (AddParameter): Name = "cijena (funte)"; Value = ""; VariantName = "[No Variations]"
Change component parameters (AddParameter): Name = "dobavljaè"; Value = ""; VariantName = "[No Variations]"
Change component parameters (AddParameter): Name = "kataloški broj"; Value = ""; VariantName = "[No Variations]"
Change component parameters (AddParameter): Name = "opis komponente"; Value = "testpoint"; VariantName = "[No Variations]"
Change component parameters (AddParameter): Name = "Value"; Value = "."; VariantName = "[No Variations]"
Change component parameters (AddParameter): Name = "cijena (funte)"; Value = ""; VariantName = "[No Variations]"
Change component parameters (AddParameter): Name = "dobavljaè"; Value = ""; VariantName = "[No Variations]"
Change component parameters (AddParameter): Name = "kataloški broj"; Value = ""; VariantName = "[No Variations]"
Change component parameters (AddParameter): Name = "opis komponente"; Value = "testpoint"; VariantName = "[No Variations]"
Change component parameters (AddParameter): Name = "Value"; Value = "."; VariantName = "[No Variations]"
Change component parameters. Clean all parameters for all variants
Change component parameters (AddParameter): Name = "cijena (funte)"; Value = ""; VariantName = "[No Variations]"
Change component parameters (AddParameter): Name = "dobavljaè"; Value = ""; VariantName = "[No Variations]"
Change component parameters (AddParameter): Name = "kataloški broj"; Value = ""; VariantName = "[No Variations]"
Change component parameters (AddParameter): Name = "opis komponente"; Value = "testpoint"; VariantName = "[No Variations]"
Change component parameters (AddParameter): Name = "Value"; Value = "."; VariantName = "[No Variations]"
Change component parameters (AddParameter): Name = "cijena (funte)"; Value = ""; VariantName = "[No Variations]"
Change component parameters (AddParameter): Name = "dobavljaè"; Value = ""; VariantName = "[No Variations]"
Change component parameters (AddParameter): Name = "kataloški broj"; Value = ""; VariantName = "[No Variations]"
Change component parameters (AddParameter): Name = "opis komponente"; Value = "testpoint"; VariantName = "[No Variations]"
Change component parameters (AddParameter): Name = "Value"; Value = "."; VariantName = "[No Variations]"
Change component parameters. Clean all parameters for all variants
Change component parameters (AddParameter): Name = "cijena (funte)"; Value = ""; VariantName = "[No Variations]"
Change component parameters (AddParameter): Name = "dobavljaè"; Value = ""; VariantName = "[No Variations]"
Change component parameters (AddParameter): Name = "kataloški broj"; Value = ""; VariantName = "[No Variations]"
Change component parameters (AddParameter): Name = "opis komponente"; Value = "testpoint"; VariantName = "[No Variations]"
Change component parameters (AddParameter): Name = "Value"; Value = "."; VariantName = "[No Variations]"
Change component parameters (AddParameter): Name = "cijena (funte)"; Value = ""; VariantName = "[No Variations]"
Change component parameters (AddParameter): Name = "dobavljaè"; Value = ""; VariantName = "[No Variations]"
Change component parameters (AddParameter): Name = "kataloški broj"; Value = ""; VariantName = "[No Variations]"
Change component parameters (AddParameter): Name = "opis komponente"; Value = "testpoint"; VariantName = "[No Variations]"
Change component parameters (AddParameter): Name = "Value"; Value = "."; VariantName = "[No Variations]"
Change component parameters. Clean all parameters for all variants
Change component parameters (AddParameter): Name = "cijena (funte)"; Value = ""; VariantName = "[No Variations]"
Change component parameters (AddParameter): Name = "dobavljaè"; Value = ""; VariantName = "[No Variations]"
Change component parameters (AddParameter): Name = "kataloški broj"; Value = ""; VariantName = "[No Variations]"
Change component parameters (AddParameter): Name = "opis komponente"; Value = "testpoint"; VariantName = "[No Variations]"
Change component parameters (AddParameter): Name = "Value"; Value = "."; VariantName = "[No Variations]"
Change component parameters (AddParameter): Name = "cijena (funte)"; Value = ""; VariantName = "[No Variations]"
Change component parameters (AddParameter): Name = "dobavljaè"; Value = ""; VariantName = "[No Variations]"
Change component parameters (AddParameter): Name = "kataloški broj"; Value = ""; VariantName = "[No Variations]"
Change component parameters (AddParameter): Name = "opis komponente"; Value = "testpoint"; VariantName = "[No Variations]"
Change component parameters (AddParameter): Name = "Value"; Value = "."; VariantName = "[No Variations]"
Change component parameters. Clean all parameters for all variants
Change component parameters (AddParameter): Name = "cijena (funte)"; Value = ""; VariantName = "[No Variations]"
Change component parameters (AddParameter): Name = "dobavljaè"; Value = ""; VariantName = "[No Variations]"
Change component parameters (AddParameter): Name = "kataloški broj"; Value = ""; VariantName = "[No Variations]"
Change component parameters (AddParameter): Name = "opis komponente"; Value = "testpoint"; VariantName = "[No Variations]"
Change component parameters (AddParameter): Name = "Value"; Value = "."; VariantName = "[No Variations]"
Change component parameters (AddParameter): Name = "cijena (funte)"; Value = ""; VariantName = "[No Variations]"
Change component parameters (AddParameter): Name = "dobavljaè"; Value = ""; VariantName = "[No Variations]"
Change component parameters (AddParameter): Name = "kataloški broj"; Value = ""; VariantName = "[No Variations]"
Change component parameters (AddParameter): Name = "opis komponente"; Value = "testpoint"; VariantName = "[No Variations]"
Change component parameters (AddParameter): Name = "Value"; Value = "."; VariantName = "[No Variations]"
Change component parameters. Clean all parameters for all variants
Change component parameters (AddParameter): Name = "cijena (funte)"; Value = ""; VariantName = "[No Variations]"
Change component parameters (AddParameter): Name = "dobavljaè"; Value = ""; VariantName = "[No Variations]"
Change component parameters (AddParameter): Name = "kataloški broj"; Value = ""; VariantName = "[No Variations]"
Change component parameters (AddParameter): Name = "opis komponente"; Value = "testpoint"; VariantName = "[No Variations]"
Change component parameters (AddParameter): Name = "Value"; Value = "."; VariantName = "[No Variations]"
Change component parameters (AddParameter): Name = "cijena (funte)"; Value = ""; VariantName = "[No Variations]"
Change component parameters (AddParameter): Name = "dobavljaè"; Value = ""; VariantName = "[No Variations]"
Change component parameters (AddParameter): Name = "kataloški broj"; Value = ""; VariantName = "[No Variations]"
Change component parameters (AddParameter): Name = "opis komponente"; Value = "testpoint"; VariantName = "[No Variations]"
Change component parameters (AddParameter): Name = "Value"; Value = "."; VariantName = "[No Variations]"
Change component parameters. Clean all parameters for all variants
Change component parameters (AddParameter): Name = "cijena (funte)"; Value = ""; VariantName = "[No Variations]"
Change component parameters (AddParameter): Name = "dobavljaè"; Value = ""; VariantName = "[No Variations]"
Change component parameters (AddParameter): Name = "kataloški broj"; Value = ""; VariantName = "[No Variations]"
Change component parameters (AddParameter): Name = "opis komponente"; Value = "testpoint"; VariantName = "[No Variations]"
Change component parameters (AddParameter): Name = "Value"; Value = "."; VariantName = "[No Variations]"
Change component parameters (AddParameter): Name = "cijena (funte)"; Value = ""; VariantName = "[No Variations]"
Change component parameters (AddParameter): Name = "dobavljaè"; Value = ""; VariantName = "[No Variations]"
Change component parameters (AddParameter): Name = "kataloški broj"; Value = ""; VariantName = "[No Variations]"
Change component parameters (AddParameter): Name = "opis komponente"; Value = "testpoint"; VariantName = "[No Variations]"
Change component parameters (AddParameter): Name = "Value"; Value = "."; VariantName = "[No Variations]"
Change component parameters. Clean all parameters for all variants
Change component parameters (AddParameter): Name = "cijena (funte)"; Value = ""; VariantName = "[No Variations]"
Change component parameters (AddParameter): Name = "dobavljaè"; Value = ""; VariantName = "[No Variations]"
Change component parameters (AddParameter): Name = "kataloški broj"; Value = ""; VariantName = "[No Variations]"
Change component parameters (AddParameter): Name = "opis komponente"; Value = "testpoint"; VariantName = "[No Variations]"
Change component parameters (AddParameter): Name = "Value"; Value = "."; VariantName = "[No Variations]"
Change component parameters (AddParameter): Name = "cijena (funte)"; Value = ""; VariantName = "[No Variations]"
Change component parameters (AddParameter): Name = "dobavljaè"; Value = ""; VariantName = "[No Variations]"
Change component parameters (AddParameter): Name = "kataloški broj"; Value = ""; VariantName = "[No Variations]"
Change component parameters (AddParameter): Name = "opis komponente"; Value = "testpoint"; VariantName = "[No Variations]"
Change component parameters (AddParameter): Name = "Value"; Value = "."; VariantName = "[No Variations]"
Change component parameters. Clean all parameters for all variants
Change component parameters (AddParameter): Name = "cijena (funte)"; Value = ""; VariantName = "[No Variations]"
Change component parameters (AddParameter): Name = "dobavljaè"; Value = ""; VariantName = "[No Variations]"
Change component parameters (AddParameter): Name = "kataloški broj"; Value = ""; VariantName = "[No Variations]"
Change component parameters (AddParameter): Name = "opis komponente"; Value = "testpoint"; VariantName = "[No Variations]"
Change component parameters (AddParameter): Name = "Value"; Value = "."; VariantName = "[No Variations]"
Change component parameters (AddParameter): Name = "cijena (funte)"; Value = ""; VariantName = "[No Variations]"
Change component parameters (AddParameter): Name = "dobavljaè"; Value = ""; VariantName = "[No Variations]"
Change component parameters (AddParameter): Name = "kataloški broj"; Value = ""; VariantName = "[No Variations]"
Change component parameters (AddParameter): Name = "opis komponente"; Value = "testpoint"; VariantName = "[No Variations]"
Change component parameters (AddParameter): Name = "Value"; Value = "."; VariantName = "[No Variations]"
Change component parameters. Clean all parameters for all variants
Change component parameters (AddParameter): Name = "cijena (funte)"; Value = ""; VariantName = "[No Variations]"
Change component parameters (AddParameter): Name = "dobavljaè"; Value = ""; VariantName = "[No Variations]"
Change component parameters (AddParameter): Name = "kataloški broj"; Value = ""; VariantName = "[No Variations]"
Change component parameters (AddParameter): Name = "opis komponente"; Value = "testpoint"; VariantName = "[No Variations]"
Change component parameters (AddParameter): Name = "Value"; Value = "."; VariantName = "[No Variations]"
Change component parameters (AddParameter): Name = "cijena (funte)"; Value = ""; VariantName = "[No Variations]"
Change component parameters (AddParameter): Name = "dobavljaè"; Value = ""; VariantName = "[No Variations]"
Change component parameters (AddParameter): Name = "kataloški broj"; Value = ""; VariantName = "[No Variations]"
Change component parameters (AddParameter): Name = "opis komponente"; Value = "testpoint"; VariantName = "[No Variations]"
Change component parameters (AddParameter): Name = "Value"; Value = "."; VariantName = "[No Variations]"
Change component parameters. Clean all parameters for all variants
Change component parameters (AddParameter): Name = "cijena (funte)"; Value = ""; VariantName = "[No Variations]"
Change component parameters (AddParameter): Name = "dobavljaè"; Value = ""; VariantName = "[No Variations]"
Change component parameters (AddParameter): Name = "kataloški broj"; Value = ""; VariantName = "[No Variations]"
Change component parameters (AddParameter): Name = "opis komponente"; Value = "testpoint"; VariantName = "[No Variations]"
Change component parameters (AddParameter): Name = "Value"; Value = "."; VariantName = "[No Variations]"
Change component parameters (AddParameter): Name = "cijena (funte)"; Value = ""; VariantName = "[No Variations]"
Change component parameters (AddParameter): Name = "dobavljaè"; Value = ""; VariantName = "[No Variations]"
Change component parameters (AddParameter): Name = "kataloški broj"; Value = ""; VariantName = "[No Variations]"
Change component parameters (AddParameter): Name = "opis komponente"; Value = "testpoint"; VariantName = "[No Variations]"
Change component parameters (AddParameter): Name = "Value"; Value = "."; VariantName = "[No Variations]"
Change component parameters. Clean all parameters for all variants
Change component parameters (AddParameter): Name = "cijena (funte)"; Value = ""; VariantName = "[No Variations]"
Change component parameters (AddParameter): Name = "dobavljaè"; Value = ""; VariantName = "[No Variations]"
Change component parameters (AddParameter): Name = "kataloški broj"; Value = ""; VariantName = "[No Variations]"
Change component parameters (AddParameter): Name = "opis komponente"; Value = "testpoint"; VariantName = "[No Variations]"
Change component parameters (AddParameter): Name = "Value"; Value = "."; VariantName = "[No Variations]"
Change component parameters (AddParameter): Name = "cijena (funte)"; Value = "0.061"; VariantName = "[No Variations]"
Change component parameters (AddParameter): Name = "dobavljaè"; Value = "Farnell"; VariantName = "[No Variations]"
Change component parameters (AddParameter): Name = "kataloški broj"; Value = "1515663"; VariantName = "[No Variations]"
Change component parameters (AddParameter): Name = "opis komponente"; Value = "ferrite bead"; VariantName = "[No Variations]"
Change component parameters (AddParameter): Name = "Value"; Value = ""; VariantName = "[No Variations]"
Change component parameters. Clean all parameters for all variants
Change component parameters (AddParameter): Name = "cijena (funte)"; Value = "0.061"; VariantName = "[No Variations]"
Change component parameters (AddParameter): Name = "dobavljaè"; Value = "Farnell"; VariantName = "[No Variations]"
Change component parameters (AddParameter): Name = "kataloški broj"; Value = "1515663"; VariantName = "[No Variations]"
Change component parameters (AddParameter): Name = "opis komponente"; Value = "ferrite bead"; VariantName = "[No Variations]"
Change component parameters (AddParameter): Name = "Value"; Value = ""; VariantName = "[No Variations]"
Change component parameters (AddParameter): Name = "cijena (funte)"; Value = "0.0057"; VariantName = "[No Variations]"
Change component parameters (AddParameter): Name = "dobavljaè"; Value = "Farnell"; VariantName = "[No Variations]"
Change component parameters (AddParameter): Name = "kataloški broj"; Value = "2447596"; VariantName = "[No Variations]"
Change component parameters (AddParameter): Name = "opis komponente"; Value = "Resistor 1M"; VariantName = "[No Variations]"
Change component parameters (AddParameter): Name = "Value"; Value = "1M"; VariantName = "[No Variations]"
Change component parameters. Clean all parameters for all variants
Change component parameters (AddParameter): Name = "cijena (funte)"; Value = "0.0057"; VariantName = "[No Variations]"
Change component parameters (AddParameter): Name = "dobavljaè"; Value = "Farnell"; VariantName = "[No Variations]"
Change component parameters (AddParameter): Name = "kataloški broj"; Value = "2447596"; VariantName = "[No Variations]"
Change component parameters (AddParameter): Name = "opis komponente"; Value = "Resistor 1M"; VariantName = "[No Variations]"
Change component parameters (AddParameter): Name = "Value"; Value = "1M"; VariantName = "[No Variations]"
Change component parameters (AddParameter): Name = "cijena (funte)"; Value = "0.0057"; VariantName = "[No Variations]"
Change component parameters (AddParameter): Name = "dobavljaè"; Value = "FArnell"; VariantName = "[No Variations]"
Change component parameters (AddParameter): Name = "kataloški broj"; Value = "2447596"; VariantName = "[No Variations]"
Change component parameters (AddParameter): Name = "opis komponente"; Value = "Resistor 1M"; VariantName = "[No Variations]"
Change component parameters (AddParameter): Name = "Value"; Value = "1M"; VariantName = "[No Variations]"
Change component parameters. Clean all parameters for all variants
Change component parameters (AddParameter): Name = "cijena (funte)"; Value = "0.0057"; VariantName = "[No Variations]"
Change component parameters (AddParameter): Name = "dobavljaè"; Value = "FArnell"; VariantName = "[No Variations]"
Change component parameters (AddParameter): Name = "kataloški broj"; Value = "2447596"; VariantName = "[No Variations]"
Change component parameters (AddParameter): Name = "opis komponente"; Value = "Resistor 1M"; VariantName = "[No Variations]"
Change component parameters (AddParameter): Name = "Value"; Value = "1M"; VariantName = "[No Variations]"
Add component (AddParameter): Name = "cijena (funte)"; Value = "-"; VariantName = "[No Variations]"
Add component (AddParameter): Name = "dobavljaè"; Value = "Farnell"; VariantName = "[No Variations]"
Add component (AddParameter): Name = "kataloški broj"; Value = "2320931"; VariantName = "[No Variations]"
Add component (AddParameter): Name = "opis komponente"; Value = "Capacitor"; VariantName = "[No Variations]"
Add component (AddParameter): Name = "Value"; Value = "10 uF"; VariantName = "[No Variations]"
Added Component: Designator=C33(C0805)
Add component. Clean all parameters for all variants
Add component (AddParameter): Name = "cijena (funte)"; Value = "-"; VariantName = "[No Variations]"
Add component (AddParameter): Name = "dobavljaè"; Value = "Farnell"; VariantName = "[No Variations]"
Add component (AddParameter): Name = "kataloški broj"; Value = "2320931"; VariantName = "[No Variations]"
Add component (AddParameter): Name = "opis komponente"; Value = "Capacitor"; VariantName = "[No Variations]"
Add component (AddParameter): Name = "Value"; Value = "10 uF"; VariantName = "[No Variations]"
Add component (AddParameter): Name = "cijena (funte)"; Value = "-"; VariantName = "[No Variations]"
Add component (AddParameter): Name = "dobavljaè"; Value = "Farnell"; VariantName = "[No Variations]"
Add component (AddParameter): Name = "kataloški broj"; Value = "2320931"; VariantName = "[No Variations]"
Add component (AddParameter): Name = "opis komponente"; Value = "Capacitor 100nF"; VariantName = "[No Variations]"
Add component (AddParameter): Name = "Value"; Value = "10uF"; VariantName = "[No Variations]"
Added Component: Designator=C34(C1210_L)
Add component. Clean all parameters for all variants
Add component (AddParameter): Name = "cijena (funte)"; Value = "-"; VariantName = "[No Variations]"
Add component (AddParameter): Name = "dobavljaè"; Value = "Farnell"; VariantName = "[No Variations]"
Add component (AddParameter): Name = "kataloški broj"; Value = "2320931"; VariantName = "[No Variations]"
Add component (AddParameter): Name = "opis komponente"; Value = "Capacitor 100nF"; VariantName = "[No Variations]"
Add component (AddParameter): Name = "Value"; Value = "10uF"; VariantName = "[No Variations]"
Add component (AddParameter): Name = "cijena (funte)"; Value = "0.182"; VariantName = "[No Variations]"
Add component (AddParameter): Name = "dobavljaè"; Value = "Farnell"; VariantName = "[No Variations]"
Add component (AddParameter): Name = "kataloški broj"; Value = "1856515"; VariantName = "[No Variations]"
Add component (AddParameter): Name = "opis komponente"; Value = "Capacitor 100nF"; VariantName = "[No Variations]"
Add component (AddParameter): Name = "Value"; Value = "100nF"; VariantName = "[No Variations]"
Added Component: Designator=C36(C0805)
Add component. Clean all parameters for all variants
Add component (AddParameter): Name = "cijena (funte)"; Value = "0.182"; VariantName = "[No Variations]"
Add component (AddParameter): Name = "dobavljaè"; Value = "Farnell"; VariantName = "[No Variations]"
Add component (AddParameter): Name = "kataloški broj"; Value = "1856515"; VariantName = "[No Variations]"
Add component (AddParameter): Name = "opis komponente"; Value = "Capacitor 100nF"; VariantName = "[No Variations]"
Add component (AddParameter): Name = "Value"; Value = "100nF"; VariantName = "[No Variations]"
Add component (AddParameter): Name = "cijena (funte)"; Value = "0.0713"; VariantName = "[No Variations]"
Add component (AddParameter): Name = "dobavljaè"; Value = "Farnell"; VariantName = "[No Variations]"
Add component (AddParameter): Name = "kataloški broj"; Value = "2627434"; VariantName = "[No Variations]"
Add component (AddParameter): Name = "opis komponente"; Value = "Capacitor 200pF"; VariantName = "[No Variations]"
Add component (AddParameter): Name = "Value"; Value = "200pF"; VariantName = "[No Variations]"
Added Component: Designator=C39(CAP_0603)
Add component. Clean all parameters for all variants
Add component (AddParameter): Name = "cijena (funte)"; Value = "0.0713"; VariantName = "[No Variations]"
Add component (AddParameter): Name = "dobavljaè"; Value = "Farnell"; VariantName = "[No Variations]"
Add component (AddParameter): Name = "kataloški broj"; Value = "2627434"; VariantName = "[No Variations]"
Add component (AddParameter): Name = "opis komponente"; Value = "Capacitor 200pF"; VariantName = "[No Variations]"
Add component (AddParameter): Name = "Value"; Value = "200pF"; VariantName = "[No Variations]"
Add component (AddParameter): Name = "cijena (funte)"; Value = "0.619"; VariantName = "[No Variations]"
Add component (AddParameter): Name = "dobavljaè"; Value = "Farnell"; VariantName = "[No Variations]"
Add component (AddParameter): Name = "kataloški broj"; Value = "9696032"; VariantName = "[No Variations]"
Add component (AddParameter): Name = "opis komponente"; Value = "Electrolytic Capacitor"; VariantName = "[No Variations]"
Add component (AddParameter): Name = "Value"; Value = "47uF"; VariantName = "[No Variations]"
Added Component: Designator=C109(SMD_CAP_RAD_8X10.2)
Add component. Clean all parameters for all variants
Add component (AddParameter): Name = "cijena (funte)"; Value = "0.619"; VariantName = "[No Variations]"
Add component (AddParameter): Name = "dobavljaè"; Value = "Farnell"; VariantName = "[No Variations]"
Add component (AddParameter): Name = "kataloški broj"; Value = "9696032"; VariantName = "[No Variations]"
Add component (AddParameter): Name = "opis komponente"; Value = "Electrolytic Capacitor"; VariantName = "[No Variations]"
Add component (AddParameter): Name = "Value"; Value = "47uF"; VariantName = "[No Variations]"
Add component (AddParameter): Name = "cijena (funte)"; Value = "0.395"; VariantName = "[No Variations]"
Add component (AddParameter): Name = "dobavljaè"; Value = "Farnell"; VariantName = "[No Variations]"
Add component (AddParameter): Name = "kataloški broj"; Value = "2616896"; VariantName = "[No Variations]"
Add component (AddParameter): Name = "opis komponente"; Value = "Inductor 33uH, 1.5A"; VariantName = "[No Variations]"
Add component (AddParameter): Name = "Value"; Value = "33uH"; VariantName = "[No Variations]"
Added Component: Designator=L2(0402-A)
Add component. Clean all parameters for all variants
Add component (AddParameter): Name = "cijena (funte)"; Value = "0.395"; VariantName = "[No Variations]"
Add component (AddParameter): Name = "dobavljaè"; Value = "Farnell"; VariantName = "[No Variations]"
Add component (AddParameter): Name = "kataloški broj"; Value = "2616896"; VariantName = "[No Variations]"
Add component (AddParameter): Name = "opis komponente"; Value = "Inductor 33uH, 1.5A"; VariantName = "[No Variations]"
Add component (AddParameter): Name = "Value"; Value = "33uH"; VariantName = "[No Variations]"
Add component (AddParameter): Name = "cijena (funte)"; Value = "0.0031"; VariantName = "[No Variations]"
Add component (AddParameter): Name = "dobavljaè"; Value = "Farnell"; VariantName = "[No Variations]"
Add component (AddParameter): Name = "kataloški broj"; Value = "2694710"; VariantName = "[No Variations]"
Add component (AddParameter): Name = "opis komponente"; Value = "Resistor 1K24"; VariantName = "[No Variations]"
Add component (AddParameter): Name = "Value"; Value = "1K24"; VariantName = "[No Variations]"
Added Component: Designator=R18(CAP_0603)
Add component. Clean all parameters for all variants
Add component (AddParameter): Name = "cijena (funte)"; Value = "0.0031"; VariantName = "[No Variations]"
Add component (AddParameter): Name = "dobavljaè"; Value = "Farnell"; VariantName = "[No Variations]"
Add component (AddParameter): Name = "kataloški broj"; Value = "2694710"; VariantName = "[No Variations]"
Add component (AddParameter): Name = "opis komponente"; Value = "Resistor 1K24"; VariantName = "[No Variations]"
Add component (AddParameter): Name = "Value"; Value = "1K24"; VariantName = "[No Variations]"
Add component (AddParameter): Name = "cijena (funte)"; Value = "0.426"; VariantName = "[No Variations]"
Add component (AddParameter): Name = "dobavljaè"; Value = "Farnell"; VariantName = "[No Variations]"
Add component (AddParameter): Name = "kataloški broj"; Value = "1292518"; VariantName = "[No Variations]"
Add component (AddParameter): Name = "opis komponente"; Value = "Through Hole Resistor 7W"; VariantName = "[No Variations]"
Add component (AddParameter): Name = "Value"; Value = "1"; VariantName = "[No Variations]"
Added Component: Designator=R25(F za 7W otpornik)
Add component. Clean all parameters for all variants
Add component (AddParameter): Name = "cijena (funte)"; Value = "0.426"; VariantName = "[No Variations]"
Add component (AddParameter): Name = "dobavljaè"; Value = "Farnell"; VariantName = "[No Variations]"
Add component (AddParameter): Name = "kataloški broj"; Value = "1292518"; VariantName = "[No Variations]"
Add component (AddParameter): Name = "opis komponente"; Value = "Through Hole Resistor 7W"; VariantName = "[No Variations]"
Add component (AddParameter): Name = "Value"; Value = "1"; VariantName = "[No Variations]"
Add component (AddParameter): Name = "cijena (funte)"; Value = "0.426"; VariantName = "[No Variations]"
Add component (AddParameter): Name = "dobavljaè"; Value = "Farnell"; VariantName = "[No Variations]"
Add component (AddParameter): Name = "kataloški broj"; Value = "1292518"; VariantName = "[No Variations]"
Add component (AddParameter): Name = "opis komponente"; Value = "Through Hole Resistor 7W"; VariantName = "[No Variations]"
Add component (AddParameter): Name = "Value"; Value = "1"; VariantName = "[No Variations]"
Added Component: Designator=R55(F za 7W otpornik)
Add component. Clean all parameters for all variants
Add component (AddParameter): Name = "cijena (funte)"; Value = "0.426"; VariantName = "[No Variations]"
Add component (AddParameter): Name = "dobavljaè"; Value = "Farnell"; VariantName = "[No Variations]"
Add component (AddParameter): Name = "kataloški broj"; Value = "1292518"; VariantName = "[No Variations]"
Add component (AddParameter): Name = "opis komponente"; Value = "Through Hole Resistor 7W"; VariantName = "[No Variations]"
Add component (AddParameter): Name = "Value"; Value = "1"; VariantName = "[No Variations]"
Add component (AddParameter): Name = "cijena (funte)"; Value = "0.426"; VariantName = "[No Variations]"
Add component (AddParameter): Name = "dobavljaè"; Value = "Farnell"; VariantName = "[No Variations]"
Add component (AddParameter): Name = "kataloški broj"; Value = "1292518"; VariantName = "[No Variations]"
Add component (AddParameter): Name = "opis komponente"; Value = "Through Hole Resistor 7W"; VariantName = "[No Variations]"
Add component (AddParameter): Name = "Value"; Value = "1"; VariantName = "[No Variations]"
Added Component: Designator=R59(F za 7W otpornik)
Add component. Clean all parameters for all variants
Add component (AddParameter): Name = "cijena (funte)"; Value = "0.426"; VariantName = "[No Variations]"
Add component (AddParameter): Name = "dobavljaè"; Value = "Farnell"; VariantName = "[No Variations]"
Add component (AddParameter): Name = "kataloški broj"; Value = "1292518"; VariantName = "[No Variations]"
Add component (AddParameter): Name = "opis komponente"; Value = "Through Hole Resistor 7W"; VariantName = "[No Variations]"
Add component (AddParameter): Name = "Value"; Value = "1"; VariantName = "[No Variations]"
Add component (AddParameter): Name = "cijena (funte)"; Value = "0.426"; VariantName = "[No Variations]"
Add component (AddParameter): Name = "dobavljaè"; Value = "Farnell"; VariantName = "[No Variations]"
Add component (AddParameter): Name = "kataloški broj"; Value = "1292518"; VariantName = "[No Variations]"
Add component (AddParameter): Name = "opis komponente"; Value = "Through Hole Resistor 7W"; VariantName = "[No Variations]"
Add component (AddParameter): Name = "Value"; Value = "1"; VariantName = "[No Variations]"
Added Component: Designator=R62(F za 7W otpornik)
Add component. Clean all parameters for all variants
Add component (AddParameter): Name = "cijena (funte)"; Value = "0.426"; VariantName = "[No Variations]"
Add component (AddParameter): Name = "dobavljaè"; Value = "Farnell"; VariantName = "[No Variations]"
Add component (AddParameter): Name = "kataloški broj"; Value = "1292518"; VariantName = "[No Variations]"
Add component (AddParameter): Name = "opis komponente"; Value = "Through Hole Resistor 7W"; VariantName = "[No Variations]"
Add component (AddParameter): Name = "Value"; Value = "1"; VariantName = "[No Variations]"
Add component (AddParameter): Name = "cijena (funte)"; Value = "0.006"; VariantName = "[No Variations]"
Add component (AddParameter): Name = "dobavljaè"; Value = "Farnell"; VariantName = "[No Variations]"
Add component (AddParameter): Name = "kataloški broj"; Value = "2447551"; VariantName = "[No Variations]"
Add component (AddParameter): Name = "opis komponente"; Value = "Resistor 100K"; VariantName = "[No Variations]"
Add component (AddParameter): Name = "Value"; Value = "100K"; VariantName = "[No Variations]"
Added Component: Designator=R78(C0805)
Add component. Clean all parameters for all variants
Add component (AddParameter): Name = "cijena (funte)"; Value = "0.006"; VariantName = "[No Variations]"
Add component (AddParameter): Name = "dobavljaè"; Value = "Farnell"; VariantName = "[No Variations]"
Add component (AddParameter): Name = "kataloški broj"; Value = "2447551"; VariantName = "[No Variations]"
Add component (AddParameter): Name = "opis komponente"; Value = "Resistor 100K"; VariantName = "[No Variations]"
Add component (AddParameter): Name = "Value"; Value = "100K"; VariantName = "[No Variations]"
Add component (AddParameter): Name = "cijena (funte)"; Value = "0.102"; VariantName = "[No Variations]"
Add component (AddParameter): Name = "dobavljaè"; Value = "Farnell"; VariantName = "[No Variations]"
Add component (AddParameter): Name = "kataloški broj"; Value = "2338036"; VariantName = "[No Variations]"
Add component (AddParameter): Name = "opis komponente"; Value = "resistor"; VariantName = "[No Variations]"
Add component (AddParameter): Name = "Value"; Value = "90K9"; VariantName = "[No Variations]"
Added Component: Designator=R79(C0805)
Add component. Clean all parameters for all variants
Add component (AddParameter): Name = "cijena (funte)"; Value = "0.102"; VariantName = "[No Variations]"
Add component (AddParameter): Name = "dobavljaè"; Value = "Farnell"; VariantName = "[No Variations]"
Add component (AddParameter): Name = "kataloški broj"; Value = "2338036"; VariantName = "[No Variations]"
Add component (AddParameter): Name = "opis komponente"; Value = "resistor"; VariantName = "[No Variations]"
Add component (AddParameter): Name = "Value"; Value = "90K9"; VariantName = "[No Variations]"
Add component (AddParameter): Name = "cijena (funte)"; Value = "0.237"; VariantName = "[No Variations]"
Add component (AddParameter): Name = "dobavljaè"; Value = "Farnell"; VariantName = "[No Variations]"
Add component (AddParameter): Name = "kataloški broj"; Value = "1577673"; VariantName = "[No Variations]"
Add component (AddParameter): Name = "opis komponente"; Value = "Resistor 10K"; VariantName = "[No Variations]"
Add component (AddParameter): Name = "Value"; Value = "10K"; VariantName = "[No Variations]"
Added Component: Designator=R80(C0805)
Add component. Clean all parameters for all variants
Add component (AddParameter): Name = "cijena (funte)"; Value = "0.237"; VariantName = "[No Variations]"
Add component (AddParameter): Name = "dobavljaè"; Value = "Farnell"; VariantName = "[No Variations]"
Add component (AddParameter): Name = "kataloški broj"; Value = "1577673"; VariantName = "[No Variations]"
Add component (AddParameter): Name = "opis komponente"; Value = "Resistor 10K"; VariantName = "[No Variations]"
Add component (AddParameter): Name = "Value"; Value = "10K"; VariantName = "[No Variations]"
Add component (AddParameter): Name = "cijena (funte)"; Value = "0.252"; VariantName = "[No Variations]"
Add component (AddParameter): Name = "dobavljaè"; Value = "Farnell"; VariantName = "[No Variations]"
Add component (AddParameter): Name = "kataloški broj"; Value = "1459064"; VariantName = "[No Variations]"
Add component (AddParameter): Name = "opis komponente"; Value = "Schottky Rectifier, 20 V, 1 A"; VariantName = "[No Variations]"
Add component (AddParameter): Name = "Value"; Value = ""; VariantName = "[No Variations]"
Added Component: Designator=V7(DO-214AC)
Add component. Clean all parameters for all variants
Add component (AddParameter): Name = "cijena (funte)"; Value = "0.252"; VariantName = "[No Variations]"
Add component (AddParameter): Name = "dobavljaè"; Value = "Farnell"; VariantName = "[No Variations]"
Add component (AddParameter): Name = "kataloški broj"; Value = "1459064"; VariantName = "[No Variations]"
Add component (AddParameter): Name = "opis komponente"; Value = "Schottky Rectifier, 20 V, 1 A"; VariantName = "[No Variations]"
Add component (AddParameter): Name = "Value"; Value = ""; VariantName = "[No Variations]"
Added Pin To Net: NetName=GND Pin=C33-1
Added Pin To Net: NetName=NetC33_2 Pin=C33-2
Added Pin To Net: NetName=GND Pin=C34-1
Added Pin To Net: NetName=BAT+ Pin=C34-2
Added Pin To Net: NetName=GND Pin=C36-1
Added Pin To Net: NetName=BAT+ Pin=C36-2
Added Pin To Net: NetName=GND Pin=C39-1
Added Pin To Net: NetName=12.5V Pin=C39-2
Added Pin To Net: NetName=BAT+ Pin=C109-1
Added Pin To Net: NetName=GND Pin=C109-2
Added Pin To Net: NetName=BAT+ Pin=L2-1
Added Pin To Net: NetName=NetD5_1 Pin=L2-2
Added Pin To Net: NetName=GND Pin=R18-1
Added Pin To Net: NetName=12.5V Pin=R18-2
Added Pin To Net: NetName=NetR25_1 Pin=R25-1
Added Pin To Net: NetName=US1 Pin=R25-2
Added Pin To Net: NetName=NetR55_1 Pin=R55-1
Added Pin To Net: NetName=US2 Pin=R55-2
Added Pin To Net: NetName=NetR59_1 Pin=R59-1
Added Pin To Net: NetName=US3 Pin=R59-2
Added Pin To Net: NetName=NetR62_1 Pin=R62-1
Added Pin To Net: NetName=UC4 Pin=R62-2
Added Pin To Net: NetName=BAT+ Pin=R78-1
Added Pin To Net: NetName=NetD5_4 Pin=R78-2
Added Pin To Net: NetName=12.5V Pin=R79-1
Added Pin To Net: NetName=NetC33_2 Pin=R79-2
Added Pin To Net: NetName=12.5V Pin=R80-1
Added Pin To Net: NetName=GND Pin=R80-2
Added Pin To Net: NetName=NetD5_1 Pin=V7-1
Added Pin To Net: NetName=NetC33_2 Pin=V7-2
Added Member To Class: ClassName=Integrirane_komponente Member=Component C33 10uF
Added Member To Class: ClassName=Integrirane_komponente Member=Component C34 10uF
Added Member To Class: ClassName=Integrirane_komponente Member=Component C36 100nF
Added Member To Class: ClassName=Integrirane_komponente Member=Component C39 200pF
Added Member To Class: ClassName=Integrirane_komponente Member=Component C109 47uF
Added Member To Class: ClassName=Integrirane_komponente Member=Component L2 Inductor
Added Member To Class: ClassName=Integrirane_komponente Member=Component R18 1K24
Added Member To Class: ClassName=SuperBC Member=Component R25 1
Added Member To Class: ClassName=SuperBC Member=Component R55 1
Added Member To Class: ClassName=SuperBC Member=Component R59 1
Added Member To Class: ClassName=SuperBC Member=Component R62 1
Added Member To Class: ClassName=Integrirane_komponente Member=Component R78 100K
Added Member To Class: ClassName=Integrirane_komponente Member=Component R79 90.9K
Added Member To Class: ClassName=Integrirane_komponente Member=Component R80 10K
Added Member To Class: ClassName=Integrirane_komponente Member=Component V7 Diode 1N4148
