Add component (AddParameter): Name = "cijena (funte)"; Value = "0.516"; VariantName = "[No Variations]"
Add component (AddParameter): Name = "dobavljaè"; Value = "Farnell"; VariantName = "[No Variations]"
Add component (AddParameter): Name = "kataloški broj"; Value = "2432144"; VariantName = "[No Variations]"
Add component (AddParameter): Name = "opis komponente"; Value = "temp_senzor"; VariantName = "[No Variations]"
Add component (AddParameter): Name = "Value"; Value = ""; VariantName = "[No Variations]"
Added Component: Designator=D7A(temp_senzor)
Add component. Clean all parameters for all variants
Add component (AddParameter): Name = "cijena (funte)"; Value = "0.516"; VariantName = "[No Variations]"
Add component (AddParameter): Name = "dobavljaè"; Value = "Farnell"; VariantName = "[No Variations]"
Add component (AddParameter): Name = "kataloški broj"; Value = "2432144"; VariantName = "[No Variations]"
Add component (AddParameter): Name = "opis komponente"; Value = "temp_senzor"; VariantName = "[No Variations]"
Add component (AddParameter): Name = "Value"; Value = ""; VariantName = "[No Variations]"
Add component (AddParameter): Name = "cijena (funte)"; Value = "0.516"; VariantName = "[No Variations]"
Add component (AddParameter): Name = "dobavljaè"; Value = "Farnell"; VariantName = "[No Variations]"
Add component (AddParameter): Name = "kataloški broj"; Value = "2432144"; VariantName = "[No Variations]"
Add component (AddParameter): Name = "opis komponente"; Value = "temp_senzor"; VariantName = "[No Variations]"
Add component (AddParameter): Name = "Value"; Value = ""; VariantName = "[No Variations]"
Added Component: Designator=D7B(temp_senzor_datasheet)
Add component. Clean all parameters for all variants
Add component (AddParameter): Name = "cijena (funte)"; Value = "0.516"; VariantName = "[No Variations]"
Add component (AddParameter): Name = "dobavljaè"; Value = "Farnell"; VariantName = "[No Variations]"
Add component (AddParameter): Name = "kataloški broj"; Value = "2432144"; VariantName = "[No Variations]"
Add component (AddParameter): Name = "opis komponente"; Value = "temp_senzor"; VariantName = "[No Variations]"
Add component (AddParameter): Name = "Value"; Value = ""; VariantName = "[No Variations]"
Added Pin To Net: NetName=VDDA Pin=D7A-1
Added Pin To Net: NetName=U_bat_temp Pin=D7A-2
Added Pin To Net: NetName=GND Pin=D7A-3
Added Pin To Net: NetName=VDDA Pin=D7B-1
Added Pin To Net: NetName=U_ok_temp Pin=D7B-2
Added Pin To Net: NetName=GND Pin=D7B-3
Added Member To Class: ClassName=Integrirane_komponente Member=Component D7A TEMP_SENZOR_BAT
Added Member To Class: ClassName=Integrirane_komponente Member=Component D7B TEMP_SENZOR_OK
