Add component (AddParameter): Name = "cijena (funte)"; Value = "0.241"; VariantName = "[No Variations]"
Add component (AddParameter): Name = "dobavljaè"; Value = "Farnell"; VariantName = "[No Variations]"
Add component (AddParameter): Name = "kataloški broj"; Value = "1828960"; VariantName = "[No Variations]"
Add component (AddParameter): Name = "opis komponente"; Value = "Capacitor"; VariantName = "[No Variations]"
Add component (AddParameter): Name = "Value"; Value = "100nF"; VariantName = "[No Variations]"
Added Component: Designator=C8(C1210_L)
Add component. Clean all parameters for all variants
Add component (AddParameter): Name = "cijena (funte)"; Value = "0.241"; VariantName = "[No Variations]"
Add component (AddParameter): Name = "dobavljaè"; Value = "Farnell"; VariantName = "[No Variations]"
Add component (AddParameter): Name = "kataloški broj"; Value = "1828960"; VariantName = "[No Variations]"
Add component (AddParameter): Name = "opis komponente"; Value = "Capacitor"; VariantName = "[No Variations]"
Add component (AddParameter): Name = "Value"; Value = "100nF"; VariantName = "[No Variations]"
Add component (AddParameter): Name = "cijena (funte)"; Value = "0.241"; VariantName = "[No Variations]"
Add component (AddParameter): Name = "dobavljaè"; Value = "Farnell"; VariantName = "[No Variations]"
Add component (AddParameter): Name = "kataloški broj"; Value = "1828960"; VariantName = "[No Variations]"
Add component (AddParameter): Name = "opis komponente"; Value = "Capacitor"; VariantName = "[No Variations]"
Add component (AddParameter): Name = "Value"; Value = "100nF"; VariantName = "[No Variations]"
Added Component: Designator=C9(C1210_L)
Add component. Clean all parameters for all variants
Add component (AddParameter): Name = "cijena (funte)"; Value = "0.241"; VariantName = "[No Variations]"
Add component (AddParameter): Name = "dobavljaè"; Value = "Farnell"; VariantName = "[No Variations]"
Add component (AddParameter): Name = "kataloški broj"; Value = "1828960"; VariantName = "[No Variations]"
Add component (AddParameter): Name = "opis komponente"; Value = "Capacitor"; VariantName = "[No Variations]"
Add component (AddParameter): Name = "Value"; Value = "100nF"; VariantName = "[No Variations]"
Add component (AddParameter): Name = "cijena (funte)"; Value = "0.241"; VariantName = "[No Variations]"
Add component (AddParameter): Name = "dobavljaè"; Value = "Farnell"; VariantName = "[No Variations]"
Add component (AddParameter): Name = "kataloški broj"; Value = "1828960"; VariantName = "[No Variations]"
Add component (AddParameter): Name = "opis komponente"; Value = "Capacitor"; VariantName = "[No Variations]"
Add component (AddParameter): Name = "Value"; Value = "100nF"; VariantName = "[No Variations]"
Added Component: Designator=C10(C1210_L)
Add component. Clean all parameters for all variants
Add component (AddParameter): Name = "cijena (funte)"; Value = "0.241"; VariantName = "[No Variations]"
Add component (AddParameter): Name = "dobavljaè"; Value = "Farnell"; VariantName = "[No Variations]"
Add component (AddParameter): Name = "kataloški broj"; Value = "1828960"; VariantName = "[No Variations]"
Add component (AddParameter): Name = "opis komponente"; Value = "Capacitor"; VariantName = "[No Variations]"
Add component (AddParameter): Name = "Value"; Value = "100nF"; VariantName = "[No Variations]"
Add component (AddParameter): Name = "cijena (funte)"; Value = "0.241"; VariantName = "[No Variations]"
Add component (AddParameter): Name = "dobavljaè"; Value = "Farnell"; VariantName = "[No Variations]"
Add component (AddParameter): Name = "kataloški broj"; Value = "1828960"; VariantName = "[No Variations]"
Add component (AddParameter): Name = "opis komponente"; Value = "Capacitor"; VariantName = "[No Variations]"
Add component (AddParameter): Name = "Value"; Value = "100nF"; VariantName = "[No Variations]"
Added Component: Designator=C11(C1210_L)
Add component. Clean all parameters for all variants
Add component (AddParameter): Name = "cijena (funte)"; Value = "0.241"; VariantName = "[No Variations]"
Add component (AddParameter): Name = "dobavljaè"; Value = "Farnell"; VariantName = "[No Variations]"
Add component (AddParameter): Name = "kataloški broj"; Value = "1828960"; VariantName = "[No Variations]"
Add component (AddParameter): Name = "opis komponente"; Value = "Capacitor"; VariantName = "[No Variations]"
Add component (AddParameter): Name = "Value"; Value = "100nF"; VariantName = "[No Variations]"
Add component (AddParameter): Name = "cijena (funte)"; Value = "0.141"; VariantName = "[No Variations]"
Add component (AddParameter): Name = "dobavljaè"; Value = "Farnell"; VariantName = "[No Variations]"
Add component (AddParameter): Name = "kataloški broj"; Value = "1856515"; VariantName = "[No Variations]"
Add component (AddParameter): Name = "opis komponente"; Value = "Capacitor 100nF"; VariantName = "[No Variations]"
Add component (AddParameter): Name = "Value"; Value = "100nF"; VariantName = "[No Variations]"
Added Component: Designator=C40(C0805)
Add component. Clean all parameters for all variants
Add component (AddParameter): Name = "cijena (funte)"; Value = "0.141"; VariantName = "[No Variations]"
Add component (AddParameter): Name = "dobavljaè"; Value = "Farnell"; VariantName = "[No Variations]"
Add component (AddParameter): Name = "kataloški broj"; Value = "1856515"; VariantName = "[No Variations]"
Add component (AddParameter): Name = "opis komponente"; Value = "Capacitor 100nF"; VariantName = "[No Variations]"
Add component (AddParameter): Name = "Value"; Value = "100nF"; VariantName = "[No Variations]"
Add component (AddParameter): Name = "cijena (funte)"; Value = "0.141"; VariantName = "[No Variations]"
Add component (AddParameter): Name = "dobavljaè"; Value = "Farnell"; VariantName = "[No Variations]"
Add component (AddParameter): Name = "kataloški broj"; Value = "1856515"; VariantName = "[No Variations]"
Add component (AddParameter): Name = "opis komponente"; Value = "Capacitor 100nF"; VariantName = "[No Variations]"
Add component (AddParameter): Name = "Value"; Value = "100nF"; VariantName = "[No Variations]"
Added Component: Designator=C41(C0805)
Add component. Clean all parameters for all variants
Add component (AddParameter): Name = "cijena (funte)"; Value = "0.141"; VariantName = "[No Variations]"
Add component (AddParameter): Name = "dobavljaè"; Value = "Farnell"; VariantName = "[No Variations]"
Add component (AddParameter): Name = "kataloški broj"; Value = "1856515"; VariantName = "[No Variations]"
Add component (AddParameter): Name = "opis komponente"; Value = "Capacitor 100nF"; VariantName = "[No Variations]"
Add component (AddParameter): Name = "Value"; Value = "100nF"; VariantName = "[No Variations]"
Add component (AddParameter): Name = "cijena (funte)"; Value = "2.95"; VariantName = "[No Variations]"
Add component (AddParameter): Name = "dobavljaè"; Value = "Farnell"; VariantName = "[No Variations]"
Add component (AddParameter): Name = "kataloški broj"; Value = "2496201"; VariantName = "[No Variations]"
Add component (AddParameter): Name = "opis komponente"; Value = "pojaèalo"; VariantName = "[No Variations]"
Add component (AddParameter): Name = "Value"; Value = ""; VariantName = "[No Variations]"
Added Component: Designator=D2(F za pojacalo(2))
Add component. Clean all parameters for all variants
Add component (AddParameter): Name = "cijena (funte)"; Value = "2.95"; VariantName = "[No Variations]"
Add component (AddParameter): Name = "dobavljaè"; Value = "Farnell"; VariantName = "[No Variations]"
Add component (AddParameter): Name = "kataloški broj"; Value = "2496201"; VariantName = "[No Variations]"
Add component (AddParameter): Name = "opis komponente"; Value = "pojaèalo"; VariantName = "[No Variations]"
Add component (AddParameter): Name = "Value"; Value = ""; VariantName = "[No Variations]"
Add component (AddParameter): Name = "cijena (funte)"; Value = "0.006"; VariantName = "[No Variations]"
Add component (AddParameter): Name = "dobavljaè"; Value = "Farnell"; VariantName = "[No Variations]"
Add component (AddParameter): Name = "kataloški broj"; Value = "2447551"; VariantName = "[No Variations]"
Add component (AddParameter): Name = "opis komponente"; Value = "Resistor 100K"; VariantName = "[No Variations]"
Add component (AddParameter): Name = "Value"; Value = "100K"; VariantName = "[No Variations]"
Added Component: Designator=R19(C0805)
Add component. Clean all parameters for all variants
Add component (AddParameter): Name = "cijena (funte)"; Value = "0.006"; VariantName = "[No Variations]"
Add component (AddParameter): Name = "dobavljaè"; Value = "Farnell"; VariantName = "[No Variations]"
Add component (AddParameter): Name = "kataloški broj"; Value = "2447551"; VariantName = "[No Variations]"
Add component (AddParameter): Name = "opis komponente"; Value = "Resistor 100K"; VariantName = "[No Variations]"
Add component (AddParameter): Name = "Value"; Value = "100K"; VariantName = "[No Variations]"
Add component (AddParameter): Name = "cijena (funte)"; Value = "0.006"; VariantName = "[No Variations]"
Add component (AddParameter): Name = "dobavljaè"; Value = "Farnell"; VariantName = "[No Variations]"
Add component (AddParameter): Name = "kataloški broj"; Value = "2447551"; VariantName = "[No Variations]"
Add component (AddParameter): Name = "opis komponente"; Value = "Resistor 100K"; VariantName = "[No Variations]"
Add component (AddParameter): Name = "Value"; Value = "100K"; VariantName = "[No Variations]"
Added Component: Designator=R20(C0805)
Add component. Clean all parameters for all variants
Add component (AddParameter): Name = "cijena (funte)"; Value = "0.006"; VariantName = "[No Variations]"
Add component (AddParameter): Name = "dobavljaè"; Value = "Farnell"; VariantName = "[No Variations]"
Add component (AddParameter): Name = "kataloški broj"; Value = "2447551"; VariantName = "[No Variations]"
Add component (AddParameter): Name = "opis komponente"; Value = "Resistor 100K"; VariantName = "[No Variations]"
Add component (AddParameter): Name = "Value"; Value = "100K"; VariantName = "[No Variations]"
Add component (AddParameter): Name = "cijena (funte)"; Value = "0.006"; VariantName = "[No Variations]"
Add component (AddParameter): Name = "dobavljaè"; Value = "Farnell"; VariantName = "[No Variations]"
Add component (AddParameter): Name = "kataloški broj"; Value = "2447551"; VariantName = "[No Variations]"
Add component (AddParameter): Name = "opis komponente"; Value = "Resistor 100K"; VariantName = "[No Variations]"
Add component (AddParameter): Name = "Value"; Value = "100K"; VariantName = "[No Variations]"
Added Component: Designator=R21(C0805)
Add component. Clean all parameters for all variants
Add component (AddParameter): Name = "cijena (funte)"; Value = "0.006"; VariantName = "[No Variations]"
Add component (AddParameter): Name = "dobavljaè"; Value = "Farnell"; VariantName = "[No Variations]"
Add component (AddParameter): Name = "kataloški broj"; Value = "2447551"; VariantName = "[No Variations]"
Add component (AddParameter): Name = "opis komponente"; Value = "Resistor 100K"; VariantName = "[No Variations]"
Add component (AddParameter): Name = "Value"; Value = "100K"; VariantName = "[No Variations]"
Add component (AddParameter): Name = "cijena (funte)"; Value = "0.006"; VariantName = "[No Variations]"
Add component (AddParameter): Name = "dobavljaè"; Value = "Farnell"; VariantName = "[No Variations]"
Add component (AddParameter): Name = "kataloški broj"; Value = "2447551"; VariantName = "[No Variations]"
Add component (AddParameter): Name = "opis komponente"; Value = "Resistor 100K"; VariantName = "[No Variations]"
Add component (AddParameter): Name = "Value"; Value = "100K"; VariantName = "[No Variations]"
Added Component: Designator=R22(C0805)
Add component. Clean all parameters for all variants
Add component (AddParameter): Name = "cijena (funte)"; Value = "0.006"; VariantName = "[No Variations]"
Add component (AddParameter): Name = "dobavljaè"; Value = "Farnell"; VariantName = "[No Variations]"
Add component (AddParameter): Name = "kataloški broj"; Value = "2447551"; VariantName = "[No Variations]"
Add component (AddParameter): Name = "opis komponente"; Value = "Resistor 100K"; VariantName = "[No Variations]"
Add component (AddParameter): Name = "Value"; Value = "100K"; VariantName = "[No Variations]"
Added Pin To Net: NetName=GND Pin=C8-1
Added Pin To Net: NetName=B- Pin=C8-2
Added Pin To Net: NetName=GND Pin=C9-1
Added Pin To Net: NetName=B+ Pin=C9-2
Added Pin To Net: NetName=GND Pin=C10-1
Added Pin To Net: NetName=A+ Pin=C10-2
Added Pin To Net: NetName=GND Pin=C11-1
Added Pin To Net: NetName=A- Pin=C11-2
Added Pin To Net: NetName=GND Pin=C40-1
Added Pin To Net: NetName=3.3V Pin=C40-2
Added Pin To Net: NetName=GND Pin=C41-1
Added Pin To Net: NetName=V- Pin=C41-2
Added Pin To Net: NetName=NetD2_1 Pin=D2-1
Added Pin To Net: NetName=A- Pin=D2-2
Added Pin To Net: NetName=A+ Pin=D2-3
Added Pin To Net: NetName=V- Pin=D2-4
Added Pin To Net: NetName=B+ Pin=D2-5
Added Pin To Net: NetName=B- Pin=D2-6
Added Pin To Net: NetName=NetD2_7 Pin=D2-7
Added Pin To Net: NetName=3.3V Pin=D2-8
Added Pin To Net: NetName=UR16 Pin=D2-9
Added Pin To Net: NetName=1.65V Pin=D2-10
Added Pin To Net: NetName=3.3V Pin=D2-11
Added Pin To Net: NetName=1.65V Pin=D2-12
Added Pin To Net: NetName=UR8 Pin=D2-13
Added Pin To Net: NetName=3.3V Pin=D2-14
Added Pin To Net: NetName=NetD2_1 Pin=R19-1
Added Pin To Net: NetName=1.65V Pin=R19-2
Added Pin To Net: NetName=UR8 Pin=R20-1
Added Pin To Net: NetName=NetD2_1 Pin=R20-2
Added Pin To Net: NetName=NetD2_7 Pin=R21-1
Added Pin To Net: NetName=1.65V Pin=R21-2
Added Pin To Net: NetName=UR16 Pin=R22-1
Added Pin To Net: NetName=NetD2_7 Pin=R22-2
Added Member To Class: ClassName=Integrirane_komponente Member=Component C8 0.1uF
Added Member To Class: ClassName=Integrirane_komponente Member=Component C9 0.1uF
Added Member To Class: ClassName=Integrirane_komponente Member=Component C10 0.1uF
Added Member To Class: ClassName=Integrirane_komponente Member=Component C11 0.1uF
Added Member To Class: ClassName=Integrirane_komponente Member=Component C40 100nF
Added Member To Class: ClassName=Integrirane_komponente Member=Component C41 100n
Added Member To Class: ClassName=Integrirane_komponente Member=Component D2 INA2331
Added Member To Class: ClassName=Integrirane_komponente Member=Component R19 100K
Added Member To Class: ClassName=Integrirane_komponente Member=Component R20 100K
Added Member To Class: ClassName=Integrirane_komponente Member=Component R21 100K
Added Member To Class: ClassName=Integrirane_komponente Member=Component R22 100K
