Add component (AddParameter): Name = "cijena (funte)"; Value = "0.0529"; VariantName = "[No Variations]"
Add component (AddParameter): Name = "dobavljaè"; Value = "Farnell"; VariantName = "[No Variations]"
Add component (AddParameter): Name = "kataloški broj"; Value = "1709948"; VariantName = "[No Variations]"
Add component (AddParameter): Name = "opis komponente"; Value = "Capacitor 0.01uF"; VariantName = "[No Variations]"
Add component (AddParameter): Name = "Value"; Value = "0.01uF"; VariantName = "[No Variations]"
Added Component: Designator=C12(CAP_0603)
Add component. Clean all parameters for all variants
Add component (AddParameter): Name = "cijena (funte)"; Value = "0.0529"; VariantName = "[No Variations]"
Add component (AddParameter): Name = "dobavljaè"; Value = "Farnell"; VariantName = "[No Variations]"
Add component (AddParameter): Name = "kataloški broj"; Value = "1709948"; VariantName = "[No Variations]"
Add component (AddParameter): Name = "opis komponente"; Value = "Capacitor 0.01uF"; VariantName = "[No Variations]"
Add component (AddParameter): Name = "Value"; Value = "0.01uF"; VariantName = "[No Variations]"
Add component (AddParameter): Name = "cijena (funte)"; Value = "0.0529"; VariantName = "[No Variations]"
Add component (AddParameter): Name = "dobavljaè"; Value = "Farnell"; VariantName = "[No Variations]"
Add component (AddParameter): Name = "kataloški broj"; Value = "1709948"; VariantName = "[No Variations]"
Add component (AddParameter): Name = "opis komponente"; Value = "Capacitor 0.01uF"; VariantName = "[No Variations]"
Add component (AddParameter): Name = "Value"; Value = "0.01uF"; VariantName = "[No Variations]"
Added Component: Designator=C13(CAP_0603)
Add component. Clean all parameters for all variants
Add component (AddParameter): Name = "cijena (funte)"; Value = "0.0529"; VariantName = "[No Variations]"
Add component (AddParameter): Name = "dobavljaè"; Value = "Farnell"; VariantName = "[No Variations]"
Add component (AddParameter): Name = "kataloški broj"; Value = "1709948"; VariantName = "[No Variations]"
Add component (AddParameter): Name = "opis komponente"; Value = "Capacitor 0.01uF"; VariantName = "[No Variations]"
Add component (AddParameter): Name = "Value"; Value = "0.01uF"; VariantName = "[No Variations]"
Added Pin To Net: NetName=GND Pin=C12-1
Added Pin To Net: NetName=U_bat_temp Pin=C12-2
Added Pin To Net: NetName=GND Pin=C13-1
Added Pin To Net: NetName=U_ok_temp Pin=C13-2
Added Member To Class: ClassName=Integrirane_komponente Member=Component C12 0.01uF
Added Member To Class: ClassName=Integrirane_komponente Member=Component C13 0.01uF
