Change Component Footprint: Designator=C49 Old Footprint=C1210_L New Footprint=C0805
Change component parameters (AddParameter): Name = "cijena (funte)"; Value = "0.141"; VariantName = "[No Variations]"
Change component parameters (AddParameter): Name = "dobavljaè"; Value = "Farnell"; VariantName = "[No Variations]"
Change component parameters (AddParameter): Name = "kataloški broj"; Value = "1856515"; VariantName = "[No Variations]"
Change component parameters (AddParameter): Name = "opis komponente"; Value = "Capacitor 100nF ceramic"; VariantName = "[No Variations]"
Change component parameters (AddParameter): Name = "Value"; Value = "100nF"; VariantName = "[No Variations]"
Change component parameters. Clean all parameters for all variants
Change component parameters (AddParameter): Name = "cijena (funte)"; Value = "0.141"; VariantName = "[No Variations]"
Change component parameters (AddParameter): Name = "dobavljaè"; Value = "Farnell"; VariantName = "[No Variations]"
Change component parameters (AddParameter): Name = "kataloški broj"; Value = "1856515"; VariantName = "[No Variations]"
Change component parameters (AddParameter): Name = "opis komponente"; Value = "Capacitor 100nF ceramic"; VariantName = "[No Variations]"
Change component parameters (AddParameter): Name = "Value"; Value = "100nF"; VariantName = "[No Variations]"
Change component parameters (AddParameter): Name = "cijena (funte)"; Value = "0.141"; VariantName = "[No Variations]"
Change component parameters (AddParameter): Name = "dobavljaè"; Value = "Farnell"; VariantName = "[No Variations]"
Change component parameters (AddParameter): Name = "kataloški broj"; Value = "1856515"; VariantName = "[No Variations]"
Change component parameters (AddParameter): Name = "opis komponente"; Value = "Capacitor 100nF ceramic"; VariantName = "[No Variations]"
Change component parameters (AddParameter): Name = "Value"; Value = "100nF"; VariantName = "[No Variations]"
Change component parameters. Clean all parameters for all variants
Change component parameters (AddParameter): Name = "cijena (funte)"; Value = "0.141"; VariantName = "[No Variations]"
Change component parameters (AddParameter): Name = "dobavljaè"; Value = "Farnell"; VariantName = "[No Variations]"
Change component parameters (AddParameter): Name = "kataloški broj"; Value = "1856515"; VariantName = "[No Variations]"
Change component parameters (AddParameter): Name = "opis komponente"; Value = "Capacitor 100nF ceramic"; VariantName = "[No Variations]"
Change component parameters (AddParameter): Name = "Value"; Value = "100nF"; VariantName = "[No Variations]"
Change component parameters (AddParameter): Name = "cijena (funte)"; Value = "0.141"; VariantName = "[No Variations]"
Change component parameters (AddParameter): Name = "dobavljaè"; Value = "Farnell"; VariantName = "[No Variations]"
Change component parameters (AddParameter): Name = "kataloški broj"; Value = "1856515"; VariantName = "[No Variations]"
Change component parameters (AddParameter): Name = "opis komponente"; Value = "Capacitor 100nF ceramic"; VariantName = "[No Variations]"
Change component parameters (AddParameter): Name = "Value"; Value = "100nF"; VariantName = "[No Variations]"
Change component parameters. Clean all parameters for all variants
Change component parameters (AddParameter): Name = "cijena (funte)"; Value = "0.141"; VariantName = "[No Variations]"
Change component parameters (AddParameter): Name = "dobavljaè"; Value = "Farnell"; VariantName = "[No Variations]"
Change component parameters (AddParameter): Name = "kataloški broj"; Value = "1856515"; VariantName = "[No Variations]"
Change component parameters (AddParameter): Name = "opis komponente"; Value = "Capacitor 100nF ceramic"; VariantName = "[No Variations]"
Change component parameters (AddParameter): Name = "Value"; Value = "100nF"; VariantName = "[No Variations]"
Change component parameters (AddParameter): Name = "cijena (funte)"; Value = "0.141"; VariantName = "[No Variations]"
Change component parameters (AddParameter): Name = "dobavljaè"; Value = "Farnell"; VariantName = "[No Variations]"
Change component parameters (AddParameter): Name = "kataloški broj"; Value = "1856515"; VariantName = "[No Variations]"
Change component parameters (AddParameter): Name = "opis komponente"; Value = "Capacitor 100nF ceramic"; VariantName = "[No Variations]"
Change component parameters (AddParameter): Name = "Value"; Value = "100nF"; VariantName = "[No Variations]"
Change component parameters. Clean all parameters for all variants
Change component parameters (AddParameter): Name = "cijena (funte)"; Value = "0.141"; VariantName = "[No Variations]"
Change component parameters (AddParameter): Name = "dobavljaè"; Value = "Farnell"; VariantName = "[No Variations]"
Change component parameters (AddParameter): Name = "kataloški broj"; Value = "1856515"; VariantName = "[No Variations]"
Change component parameters (AddParameter): Name = "opis komponente"; Value = "Capacitor 100nF ceramic"; VariantName = "[No Variations]"
Change component parameters (AddParameter): Name = "Value"; Value = "100nF"; VariantName = "[No Variations]"
Change component parameters (AddParameter): Name = "cijena (funte)"; Value = "0.141"; VariantName = "[No Variations]"
Change component parameters (AddParameter): Name = "dobavljaè"; Value = "Farnell"; VariantName = "[No Variations]"
Change component parameters (AddParameter): Name = "kataloški broj"; Value = "1856515"; VariantName = "[No Variations]"
Change component parameters (AddParameter): Name = "opis komponente"; Value = "Capacitor 100nF ceramic"; VariantName = "[No Variations]"
Change component parameters (AddParameter): Name = "Value"; Value = "100nF"; VariantName = "[No Variations]"
Change component parameters. Clean all parameters for all variants
Change component parameters (AddParameter): Name = "cijena (funte)"; Value = "0.141"; VariantName = "[No Variations]"
Change component parameters (AddParameter): Name = "dobavljaè"; Value = "Farnell"; VariantName = "[No Variations]"
Change component parameters (AddParameter): Name = "kataloški broj"; Value = "1856515"; VariantName = "[No Variations]"
Change component parameters (AddParameter): Name = "opis komponente"; Value = "Capacitor 100nF ceramic"; VariantName = "[No Variations]"
Change component parameters (AddParameter): Name = "Value"; Value = "100nF"; VariantName = "[No Variations]"
Change component parameters (AddParameter): Name = "cijena (funte)"; Value = ""; VariantName = "[No Variations]"
Change component parameters (AddParameter): Name = "dobavljaè"; Value = ""; VariantName = "[No Variations]"
Change component parameters (AddParameter): Name = "kataloški broj"; Value = "TP"; VariantName = "[No Variations]"
Change component parameters (AddParameter): Name = "opis komponente"; Value = "testpoint"; VariantName = "[No Variations]"
Change component parameters (AddParameter): Name = "Value"; Value = ""; VariantName = "[No Variations]"
Change component parameters. Clean all parameters for all variants
Change component parameters (AddParameter): Name = "cijena (funte)"; Value = ""; VariantName = "[No Variations]"
Change component parameters (AddParameter): Name = "dobavljaè"; Value = ""; VariantName = "[No Variations]"
Change component parameters (AddParameter): Name = "kataloški broj"; Value = "TP"; VariantName = "[No Variations]"
Change component parameters (AddParameter): Name = "opis komponente"; Value = "testpoint"; VariantName = "[No Variations]"
Change component parameters (AddParameter): Name = "Value"; Value = ""; VariantName = "[No Variations]"
Change component parameters (AddParameter): Name = "cijena (funte)"; Value = ""; VariantName = "[No Variations]"
Change component parameters (AddParameter): Name = "dobavljaè"; Value = ""; VariantName = "[No Variations]"
Change component parameters (AddParameter): Name = "kataloški broj"; Value = "TP"; VariantName = "[No Variations]"
Change component parameters (AddParameter): Name = "opis komponente"; Value = "testpoint"; VariantName = "[No Variations]"
Change component parameters (AddParameter): Name = "Value"; Value = ""; VariantName = "[No Variations]"
Change component parameters. Clean all parameters for all variants
Change component parameters (AddParameter): Name = "cijena (funte)"; Value = ""; VariantName = "[No Variations]"
Change component parameters (AddParameter): Name = "dobavljaè"; Value = ""; VariantName = "[No Variations]"
Change component parameters (AddParameter): Name = "kataloški broj"; Value = "TP"; VariantName = "[No Variations]"
Change component parameters (AddParameter): Name = "opis komponente"; Value = "testpoint"; VariantName = "[No Variations]"
Change component parameters (AddParameter): Name = "Value"; Value = ""; VariantName = "[No Variations]"
Change component parameters (AddParameter): Name = "cijena (funte)"; Value = ""; VariantName = "[No Variations]"
Change component parameters (AddParameter): Name = "dobavljaè"; Value = ""; VariantName = "[No Variations]"
Change component parameters (AddParameter): Name = "kataloški broj"; Value = "TP"; VariantName = "[No Variations]"
Change component parameters (AddParameter): Name = "opis komponente"; Value = "testpoint"; VariantName = "[No Variations]"
Change component parameters (AddParameter): Name = "Value"; Value = ""; VariantName = "[No Variations]"
Change component parameters. Clean all parameters for all variants
Change component parameters (AddParameter): Name = "cijena (funte)"; Value = ""; VariantName = "[No Variations]"
Change component parameters (AddParameter): Name = "dobavljaè"; Value = ""; VariantName = "[No Variations]"
Change component parameters (AddParameter): Name = "kataloški broj"; Value = "TP"; VariantName = "[No Variations]"
Change component parameters (AddParameter): Name = "opis komponente"; Value = "testpoint"; VariantName = "[No Variations]"
Change component parameters (AddParameter): Name = "Value"; Value = ""; VariantName = "[No Variations]"
Change component parameters (AddParameter): Name = "cijena (funte)"; Value = ""; VariantName = "[No Variations]"
Change component parameters (AddParameter): Name = "dobavljaè"; Value = ""; VariantName = "[No Variations]"
Change component parameters (AddParameter): Name = "kataloški broj"; Value = "TP"; VariantName = "[No Variations]"
Change component parameters (AddParameter): Name = "opis komponente"; Value = "testpoint"; VariantName = "[No Variations]"
Change component parameters (AddParameter): Name = "Value"; Value = ""; VariantName = "[No Variations]"
Change component parameters. Clean all parameters for all variants
Change component parameters (AddParameter): Name = "cijena (funte)"; Value = ""; VariantName = "[No Variations]"
Change component parameters (AddParameter): Name = "dobavljaè"; Value = ""; VariantName = "[No Variations]"
Change component parameters (AddParameter): Name = "kataloški broj"; Value = "TP"; VariantName = "[No Variations]"
Change component parameters (AddParameter): Name = "opis komponente"; Value = "testpoint"; VariantName = "[No Variations]"
Change component parameters (AddParameter): Name = "Value"; Value = ""; VariantName = "[No Variations]"
Change component parameters (AddParameter): Name = "cijena (funte)"; Value = ""; VariantName = "[No Variations]"
Change component parameters (AddParameter): Name = "dobavljaè"; Value = ""; VariantName = "[No Variations]"
Change component parameters (AddParameter): Name = "kataloški broj"; Value = "TP"; VariantName = "[No Variations]"
Change component parameters (AddParameter): Name = "opis komponente"; Value = "testpoint"; VariantName = "[No Variations]"
Change component parameters (AddParameter): Name = "Value"; Value = ""; VariantName = "[No Variations]"
Change component parameters. Clean all parameters for all variants
Change component parameters (AddParameter): Name = "cijena (funte)"; Value = ""; VariantName = "[No Variations]"
Change component parameters (AddParameter): Name = "dobavljaè"; Value = ""; VariantName = "[No Variations]"
Change component parameters (AddParameter): Name = "kataloški broj"; Value = "TP"; VariantName = "[No Variations]"
Change component parameters (AddParameter): Name = "opis komponente"; Value = "testpoint"; VariantName = "[No Variations]"
Change component parameters (AddParameter): Name = "Value"; Value = ""; VariantName = "[No Variations]"
Change component parameters (AddParameter): Name = "cijena (funte)"; Value = ""; VariantName = "[No Variations]"
Change component parameters (AddParameter): Name = "dobavljaè"; Value = ""; VariantName = "[No Variations]"
Change component parameters (AddParameter): Name = "kataloški broj"; Value = "TP"; VariantName = "[No Variations]"
Change component parameters (AddParameter): Name = "opis komponente"; Value = "testpoint"; VariantName = "[No Variations]"
Change component parameters (AddParameter): Name = "Value"; Value = ""; VariantName = "[No Variations]"
Change component parameters. Clean all parameters for all variants
Change component parameters (AddParameter): Name = "cijena (funte)"; Value = ""; VariantName = "[No Variations]"
Change component parameters (AddParameter): Name = "dobavljaè"; Value = ""; VariantName = "[No Variations]"
Change component parameters (AddParameter): Name = "kataloški broj"; Value = "TP"; VariantName = "[No Variations]"
Change component parameters (AddParameter): Name = "opis komponente"; Value = "testpoint"; VariantName = "[No Variations]"
Change component parameters (AddParameter): Name = "Value"; Value = ""; VariantName = "[No Variations]"
Change component parameters (AddParameter): Name = "cijena (funte)"; Value = ""; VariantName = "[No Variations]"
Change component parameters (AddParameter): Name = "dobavljaè"; Value = ""; VariantName = "[No Variations]"
Change component parameters (AddParameter): Name = "kataloški broj"; Value = "TP"; VariantName = "[No Variations]"
Change component parameters (AddParameter): Name = "opis komponente"; Value = "testpoint"; VariantName = "[No Variations]"
Change component parameters (AddParameter): Name = "Value"; Value = ""; VariantName = "[No Variations]"
Change component parameters. Clean all parameters for all variants
Change component parameters (AddParameter): Name = "cijena (funte)"; Value = ""; VariantName = "[No Variations]"
Change component parameters (AddParameter): Name = "dobavljaè"; Value = ""; VariantName = "[No Variations]"
Change component parameters (AddParameter): Name = "kataloški broj"; Value = "TP"; VariantName = "[No Variations]"
Change component parameters (AddParameter): Name = "opis komponente"; Value = "testpoint"; VariantName = "[No Variations]"
Change component parameters (AddParameter): Name = "Value"; Value = ""; VariantName = "[No Variations]"
Change component parameters (AddParameter): Name = "cijena (funte)"; Value = ""; VariantName = "[No Variations]"
Change component parameters (AddParameter): Name = "dobavljaè"; Value = ""; VariantName = "[No Variations]"
Change component parameters (AddParameter): Name = "kataloški broj"; Value = "TP"; VariantName = "[No Variations]"
Change component parameters (AddParameter): Name = "opis komponente"; Value = "testpoint"; VariantName = "[No Variations]"
Change component parameters (AddParameter): Name = "Value"; Value = ""; VariantName = "[No Variations]"
Change component parameters. Clean all parameters for all variants
Change component parameters (AddParameter): Name = "cijena (funte)"; Value = ""; VariantName = "[No Variations]"
Change component parameters (AddParameter): Name = "dobavljaè"; Value = ""; VariantName = "[No Variations]"
Change component parameters (AddParameter): Name = "kataloški broj"; Value = "TP"; VariantName = "[No Variations]"
Change component parameters (AddParameter): Name = "opis komponente"; Value = "testpoint"; VariantName = "[No Variations]"
Change component parameters (AddParameter): Name = "Value"; Value = ""; VariantName = "[No Variations]"
Change component parameters (AddParameter): Name = "cijena (funte)"; Value = ""; VariantName = "[No Variations]"
Change component parameters (AddParameter): Name = "dobavljaè"; Value = ""; VariantName = "[No Variations]"
Change component parameters (AddParameter): Name = "kataloški broj"; Value = "TP"; VariantName = "[No Variations]"
Change component parameters (AddParameter): Name = "opis komponente"; Value = "testpoint"; VariantName = "[No Variations]"
Change component parameters (AddParameter): Name = "Value"; Value = ""; VariantName = "[No Variations]"
Change component parameters. Clean all parameters for all variants
Change component parameters (AddParameter): Name = "cijena (funte)"; Value = ""; VariantName = "[No Variations]"
Change component parameters (AddParameter): Name = "dobavljaè"; Value = ""; VariantName = "[No Variations]"
Change component parameters (AddParameter): Name = "kataloški broj"; Value = "TP"; VariantName = "[No Variations]"
Change component parameters (AddParameter): Name = "opis komponente"; Value = "testpoint"; VariantName = "[No Variations]"
Change component parameters (AddParameter): Name = "Value"; Value = ""; VariantName = "[No Variations]"
Change component parameters (AddParameter): Name = "cijena (funte)"; Value = ""; VariantName = "[No Variations]"
Change component parameters (AddParameter): Name = "dobavljaè"; Value = ""; VariantName = "[No Variations]"
Change component parameters (AddParameter): Name = "kataloški broj"; Value = "TP"; VariantName = "[No Variations]"
Change component parameters (AddParameter): Name = "opis komponente"; Value = "testpoint"; VariantName = "[No Variations]"
Change component parameters (AddParameter): Name = "Value"; Value = ""; VariantName = "[No Variations]"
Change component parameters. Clean all parameters for all variants
Change component parameters (AddParameter): Name = "cijena (funte)"; Value = ""; VariantName = "[No Variations]"
Change component parameters (AddParameter): Name = "dobavljaè"; Value = ""; VariantName = "[No Variations]"
Change component parameters (AddParameter): Name = "kataloški broj"; Value = "TP"; VariantName = "[No Variations]"
Change component parameters (AddParameter): Name = "opis komponente"; Value = "testpoint"; VariantName = "[No Variations]"
Change component parameters (AddParameter): Name = "Value"; Value = ""; VariantName = "[No Variations]"
Change component parameters (AddParameter): Name = "cijena (funte)"; Value = ""; VariantName = "[No Variations]"
Change component parameters (AddParameter): Name = "dobavljaè"; Value = ""; VariantName = "[No Variations]"
Change component parameters (AddParameter): Name = "kataloški broj"; Value = "TP"; VariantName = "[No Variations]"
Change component parameters (AddParameter): Name = "opis komponente"; Value = "testpoint"; VariantName = "[No Variations]"
Change component parameters (AddParameter): Name = "Value"; Value = ""; VariantName = "[No Variations]"
Change component parameters. Clean all parameters for all variants
Change component parameters (AddParameter): Name = "cijena (funte)"; Value = ""; VariantName = "[No Variations]"
Change component parameters (AddParameter): Name = "dobavljaè"; Value = ""; VariantName = "[No Variations]"
Change component parameters (AddParameter): Name = "kataloški broj"; Value = "TP"; VariantName = "[No Variations]"
Change component parameters (AddParameter): Name = "opis komponente"; Value = "testpoint"; VariantName = "[No Variations]"
Change component parameters (AddParameter): Name = "Value"; Value = ""; VariantName = "[No Variations]"
Change component parameters (AddParameter): Name = "cijena (funte)"; Value = ""; VariantName = "[No Variations]"
Change component parameters (AddParameter): Name = "dobavljaè"; Value = ""; VariantName = "[No Variations]"
Change component parameters (AddParameter): Name = "kataloški broj"; Value = "TP"; VariantName = "[No Variations]"
Change component parameters (AddParameter): Name = "opis komponente"; Value = "testpoint"; VariantName = "[No Variations]"
Change component parameters (AddParameter): Name = "Value"; Value = ""; VariantName = "[No Variations]"
Change component parameters. Clean all parameters for all variants
Change component parameters (AddParameter): Name = "cijena (funte)"; Value = ""; VariantName = "[No Variations]"
Change component parameters (AddParameter): Name = "dobavljaè"; Value = ""; VariantName = "[No Variations]"
Change component parameters (AddParameter): Name = "kataloški broj"; Value = "TP"; VariantName = "[No Variations]"
Change component parameters (AddParameter): Name = "opis komponente"; Value = "testpoint"; VariantName = "[No Variations]"
Change component parameters (AddParameter): Name = "Value"; Value = ""; VariantName = "[No Variations]"
Change component parameters (AddParameter): Name = "cijena (funte)"; Value = ""; VariantName = "[No Variations]"
Change component parameters (AddParameter): Name = "dobavljaè"; Value = ""; VariantName = "[No Variations]"
Change component parameters (AddParameter): Name = "kataloški broj"; Value = "TP"; VariantName = "[No Variations]"
Change component parameters (AddParameter): Name = "opis komponente"; Value = "testpoint"; VariantName = "[No Variations]"
Change component parameters (AddParameter): Name = "Value"; Value = ""; VariantName = "[No Variations]"
Change component parameters. Clean all parameters for all variants
Change component parameters (AddParameter): Name = "cijena (funte)"; Value = ""; VariantName = "[No Variations]"
Change component parameters (AddParameter): Name = "dobavljaè"; Value = ""; VariantName = "[No Variations]"
Change component parameters (AddParameter): Name = "kataloški broj"; Value = "TP"; VariantName = "[No Variations]"
Change component parameters (AddParameter): Name = "opis komponente"; Value = "testpoint"; VariantName = "[No Variations]"
Change component parameters (AddParameter): Name = "Value"; Value = ""; VariantName = "[No Variations]"
Change component parameters (AddParameter): Name = "cijena (funte)"; Value = ""; VariantName = "[No Variations]"
Change component parameters (AddParameter): Name = "dobavljaè"; Value = ""; VariantName = "[No Variations]"
Change component parameters (AddParameter): Name = "kataloški broj"; Value = "TP"; VariantName = "[No Variations]"
Change component parameters (AddParameter): Name = "opis komponente"; Value = "testpoint"; VariantName = "[No Variations]"
Change component parameters (AddParameter): Name = "Value"; Value = ""; VariantName = "[No Variations]"
Change component parameters. Clean all parameters for all variants
Change component parameters (AddParameter): Name = "cijena (funte)"; Value = ""; VariantName = "[No Variations]"
Change component parameters (AddParameter): Name = "dobavljaè"; Value = ""; VariantName = "[No Variations]"
Change component parameters (AddParameter): Name = "kataloški broj"; Value = "TP"; VariantName = "[No Variations]"
Change component parameters (AddParameter): Name = "opis komponente"; Value = "testpoint"; VariantName = "[No Variations]"
Change component parameters (AddParameter): Name = "Value"; Value = ""; VariantName = "[No Variations]"
Change component parameters (AddParameter): Name = "cijena (funte)"; Value = ""; VariantName = "[No Variations]"
Change component parameters (AddParameter): Name = "dobavljaè"; Value = "Farnell"; VariantName = "[No Variations]"
Change component parameters (AddParameter): Name = "kataloški broj"; Value = "---"; VariantName = "[No Variations]"
Change component parameters (AddParameter): Name = "opis komponente"; Value = "N-MOSFET"; VariantName = "[No Variations]"
Change component parameters (AddParameter): Name = "Value"; Value = ""; VariantName = "[No Variations]"
Change component parameters. Clean all parameters for all variants
Change component parameters (AddParameter): Name = "cijena (funte)"; Value = ""; VariantName = "[No Variations]"
Change component parameters (AddParameter): Name = "dobavljaè"; Value = "Farnell"; VariantName = "[No Variations]"
Change component parameters (AddParameter): Name = "kataloški broj"; Value = "---"; VariantName = "[No Variations]"
Change component parameters (AddParameter): Name = "opis komponente"; Value = "N-MOSFET"; VariantName = "[No Variations]"
Change component parameters (AddParameter): Name = "Value"; Value = ""; VariantName = "[No Variations]"
Change component parameters (AddParameter): Name = "cijena (funte)"; Value = ""; VariantName = "[No Variations]"
Change component parameters (AddParameter): Name = "dobavljaè"; Value = "Farnell"; VariantName = "[No Variations]"
Change component parameters (AddParameter): Name = "kataloški broj"; Value = "---"; VariantName = "[No Variations]"
Change component parameters (AddParameter): Name = "opis komponente"; Value = "N-MOSFET"; VariantName = "[No Variations]"
Change component parameters (AddParameter): Name = "Value"; Value = ""; VariantName = "[No Variations]"
Change component parameters. Clean all parameters for all variants
Change component parameters (AddParameter): Name = "cijena (funte)"; Value = ""; VariantName = "[No Variations]"
Change component parameters (AddParameter): Name = "dobavljaè"; Value = "Farnell"; VariantName = "[No Variations]"
Change component parameters (AddParameter): Name = "kataloški broj"; Value = "---"; VariantName = "[No Variations]"
Change component parameters (AddParameter): Name = "opis komponente"; Value = "N-MOSFET"; VariantName = "[No Variations]"
Change component parameters (AddParameter): Name = "Value"; Value = ""; VariantName = "[No Variations]"
Change component parameters (AddParameter): Name = "cijena (funte)"; Value = ""; VariantName = "[No Variations]"
Change component parameters (AddParameter): Name = "dobavljaè"; Value = "Farnell"; VariantName = "[No Variations]"
Change component parameters (AddParameter): Name = "kataloški broj"; Value = "---"; VariantName = "[No Variations]"
Change component parameters (AddParameter): Name = "opis komponente"; Value = "N-MOSFET"; VariantName = "[No Variations]"
Change component parameters (AddParameter): Name = "Value"; Value = ""; VariantName = "[No Variations]"
Change component parameters. Clean all parameters for all variants
Change component parameters (AddParameter): Name = "cijena (funte)"; Value = ""; VariantName = "[No Variations]"
Change component parameters (AddParameter): Name = "dobavljaè"; Value = "Farnell"; VariantName = "[No Variations]"
Change component parameters (AddParameter): Name = "kataloški broj"; Value = "---"; VariantName = "[No Variations]"
Change component parameters (AddParameter): Name = "opis komponente"; Value = "N-MOSFET"; VariantName = "[No Variations]"
Change component parameters (AddParameter): Name = "Value"; Value = ""; VariantName = "[No Variations]"
Change component parameters (AddParameter): Name = "cijena (funte)"; Value = ""; VariantName = "[No Variations]"
Change component parameters (AddParameter): Name = "dobavljaè"; Value = "Farnell"; VariantName = "[No Variations]"
Change component parameters (AddParameter): Name = "kataloški broj"; Value = "---"; VariantName = "[No Variations]"
Change component parameters (AddParameter): Name = "opis komponente"; Value = "N-MOSFET"; VariantName = "[No Variations]"
Change component parameters (AddParameter): Name = "Value"; Value = ""; VariantName = "[No Variations]"
Change component parameters. Clean all parameters for all variants
Change component parameters (AddParameter): Name = "cijena (funte)"; Value = ""; VariantName = "[No Variations]"
Change component parameters (AddParameter): Name = "dobavljaè"; Value = "Farnell"; VariantName = "[No Variations]"
Change component parameters (AddParameter): Name = "kataloški broj"; Value = "---"; VariantName = "[No Variations]"
Change component parameters (AddParameter): Name = "opis komponente"; Value = "N-MOSFET"; VariantName = "[No Variations]"
Change component parameters (AddParameter): Name = "Value"; Value = ""; VariantName = "[No Variations]"
Change component parameters (AddParameter): Name = "cijena (funte)"; Value = ""; VariantName = "[No Variations]"
Change component parameters (AddParameter): Name = "dobavljaè"; Value = "Farnell"; VariantName = "[No Variations]"
Change component parameters (AddParameter): Name = "kataloški broj"; Value = "---"; VariantName = "[No Variations]"
Change component parameters (AddParameter): Name = "opis komponente"; Value = "N-MOSFET"; VariantName = "[No Variations]"
Change component parameters (AddParameter): Name = "Value"; Value = ""; VariantName = "[No Variations]"
Change component parameters. Clean all parameters for all variants
Change component parameters (AddParameter): Name = "cijena (funte)"; Value = ""; VariantName = "[No Variations]"
Change component parameters (AddParameter): Name = "dobavljaè"; Value = "Farnell"; VariantName = "[No Variations]"
Change component parameters (AddParameter): Name = "kataloški broj"; Value = "---"; VariantName = "[No Variations]"
Change component parameters (AddParameter): Name = "opis komponente"; Value = "N-MOSFET"; VariantName = "[No Variations]"
Change component parameters (AddParameter): Name = "Value"; Value = ""; VariantName = "[No Variations]"
Change component parameters (AddParameter): Name = "cijena (funte)"; Value = ""; VariantName = "[No Variations]"
Change component parameters (AddParameter): Name = "dobavljaè"; Value = "Farnell"; VariantName = "[No Variations]"
Change component parameters (AddParameter): Name = "kataloški broj"; Value = "---"; VariantName = "[No Variations]"
Change component parameters (AddParameter): Name = "opis komponente"; Value = "N-MOSFET"; VariantName = "[No Variations]"
Change component parameters (AddParameter): Name = "Value"; Value = ""; VariantName = "[No Variations]"
Change component parameters. Clean all parameters for all variants
Change component parameters (AddParameter): Name = "cijena (funte)"; Value = ""; VariantName = "[No Variations]"
Change component parameters (AddParameter): Name = "dobavljaè"; Value = "Farnell"; VariantName = "[No Variations]"
Change component parameters (AddParameter): Name = "kataloški broj"; Value = "---"; VariantName = "[No Variations]"
Change component parameters (AddParameter): Name = "opis komponente"; Value = "N-MOSFET"; VariantName = "[No Variations]"
Change component parameters (AddParameter): Name = "Value"; Value = ""; VariantName = "[No Variations]"
Change component parameters (AddParameter): Name = "cijena (funte)"; Value = ""; VariantName = "[No Variations]"
Change component parameters (AddParameter): Name = "dobavljaè"; Value = "Farnell"; VariantName = "[No Variations]"
Change component parameters (AddParameter): Name = "kataloški broj"; Value = "---"; VariantName = "[No Variations]"
Change component parameters (AddParameter): Name = "opis komponente"; Value = "N-MOSFET"; VariantName = "[No Variations]"
Change component parameters (AddParameter): Name = "Value"; Value = ""; VariantName = "[No Variations]"
Change component parameters. Clean all parameters for all variants
Change component parameters (AddParameter): Name = "cijena (funte)"; Value = ""; VariantName = "[No Variations]"
Change component parameters (AddParameter): Name = "dobavljaè"; Value = "Farnell"; VariantName = "[No Variations]"
Change component parameters (AddParameter): Name = "kataloški broj"; Value = "---"; VariantName = "[No Variations]"
Change component parameters (AddParameter): Name = "opis komponente"; Value = "N-MOSFET"; VariantName = "[No Variations]"
Change component parameters (AddParameter): Name = "Value"; Value = ""; VariantName = "[No Variations]"
Change component parameters (AddParameter): Name = "cijena (funte)"; Value = ""; VariantName = "[No Variations]"
Change component parameters (AddParameter): Name = "dobavljaè"; Value = "Farnell"; VariantName = "[No Variations]"
Change component parameters (AddParameter): Name = "kataloški broj"; Value = "---"; VariantName = "[No Variations]"
Change component parameters (AddParameter): Name = "opis komponente"; Value = "N-MOSFET"; VariantName = "[No Variations]"
Change component parameters (AddParameter): Name = "Value"; Value = ""; VariantName = "[No Variations]"
Change component parameters. Clean all parameters for all variants
Change component parameters (AddParameter): Name = "cijena (funte)"; Value = ""; VariantName = "[No Variations]"
Change component parameters (AddParameter): Name = "dobavljaè"; Value = "Farnell"; VariantName = "[No Variations]"
Change component parameters (AddParameter): Name = "kataloški broj"; Value = "---"; VariantName = "[No Variations]"
Change component parameters (AddParameter): Name = "opis komponente"; Value = "N-MOSFET"; VariantName = "[No Variations]"
Change component parameters (AddParameter): Name = "Value"; Value = ""; VariantName = "[No Variations]"
Change component parameters (AddParameter): Name = "cijena (funte)"; Value = "-"; VariantName = "[No Variations]"
Change component parameters (AddParameter): Name = "dobavljaè"; Value = "Farnell"; VariantName = "[No Variations]"
Change component parameters (AddParameter): Name = "kataloški broj"; Value = "2320931"; VariantName = "[No Variations]"
Change component parameters (AddParameter): Name = "opis komponente"; Value = "Capacitor 10uF"; VariantName = "[No Variations]"
Change component parameters (AddParameter): Name = "Value"; Value = "10uF"; VariantName = "[No Variations]"
Change component parameters. Clean all parameters for all variants
Change component parameters (AddParameter): Name = "cijena (funte)"; Value = "-"; VariantName = "[No Variations]"
Change component parameters (AddParameter): Name = "dobavljaè"; Value = "Farnell"; VariantName = "[No Variations]"
Change component parameters (AddParameter): Name = "kataloški broj"; Value = "2320931"; VariantName = "[No Variations]"
Change component parameters (AddParameter): Name = "opis komponente"; Value = "Capacitor 10uF"; VariantName = "[No Variations]"
Change component parameters (AddParameter): Name = "Value"; Value = "10uF"; VariantName = "[No Variations]"
Change component parameters (AddParameter): Name = "cijena (funte)"; Value = "-"; VariantName = "[No Variations]"
Change component parameters (AddParameter): Name = "dobavljaè"; Value = "Farnell"; VariantName = "[No Variations]"
Change component parameters (AddParameter): Name = "kataloški broj"; Value = "2320931"; VariantName = "[No Variations]"
Change component parameters (AddParameter): Name = "opis komponente"; Value = "Capacitor 10uF"; VariantName = "[No Variations]"
Change component parameters (AddParameter): Name = "Value"; Value = "10 uF"; VariantName = "[No Variations]"
Change component parameters. Clean all parameters for all variants
Change component parameters (AddParameter): Name = "cijena (funte)"; Value = "-"; VariantName = "[No Variations]"
Change component parameters (AddParameter): Name = "dobavljaè"; Value = "Farnell"; VariantName = "[No Variations]"
Change component parameters (AddParameter): Name = "kataloški broj"; Value = "2320931"; VariantName = "[No Variations]"
Change component parameters (AddParameter): Name = "opis komponente"; Value = "Capacitor 10uF"; VariantName = "[No Variations]"
Change component parameters (AddParameter): Name = "Value"; Value = "10 uF"; VariantName = "[No Variations]"
Change component parameters (AddParameter): Name = "cijena (funte)"; Value = "-"; VariantName = "[No Variations]"
Change component parameters (AddParameter): Name = "dobavljaè"; Value = "Farnell"; VariantName = "[No Variations]"
Change component parameters (AddParameter): Name = "kataloški broj"; Value = "2320931"; VariantName = "[No Variations]"
Change component parameters (AddParameter): Name = "opis komponente"; Value = "Capacitor 10uF"; VariantName = "[No Variations]"
Change component parameters (AddParameter): Name = "Value"; Value = "10uF"; VariantName = "[No Variations]"
Change component parameters. Clean all parameters for all variants
Change component parameters (AddParameter): Name = "cijena (funte)"; Value = "-"; VariantName = "[No Variations]"
Change component parameters (AddParameter): Name = "dobavljaè"; Value = "Farnell"; VariantName = "[No Variations]"
Change component parameters (AddParameter): Name = "kataloški broj"; Value = "2320931"; VariantName = "[No Variations]"
Change component parameters (AddParameter): Name = "opis komponente"; Value = "Capacitor 10uF"; VariantName = "[No Variations]"
Change component parameters (AddParameter): Name = "Value"; Value = "10uF"; VariantName = "[No Variations]"
Change component parameters (AddParameter): Name = "cijena (funte)"; Value = ""; VariantName = "[No Variations]"
Change component parameters (AddParameter): Name = "dobavljaè"; Value = ""; VariantName = "[No Variations]"
Change component parameters (AddParameter): Name = "kataloški broj"; Value = "****"; VariantName = "[No Variations]"
Change component parameters (AddParameter): Name = "opis komponente"; Value = "transformator"; VariantName = "[No Variations]"
Change component parameters (AddParameter): Name = "Value"; Value = ""; VariantName = "[No Variations]"
Change component parameters. Clean all parameters for all variants
Change component parameters (AddParameter): Name = "cijena (funte)"; Value = ""; VariantName = "[No Variations]"
Change component parameters (AddParameter): Name = "dobavljaè"; Value = ""; VariantName = "[No Variations]"
Change component parameters (AddParameter): Name = "kataloški broj"; Value = "****"; VariantName = "[No Variations]"
Change component parameters (AddParameter): Name = "opis komponente"; Value = "transformator"; VariantName = "[No Variations]"
Change component parameters (AddParameter): Name = "Value"; Value = ""; VariantName = "[No Variations]"
Change component parameters (AddParameter): Name = "cijena (funte)"; Value = "0.5"; VariantName = "[No Variations]"
Change component parameters (AddParameter): Name = "dobavljaè"; Value = "Farnell"; VariantName = "[No Variations]"
Change component parameters (AddParameter): Name = "kataloški broj"; Value = "	2346927"; VariantName = "[No Variations]"
Change component parameters (AddParameter): Name = "opis komponente"; Value = "Capacitor 10uF"; VariantName = "[No Variations]"
Change component parameters (AddParameter): Name = "Value"; Value = "10 uF"; VariantName = "[No Variations]"
Change component parameters. Clean all parameters for all variants
Change component parameters (AddParameter): Name = "cijena (funte)"; Value = "0.5"; VariantName = "[No Variations]"
Change component parameters (AddParameter): Name = "dobavljaè"; Value = "Farnell"; VariantName = "[No Variations]"
Change component parameters (AddParameter): Name = "kataloški broj"; Value = "	2346927"; VariantName = "[No Variations]"
Change component parameters (AddParameter): Name = "opis komponente"; Value = "Capacitor 10uF"; VariantName = "[No Variations]"
Change component parameters (AddParameter): Name = "Value"; Value = "10 uF"; VariantName = "[No Variations]"
Change component parameters (AddParameter): Name = "cijena (funte)"; Value = "1.43"; VariantName = "[No Variations]"
Change component parameters (AddParameter): Name = "dobavljaè"; Value = "Farnell"; VariantName = "[No Variations]"
Change component parameters (AddParameter): Name = "kataloški broj"; Value = "	2363991"; VariantName = "[No Variations]"
Change component parameters (AddParameter): Name = "opis komponente"; Value = "Resistor"; VariantName = "[No Variations]"
Change component parameters (AddParameter): Name = "Value"; Value = "0.005"; VariantName = "[No Variations]"
Change component parameters. Clean all parameters for all variants
Change component parameters (AddParameter): Name = "cijena (funte)"; Value = "1.43"; VariantName = "[No Variations]"
Change component parameters (AddParameter): Name = "dobavljaè"; Value = "Farnell"; VariantName = "[No Variations]"
Change component parameters (AddParameter): Name = "kataloški broj"; Value = "	2363991"; VariantName = "[No Variations]"
Change component parameters (AddParameter): Name = "opis komponente"; Value = "Resistor"; VariantName = "[No Variations]"
Change component parameters (AddParameter): Name = "Value"; Value = "0.005"; VariantName = "[No Variations]"
Change component parameters (AddParameter): Name = "cijena (funte)"; Value = "1.43"; VariantName = "[No Variations]"
Change component parameters (AddParameter): Name = "dobavljaè"; Value = "Farnell"; VariantName = "[No Variations]"
Change component parameters (AddParameter): Name = "kataloški broj"; Value = "	2363991"; VariantName = "[No Variations]"
Change component parameters (AddParameter): Name = "opis komponente"; Value = "Resistor"; VariantName = "[No Variations]"
Change component parameters (AddParameter): Name = "Value"; Value = "0.005"; VariantName = "[No Variations]"
Change component parameters. Clean all parameters for all variants
Change component parameters (AddParameter): Name = "cijena (funte)"; Value = "1.43"; VariantName = "[No Variations]"
Change component parameters (AddParameter): Name = "dobavljaè"; Value = "Farnell"; VariantName = "[No Variations]"
Change component parameters (AddParameter): Name = "kataloški broj"; Value = "	2363991"; VariantName = "[No Variations]"
Change component parameters (AddParameter): Name = "opis komponente"; Value = "Resistor"; VariantName = "[No Variations]"
Change component parameters (AddParameter): Name = "Value"; Value = "0.005"; VariantName = "[No Variations]"
Change component parameters (AddParameter): Name = "cijena (funte)"; Value = "1.43"; VariantName = "[No Variations]"
Change component parameters (AddParameter): Name = "dobavljaè"; Value = "Farnell"; VariantName = "[No Variations]"
Change component parameters (AddParameter): Name = "kataloški broj"; Value = "	2363991"; VariantName = "[No Variations]"
Change component parameters (AddParameter): Name = "opis komponente"; Value = "Resistor"; VariantName = "[No Variations]"
Change component parameters (AddParameter): Name = "Value"; Value = "0.005"; VariantName = "[No Variations]"
Change component parameters. Clean all parameters for all variants
Change component parameters (AddParameter): Name = "cijena (funte)"; Value = "1.43"; VariantName = "[No Variations]"
Change component parameters (AddParameter): Name = "dobavljaè"; Value = "Farnell"; VariantName = "[No Variations]"
Change component parameters (AddParameter): Name = "kataloški broj"; Value = "	2363991"; VariantName = "[No Variations]"
Change component parameters (AddParameter): Name = "opis komponente"; Value = "Resistor"; VariantName = "[No Variations]"
Change component parameters (AddParameter): Name = "Value"; Value = "0.005"; VariantName = "[No Variations]"
