Removed Pin From Net: NetName=3.3V Pin=C111-2
Removed Pin From Net: NetName=3.3V Pin=L5-1
Change Component Comment : Designator=C108 Old Comment=47uF New Comment=470uF
Change component parameters (AddParameter): Name = "cijena (funte)"; Value = "0.619"; VariantName = "[No Variations]"
Change component parameters (AddParameter): Name = "dobavljaè"; Value = "Farnell"; VariantName = "[No Variations]"
Change component parameters (AddParameter): Name = "kataloški broj"; Value = "1539457"; VariantName = "[No Variations]"
Change component parameters (AddParameter): Name = "opis komponente"; Value = "Electrolytic Capacitor"; VariantName = "[No Variations]"
Change component parameters (AddParameter): Name = "Value"; Value = "470uF"; VariantName = "[No Variations]"
Change component parameters. Clean all parameters for all variants
Change component parameters (AddParameter): Name = "cijena (funte)"; Value = "0.619"; VariantName = "[No Variations]"
Change component parameters (AddParameter): Name = "dobavljaè"; Value = "Farnell"; VariantName = "[No Variations]"
Change component parameters (AddParameter): Name = "kataloški broj"; Value = "1539457"; VariantName = "[No Variations]"
Change component parameters (AddParameter): Name = "opis komponente"; Value = "Electrolytic Capacitor"; VariantName = "[No Variations]"
Change component parameters (AddParameter): Name = "Value"; Value = "470uF"; VariantName = "[No Variations]"
Added Pin To Net: NetName=GND Pin=C33-1
Added Pin To Net: NetName=GND Pin=C39-1
Added Pin To Net: NetName=GND Pin=C108-2
Added Pin To Net: NetName=3.3_V Pin=C111-2
Added Pin To Net: NetName=GND Pin=D5-7
Added Pin To Net: NetName=3.3_V Pin=L5-1
Added Member To Class: ClassName=CPU_PCB Member=Component C102 100nF
Added Member To Class: ClassName=CPU_PCB Member=Component C103 100nF
Added Member To Class: ClassName=CPU_PCB Member=Component C104 100nF
Added Member To Class: ClassName=CPU_PCB Member=Component C105 100nF
Added Member To Class: ClassName=CPU_PCB Member=Component C106 100nF
Added Member To Class: ClassName=CPU_PCB Member=Component C107 4.7uF
