Removed Pin From Net: NetName=GND Pin=C33-1
Removed Pin From Net: NetName=12.5V Pin=C33-2
Removed Pin From Net: NetName=GND Pin=C34-1
Removed Pin From Net: NetName=BAT+ Pin=C34-2
Removed Pin From Net: NetName=GND Pin=C36-1
Removed Pin From Net: NetName=BAT+ Pin=C36-2
Removed Pin From Net: NetName=GND Pin=C37-1
Removed Pin From Net: NetName=BAT+ Pin=C37-2
Removed Pin From Net: NetName=GND Pin=C38-1
Removed Pin From Net: NetName=NetC38_2 Pin=C38-2
Removed Pin From Net: NetName=GND Pin=C39-1
Removed Pin From Net: NetName=12.5V Pin=C39-2
Removed Pin From Net: NetName=12.5V Pin=C108-1
Removed Pin From Net: NetName=GND Pin=C108-2
Removed Pin From Net: NetName=BAT+ Pin=C109-1
Removed Pin From Net: NetName=GND Pin=C109-2
Removed Pin From Net: NetName=U_bat_temp Pin=D1-22
Removed Pin From Net: NetName=BAT+ Pin=D5-2
Removed Pin From Net: NetName=NetC38_2 Pin=D5-4
Removed Pin From Net: NetName=GND Pin=D5-7
Removed Pin From Net: NetName=GND Pin=D5-8
Removed Pin From Net: NetName=GND Pin=GND3-1
Removed Pin From Net: NetName=BAT+ Pin=L2-1
Removed Pin From Net: NetName=NetR16_2 Pin=R16-1
Removed Pin From Net: NetName=GND Pin=R16-2
Removed Pin From Net: NetName=A- Pin=R16-3
Removed Pin From Net: NetName=A+ Pin=R16-4
Removed Pin From Net: NetName=BAT+ Pin=R78-1
Removed Pin From Net: NetName=12.5V Pin=R79-2
Removed Pin From Net: NetName=GND Pin=R80-1
Removed Pin From Net: NetName=12.5V Pin=V7-2
Removed Member From Class: ClassName=Integrirane_komponente Member=C33
Removed Member From Class: ClassName=Integrirane_komponente Member=C34
Removed Member From Class: ClassName=Integrirane_komponente Member=C36
Removed Member From Class: ClassName=Integrirane_komponente Member=C37
Removed Member From Class: ClassName=Integrirane_komponente Member=C38
Removed Member From Class: ClassName=Integrirane_komponente Member=C39
Removed Member From Class: ClassName=Integrirane_komponente Member=C108
Removed Member From Class: ClassName=Integrirane_komponente Member=C109
Removed Member From Class: ClassName=Integrirane_komponente Member=L2
Removed Member From Class: ClassName=Integrirane_komponente Member=R78
Removed Member From Class: ClassName=Integrirane_komponente Member=R79
Removed Member From Class: ClassName=Integrirane_komponente Member=R80
Removed Member From Class: ClassName=Integrirane_komponente Member=V7
Change Component Comment : Designator=D5 Old Comment=APE1911-HF-3 New Comment=regulator_12.5V
Change component parameters. Clean all parameters for all variants
Added Pin To Net: NetName=NetC38_2 Pin=D1-22
Added Pin To Net: NetName=GND Pin=D5-2
Change Net Name : Old Net Name=NetC38_2 New Net Name=U_bat_temp
