Removed Pin From Net: NetName=3.3V Pin=C102-2
Removed Pin From Net: NetName=3.3V Pin=C103-2
Removed Pin From Net: NetName=3.3V Pin=C104-2
Removed Pin From Net: NetName=3.3V Pin=C105-2
Removed Pin From Net: NetName=3.3V Pin=C106-2
Removed Pin From Net: NetName=3.3V Pin=C107-2
Removed Pin From Net: NetName=3.3V Pin=D1-1
Removed Pin From Net: NetName=3.3V Pin=D1-19
Removed Pin From Net: NetName=3.3V Pin=D1-32
Removed Pin From Net: NetName=3.3V Pin=D1-48
Removed Pin From Net: NetName=3.3V Pin=D1-64
Removed Pin From Net: NetName=3.3V Pin=R151-2
Removed Pin From Net: NetName=3.3V Pin=W10-2
Removed Pin From Net: NetName=3.3V Pin=X103-1
Removed Pin From Net: NetName=3.3V Pin=X104-1
Change Net Name : Old Net Name=NetC112_2 New Net Name=VDDA
Added Pin To Net: NetName=3.3_V Pin=C102-2
Added Pin To Net: NetName=3.3_V Pin=C103-2
Added Pin To Net: NetName=3.3_V Pin=C104-2
Added Pin To Net: NetName=3.3_V Pin=C105-2
Added Pin To Net: NetName=3.3_V Pin=C106-2
Added Pin To Net: NetName=3.3_V Pin=C107-2
Added Pin To Net: NetName=3.3_V Pin=D1-1
Added Pin To Net: NetName=3.3_V Pin=D1-19
Added Pin To Net: NetName=3.3_V Pin=D1-32
Added Pin To Net: NetName=3.3_V Pin=D1-48
Added Pin To Net: NetName=3.3_V Pin=D1-64
Added Pin To Net: NetName=3.3_V Pin=R151-2
Added Pin To Net: NetName=3.3_V Pin=W10-2
Added Pin To Net: NetName=3.3_V Pin=X103-1
Added Pin To Net: NetName=3.3_V Pin=X104-1
Added Net: Name=3.3_V
