Change Component Footprint: Designator=R72 Old Footprint=C1206 New Footprint=C0805
Change Component Footprint: Designator=R75 Old Footprint=C1206 New Footprint=C0805
Change Component Footprint: Designator=R76 Old Footprint=C1206 New Footprint=C0805
Change Component Footprint: Designator=R77 Old Footprint=C1206 New Footprint=C0805
Change Component Footprint: Designator=R80 Old Footprint=C1206 New Footprint=C0805
Change Component Footprint: Designator=C27 Old Footprint=C1210_L New Footprint=C0805
Change Component Footprint: Designator=C32 Old Footprint=C1210_L New Footprint=C0805
Change Component Footprint: Designator=C26 Old Footprint=CAP_0603 New Footprint=C0805
Change Component Footprint: Designator=C101 Old Footprint=SMD_CAP_RAD_8X10.2 New Footprint=SMD_CAP_RAD_16x16.5
Change component parameters (AddParameter): Name = "cijena (funte)"; Value = "0.321"; VariantName = "[No Variations]"
Change component parameters (AddParameter): Name = "dobavljaè"; Value = "Farnell"; VariantName = "[No Variations]"
Change component parameters (AddParameter): Name = "kataloški broj"; Value = "2061654"; VariantName = "[No Variations]"
Change component parameters (AddParameter): Name = "opis komponente"; Value = "Inductor 22uH"; VariantName = "[No Variations]"
Change component parameters (AddParameter): Name = "Value"; Value = "22uH"; VariantName = "[No Variations]"
Change component parameters. Clean all parameters for all variants
Change component parameters (AddParameter): Name = "cijena (funte)"; Value = "0.321"; VariantName = "[No Variations]"
Change component parameters (AddParameter): Name = "dobavljaè"; Value = "Farnell"; VariantName = "[No Variations]"
Change component parameters (AddParameter): Name = "kataloški broj"; Value = "2061654"; VariantName = "[No Variations]"
Change component parameters (AddParameter): Name = "opis komponente"; Value = "Inductor 22uH"; VariantName = "[No Variations]"
Change component parameters (AddParameter): Name = "Value"; Value = "22uH"; VariantName = "[No Variations]"
Change component parameters (AddParameter): Name = "cijena (funte)"; Value = "0.0472"; VariantName = "[No Variations]"
Change component parameters (AddParameter): Name = "dobavljaè"; Value = "Farnell"; VariantName = "[No Variations]"
Change component parameters (AddParameter): Name = "kataloški broj"; Value = "2307780"; VariantName = "[No Variations]"
Change component parameters (AddParameter): Name = "opis komponente"; Value = "otpornik"; VariantName = "[No Variations]"
Change component parameters (AddParameter): Name = "Value"; Value = "576K"; VariantName = "[No Variations]"
Change component parameters. Clean all parameters for all variants
Change component parameters (AddParameter): Name = "cijena (funte)"; Value = "0.0472"; VariantName = "[No Variations]"
Change component parameters (AddParameter): Name = "dobavljaè"; Value = "Farnell"; VariantName = "[No Variations]"
Change component parameters (AddParameter): Name = "kataloški broj"; Value = "2307780"; VariantName = "[No Variations]"
Change component parameters (AddParameter): Name = "opis komponente"; Value = "otpornik"; VariantName = "[No Variations]"
Change component parameters (AddParameter): Name = "Value"; Value = "576K"; VariantName = "[No Variations]"
Change component parameters (AddParameter): Name = "cijena (funte)"; Value = "0.36"; VariantName = "[No Variations]"
Change component parameters (AddParameter): Name = "dobavljaè"; Value = "Farnell"; VariantName = "[No Variations]"
Change component parameters (AddParameter): Name = "kataloški broj"; Value = "1160148"; VariantName = "[No Variations]"
Change component parameters (AddParameter): Name = "opis komponente"; Value = "Resistor 1.65K"; VariantName = "[No Variations]"
Change component parameters (AddParameter): Name = "Value"; Value = "1.65K"; VariantName = "[No Variations]"
Change component parameters. Clean all parameters for all variants
Change component parameters (AddParameter): Name = "cijena (funte)"; Value = "0.36"; VariantName = "[No Variations]"
Change component parameters (AddParameter): Name = "dobavljaè"; Value = "Farnell"; VariantName = "[No Variations]"
Change component parameters (AddParameter): Name = "kataloški broj"; Value = "1160148"; VariantName = "[No Variations]"
Change component parameters (AddParameter): Name = "opis komponente"; Value = "Resistor 1.65K"; VariantName = "[No Variations]"
Change component parameters (AddParameter): Name = "Value"; Value = "1.65K"; VariantName = "[No Variations]"
Change component parameters (AddParameter): Name = "cijena (funte)"; Value = "0.0178"; VariantName = "[No Variations]"
Change component parameters (AddParameter): Name = "dobavljaè"; Value = "Farnell"; VariantName = "[No Variations]"
Change component parameters (AddParameter): Name = "kataloški broj"; Value = "2079009"; VariantName = "[No Variations]"
Change component parameters (AddParameter): Name = "opis komponente"; Value = "Resistor 15K"; VariantName = "[No Variations]"
Change component parameters (AddParameter): Name = "Value"; Value = "15K"; VariantName = "[No Variations]"
Change component parameters. Clean all parameters for all variants
Change component parameters (AddParameter): Name = "cijena (funte)"; Value = "0.0178"; VariantName = "[No Variations]"
Change component parameters (AddParameter): Name = "dobavljaè"; Value = "Farnell"; VariantName = "[No Variations]"
Change component parameters (AddParameter): Name = "kataloški broj"; Value = "2079009"; VariantName = "[No Variations]"
Change component parameters (AddParameter): Name = "opis komponente"; Value = "Resistor 15K"; VariantName = "[No Variations]"
Change component parameters (AddParameter): Name = "Value"; Value = "15K"; VariantName = "[No Variations]"
Change component parameters (AddParameter): Name = "cijena (funte)"; Value = "0.0321"; VariantName = "[No Variations]"
Change component parameters (AddParameter): Name = "dobavljaè"; Value = "Farnell"; VariantName = "[No Variations]"
Change component parameters (AddParameter): Name = "kataloški broj"; Value = "	317676RL"; VariantName = "[No Variations]"
Change component parameters (AddParameter): Name = "opis komponente"; Value = "Capacitor"; VariantName = "[No Variations]"
Change component parameters (AddParameter): Name = "Value"; Value = "100nF"; VariantName = "[No Variations]"
Change component parameters. Clean all parameters for all variants
Change component parameters (AddParameter): Name = "cijena (funte)"; Value = "0.0321"; VariantName = "[No Variations]"
Change component parameters (AddParameter): Name = "dobavljaè"; Value = "Farnell"; VariantName = "[No Variations]"
Change component parameters (AddParameter): Name = "kataloški broj"; Value = "	317676RL"; VariantName = "[No Variations]"
Change component parameters (AddParameter): Name = "opis komponente"; Value = "Capacitor"; VariantName = "[No Variations]"
Change component parameters (AddParameter): Name = "Value"; Value = "100nF"; VariantName = "[No Variations]"
Change component parameters (AddParameter): Name = "cijena (funte)"; Value = "0.0321"; VariantName = "[No Variations]"
Change component parameters (AddParameter): Name = "dobavljaè"; Value = "Farnell"; VariantName = "[No Variations]"
Change component parameters (AddParameter): Name = "kataloški broj"; Value = "	317676RL"; VariantName = "[No Variations]"
Change component parameters (AddParameter): Name = "opis komponente"; Value = "Capacitor"; VariantName = "[No Variations]"
Change component parameters (AddParameter): Name = "Value"; Value = "100nF"; VariantName = "[No Variations]"
Change component parameters. Clean all parameters for all variants
Change component parameters (AddParameter): Name = "cijena (funte)"; Value = "0.0321"; VariantName = "[No Variations]"
Change component parameters (AddParameter): Name = "dobavljaè"; Value = "Farnell"; VariantName = "[No Variations]"
Change component parameters (AddParameter): Name = "kataloški broj"; Value = "	317676RL"; VariantName = "[No Variations]"
Change component parameters (AddParameter): Name = "opis komponente"; Value = "Capacitor"; VariantName = "[No Variations]"
Change component parameters (AddParameter): Name = "Value"; Value = "100nF"; VariantName = "[No Variations]"
Change component parameters (AddParameter): Name = "cijena (funte)"; Value = "0.0321"; VariantName = "[No Variations]"
Change component parameters (AddParameter): Name = "dobavljaè"; Value = "Farnell"; VariantName = "[No Variations]"
Change component parameters (AddParameter): Name = "kataloški broj"; Value = "	317676RL"; VariantName = "[No Variations]"
Change component parameters (AddParameter): Name = "opis komponente"; Value = "Capacitor"; VariantName = "[No Variations]"
Change component parameters (AddParameter): Name = "Value"; Value = "100nF"; VariantName = "[No Variations]"
Change component parameters. Clean all parameters for all variants
Change component parameters (AddParameter): Name = "cijena (funte)"; Value = "0.0321"; VariantName = "[No Variations]"
Change component parameters (AddParameter): Name = "dobavljaè"; Value = "Farnell"; VariantName = "[No Variations]"
Change component parameters (AddParameter): Name = "kataloški broj"; Value = "	317676RL"; VariantName = "[No Variations]"
Change component parameters (AddParameter): Name = "opis komponente"; Value = "Capacitor"; VariantName = "[No Variations]"
Change component parameters (AddParameter): Name = "Value"; Value = "100nF"; VariantName = "[No Variations]"
Change component parameters (AddParameter): Name = "cijena (funte)"; Value = "0.0321"; VariantName = "[No Variations]"
Change component parameters (AddParameter): Name = "dobavljaè"; Value = "Farnell"; VariantName = "[No Variations]"
Change component parameters (AddParameter): Name = "kataloški broj"; Value = "	317676RL"; VariantName = "[No Variations]"
Change component parameters (AddParameter): Name = "opis komponente"; Value = "Capacitor"; VariantName = "[No Variations]"
Change component parameters (AddParameter): Name = "Value"; Value = "100nF"; VariantName = "[No Variations]"
Change component parameters. Clean all parameters for all variants
Change component parameters (AddParameter): Name = "cijena (funte)"; Value = "0.0321"; VariantName = "[No Variations]"
Change component parameters (AddParameter): Name = "dobavljaè"; Value = "Farnell"; VariantName = "[No Variations]"
Change component parameters (AddParameter): Name = "kataloški broj"; Value = "	317676RL"; VariantName = "[No Variations]"
Change component parameters (AddParameter): Name = "opis komponente"; Value = "Capacitor"; VariantName = "[No Variations]"
Change component parameters (AddParameter): Name = "Value"; Value = "100nF"; VariantName = "[No Variations]"
Change component parameters (AddParameter): Name = "cijena (funte)"; Value = "0.0321"; VariantName = "[No Variations]"
Change component parameters (AddParameter): Name = "dobavljaè"; Value = "Farnell"; VariantName = "[No Variations]"
Change component parameters (AddParameter): Name = "kataloški broj"; Value = "	317676RL"; VariantName = "[No Variations]"
Change component parameters (AddParameter): Name = "opis komponente"; Value = "Capacitor"; VariantName = "[No Variations]"
Change component parameters (AddParameter): Name = "Value"; Value = "100nF"; VariantName = "[No Variations]"
Change component parameters. Clean all parameters for all variants
Change component parameters (AddParameter): Name = "cijena (funte)"; Value = "0.0321"; VariantName = "[No Variations]"
Change component parameters (AddParameter): Name = "dobavljaè"; Value = "Farnell"; VariantName = "[No Variations]"
Change component parameters (AddParameter): Name = "kataloški broj"; Value = "	317676RL"; VariantName = "[No Variations]"
Change component parameters (AddParameter): Name = "opis komponente"; Value = "Capacitor"; VariantName = "[No Variations]"
Change component parameters (AddParameter): Name = "Value"; Value = "100nF"; VariantName = "[No Variations]"
Change component parameters (AddParameter): Name = "cijena (funte)"; Value = "0.0321"; VariantName = "[No Variations]"
Change component parameters (AddParameter): Name = "dobavljaè"; Value = "Farnell"; VariantName = "[No Variations]"
Change component parameters (AddParameter): Name = "kataloški broj"; Value = "	317676RL"; VariantName = "[No Variations]"
Change component parameters (AddParameter): Name = "opis komponente"; Value = "Capacitor"; VariantName = "[No Variations]"
Change component parameters (AddParameter): Name = "Value"; Value = "100nF"; VariantName = "[No Variations]"
Change component parameters. Clean all parameters for all variants
Change component parameters (AddParameter): Name = "cijena (funte)"; Value = "0.0321"; VariantName = "[No Variations]"
Change component parameters (AddParameter): Name = "dobavljaè"; Value = "Farnell"; VariantName = "[No Variations]"
Change component parameters (AddParameter): Name = "kataloški broj"; Value = "	317676RL"; VariantName = "[No Variations]"
Change component parameters (AddParameter): Name = "opis komponente"; Value = "Capacitor"; VariantName = "[No Variations]"
Change component parameters (AddParameter): Name = "Value"; Value = "100nF"; VariantName = "[No Variations]"
Change component parameters (AddParameter): Name = "cijena (funte)"; Value = "0.0321"; VariantName = "[No Variations]"
Change component parameters (AddParameter): Name = "dobavljaè"; Value = "Farnell"; VariantName = "[No Variations]"
Change component parameters (AddParameter): Name = "kataloški broj"; Value = "	317676RL"; VariantName = "[No Variations]"
Change component parameters (AddParameter): Name = "opis komponente"; Value = "Capacitor"; VariantName = "[No Variations]"
Change component parameters (AddParameter): Name = "Value"; Value = "100nF"; VariantName = "[No Variations]"
Change component parameters. Clean all parameters for all variants
Change component parameters (AddParameter): Name = "cijena (funte)"; Value = "0.0321"; VariantName = "[No Variations]"
Change component parameters (AddParameter): Name = "dobavljaè"; Value = "Farnell"; VariantName = "[No Variations]"
Change component parameters (AddParameter): Name = "kataloški broj"; Value = "	317676RL"; VariantName = "[No Variations]"
Change component parameters (AddParameter): Name = "opis komponente"; Value = "Capacitor"; VariantName = "[No Variations]"
Change component parameters (AddParameter): Name = "Value"; Value = "100nF"; VariantName = "[No Variations]"
Change component parameters (AddParameter): Name = "cijena (funte)"; Value = "0.0321"; VariantName = "[No Variations]"
Change component parameters (AddParameter): Name = "dobavljaè"; Value = "Farnell"; VariantName = "[No Variations]"
Change component parameters (AddParameter): Name = "kataloški broj"; Value = "	317676RL"; VariantName = "[No Variations]"
Change component parameters (AddParameter): Name = "opis komponente"; Value = "Capacitor"; VariantName = "[No Variations]"
Change component parameters (AddParameter): Name = "Value"; Value = "100nF"; VariantName = "[No Variations]"
Change component parameters. Clean all parameters for all variants
Change component parameters (AddParameter): Name = "cijena (funte)"; Value = "0.0321"; VariantName = "[No Variations]"
Change component parameters (AddParameter): Name = "dobavljaè"; Value = "Farnell"; VariantName = "[No Variations]"
Change component parameters (AddParameter): Name = "kataloški broj"; Value = "	317676RL"; VariantName = "[No Variations]"
Change component parameters (AddParameter): Name = "opis komponente"; Value = "Capacitor"; VariantName = "[No Variations]"
Change component parameters (AddParameter): Name = "Value"; Value = "100nF"; VariantName = "[No Variations]"
Change component parameters (AddParameter): Name = "cijena (funte)"; Value = "0.0321"; VariantName = "[No Variations]"
Change component parameters (AddParameter): Name = "dobavljaè"; Value = "Farnell"; VariantName = "[No Variations]"
Change component parameters (AddParameter): Name = "kataloški broj"; Value = "	317676RL"; VariantName = "[No Variations]"
Change component parameters (AddParameter): Name = "opis komponente"; Value = "Capacitor"; VariantName = "[No Variations]"
Change component parameters (AddParameter): Name = "Value"; Value = "100nF"; VariantName = "[No Variations]"
Change component parameters. Clean all parameters for all variants
Change component parameters (AddParameter): Name = "cijena (funte)"; Value = "0.0321"; VariantName = "[No Variations]"
Change component parameters (AddParameter): Name = "dobavljaè"; Value = "Farnell"; VariantName = "[No Variations]"
Change component parameters (AddParameter): Name = "kataloški broj"; Value = "	317676RL"; VariantName = "[No Variations]"
Change component parameters (AddParameter): Name = "opis komponente"; Value = "Capacitor"; VariantName = "[No Variations]"
Change component parameters (AddParameter): Name = "Value"; Value = "100nF"; VariantName = "[No Variations]"
Change component parameters (AddParameter): Name = "cijena (funte)"; Value = "0.0321"; VariantName = "[No Variations]"
Change component parameters (AddParameter): Name = "dobavljaè"; Value = "Farnell"; VariantName = "[No Variations]"
Change component parameters (AddParameter): Name = "kataloški broj"; Value = "	317676RL"; VariantName = "[No Variations]"
Change component parameters (AddParameter): Name = "opis komponente"; Value = "Capacitor"; VariantName = "[No Variations]"
Change component parameters (AddParameter): Name = "Value"; Value = "100nF"; VariantName = "[No Variations]"
Change component parameters. Clean all parameters for all variants
Change component parameters (AddParameter): Name = "cijena (funte)"; Value = "0.0321"; VariantName = "[No Variations]"
Change component parameters (AddParameter): Name = "dobavljaè"; Value = "Farnell"; VariantName = "[No Variations]"
Change component parameters (AddParameter): Name = "kataloški broj"; Value = "	317676RL"; VariantName = "[No Variations]"
Change component parameters (AddParameter): Name = "opis komponente"; Value = "Capacitor"; VariantName = "[No Variations]"
Change component parameters (AddParameter): Name = "Value"; Value = "100nF"; VariantName = "[No Variations]"
Change component parameters (AddParameter): Name = "cijena (funte)"; Value = "0.186"; VariantName = "[No Variations]"
Change component parameters (AddParameter): Name = "dobavljaè"; Value = "Farnell"; VariantName = "[No Variations]"
Change component parameters (AddParameter): Name = "kataloški broj"; Value = "	1845751"; VariantName = "[No Variations]"
Change component parameters (AddParameter): Name = "opis komponente"; Value = "ceramic capacitor"; VariantName = "[No Variations]"
Change component parameters (AddParameter): Name = "Value"; Value = "100pF"; VariantName = "[No Variations]"
Change component parameters. Clean all parameters for all variants
Change component parameters (AddParameter): Name = "cijena (funte)"; Value = "0.186"; VariantName = "[No Variations]"
Change component parameters (AddParameter): Name = "dobavljaè"; Value = "Farnell"; VariantName = "[No Variations]"
Change component parameters (AddParameter): Name = "kataloški broj"; Value = "	1845751"; VariantName = "[No Variations]"
Change component parameters (AddParameter): Name = "opis komponente"; Value = "ceramic capacitor"; VariantName = "[No Variations]"
Change component parameters (AddParameter): Name = "Value"; Value = "100pF"; VariantName = "[No Variations]"
Change component parameters (AddParameter): Name = "cijena (funte)"; Value = "0.186"; VariantName = "[No Variations]"
Change component parameters (AddParameter): Name = "dobavljaè"; Value = "Farnell"; VariantName = "[No Variations]"
Change component parameters (AddParameter): Name = "kataloški broj"; Value = "	1845751"; VariantName = "[No Variations]"
Change component parameters (AddParameter): Name = "opis komponente"; Value = "Ceramic Capacitor"; VariantName = "[No Variations]"
Change component parameters (AddParameter): Name = "Value"; Value = "100pF"; VariantName = "[No Variations]"
Change component parameters. Clean all parameters for all variants
Change component parameters (AddParameter): Name = "cijena (funte)"; Value = "0.186"; VariantName = "[No Variations]"
Change component parameters (AddParameter): Name = "dobavljaè"; Value = "Farnell"; VariantName = "[No Variations]"
Change component parameters (AddParameter): Name = "kataloški broj"; Value = "	1845751"; VariantName = "[No Variations]"
Change component parameters (AddParameter): Name = "opis komponente"; Value = "Ceramic Capacitor"; VariantName = "[No Variations]"
Change component parameters (AddParameter): Name = "Value"; Value = "100pF"; VariantName = "[No Variations]"
Change component parameters (AddParameter): Name = "cijena (funte)"; Value = "0.101"; VariantName = "[No Variations]"
Change component parameters (AddParameter): Name = "dobavljaè"; Value = "Farnell"; VariantName = "[No Variations]"
Change component parameters (AddParameter): Name = "kataloški broj"; Value = "	2320797"; VariantName = "[No Variations]"
Change component parameters (AddParameter): Name = "opis komponente"; Value = "Capacitor 0.47uF"; VariantName = "[No Variations]"
Change component parameters (AddParameter): Name = "Value"; Value = "0.47uF"; VariantName = "[No Variations]"
Change component parameters. Clean all parameters for all variants
Change component parameters (AddParameter): Name = "cijena (funte)"; Value = "0.101"; VariantName = "[No Variations]"
Change component parameters (AddParameter): Name = "dobavljaè"; Value = "Farnell"; VariantName = "[No Variations]"
Change component parameters (AddParameter): Name = "kataloški broj"; Value = "	2320797"; VariantName = "[No Variations]"
Change component parameters (AddParameter): Name = "opis komponente"; Value = "Capacitor 0.47uF"; VariantName = "[No Variations]"
Change component parameters (AddParameter): Name = "Value"; Value = "0.47uF"; VariantName = "[No Variations]"
Change component parameters (AddParameter): Name = "cijena (funte)"; Value = "0.101"; VariantName = "[No Variations]"
Change component parameters (AddParameter): Name = "dobavljaè"; Value = "Farnell"; VariantName = "[No Variations]"
Change component parameters (AddParameter): Name = "kataloški broj"; Value = "	2320797"; VariantName = "[No Variations]"
Change component parameters (AddParameter): Name = "opis komponente"; Value = "Capacitor 0.47uF"; VariantName = "[No Variations]"
Change component parameters (AddParameter): Name = "Value"; Value = "0.47uF"; VariantName = "[No Variations]"
Change component parameters. Clean all parameters for all variants
Change component parameters (AddParameter): Name = "cijena (funte)"; Value = "0.101"; VariantName = "[No Variations]"
Change component parameters (AddParameter): Name = "dobavljaè"; Value = "Farnell"; VariantName = "[No Variations]"
Change component parameters (AddParameter): Name = "kataloški broj"; Value = "	2320797"; VariantName = "[No Variations]"
Change component parameters (AddParameter): Name = "opis komponente"; Value = "Capacitor 0.47uF"; VariantName = "[No Variations]"
Change component parameters (AddParameter): Name = "Value"; Value = "0.47uF"; VariantName = "[No Variations]"
Change component parameters (AddParameter): Name = "cijena (funte)"; Value = "2.15"; VariantName = "[No Variations]"
Change component parameters (AddParameter): Name = "dobavljaè"; Value = "Farnell"; VariantName = "[No Variations]"
Change component parameters (AddParameter): Name = "kataloški broj"; Value = "	9696067"; VariantName = "[No Variations]"
Change component parameters (AddParameter): Name = "opis komponente"; Value = "Electrolytic Capacitor 470 µF"; VariantName = "[No Variations]"
Change component parameters (AddParameter): Name = "Value"; Value = "470 uF"; VariantName = "[No Variations]"
Change component parameters. Clean all parameters for all variants
Change component parameters (AddParameter): Name = "cijena (funte)"; Value = "2.15"; VariantName = "[No Variations]"
Change component parameters (AddParameter): Name = "dobavljaè"; Value = "Farnell"; VariantName = "[No Variations]"
Change component parameters (AddParameter): Name = "kataloški broj"; Value = "	9696067"; VariantName = "[No Variations]"
Change component parameters (AddParameter): Name = "opis komponente"; Value = "Electrolytic Capacitor 470 µF"; VariantName = "[No Variations]"
Change component parameters (AddParameter): Name = "Value"; Value = "470 uF"; VariantName = "[No Variations]"
Change component parameters (AddParameter): Name = "cijena (funte)"; Value = "1.71"; VariantName = "[No Variations]"
Change component parameters (AddParameter): Name = "dobavljaè"; Value = "Farnell"; VariantName = "[No Variations]"
Change component parameters (AddParameter): Name = "kataloški broj"; Value = "	2361254"; VariantName = "[No Variations]"
Change component parameters (AddParameter): Name = "opis komponente"; Value = "driver_mosfet"; VariantName = "[No Variations]"
Change component parameters (AddParameter): Name = "Value"; Value = ""; VariantName = "[No Variations]"
Change component parameters. Clean all parameters for all variants
Change component parameters (AddParameter): Name = "cijena (funte)"; Value = "1.71"; VariantName = "[No Variations]"
Change component parameters (AddParameter): Name = "dobavljaè"; Value = "Farnell"; VariantName = "[No Variations]"
Change component parameters (AddParameter): Name = "kataloški broj"; Value = "	2361254"; VariantName = "[No Variations]"
Change component parameters (AddParameter): Name = "opis komponente"; Value = "driver_mosfet"; VariantName = "[No Variations]"
Change component parameters (AddParameter): Name = "Value"; Value = ""; VariantName = "[No Variations]"
Change component parameters (AddParameter): Name = "cijena (funte)"; Value = "0.0031"; VariantName = "[No Variations]"
Change component parameters (AddParameter): Name = "dobavljaè"; Value = "Farnell"; VariantName = "[No Variations]"
Change component parameters (AddParameter): Name = "kataloški broj"; Value = "	2447343"; VariantName = "[No Variations]"
Change component parameters (AddParameter): Name = "opis komponente"; Value = "resistor 33.2K"; VariantName = "[No Variations]"
Change component parameters (AddParameter): Name = "Value"; Value = "33.2K"; VariantName = "[No Variations]"
Change component parameters. Clean all parameters for all variants
Change component parameters (AddParameter): Name = "cijena (funte)"; Value = "0.0031"; VariantName = "[No Variations]"
Change component parameters (AddParameter): Name = "dobavljaè"; Value = "Farnell"; VariantName = "[No Variations]"
Change component parameters (AddParameter): Name = "kataloški broj"; Value = "	2447343"; VariantName = "[No Variations]"
Change component parameters (AddParameter): Name = "opis komponente"; Value = "resistor 33.2K"; VariantName = "[No Variations]"
Change component parameters (AddParameter): Name = "Value"; Value = "33.2K"; VariantName = "[No Variations]"
Change component parameters (AddParameter): Name = "cijena (funte)"; Value = "0.389"; VariantName = "[No Variations]"
Change component parameters (AddParameter): Name = "dobavljaè"; Value = "Farnell"; VariantName = "[No Variations]"
Change component parameters (AddParameter): Name = "kataloški broj"; Value = "	2117175"; VariantName = "[No Variations]"
Change component parameters (AddParameter): Name = "opis komponente"; Value = "Resistor 1.33K 0.1%"; VariantName = "[No Variations]"
Change component parameters (AddParameter): Name = "Value"; Value = "1.33K"; VariantName = "[No Variations]"
Change component parameters. Clean all parameters for all variants
Change component parameters (AddParameter): Name = "cijena (funte)"; Value = "0.389"; VariantName = "[No Variations]"
Change component parameters (AddParameter): Name = "dobavljaè"; Value = "Farnell"; VariantName = "[No Variations]"
Change component parameters (AddParameter): Name = "kataloški broj"; Value = "	2117175"; VariantName = "[No Variations]"
Change component parameters (AddParameter): Name = "opis komponente"; Value = "Resistor 1.33K 0.1%"; VariantName = "[No Variations]"
Change component parameters (AddParameter): Name = "Value"; Value = "1.33K"; VariantName = "[No Variations]"
Change component parameters (AddParameter): Name = "cijena (funte)"; Value = "0.177"; VariantName = "[No Variations]"
Change component parameters (AddParameter): Name = "dobavljaè"; Value = "Farnell"; VariantName = "[No Variations]"
Change component parameters (AddParameter): Name = "kataloški broj"; Value = "	1653280RL"; VariantName = "[No Variations]"
Change component parameters (AddParameter): Name = "opis komponente"; Value = "Resistor 1K 0.1%"; VariantName = "[No Variations]"
Change component parameters (AddParameter): Name = "Value"; Value = "1K"; VariantName = "[No Variations]"
Change component parameters. Clean all parameters for all variants
Change component parameters (AddParameter): Name = "cijena (funte)"; Value = "0.177"; VariantName = "[No Variations]"
Change component parameters (AddParameter): Name = "dobavljaè"; Value = "Farnell"; VariantName = "[No Variations]"
Change component parameters (AddParameter): Name = "kataloški broj"; Value = "	1653280RL"; VariantName = "[No Variations]"
Change component parameters (AddParameter): Name = "opis komponente"; Value = "Resistor 1K 0.1%"; VariantName = "[No Variations]"
Change component parameters (AddParameter): Name = "Value"; Value = "1K"; VariantName = "[No Variations]"
Change component parameters (AddParameter): Name = "cijena (funte)"; Value = "0.36"; VariantName = "[No Variations]"
Change component parameters (AddParameter): Name = "dobavljaè"; Value = "Farnell"; VariantName = "[No Variations]"
Change component parameters (AddParameter): Name = "kataloški broj"; Value = "	1160212"; VariantName = "[No Variations]"
Change component parameters (AddParameter): Name = "opis komponente"; Value = "Resistor 14K 0.1%"; VariantName = "[No Variations]"
Change component parameters (AddParameter): Name = "Value"; Value = "14K"; VariantName = "[No Variations]"
Change component parameters. Clean all parameters for all variants
Change component parameters (AddParameter): Name = "cijena (funte)"; Value = "0.36"; VariantName = "[No Variations]"
Change component parameters (AddParameter): Name = "dobavljaè"; Value = "Farnell"; VariantName = "[No Variations]"
Change component parameters (AddParameter): Name = "kataloški broj"; Value = "	1160212"; VariantName = "[No Variations]"
Change component parameters (AddParameter): Name = "opis komponente"; Value = "Resistor 14K 0.1%"; VariantName = "[No Variations]"
Change component parameters (AddParameter): Name = "Value"; Value = "14K"; VariantName = "[No Variations]"
Change component parameters (AddParameter): Name = "cijena (funte)"; Value = "0.336"; VariantName = "[No Variations]"
Change component parameters (AddParameter): Name = "dobavljaè"; Value = "Farnell"; VariantName = "[No Variations]"
Change component parameters (AddParameter): Name = "kataloški broj"; Value = "1160154"; VariantName = "[No Variations]"
Change component parameters (AddParameter): Name = "opis komponente"; Value = "Resistor 2K 0.1%"; VariantName = "[No Variations]"
Change component parameters (AddParameter): Name = "Value"; Value = "2K"; VariantName = "[No Variations]"
Change component parameters. Clean all parameters for all variants
Change component parameters (AddParameter): Name = "cijena (funte)"; Value = "0.336"; VariantName = "[No Variations]"
Change component parameters (AddParameter): Name = "dobavljaè"; Value = "Farnell"; VariantName = "[No Variations]"
Change component parameters (AddParameter): Name = "kataloški broj"; Value = "1160154"; VariantName = "[No Variations]"
Change component parameters (AddParameter): Name = "opis komponente"; Value = "Resistor 2K 0.1%"; VariantName = "[No Variations]"
Change component parameters (AddParameter): Name = "Value"; Value = "2K"; VariantName = "[No Variations]"
Change component parameters (AddParameter): Name = "cijena (funte)"; Value = "0.336"; VariantName = "[No Variations]"
Change component parameters (AddParameter): Name = "dobavljaè"; Value = "Farnell"; VariantName = "[No Variations]"
Change component parameters (AddParameter): Name = "kataloški broj"; Value = "1160154"; VariantName = "[No Variations]"
Change component parameters (AddParameter): Name = "opis komponente"; Value = "Resistor 2K"; VariantName = "[No Variations]"
Change component parameters (AddParameter): Name = "Value"; Value = "2K"; VariantName = "[No Variations]"
Change component parameters. Clean all parameters for all variants
Change component parameters (AddParameter): Name = "cijena (funte)"; Value = "0.336"; VariantName = "[No Variations]"
Change component parameters (AddParameter): Name = "dobavljaè"; Value = "Farnell"; VariantName = "[No Variations]"
Change component parameters (AddParameter): Name = "kataloški broj"; Value = "1160154"; VariantName = "[No Variations]"
Change component parameters (AddParameter): Name = "opis komponente"; Value = "Resistor 2K"; VariantName = "[No Variations]"
Change component parameters (AddParameter): Name = "Value"; Value = "2K"; VariantName = "[No Variations]"
Change component parameters (AddParameter): Name = "cijena (funte)"; Value = "0.177"; VariantName = "[No Variations]"
Change component parameters (AddParameter): Name = "dobavljaè"; Value = "Farnell"; VariantName = "[No Variations]"
Change component parameters (AddParameter): Name = "kataloški broj"; Value = "	1653280RL"; VariantName = "[No Variations]"
Change component parameters (AddParameter): Name = "opis komponente"; Value = "Resistor 1K  0.1%"; VariantName = "[No Variations]"
Change component parameters (AddParameter): Name = "Value"; Value = "1K"; VariantName = "[No Variations]"
Change component parameters. Clean all parameters for all variants
Change component parameters (AddParameter): Name = "cijena (funte)"; Value = "0.177"; VariantName = "[No Variations]"
Change component parameters (AddParameter): Name = "dobavljaè"; Value = "Farnell"; VariantName = "[No Variations]"
Change component parameters (AddParameter): Name = "kataloški broj"; Value = "	1653280RL"; VariantName = "[No Variations]"
Change component parameters (AddParameter): Name = "opis komponente"; Value = "Resistor 1K  0.1%"; VariantName = "[No Variations]"
Change component parameters (AddParameter): Name = "Value"; Value = "1K"; VariantName = "[No Variations]"
Change component parameters (AddParameter): Name = "cijena (funte)"; Value = "0.0323"; VariantName = "[No Variations]"
Change component parameters (AddParameter): Name = "dobavljaè"; Value = "Farnell"; VariantName = "[No Variations]"
Change component parameters (AddParameter): Name = "kataloški broj"; Value = "1414685"; VariantName = "[No Variations]"
Change component parameters (AddParameter): Name = "opis komponente"; Value = "Capacitor 33pF "; VariantName = "[No Variations]"
Change component parameters (AddParameter): Name = "Value"; Value = "33pF"; VariantName = "[No Variations]"
Change component parameters. Clean all parameters for all variants
Change component parameters (AddParameter): Name = "cijena (funte)"; Value = "0.0323"; VariantName = "[No Variations]"
Change component parameters (AddParameter): Name = "dobavljaè"; Value = "Farnell"; VariantName = "[No Variations]"
Change component parameters (AddParameter): Name = "kataloški broj"; Value = "1414685"; VariantName = "[No Variations]"
Change component parameters (AddParameter): Name = "opis komponente"; Value = "Capacitor 33pF "; VariantName = "[No Variations]"
Change component parameters (AddParameter): Name = "Value"; Value = "33pF"; VariantName = "[No Variations]"
Change component parameters (AddParameter): Name = "cijena (funte)"; Value = ""; VariantName = "[No Variations]"
Change component parameters (AddParameter): Name = "dobavljaè"; Value = ""; VariantName = "[No Variations]"
Change component parameters (AddParameter): Name = "kataloški broj"; Value = ""; VariantName = "[No Variations]"
Change component parameters (AddParameter): Name = "opis komponente"; Value = "testpoint"; VariantName = "[No Variations]"
Change component parameters (AddParameter): Name = "Value"; Value = ""; VariantName = "[No Variations]"
Change component parameters. Clean all parameters for all variants
Change component parameters (AddParameter): Name = "cijena (funte)"; Value = ""; VariantName = "[No Variations]"
Change component parameters (AddParameter): Name = "dobavljaè"; Value = ""; VariantName = "[No Variations]"
Change component parameters (AddParameter): Name = "kataloški broj"; Value = ""; VariantName = "[No Variations]"
Change component parameters (AddParameter): Name = "opis komponente"; Value = "testpoint"; VariantName = "[No Variations]"
Change component parameters (AddParameter): Name = "Value"; Value = ""; VariantName = "[No Variations]"
Change component parameters (AddParameter): Name = "cijena (funte)"; Value = ""; VariantName = "[No Variations]"
Change component parameters (AddParameter): Name = "dobavljaè"; Value = ""; VariantName = "[No Variations]"
Change component parameters (AddParameter): Name = "kataloški broj"; Value = ""; VariantName = "[No Variations]"
Change component parameters (AddParameter): Name = "opis komponente"; Value = "testpoint"; VariantName = "[No Variations]"
Change component parameters (AddParameter): Name = "Value"; Value = ""; VariantName = "[No Variations]"
Change component parameters. Clean all parameters for all variants
Change component parameters (AddParameter): Name = "cijena (funte)"; Value = ""; VariantName = "[No Variations]"
Change component parameters (AddParameter): Name = "dobavljaè"; Value = ""; VariantName = "[No Variations]"
Change component parameters (AddParameter): Name = "kataloški broj"; Value = ""; VariantName = "[No Variations]"
Change component parameters (AddParameter): Name = "opis komponente"; Value = "testpoint"; VariantName = "[No Variations]"
Change component parameters (AddParameter): Name = "Value"; Value = ""; VariantName = "[No Variations]"
Change component parameters (AddParameter): Name = "cijena (funte)"; Value = ""; VariantName = "[No Variations]"
Change component parameters (AddParameter): Name = "dobavljaè"; Value = ""; VariantName = "[No Variations]"
Change component parameters (AddParameter): Name = "kataloški broj"; Value = ""; VariantName = "[No Variations]"
Change component parameters (AddParameter): Name = "opis komponente"; Value = "testpoint"; VariantName = "[No Variations]"
Change component parameters (AddParameter): Name = "Value"; Value = ""; VariantName = "[No Variations]"
Change component parameters. Clean all parameters for all variants
Change component parameters (AddParameter): Name = "cijena (funte)"; Value = ""; VariantName = "[No Variations]"
Change component parameters (AddParameter): Name = "dobavljaè"; Value = ""; VariantName = "[No Variations]"
Change component parameters (AddParameter): Name = "kataloški broj"; Value = ""; VariantName = "[No Variations]"
Change component parameters (AddParameter): Name = "opis komponente"; Value = "testpoint"; VariantName = "[No Variations]"
Change component parameters (AddParameter): Name = "Value"; Value = ""; VariantName = "[No Variations]"
Change component parameters (AddParameter): Name = "cijena (funte)"; Value = ""; VariantName = "[No Variations]"
Change component parameters (AddParameter): Name = "dobavljaè"; Value = ""; VariantName = "[No Variations]"
Change component parameters (AddParameter): Name = "kataloški broj"; Value = ""; VariantName = "[No Variations]"
Change component parameters (AddParameter): Name = "opis komponente"; Value = "testpoint"; VariantName = "[No Variations]"
Change component parameters (AddParameter): Name = "Value"; Value = ""; VariantName = "[No Variations]"
Change component parameters. Clean all parameters for all variants
Change component parameters (AddParameter): Name = "cijena (funte)"; Value = ""; VariantName = "[No Variations]"
Change component parameters (AddParameter): Name = "dobavljaè"; Value = ""; VariantName = "[No Variations]"
Change component parameters (AddParameter): Name = "kataloški broj"; Value = ""; VariantName = "[No Variations]"
Change component parameters (AddParameter): Name = "opis komponente"; Value = "testpoint"; VariantName = "[No Variations]"
Change component parameters (AddParameter): Name = "Value"; Value = ""; VariantName = "[No Variations]"
Change component parameters (AddParameter): Name = "cijena (funte)"; Value = ""; VariantName = "[No Variations]"
Change component parameters (AddParameter): Name = "dobavljaè"; Value = ""; VariantName = "[No Variations]"
Change component parameters (AddParameter): Name = "kataloški broj"; Value = ""; VariantName = "[No Variations]"
Change component parameters (AddParameter): Name = "opis komponente"; Value = "testpoint"; VariantName = "[No Variations]"
Change component parameters (AddParameter): Name = "Value"; Value = ""; VariantName = "[No Variations]"
Change component parameters. Clean all parameters for all variants
Change component parameters (AddParameter): Name = "cijena (funte)"; Value = ""; VariantName = "[No Variations]"
Change component parameters (AddParameter): Name = "dobavljaè"; Value = ""; VariantName = "[No Variations]"
Change component parameters (AddParameter): Name = "kataloški broj"; Value = ""; VariantName = "[No Variations]"
Change component parameters (AddParameter): Name = "opis komponente"; Value = "testpoint"; VariantName = "[No Variations]"
Change component parameters (AddParameter): Name = "Value"; Value = ""; VariantName = "[No Variations]"
Change component parameters (AddParameter): Name = "cijena (funte)"; Value = ""; VariantName = "[No Variations]"
Change component parameters (AddParameter): Name = "dobavljaè"; Value = ""; VariantName = "[No Variations]"
Change component parameters (AddParameter): Name = "kataloški broj"; Value = ""; VariantName = "[No Variations]"
Change component parameters (AddParameter): Name = "opis komponente"; Value = ""; VariantName = "[No Variations]"
Change component parameters (AddParameter): Name = "Value"; Value = ""; VariantName = "[No Variations]"
Change component parameters. Clean all parameters for all variants
Change component parameters (AddParameter): Name = "cijena (funte)"; Value = ""; VariantName = "[No Variations]"
Change component parameters (AddParameter): Name = "dobavljaè"; Value = ""; VariantName = "[No Variations]"
Change component parameters (AddParameter): Name = "kataloški broj"; Value = ""; VariantName = "[No Variations]"
Change component parameters (AddParameter): Name = "opis komponente"; Value = ""; VariantName = "[No Variations]"
Change component parameters (AddParameter): Name = "Value"; Value = ""; VariantName = "[No Variations]"
Change component parameters (AddParameter): Name = "cijena (funte)"; Value = ""; VariantName = "[No Variations]"
Change component parameters (AddParameter): Name = "dobavljaè"; Value = ""; VariantName = "[No Variations]"
Change component parameters (AddParameter): Name = "kataloški broj"; Value = ""; VariantName = "[No Variations]"
Change component parameters (AddParameter): Name = "opis komponente"; Value = ""; VariantName = "[No Variations]"
Change component parameters (AddParameter): Name = "Value"; Value = ""; VariantName = "[No Variations]"
Change component parameters. Clean all parameters for all variants
Change component parameters (AddParameter): Name = "cijena (funte)"; Value = ""; VariantName = "[No Variations]"
Change component parameters (AddParameter): Name = "dobavljaè"; Value = ""; VariantName = "[No Variations]"
Change component parameters (AddParameter): Name = "kataloški broj"; Value = ""; VariantName = "[No Variations]"
Change component parameters (AddParameter): Name = "opis komponente"; Value = ""; VariantName = "[No Variations]"
Change component parameters (AddParameter): Name = "Value"; Value = ""; VariantName = "[No Variations]"
Change component parameters (AddParameter): Name = "cijena (funte)"; Value = ""; VariantName = "[No Variations]"
Change component parameters (AddParameter): Name = "dobavljaè"; Value = ""; VariantName = "[No Variations]"
Change component parameters (AddParameter): Name = "kataloški broj"; Value = ""; VariantName = "[No Variations]"
Change component parameters (AddParameter): Name = "opis komponente"; Value = ""; VariantName = "[No Variations]"
Change component parameters (AddParameter): Name = "Value"; Value = ""; VariantName = "[No Variations]"
Change component parameters. Clean all parameters for all variants
Change component parameters (AddParameter): Name = "cijena (funte)"; Value = ""; VariantName = "[No Variations]"
Change component parameters (AddParameter): Name = "dobavljaè"; Value = ""; VariantName = "[No Variations]"
Change component parameters (AddParameter): Name = "kataloški broj"; Value = ""; VariantName = "[No Variations]"
Change component parameters (AddParameter): Name = "opis komponente"; Value = ""; VariantName = "[No Variations]"
Change component parameters (AddParameter): Name = "Value"; Value = ""; VariantName = "[No Variations]"
Change component parameters (AddParameter): Name = "cijena (funte)"; Value = ""; VariantName = "[No Variations]"
Change component parameters (AddParameter): Name = "dobavljaè"; Value = ""; VariantName = "[No Variations]"
Change component parameters (AddParameter): Name = "kataloški broj"; Value = ""; VariantName = "[No Variations]"
Change component parameters (AddParameter): Name = "opis komponente"; Value = "testpoint"; VariantName = "[No Variations]"
Change component parameters (AddParameter): Name = "Value"; Value = ""; VariantName = "[No Variations]"
Change component parameters. Clean all parameters for all variants
Change component parameters (AddParameter): Name = "cijena (funte)"; Value = ""; VariantName = "[No Variations]"
Change component parameters (AddParameter): Name = "dobavljaè"; Value = ""; VariantName = "[No Variations]"
Change component parameters (AddParameter): Name = "kataloški broj"; Value = ""; VariantName = "[No Variations]"
Change component parameters (AddParameter): Name = "opis komponente"; Value = "testpoint"; VariantName = "[No Variations]"
Change component parameters (AddParameter): Name = "Value"; Value = ""; VariantName = "[No Variations]"
Change component parameters (AddParameter): Name = "cijena (funte)"; Value = ""; VariantName = "[No Variations]"
Change component parameters (AddParameter): Name = "dobavljaè"; Value = ""; VariantName = "[No Variations]"
Change component parameters (AddParameter): Name = "kataloški broj"; Value = ""; VariantName = "[No Variations]"
Change component parameters (AddParameter): Name = "opis komponente"; Value = "testpoint"; VariantName = "[No Variations]"
Change component parameters (AddParameter): Name = "Value"; Value = ""; VariantName = "[No Variations]"
Change component parameters. Clean all parameters for all variants
Change component parameters (AddParameter): Name = "cijena (funte)"; Value = ""; VariantName = "[No Variations]"
Change component parameters (AddParameter): Name = "dobavljaè"; Value = ""; VariantName = "[No Variations]"
Change component parameters (AddParameter): Name = "kataloški broj"; Value = ""; VariantName = "[No Variations]"
Change component parameters (AddParameter): Name = "opis komponente"; Value = "testpoint"; VariantName = "[No Variations]"
Change component parameters (AddParameter): Name = "Value"; Value = ""; VariantName = "[No Variations]"
Change component parameters (AddParameter): Name = "cijena (funte)"; Value = ""; VariantName = "[No Variations]"
Change component parameters (AddParameter): Name = "dobavljaè"; Value = ""; VariantName = "[No Variations]"
Change component parameters (AddParameter): Name = "kataloški broj"; Value = ""; VariantName = "[No Variations]"
Change component parameters (AddParameter): Name = "opis komponente"; Value = "testpoint"; VariantName = "[No Variations]"
Change component parameters (AddParameter): Name = "Value"; Value = ""; VariantName = "[No Variations]"
Change component parameters. Clean all parameters for all variants
Change component parameters (AddParameter): Name = "cijena (funte)"; Value = ""; VariantName = "[No Variations]"
Change component parameters (AddParameter): Name = "dobavljaè"; Value = ""; VariantName = "[No Variations]"
Change component parameters (AddParameter): Name = "kataloški broj"; Value = ""; VariantName = "[No Variations]"
Change component parameters (AddParameter): Name = "opis komponente"; Value = "testpoint"; VariantName = "[No Variations]"
Change component parameters (AddParameter): Name = "Value"; Value = ""; VariantName = "[No Variations]"
Change component parameters (AddParameter): Name = "cijena (funte)"; Value = ""; VariantName = "[No Variations]"
Change component parameters (AddParameter): Name = "dobavljaè"; Value = ""; VariantName = "[No Variations]"
Change component parameters (AddParameter): Name = "kataloški broj"; Value = ""; VariantName = "[No Variations]"
Change component parameters (AddParameter): Name = "opis komponente"; Value = "testpoint"; VariantName = "[No Variations]"
Change component parameters (AddParameter): Name = "Value"; Value = ""; VariantName = "[No Variations]"
Change component parameters. Clean all parameters for all variants
Change component parameters (AddParameter): Name = "cijena (funte)"; Value = ""; VariantName = "[No Variations]"
Change component parameters (AddParameter): Name = "dobavljaè"; Value = ""; VariantName = "[No Variations]"
Change component parameters (AddParameter): Name = "kataloški broj"; Value = ""; VariantName = "[No Variations]"
Change component parameters (AddParameter): Name = "opis komponente"; Value = "testpoint"; VariantName = "[No Variations]"
Change component parameters (AddParameter): Name = "Value"; Value = ""; VariantName = "[No Variations]"
Change component parameters (AddParameter): Name = "cijena (funte)"; Value = ""; VariantName = "[No Variations]"
Change component parameters (AddParameter): Name = "dobavljaè"; Value = ""; VariantName = "[No Variations]"
Change component parameters (AddParameter): Name = "kataloški broj"; Value = ""; VariantName = "[No Variations]"
Change component parameters (AddParameter): Name = "opis komponente"; Value = "testpoint"; VariantName = "[No Variations]"
Change component parameters (AddParameter): Name = "Value"; Value = ""; VariantName = "[No Variations]"
Change component parameters. Clean all parameters for all variants
Change component parameters (AddParameter): Name = "cijena (funte)"; Value = ""; VariantName = "[No Variations]"
Change component parameters (AddParameter): Name = "dobavljaè"; Value = ""; VariantName = "[No Variations]"
Change component parameters (AddParameter): Name = "kataloški broj"; Value = ""; VariantName = "[No Variations]"
Change component parameters (AddParameter): Name = "opis komponente"; Value = "testpoint"; VariantName = "[No Variations]"
Change component parameters (AddParameter): Name = "Value"; Value = ""; VariantName = "[No Variations]"
Change component parameters (AddParameter): Name = "cijena (funte)"; Value = ""; VariantName = "[No Variations]"
Change component parameters (AddParameter): Name = "dobavljaè"; Value = ""; VariantName = "[No Variations]"
Change component parameters (AddParameter): Name = "kataloški broj"; Value = ""; VariantName = "[No Variations]"
Change component parameters (AddParameter): Name = "opis komponente"; Value = "testpoint"; VariantName = "[No Variations]"
Change component parameters (AddParameter): Name = "Value"; Value = ""; VariantName = "[No Variations]"
Change component parameters. Clean all parameters for all variants
Change component parameters (AddParameter): Name = "cijena (funte)"; Value = ""; VariantName = "[No Variations]"
Change component parameters (AddParameter): Name = "dobavljaè"; Value = ""; VariantName = "[No Variations]"
Change component parameters (AddParameter): Name = "kataloški broj"; Value = ""; VariantName = "[No Variations]"
Change component parameters (AddParameter): Name = "opis komponente"; Value = "testpoint"; VariantName = "[No Variations]"
Change component parameters (AddParameter): Name = "Value"; Value = ""; VariantName = "[No Variations]"
Change component parameters (AddParameter): Name = "cijena (funte)"; Value = ""; VariantName = "[No Variations]"
Change component parameters (AddParameter): Name = "dobavljaè"; Value = ""; VariantName = "[No Variations]"
Change component parameters (AddParameter): Name = "kataloški broj"; Value = ""; VariantName = "[No Variations]"
Change component parameters (AddParameter): Name = "opis komponente"; Value = "testpoint"; VariantName = "[No Variations]"
Change component parameters (AddParameter): Name = "Value"; Value = ""; VariantName = "[No Variations]"
Change component parameters. Clean all parameters for all variants
Change component parameters (AddParameter): Name = "cijena (funte)"; Value = ""; VariantName = "[No Variations]"
Change component parameters (AddParameter): Name = "dobavljaè"; Value = ""; VariantName = "[No Variations]"
Change component parameters (AddParameter): Name = "kataloški broj"; Value = ""; VariantName = "[No Variations]"
Change component parameters (AddParameter): Name = "opis komponente"; Value = "testpoint"; VariantName = "[No Variations]"
Change component parameters (AddParameter): Name = "Value"; Value = ""; VariantName = "[No Variations]"
Change component parameters (AddParameter): Name = "cijena (funte)"; Value = ""; VariantName = "[No Variations]"
Change component parameters (AddParameter): Name = "dobavljaè"; Value = ""; VariantName = "[No Variations]"
Change component parameters (AddParameter): Name = "kataloški broj"; Value = ""; VariantName = "[No Variations]"
Change component parameters (AddParameter): Name = "opis komponente"; Value = "testpoint"; VariantName = "[No Variations]"
Change component parameters (AddParameter): Name = "Value"; Value = ""; VariantName = "[No Variations]"
Change component parameters. Clean all parameters for all variants
Change component parameters (AddParameter): Name = "cijena (funte)"; Value = ""; VariantName = "[No Variations]"
Change component parameters (AddParameter): Name = "dobavljaè"; Value = ""; VariantName = "[No Variations]"
Change component parameters (AddParameter): Name = "kataloški broj"; Value = ""; VariantName = "[No Variations]"
Change component parameters (AddParameter): Name = "opis komponente"; Value = "testpoint"; VariantName = "[No Variations]"
Change component parameters (AddParameter): Name = "Value"; Value = ""; VariantName = "[No Variations]"
Change component parameters (AddParameter): Name = "cijena (funte)"; Value = ""; VariantName = "[No Variations]"
Change component parameters (AddParameter): Name = "dobavljaè"; Value = ""; VariantName = "[No Variations]"
Change component parameters (AddParameter): Name = "kataloški broj"; Value = ""; VariantName = "[No Variations]"
Change component parameters (AddParameter): Name = "opis komponente"; Value = "testpoint"; VariantName = "[No Variations]"
Change component parameters (AddParameter): Name = "Value"; Value = ""; VariantName = "[No Variations]"
Change component parameters. Clean all parameters for all variants
Change component parameters (AddParameter): Name = "cijena (funte)"; Value = ""; VariantName = "[No Variations]"
Change component parameters (AddParameter): Name = "dobavljaè"; Value = ""; VariantName = "[No Variations]"
Change component parameters (AddParameter): Name = "kataloški broj"; Value = ""; VariantName = "[No Variations]"
Change component parameters (AddParameter): Name = "opis komponente"; Value = "testpoint"; VariantName = "[No Variations]"
Change component parameters (AddParameter): Name = "Value"; Value = ""; VariantName = "[No Variations]"
Change component parameters (AddParameter): Name = "cijena (funte)"; Value = ""; VariantName = "[No Variations]"
Change component parameters (AddParameter): Name = "dobavljaè"; Value = ""; VariantName = "[No Variations]"
Change component parameters (AddParameter): Name = "kataloški broj"; Value = ""; VariantName = "[No Variations]"
Change component parameters (AddParameter): Name = "opis komponente"; Value = "testpoint"; VariantName = "[No Variations]"
Change component parameters (AddParameter): Name = "Value"; Value = ""; VariantName = "[No Variations]"
Change component parameters. Clean all parameters for all variants
Change component parameters (AddParameter): Name = "cijena (funte)"; Value = ""; VariantName = "[No Variations]"
Change component parameters (AddParameter): Name = "dobavljaè"; Value = ""; VariantName = "[No Variations]"
Change component parameters (AddParameter): Name = "kataloški broj"; Value = ""; VariantName = "[No Variations]"
Change component parameters (AddParameter): Name = "opis komponente"; Value = "testpoint"; VariantName = "[No Variations]"
Change component parameters (AddParameter): Name = "Value"; Value = ""; VariantName = "[No Variations]"
