Add component (AddParameter): Name = "cijena (funte)"; Value = "0.371"; VariantName = "[No Variations]"
Add component (AddParameter): Name = "dobavljaè"; Value = "Farnell"; VariantName = "[No Variations]"
Add component (AddParameter): Name = "kataloški broj"; Value = "2319645"; VariantName = "[No Variations]"
Add component (AddParameter): Name = "opis komponente"; Value = "Boost(Step Up) Regulator 12.5V"; VariantName = "[No Variations]"
Add component (AddParameter): Name = "Value"; Value = ""; VariantName = "[No Variations]"
Added Component: Designator=D5(ESOP8_12.5V)
Add component. Clean all parameters for all variants
Add component (AddParameter): Name = "cijena (funte)"; Value = "0.371"; VariantName = "[No Variations]"
Add component (AddParameter): Name = "dobavljaè"; Value = "Farnell"; VariantName = "[No Variations]"
Add component (AddParameter): Name = "kataloški broj"; Value = "2319645"; VariantName = "[No Variations]"
Add component (AddParameter): Name = "opis komponente"; Value = "Boost(Step Up) Regulator 12.5V"; VariantName = "[No Variations]"
Add component (AddParameter): Name = "Value"; Value = ""; VariantName = "[No Variations]"
Added Pin To Net: NetName=NetD5_1 Pin=D5-1
Added Pin To Net: NetName=BAT+ Pin=D5-2
Added Pin To Net: NetName=NetD5_3 Pin=D5-3
Added Pin To Net: NetName=NetC38_2 Pin=D5-4
Added Pin To Net: NetName=NetD5_5 Pin=D5-5
Added Pin To Net: NetName=NetD5_5 Pin=D5-6
Added Pin To Net: NetName=NetC33_1 Pin=D5-7
Added Pin To Net: NetName=GND Pin=D5-8
Added Member To Class: ClassName=Integrirane_komponente Member=Component D5 APE1911-HF-3
