Add component (AddParameter): Name = "cijena (funte)"; Value = "0.141"; VariantName = "[No Variations]"
Add component (AddParameter): Name = "dobavljaè"; Value = "Farnell"; VariantName = "[No Variations]"
Add component (AddParameter): Name = "kataloški broj"; Value = "1856515"; VariantName = "[No Variations]"
Add component (AddParameter): Name = "opis komponente"; Value = "Capacitor 100nF"; VariantName = "[No Variations]"
Add component (AddParameter): Name = "Value"; Value = "100nF"; VariantName = "[No Variations]"
Added Component: Designator=C33(C0805)
Add component. Clean all parameters for all variants
Add component (AddParameter): Name = "cijena (funte)"; Value = "0.141"; VariantName = "[No Variations]"
Add component (AddParameter): Name = "dobavljaè"; Value = "Farnell"; VariantName = "[No Variations]"
Add component (AddParameter): Name = "kataloški broj"; Value = "1856515"; VariantName = "[No Variations]"
Add component (AddParameter): Name = "opis komponente"; Value = "Capacitor 100nF"; VariantName = "[No Variations]"
Add component (AddParameter): Name = "Value"; Value = "100nF"; VariantName = "[No Variations]"
Add component (AddParameter): Name = "cijena (funte)"; Value = "-"; VariantName = "[No Variations]"
Add component (AddParameter): Name = "dobavljaè"; Value = "Farnell"; VariantName = "[No Variations]"
Add component (AddParameter): Name = "kataloški broj"; Value = "2320931"; VariantName = "[No Variations]"
Add component (AddParameter): Name = "opis komponente"; Value = "Capacitor 100nF"; VariantName = "[No Variations]"
Add component (AddParameter): Name = "Value"; Value = "10uF"; VariantName = "[No Variations]"
Added Component: Designator=C34(C1210_L)
Add component. Clean all parameters for all variants
Add component (AddParameter): Name = "cijena (funte)"; Value = "-"; VariantName = "[No Variations]"
Add component (AddParameter): Name = "dobavljaè"; Value = "Farnell"; VariantName = "[No Variations]"
Add component (AddParameter): Name = "kataloški broj"; Value = "2320931"; VariantName = "[No Variations]"
Add component (AddParameter): Name = "opis komponente"; Value = "Capacitor 100nF"; VariantName = "[No Variations]"
Add component (AddParameter): Name = "Value"; Value = "10uF"; VariantName = "[No Variations]"
Add component (AddParameter): Name = "cijena (funte)"; Value = "0.141"; VariantName = "[No Variations]"
Add component (AddParameter): Name = "dobavljaè"; Value = "Farnell"; VariantName = "[No Variations]"
Add component (AddParameter): Name = "kataloški broj"; Value = "1856515"; VariantName = "[No Variations]"
Add component (AddParameter): Name = "opis komponente"; Value = "Capacitor 100nF"; VariantName = "[No Variations]"
Add component (AddParameter): Name = "Value"; Value = "100nF"; VariantName = "[No Variations]"
Added Component: Designator=C36(C0805)
Add component. Clean all parameters for all variants
Add component (AddParameter): Name = "cijena (funte)"; Value = "0.141"; VariantName = "[No Variations]"
Add component (AddParameter): Name = "dobavljaè"; Value = "Farnell"; VariantName = "[No Variations]"
Add component (AddParameter): Name = "kataloški broj"; Value = "1856515"; VariantName = "[No Variations]"
Add component (AddParameter): Name = "opis komponente"; Value = "Capacitor 100nF"; VariantName = "[No Variations]"
Add component (AddParameter): Name = "Value"; Value = "100nF"; VariantName = "[No Variations]"
Add component (AddParameter): Name = "cijena (funte)"; Value = "0.302"; VariantName = "[No Variations]"
Add component (AddParameter): Name = "dobavljaè"; Value = "Farnell"; VariantName = "[No Variations]"
Add component (AddParameter): Name = "kataloški broj"; Value = "2320942"; VariantName = "[No Variations]"
Add component (AddParameter): Name = "opis komponente"; Value = "Capacitor 0.47uF"; VariantName = "[No Variations]"
Add component (AddParameter): Name = "Value"; Value = "0.47uF"; VariantName = "[No Variations]"
Added Component: Designator=C37(C1210_L)
Add component. Clean all parameters for all variants
Add component (AddParameter): Name = "cijena (funte)"; Value = "0.302"; VariantName = "[No Variations]"
Add component (AddParameter): Name = "dobavljaè"; Value = "Farnell"; VariantName = "[No Variations]"
Add component (AddParameter): Name = "kataloški broj"; Value = "2320942"; VariantName = "[No Variations]"
Add component (AddParameter): Name = "opis komponente"; Value = "Capacitor 0.47uF"; VariantName = "[No Variations]"
Add component (AddParameter): Name = "Value"; Value = "0.47uF"; VariantName = "[No Variations]"
Add component (AddParameter): Name = "cijena (funte)"; Value = "0.302"; VariantName = "[No Variations]"
Add component (AddParameter): Name = "dobavljaè"; Value = "Farnell"; VariantName = "[No Variations]"
Add component (AddParameter): Name = "kataloški broj"; Value = "2320942"; VariantName = "[No Variations]"
Add component (AddParameter): Name = "opis komponente"; Value = "Capacitor 0.47uF"; VariantName = "[No Variations]"
Add component (AddParameter): Name = "Value"; Value = "0.47uF"; VariantName = "[No Variations]"
Added Component: Designator=C38(C1210_L)
Add component. Clean all parameters for all variants
Add component (AddParameter): Name = "cijena (funte)"; Value = "0.302"; VariantName = "[No Variations]"
Add component (AddParameter): Name = "dobavljaè"; Value = "Farnell"; VariantName = "[No Variations]"
Add component (AddParameter): Name = "kataloški broj"; Value = "2320942"; VariantName = "[No Variations]"
Add component (AddParameter): Name = "opis komponente"; Value = "Capacitor 0.47uF"; VariantName = "[No Variations]"
Add component (AddParameter): Name = "Value"; Value = "0.47uF"; VariantName = "[No Variations]"
Add component (AddParameter): Name = "cijena (funte)"; Value = "0.61"; VariantName = "[No Variations]"
Add component (AddParameter): Name = "dobavljaè"; Value = "Farnell"; VariantName = "[No Variations]"
Add component (AddParameter): Name = "kataloški broj"; Value = "2346932"; VariantName = "[No Variations]"
Add component (AddParameter): Name = "opis komponente"; Value = "Capacitor 4.7uF"; VariantName = "[No Variations]"
Add component (AddParameter): Name = "Value"; Value = "4.7uF"; VariantName = "[No Variations]"
Added Component: Designator=C39(C0805)
Add component. Clean all parameters for all variants
Add component (AddParameter): Name = "cijena (funte)"; Value = "0.61"; VariantName = "[No Variations]"
Add component (AddParameter): Name = "dobavljaè"; Value = "Farnell"; VariantName = "[No Variations]"
Add component (AddParameter): Name = "kataloški broj"; Value = "2346932"; VariantName = "[No Variations]"
Add component (AddParameter): Name = "opis komponente"; Value = "Capacitor 4.7uF"; VariantName = "[No Variations]"
Add component (AddParameter): Name = "Value"; Value = "4.7uF"; VariantName = "[No Variations]"
Add component (AddParameter): Name = "cijena (funte)"; Value = "0.619"; VariantName = "[No Variations]"
Add component (AddParameter): Name = "dobavljaè"; Value = "Farnell"; VariantName = "[No Variations]"
Add component (AddParameter): Name = "kataloški broj"; Value = "1539457"; VariantName = "[No Variations]"
Add component (AddParameter): Name = "opis komponente"; Value = "Electrolytic Capacitor"; VariantName = "[No Variations]"
Add component (AddParameter): Name = "Value"; Value = "470uF"; VariantName = "[No Variations]"
Added Component: Designator=C108(SMD_CAP_RAD_8X10.2)
Add component. Clean all parameters for all variants
Add component (AddParameter): Name = "cijena (funte)"; Value = "0.619"; VariantName = "[No Variations]"
Add component (AddParameter): Name = "dobavljaè"; Value = "Farnell"; VariantName = "[No Variations]"
Add component (AddParameter): Name = "kataloški broj"; Value = "1539457"; VariantName = "[No Variations]"
Add component (AddParameter): Name = "opis komponente"; Value = "Electrolytic Capacitor"; VariantName = "[No Variations]"
Add component (AddParameter): Name = "Value"; Value = "470uF"; VariantName = "[No Variations]"
Add component (AddParameter): Name = "cijena (funte)"; Value = "0.619"; VariantName = "[No Variations]"
Add component (AddParameter): Name = "dobavljaè"; Value = "Farnell"; VariantName = "[No Variations]"
Add component (AddParameter): Name = "kataloški broj"; Value = "9696032"; VariantName = "[No Variations]"
Add component (AddParameter): Name = "opis komponente"; Value = "Electrolytic Capacitor"; VariantName = "[No Variations]"
Add component (AddParameter): Name = "Value"; Value = "47uF"; VariantName = "[No Variations]"
Added Component: Designator=C109(SMD_CAP_RAD_8X10.2)
Add component. Clean all parameters for all variants
Add component (AddParameter): Name = "cijena (funte)"; Value = "0.619"; VariantName = "[No Variations]"
Add component (AddParameter): Name = "dobavljaè"; Value = "Farnell"; VariantName = "[No Variations]"
Add component (AddParameter): Name = "kataloški broj"; Value = "9696032"; VariantName = "[No Variations]"
Add component (AddParameter): Name = "opis komponente"; Value = "Electrolytic Capacitor"; VariantName = "[No Variations]"
Add component (AddParameter): Name = "Value"; Value = "47uF"; VariantName = "[No Variations]"
Add component (AddParameter): Name = "cijena (funte)"; Value = "0.371"; VariantName = "[No Variations]"
Add component (AddParameter): Name = "dobavljaè"; Value = "Farnell"; VariantName = "[No Variations]"
Add component (AddParameter): Name = "kataloški broj"; Value = "2319645"; VariantName = "[No Variations]"
Add component (AddParameter): Name = "opis komponente"; Value = "Boost(Step Up) Regulator 12.5V"; VariantName = "[No Variations]"
Add component (AddParameter): Name = "Value"; Value = ""; VariantName = "[No Variations]"
Added Component: Designator=D5(ESOP8_12.5V)
Add component. Clean all parameters for all variants
Add component (AddParameter): Name = "cijena (funte)"; Value = "0.371"; VariantName = "[No Variations]"
Add component (AddParameter): Name = "dobavljaè"; Value = "Farnell"; VariantName = "[No Variations]"
Add component (AddParameter): Name = "kataloški broj"; Value = "2319645"; VariantName = "[No Variations]"
Add component (AddParameter): Name = "opis komponente"; Value = "Boost(Step Up) Regulator 12.5V"; VariantName = "[No Variations]"
Add component (AddParameter): Name = "Value"; Value = ""; VariantName = "[No Variations]"
Add component (AddParameter): Name = "cijena (funte)"; Value = "0.412"; VariantName = "[No Variations]"
Add component (AddParameter): Name = "dobavljaè"; Value = "Farnell"; VariantName = "[No Variations]"
Add component (AddParameter): Name = "kataloški broj"; Value = "2061654"; VariantName = "[No Variations]"
Add component (AddParameter): Name = "opis komponente"; Value = "Inductor 22uH"; VariantName = "[No Variations]"
Add component (AddParameter): Name = "Value"; Value = "22uH"; VariantName = "[No Variations]"
Added Component: Designator=L2(inductor_22uH)
Add component. Clean all parameters for all variants
Add component (AddParameter): Name = "cijena (funte)"; Value = "0.412"; VariantName = "[No Variations]"
Add component (AddParameter): Name = "dobavljaè"; Value = "Farnell"; VariantName = "[No Variations]"
Add component (AddParameter): Name = "kataloški broj"; Value = "2061654"; VariantName = "[No Variations]"
Add component (AddParameter): Name = "opis komponente"; Value = "Inductor 22uH"; VariantName = "[No Variations]"
Add component (AddParameter): Name = "Value"; Value = "22uH"; VariantName = "[No Variations]"
Add component (AddParameter): Name = "cijena (funte)"; Value = "0.006"; VariantName = "[No Variations]"
Add component (AddParameter): Name = "dobavljaè"; Value = "Farnell"; VariantName = "[No Variations]"
Add component (AddParameter): Name = "kataloški broj"; Value = "2447551"; VariantName = "[No Variations]"
Add component (AddParameter): Name = "opis komponente"; Value = "Resistor 100K"; VariantName = "[No Variations]"
Add component (AddParameter): Name = "Value"; Value = "100K"; VariantName = "[No Variations]"
Added Component: Designator=R78(C0805)
Add component. Clean all parameters for all variants
Add component (AddParameter): Name = "cijena (funte)"; Value = "0.006"; VariantName = "[No Variations]"
Add component (AddParameter): Name = "dobavljaè"; Value = "Farnell"; VariantName = "[No Variations]"
Add component (AddParameter): Name = "kataloški broj"; Value = "2447551"; VariantName = "[No Variations]"
Add component (AddParameter): Name = "opis komponente"; Value = "Resistor 100K"; VariantName = "[No Variations]"
Add component (AddParameter): Name = "Value"; Value = "100K"; VariantName = "[No Variations]"
Add component (AddParameter): Name = "cijena (funte)"; Value = "0.27"; VariantName = "[No Variations]"
Add component (AddParameter): Name = "dobavljaè"; Value = "Farnell"; VariantName = "[No Variations]"
Add component (AddParameter): Name = "kataloški broj"; Value = "9369856"; VariantName = "[No Variations]"
Add component (AddParameter): Name = "opis komponente"; Value = "Resistor 11.5K 0.1%"; VariantName = "[No Variations]"
Add component (AddParameter): Name = "Value"; Value = "11.5K"; VariantName = "[No Variations]"
Added Component: Designator=R79(C0805)
Add component. Clean all parameters for all variants
Add component (AddParameter): Name = "cijena (funte)"; Value = "0.27"; VariantName = "[No Variations]"
Add component (AddParameter): Name = "dobavljaè"; Value = "Farnell"; VariantName = "[No Variations]"
Add component (AddParameter): Name = "kataloški broj"; Value = "9369856"; VariantName = "[No Variations]"
Add component (AddParameter): Name = "opis komponente"; Value = "Resistor 11.5K 0.1%"; VariantName = "[No Variations]"
Add component (AddParameter): Name = "Value"; Value = "11.5K"; VariantName = "[No Variations]"
Add component (AddParameter): Name = "cijena (funte)"; Value = "1.08"; VariantName = "[No Variations]"
Add component (AddParameter): Name = "dobavljaè"; Value = "Farnell"; VariantName = "[No Variations]"
Add component (AddParameter): Name = "kataloški broj"; Value = "1858213"; VariantName = "[No Variations]"
Add component (AddParameter): Name = "opis komponente"; Value = "Resistor 1K  0.1%"; VariantName = "[No Variations]"
Add component (AddParameter): Name = "Value"; Value = "1K"; VariantName = "[No Variations]"
Added Component: Designator=R80(C1206)
Add component. Clean all parameters for all variants
Add component (AddParameter): Name = "cijena (funte)"; Value = "1.08"; VariantName = "[No Variations]"
Add component (AddParameter): Name = "dobavljaè"; Value = "Farnell"; VariantName = "[No Variations]"
Add component (AddParameter): Name = "kataloški broj"; Value = "1858213"; VariantName = "[No Variations]"
Add component (AddParameter): Name = "opis komponente"; Value = "Resistor 1K  0.1%"; VariantName = "[No Variations]"
Add component (AddParameter): Name = "Value"; Value = "1K"; VariantName = "[No Variations]"
Add component (AddParameter): Name = "cijena (funte)"; Value = "0.23"; VariantName = "[No Variations]"
Add component (AddParameter): Name = "dobavljaè"; Value = "Farnell"; VariantName = "[No Variations]"
Add component (AddParameter): Name = "kataloški broj"; Value = "2306401"; VariantName = "[No Variations]"
Add component (AddParameter): Name = "opis komponente"; Value = "Dioda (3A, 40V)"; VariantName = "[No Variations]"
Add component (AddParameter): Name = "Value"; Value = ""; VariantName = "[No Variations]"
Added Component: Designator=V7(DO-214AC)
Add component. Clean all parameters for all variants
Add component (AddParameter): Name = "cijena (funte)"; Value = "0.23"; VariantName = "[No Variations]"
Add component (AddParameter): Name = "dobavljaè"; Value = "Farnell"; VariantName = "[No Variations]"
Add component (AddParameter): Name = "kataloški broj"; Value = "2306401"; VariantName = "[No Variations]"
Add component (AddParameter): Name = "opis komponente"; Value = "Dioda (3A, 40V)"; VariantName = "[No Variations]"
Add component (AddParameter): Name = "Value"; Value = ""; VariantName = "[No Variations]"
Added Pin To Net: NetName=GND Pin=C33-1
Added Pin To Net: NetName=12.5V Pin=C33-2
Added Pin To Net: NetName=GND Pin=C34-1
Added Pin To Net: NetName=BAT+ Pin=C34-2
Added Pin To Net: NetName=GND Pin=C36-1
Added Pin To Net: NetName=BAT+ Pin=C36-2
Added Pin To Net: NetName=GND Pin=C37-1
Added Pin To Net: NetName=BAT+ Pin=C37-2
Added Pin To Net: NetName=GND Pin=C38-1
Added Pin To Net: NetName=NetC38_2 Pin=C38-2
Added Pin To Net: NetName=GND Pin=C39-1
Added Pin To Net: NetName=12.5V Pin=C39-2
Added Pin To Net: NetName=12.5V Pin=C108-1
Added Pin To Net: NetName=GND Pin=C108-2
Added Pin To Net: NetName=BAT+ Pin=C109-1
Added Pin To Net: NetName=GND Pin=C109-2
Added Pin To Net: NetName=NetD5_1 Pin=D5-1
Added Pin To Net: NetName=BAT+ Pin=D5-2
Added Pin To Net: NetName=NetD5_3 Pin=D5-3
Added Pin To Net: NetName=NetC38_2 Pin=D5-4
Added Pin To Net: NetName=NetD5_5 Pin=D5-5
Added Pin To Net: NetName=NetD5_5 Pin=D5-6
Added Pin To Net: NetName=GND Pin=D5-7
Added Pin To Net: NetName=GND Pin=D5-8
Added Pin To Net: NetName=BAT+ Pin=L2-1
Added Pin To Net: NetName=NetD5_5 Pin=L2-2
Added Pin To Net: NetName=BAT+ Pin=R78-1
Added Pin To Net: NetName=NetD5_1 Pin=R78-2
Added Pin To Net: NetName=NetD5_3 Pin=R79-1
Added Pin To Net: NetName=12.5V Pin=R79-2
Added Pin To Net: NetName=GND Pin=R80-1
Added Pin To Net: NetName=NetD5_3 Pin=R80-2
Added Pin To Net: NetName=NetD5_5 Pin=V7-1
Added Pin To Net: NetName=12.5V Pin=V7-2
Added Member To Class: ClassName=Integrirane_komponente Member=Component C33 100nF
Added Member To Class: ClassName=Integrirane_komponente Member=Component C34 10uF
Added Member To Class: ClassName=Integrirane_komponente Member=Component C36 100nF
Added Member To Class: ClassName=Integrirane_komponente Member=Component C37 0.47uF
Added Member To Class: ClassName=Integrirane_komponente Member=Component C38 0.47uF
Added Member To Class: ClassName=Integrirane_komponente Member=Component C39 4.7uF
Added Member To Class: ClassName=Integrirane_komponente Member=Component C108 470uF
Added Member To Class: ClassName=Integrirane_komponente Member=Component C109 47uF
Added Member To Class: ClassName=Integrirane_komponente Member=Component D5 APE1911-HF-3
Added Member To Class: ClassName=Integrirane_komponente Member=Component L2 22uH
Added Member To Class: ClassName=Integrirane_komponente Member=Component R78 100K
Added Member To Class: ClassName=Integrirane_komponente Member=Component R79 11.5K
Added Member To Class: ClassName=Integrirane_komponente Member=Component R80 1K
Added Member To Class: ClassName=Integrirane_komponente Member=Component V7 B340A-13-F
