Change Value of Parameter Value in Part C22 Old=47u New=47uF
Change Value of Parameter Value in Part R1 Old=10k New=10K
Added Parameter potrebno naruèiti(broj komada)= to Part C1
Added Parameter potrebno naruèiti(broj komada)= to Part C2
Added Parameter potrebno naruèiti(broj komada)= to Part C3
Added Parameter potrebno naruèiti(broj komada)= to Part C4
Added Parameter potrebno naruèiti(broj komada)= to Part C13
Added Parameter potrebno naruèiti(broj komada)= to Part C21
Added Parameter potrebno naruèiti(broj komada)= to Part C22
Added Parameter potrebno naruèiti(broj komada)= to Part C23
Added Parameter potrebno naruèiti(broj komada)= to Part C44
Added Parameter potrebno naruèiti(broj komada)= to Part C45
Added Parameter potrebno naruèiti(broj komada)= to Part C46
Added Parameter potrebno naruèiti(broj komada)= to Part C47
Added Parameter potrebno naruèiti(broj komada)= to Part C48
Added Parameter potrebno naruèiti(broj komada)= to Part C49
Added Parameter potrebno naruèiti(broj komada)= to Part C50
Added Parameter potrebno naruèiti(broj komada)= to Part C51
Added Parameter potrebno naruèiti(broj komada)= to Part C52
Added Parameter potrebno naruèiti(broj komada)= to Part C101
Added Parameter potrebno naruèiti(broj komada)= to Part F1
Added Parameter potrebno naruèiti(broj komada)= to Part K1
Added Parameter potrebno naruèiti(broj komada)= to Part K2
Added Parameter potrebno naruèiti(broj komada)= to Part K3
Added Parameter potrebno naruèiti(broj komada)= to Part K4
Added Parameter potrebno naruèiti(broj komada)= to Part K5
Added Parameter potrebno naruèiti(broj komada)= to Part K6
Added Parameter potrebno naruèiti(broj komada)= to Part K7
Added Parameter potrebno naruèiti(broj komada)= to Part K8
Added Parameter potrebno naruèiti(broj komada)= to Part K9
Added Parameter potrebno naruèiti(broj komada)= to Part N1
Added Parameter potrebno naruèiti(broj komada)= to Part N2
Added Parameter potrebno naruèiti(broj komada)= to Part N3
Added Parameter potrebno naruèiti(broj komada)= to Part N4
Added Parameter potrebno naruèiti(broj komada)= to Part R1
Added Parameter potrebno naruèiti(broj komada)= to Part R2
Added Parameter potrebno naruèiti(broj komada)= to Part R3
Added Parameter potrebno naruèiti(broj komada)= to Part R5
Added Parameter potrebno naruèiti(broj komada)= to Part R6
Added Parameter potrebno naruèiti(broj komada)= to Part R8
Added Parameter potrebno naruèiti(broj komada)= to Part R12
Added Parameter potrebno naruèiti(broj komada)= to Part R16
Added Parameter potrebno naruèiti(broj komada)= to Part R24
Added Parameter potrebno naruèiti(broj komada)= to Part R25
Added Parameter potrebno naruèiti(broj komada)= to Part R31
Added Parameter potrebno naruèiti(broj komada)= to Part R32
Added Parameter potrebno naruèiti(broj komada)= to Part R33
Added Parameter potrebno naruèiti(broj komada)= to Part R34
Added Parameter potrebno naruèiti(broj komada)= to Part R37
Added Parameter potrebno naruèiti(broj komada)= to Part R38
Added Parameter potrebno naruèiti(broj komada)= to Part R39
Added Parameter potrebno naruèiti(broj komada)= to Part R40
Added Parameter potrebno naruèiti(broj komada)= to Part R41
Added Parameter potrebno naruèiti(broj komada)= to Part R43
Added Parameter potrebno naruèiti(broj komada)= to Part R44
Added Parameter potrebno naruèiti(broj komada)= to Part R45
Added Parameter potrebno naruèiti(broj komada)= to Part R46
Added Parameter potrebno naruèiti(broj komada)= to Part R47
Added Parameter potrebno naruèiti(broj komada)= to Part R48
Added Parameter potrebno naruèiti(broj komada)= to Part R49
Added Parameter potrebno naruèiti(broj komada)= to Part R52
Added Parameter potrebno naruèiti(broj komada)= to Part R53
Added Parameter potrebno naruèiti(broj komada)= to Part R54
Added Parameter potrebno naruèiti(broj komada)= to Part R55
Added Parameter potrebno naruèiti(broj komada)= to Part R59
Added Parameter potrebno naruèiti(broj komada)= to Part R62
Added Parameter potrebno naruèiti(broj komada)= to Part S2
Added Parameter potrebno naruèiti(broj komada)= to Part T1
Added Parameter potrebno naruèiti(broj komada)= to Part V1
Added Parameter potrebno naruèiti(broj komada)= to Part V2
Added Parameter potrebno naruèiti(broj komada)= to Part V5
Added Parameter potrebno naruèiti(broj komada)= to Part V6
Added Parameter potrebno naruèiti(broj komada)= to Part V9
Added Parameter potrebno naruèiti(broj komada)= to Part V10
Added Parameter potrebno naruèiti(broj komada)= to Part V13
Added Parameter potrebno naruèiti(broj komada)= to Part V14
Added Parameter potrebno naruèiti(broj komada)= to Part V15
Added Parameter potrebno naruèiti(broj komada)= to Part V16
Added Parameter potrebno naruèiti(broj komada)= to Part V17
Added Parameter potrebno naruèiti(broj komada)= to Part V18
Added Parameter potrebno naruèiti(broj komada)= to Part V19
Added Parameter potrebno naruèiti(broj komada)= to Part W1
Added Parameter potrebno naruèiti(broj komada)= to Part W2
Added Parameter potrebno naruèiti(broj komada)= to Part W3
Added Parameter potrebno naruèiti(broj komada)= to Part W4
Added Parameter potrebno naruèiti(broj komada)= to Part W5
Added Parameter potrebno naruèiti(broj komada)= to Part X1
Added Parameter potrebno naruèiti(broj komada)= to Part X2
Added Parameter potrebno naruèiti(broj komada)= to Part X3
Added Parameter potrebno naruèiti(broj komada)= to Part X4
Added Parameter potrebno naruèiti(broj komada)= to Part X10
Added Parameter potrebno naruèiti(broj komada)= to Part X11
Added Parameter potrebno naruèiti(broj komada)= to Part X12
