Added Parameter cijena (funte)= to Part TP1
Added Parameter cijena (funte)= to Part TP2
Added Parameter cijena (funte)= to Part TP3
Added Parameter cijena (funte)= to Part TP4
Added Parameter cijena (funte)= to Part TP11
Added Parameter dobavljaè= to Part TP1
Added Parameter dobavljaè= to Part TP2
Added Parameter dobavljaè= to Part TP3
Added Parameter dobavljaè= to Part TP4
Added Parameter dobavljaè= to Part TP11
Added Parameter kataloški broj= to Part TP1
Added Parameter kataloški broj= to Part TP2
Added Parameter kataloški broj= to Part TP3
Added Parameter kataloški broj= to Part TP4
Added Parameter kataloški broj= to Part TP11
Added Parameter opis komponente=testpoint to Part TP1
Added Parameter opis komponente=testpoint to Part TP2
Added Parameter opis komponente=testpoint to Part TP3
Added Parameter opis komponente=testpoint to Part TP4
Added Parameter opis komponente=testpoint to Part TP11
Added Parameter Value= to Part TP1
Added Parameter Value= to Part TP2
Added Parameter Value= to Part TP3
Added Parameter Value= to Part TP4
Added Parameter Value= to Part TP11
