Change Value of Parameter cijena (funte) in Part R8 Old= New=1.43
Change Value of Parameter dobavljaè in Part R8 Old= New=Farnell
Change Value of Parameter kataloški broj in Part R8 Old= New=2363991
Change Value of Parameter opis komponente in Part R8 Old= New=Resistor
Change Value of Parameter Value in Part R8 Old= New=0.005
Change Value of Parameter cijena (funte) in Part R16 Old= New=1.43
Change Value of Parameter dobavljaè in Part R16 Old= New=Farnell
Change Value of Parameter kataloški broj in Part R16 Old= New=2363991
Change Value of Parameter opis komponente in Part R16 Old= New=Resistor
Change Value of Parameter Value in Part R16 Old= New=0.005
Change Value of Parameter cijena (funte) in Part R42 Old= New=1.43
Change Value of Parameter dobavljaè in Part R42 Old= New=Farnell
Change Value of Parameter kataloški broj in Part R42 Old= New=2363991
Change Value of Parameter opis komponente in Part R42 Old= New=Resistor
Change Value of Parameter Value in Part R42 Old= New=0.005
Change Value of Parameter kataloški broj in Part V1 Old= New=!!!
Change Value of Parameter kataloški broj in Part V2 Old= New=!!!
Change Value of Parameter kataloški broj in Part V5 Old= New=!!!
Change Value of Parameter kataloški broj in Part V6 Old= New=!!!
Change Value of Parameter kataloški broj in Part V14 Old= New=!!!
Change Value of Parameter kataloški broj in Part V15 Old= New=!!!
Change Value of Parameter kataloški broj in Part V16 Old= New=!!!
Change Value of Parameter kataloški broj in Part V17 Old= New=!!!
