Added Parameter cijena (funte)= to Part GND1
Added Parameter cijena (funte)= to Part GND2
Added Parameter cijena (funte)= to Part GNDS
Added Parameter cijena (funte)= to Part R8
Added Parameter cijena (funte)= to Part R16
Added Parameter cijena (funte)= to Part R42
Added Parameter cijena (funte)= to Part T1
Added Parameter cijena (funte)= to Part TP1
Added Parameter cijena (funte)= to Part TP2
Added Parameter cijena (funte)= to Part TP3
Added Parameter cijena (funte)= to Part TP4
Added Parameter cijena (funte)= to Part TP11
Added Parameter dobavljaè= to Part GND1
Added Parameter dobavljaè= to Part GND2
Added Parameter dobavljaè= to Part GNDS
Added Parameter dobavljaè= to Part R8
Added Parameter dobavljaè= to Part R16
Added Parameter dobavljaè= to Part R42
Added Parameter dobavljaè= to Part T1
Added Parameter dobavljaè= to Part TP1
Added Parameter dobavljaè= to Part TP2
Added Parameter dobavljaè= to Part TP3
Added Parameter dobavljaè= to Part TP4
Added Parameter dobavljaè= to Part TP11
Added Parameter kataloški broj= to Part GND1
Added Parameter kataloški broj= to Part GND2
Added Parameter kataloški broj= to Part GNDS
Added Parameter kataloški broj= to Part R8
Added Parameter kataloški broj= to Part R16
Added Parameter kataloški broj= to Part R42
Added Parameter kataloški broj= to Part T1
Added Parameter kataloški broj= to Part TP1
Added Parameter kataloški broj= to Part TP2
Added Parameter kataloški broj= to Part TP3
Added Parameter kataloški broj= to Part TP4
Added Parameter kataloški broj= to Part TP11
Added Parameter opis komponente= to Part GND1
Added Parameter opis komponente= to Part GND2
Added Parameter opis komponente= to Part GNDS
Added Parameter opis komponente= to Part R8
Added Parameter opis komponente= to Part R16
Added Parameter opis komponente= to Part R42
Added Parameter opis komponente= to Part T1
Added Parameter opis komponente= to Part TP1
Added Parameter opis komponente= to Part TP2
Added Parameter opis komponente= to Part TP3
Added Parameter opis komponente= to Part TP4
Added Parameter opis komponente= to Part TP11
Added Parameter Value= to Part GND1
Added Parameter Value= to Part GND2
Added Parameter Value= to Part GNDS
Added Parameter Value= to Part R8
Added Parameter Value= to Part R16
Added Parameter Value= to Part R42
Added Parameter Value= to Part T1
Added Parameter Value= to Part TP1
Added Parameter Value= to Part TP2
Added Parameter Value= to Part TP3
Added Parameter Value= to Part TP4
Added Parameter Value= to Part TP11
