Removed Parameter potrebno naruèiti(broj komada): from Part C5
Removed Parameter potrebno naruèiti(broj komada): from Part C7
Removed Parameter potrebno naruèiti(broj komada): from Part C8
Removed Parameter potrebno naruèiti(broj komada): from Part C9
Removed Parameter potrebno naruèiti(broj komada): from Part C10
Removed Parameter potrebno naruèiti(broj komada): from Part C11
Removed Parameter potrebno naruèiti(broj komada): from Part C15
Removed Parameter potrebno naruèiti(broj komada): from Part C16
Removed Parameter potrebno naruèiti(broj komada): from Part C17
Removed Parameter potrebno naruèiti(broj komada): from Part C18
Removed Parameter potrebno naruèiti(broj komada): from Part C24
Removed Parameter potrebno naruèiti(broj komada): from Part C26
Removed Parameter potrebno naruèiti(broj komada): from Part C27
Removed Parameter potrebno naruèiti(broj komada): from Part C28
Removed Parameter potrebno naruèiti(broj komada): from Part C29
Removed Parameter potrebno naruèiti(broj komada): from Part C30
Removed Parameter potrebno naruèiti(broj komada): from Part C31
Removed Parameter potrebno naruèiti(broj komada): from Part C32
Removed Parameter potrebno naruèiti(broj komada): from Part C35
Removed Parameter potrebno naruèiti(broj komada): from Part C36
Removed Parameter potrebno naruèiti(broj komada): from Part C37
Removed Parameter potrebno naruèiti(broj komada): from Part C38
Removed Parameter potrebno naruèiti(broj komada): from Part C39
Removed Parameter potrebno naruèiti(broj komada): from Part C40
Removed Parameter potrebno naruèiti(broj komada): from Part C41
Removed Parameter potrebno naruèiti(broj komada): from Part C42
Removed Parameter potrebno naruèiti(broj komada): from Part C43
Removed Parameter potrebno naruèiti(broj komada): from Part C59
Removed Parameter potrebno naruèiti(broj komada): from Part C108
Removed Parameter potrebno naruèiti(broj komada): from Part C109
Removed Parameter potrebno naruèiti(broj komada): from Part CSS
Removed Parameter potrebno naruèiti(broj komada): from Part D2
Removed Parameter potrebno naruèiti(broj komada): from Part D3
Removed Parameter potrebno naruèiti(broj komada): from Part D4
Removed Parameter potrebno naruèiti(broj komada): from Part D5
Removed Parameter potrebno naruèiti(broj komada): from Part D6
Removed Parameter potrebno naruèiti(broj komada): from Part D7
Removed Parameter potrebno naruèiti(broj komada): from Part L1
Removed Parameter potrebno naruèiti(broj komada): from Part L2
Removed Parameter potrebno naruèiti(broj komada): from Part N5
Removed Parameter potrebno naruèiti(broj komada): from Part N6
Removed Parameter potrebno naruèiti(broj komada): from Part R7
Removed Parameter potrebno naruèiti(broj komada): from Part R15
Removed Parameter potrebno naruèiti(broj komada): from Part R17
Removed Parameter potrebno naruèiti(broj komada): from Part R19
Removed Parameter potrebno naruèiti(broj komada): from Part R20
Removed Parameter potrebno naruèiti(broj komada): from Part R21
Removed Parameter potrebno naruèiti(broj komada): from Part R22
Removed Parameter potrebno naruèiti(broj komada): from Part R26
Removed Parameter potrebno naruèiti(broj komada): from Part R65
Removed Parameter potrebno naruèiti(broj komada): from Part R67
Removed Parameter potrebno naruèiti(broj komada): from Part R68
Removed Parameter potrebno naruèiti(broj komada): from Part R69
Removed Parameter potrebno naruèiti(broj komada): from Part R70
Removed Parameter potrebno naruèiti(broj komada): from Part R71
Removed Parameter potrebno naruèiti(broj komada): from Part R72
Removed Parameter potrebno naruèiti(broj komada): from Part R75
Removed Parameter potrebno naruèiti(broj komada): from Part R76
Removed Parameter potrebno naruèiti(broj komada): from Part R77
Removed Parameter potrebno naruèiti(broj komada): from Part R78
Removed Parameter potrebno naruèiti(broj komada): from Part R79
Removed Parameter potrebno naruèiti(broj komada): from Part R80
Removed Parameter potrebno naruèiti(broj komada): from Part RFF
Removed Parameter potrebno naruèiti(broj komada): from Part V11
Removed Parameter potrebno naruèiti(broj komada): from Part W6
Removed Parameter potrebno naruèiti(broj komada): from Part W7
