Removed Pin From Net: NetName=NetD8_7 Pin=R6-1
Removed Pin From Net: NetName=NetR4_2 Pin=R6-2
Removed Pin From Net: NetName=NetR5_1 Pin=R?-1
Removed Pin From Net: NetName=NetD8_5 Pin=R?-2
Add component (AddParameter): Name = "cijena (funte)"; Value = "0.426"; VariantName = "[No Variations]"
Add component (AddParameter): Name = "dobavljaè"; Value = "Farnell"; VariantName = "[No Variations]"
Add component (AddParameter): Name = "kataloški broj"; Value = "1292518"; VariantName = "[No Variations]"
Add component (AddParameter): Name = "opis komponente"; Value = "Through Hole Resistor 7W"; VariantName = "[No Variations]"
Add component (AddParameter): Name = "Value"; Value = "1"; VariantName = "[No Variations]"
Added Component: Designator=R25(F za 7W otpornik)
Add component. Clean all parameters for all variants
Add component (AddParameter): Name = "cijena (funte)"; Value = "0.426"; VariantName = "[No Variations]"
Add component (AddParameter): Name = "dobavljaè"; Value = "Farnell"; VariantName = "[No Variations]"
Add component (AddParameter): Name = "kataloški broj"; Value = "1292518"; VariantName = "[No Variations]"
Add component (AddParameter): Name = "opis komponente"; Value = "Through Hole Resistor 7W"; VariantName = "[No Variations]"
Add component (AddParameter): Name = "Value"; Value = "1"; VariantName = "[No Variations]"
Added Pin To Net: NetName=NetR25_1 Pin=R25-1
Added Pin To Net: NetName=US1 Pin=R25-2
Added Room: Name=CPU_PCB
Added Room: Name=Integrirane_komponente
