Removed Pin From Net: NetName=NetC102_2 Pin=C102-2
Removed Pin From Net: NetName=NetC102_2 Pin=C103-2
Removed Pin From Net: NetName=NetC102_2 Pin=C104-2
Removed Pin From Net: NetName=NetC102_2 Pin=C105-2
Removed Pin From Net: NetName=NetC102_2 Pin=C106-2
Removed Pin From Net: NetName=NetC102_2 Pin=C107-2
Removed Pin From Net: NetName=NetC102_2 Pin=D1-1
Removed Pin From Net: NetName=NetC102_2 Pin=D1-19
Removed Pin From Net: NetName=NetC102_2 Pin=D1-32
Removed Pin From Net: NetName=NetC102_2 Pin=D1-48
Removed Pin From Net: NetName=NetC102_2 Pin=D1-64
Removed Pin From Net: NetName=NetRV1_1 Pin=RV1-1
Removed Pin From Net: NetName=A- Pin=RV1-2
Removed Pin From Net: NetName=B- Pin=RV2-1
Removed Pin From Net: NetName=NetRV2_2 Pin=RV2-2
Removed Pin From Net: NetName=NetRV1_1 Pin=T1-1
Removed Pin From Net: NetName=NetRV2_2 Pin=T1-10
Removed Pin From Net: NetName=NetRV1_1 Pin=V1-2
Removed Pin From Net: NetName=NetRV2_2 Pin=V5-2
Removed Pin From Net: NetName=NetC102_2 Pin=W10-2
Add component (AddParameter): Name = "cijena (funte)"; Value = "0.0786"; VariantName = "[No Variations]"
Add component (AddParameter): Name = "dobavljaè"; Value = "Farnell"; VariantName = "[No Variations]"
Add component (AddParameter): Name = "kataloški broj"; Value = "2380457"; VariantName = "[No Variations]"
Add component (AddParameter): Name = "opis komponente"; Value = "resitor 10 ohm"; VariantName = "[No Variations]"
Add component (AddParameter): Name = "Value"; Value = "10"; VariantName = "[No Variations]"
Added Component: Designator=R6(C0805)
Add component. Clean all parameters for all variants
Add component (AddParameter): Name = "cijena (funte)"; Value = "0.0786"; VariantName = "[No Variations]"
Add component (AddParameter): Name = "dobavljaè"; Value = "Farnell"; VariantName = "[No Variations]"
Add component (AddParameter): Name = "kataloški broj"; Value = "2380457"; VariantName = "[No Variations]"
Add component (AddParameter): Name = "opis komponente"; Value = "resitor 10 ohm"; VariantName = "[No Variations]"
Add component (AddParameter): Name = "Value"; Value = "10"; VariantName = "[No Variations]"
Add component (AddParameter): Name = "cijena (funte)"; Value = "0.0786"; VariantName = "[No Variations]"
Add component (AddParameter): Name = "dobavljaè"; Value = "Farnell"; VariantName = "[No Variations]"
Add component (AddParameter): Name = "kataloški broj"; Value = "2380457"; VariantName = "[No Variations]"
Add component (AddParameter): Name = "opis komponente"; Value = "resitor 10 ohm"; VariantName = "[No Variations]"
Add component (AddParameter): Name = "Value"; Value = "10"; VariantName = "[No Variations]"
Added Component: Designator=R?(C0805)
Add component. Clean all parameters for all variants
Add component (AddParameter): Name = "cijena (funte)"; Value = "0.0786"; VariantName = "[No Variations]"
Add component (AddParameter): Name = "dobavljaè"; Value = "Farnell"; VariantName = "[No Variations]"
Add component (AddParameter): Name = "kataloški broj"; Value = "2380457"; VariantName = "[No Variations]"
Add component (AddParameter): Name = "opis komponente"; Value = "resitor 10 ohm"; VariantName = "[No Variations]"
Add component (AddParameter): Name = "Value"; Value = "10"; VariantName = "[No Variations]"
Added Pin To Net: NetName=3.3V Pin=C102-2
Added Pin To Net: NetName=3.3V Pin=C103-2
Added Pin To Net: NetName=3.3V Pin=C104-2
Added Pin To Net: NetName=3.3V Pin=C105-2
Added Pin To Net: NetName=3.3V Pin=C106-2
Added Pin To Net: NetName=3.3V Pin=C107-2
Added Pin To Net: NetName=3.3V Pin=D1-1
Added Pin To Net: NetName=3.3V Pin=D1-19
Added Pin To Net: NetName=3.3V Pin=D1-32
Added Pin To Net: NetName=3.3V Pin=D1-48
Added Pin To Net: NetName=3.3V Pin=D1-64
Added Pin To Net: NetName=NetRV2_2 Pin=D8-1
Added Pin To Net: NetName=NetD8_7 Pin=R6-1
Added Pin To Net: NetName=NetR4_2 Pin=R6-2
Added Pin To Net: NetName=NetR5_1 Pin=R?-1
Added Pin To Net: NetName=NetD8_5 Pin=R?-2
Added Pin To Net: NetName=A- Pin=RV1-1
Added Pin To Net: NetName=NetC102_2 Pin=RV1-2
Added Pin To Net: NetName=NetRV1_1 Pin=RV2-1
Added Pin To Net: NetName=B- Pin=RV2-2
Added Pin To Net: NetName=NetC102_2 Pin=T1-1
Added Pin To Net: NetName=NetRV1_1 Pin=T1-10
Added Pin To Net: NetName=NetC102_2 Pin=V1-2
Added Pin To Net: NetName=NetRV1_1 Pin=V5-2
Added Pin To Net: NetName=3.3V Pin=W10-2
Change Net Name : Old Net Name=NetC102_2 New Net Name=NetRV1_2
Change Net Name : Old Net Name=NetRV1_1 New Net Name=NetRV2_1
Change Net Name : Old Net Name=NetRV2_2 New Net Name=ENA
Added Room: Name=CPU_PCB
Added Room: Name=Integrirane_komponente
