Removed Parameter potrebno naruèiti(broj komada): from Part C1
Removed Parameter potrebno naruèiti(broj komada): from Part C2
Removed Parameter potrebno naruèiti(broj komada): from Part C3
Removed Parameter potrebno naruèiti(broj komada): from Part C4
Removed Parameter potrebno naruèiti(broj komada): from Part C13
Removed Parameter potrebno naruèiti(broj komada): from Part C21
Removed Parameter potrebno naruèiti(broj komada): from Part C22
Removed Parameter potrebno naruèiti(broj komada): from Part C23
Removed Parameter potrebno naruèiti(broj komada): from Part C44
Removed Parameter potrebno naruèiti(broj komada): from Part C45
Removed Parameter potrebno naruèiti(broj komada): from Part C46
Removed Parameter potrebno naruèiti(broj komada): from Part C47
Removed Parameter potrebno naruèiti(broj komada): from Part C48
Removed Parameter potrebno naruèiti(broj komada): from Part C49
Removed Parameter potrebno naruèiti(broj komada): from Part C50
Removed Parameter potrebno naruèiti(broj komada): from Part C51
Removed Parameter potrebno naruèiti(broj komada): from Part C52
Removed Parameter potrebno naruèiti(broj komada): from Part C101
Removed Parameter potrebno naruèiti(broj komada): from Part F1
Removed Parameter potrebno naruèiti(broj komada): from Part K1
Removed Parameter potrebno naruèiti(broj komada): from Part K2
Removed Parameter potrebno naruèiti(broj komada): from Part K3
Removed Parameter potrebno naruèiti(broj komada): from Part K4
Removed Parameter potrebno naruèiti(broj komada): from Part K5
Removed Parameter potrebno naruèiti(broj komada): from Part K6
Removed Parameter potrebno naruèiti(broj komada): from Part K7
Removed Parameter potrebno naruèiti(broj komada): from Part K8
Removed Parameter potrebno naruèiti(broj komada): from Part K9
Removed Parameter potrebno naruèiti(broj komada): from Part N1
Removed Parameter potrebno naruèiti(broj komada): from Part N2
Removed Parameter potrebno naruèiti(broj komada): from Part N3
Removed Parameter potrebno naruèiti(broj komada): from Part N4
Removed Parameter potrebno naruèiti(broj komada): from Part R1
Removed Parameter potrebno naruèiti(broj komada): from Part R2
Removed Parameter potrebno naruèiti(broj komada): from Part R3
Removed Parameter potrebno naruèiti(broj komada): from Part R5
Removed Parameter potrebno naruèiti(broj komada): from Part R6
Removed Parameter potrebno naruèiti(broj komada): from Part R8
Removed Parameter potrebno naruèiti(broj komada): from Part R12
Removed Parameter potrebno naruèiti(broj komada): from Part R16
Removed Parameter potrebno naruèiti(broj komada): from Part R24
Removed Parameter potrebno naruèiti(broj komada): from Part R25
Removed Parameter potrebno naruèiti(broj komada): from Part R31
Removed Parameter potrebno naruèiti(broj komada): from Part R32
Removed Parameter potrebno naruèiti(broj komada): from Part R33
Removed Parameter potrebno naruèiti(broj komada): from Part R34
Removed Parameter potrebno naruèiti(broj komada): from Part R37
Removed Parameter potrebno naruèiti(broj komada): from Part R38
Removed Parameter potrebno naruèiti(broj komada): from Part R39
Removed Parameter potrebno naruèiti(broj komada): from Part R40
Removed Parameter potrebno naruèiti(broj komada): from Part R41
Removed Parameter potrebno naruèiti(broj komada): from Part R43
Removed Parameter potrebno naruèiti(broj komada): from Part R44
Removed Parameter potrebno naruèiti(broj komada): from Part R45
Removed Parameter potrebno naruèiti(broj komada): from Part R46
Removed Parameter potrebno naruèiti(broj komada): from Part R47
Removed Parameter potrebno naruèiti(broj komada): from Part R48
Removed Parameter potrebno naruèiti(broj komada): from Part R49
Removed Parameter potrebno naruèiti(broj komada): from Part R52
Removed Parameter potrebno naruèiti(broj komada): from Part R53
Removed Parameter potrebno naruèiti(broj komada): from Part R54
Removed Parameter potrebno naruèiti(broj komada): from Part R55
Removed Parameter potrebno naruèiti(broj komada): from Part R59
Removed Parameter potrebno naruèiti(broj komada): from Part R62
Removed Parameter potrebno naruèiti(broj komada): from Part S2
Removed Parameter potrebno naruèiti(broj komada): from Part T1
Removed Parameter potrebno naruèiti(broj komada): from Part V1
Removed Parameter potrebno naruèiti(broj komada): from Part V2
Removed Parameter potrebno naruèiti(broj komada): from Part V5
Removed Parameter potrebno naruèiti(broj komada): from Part V6
Removed Parameter potrebno naruèiti(broj komada): from Part V9
Removed Parameter potrebno naruèiti(broj komada): from Part V10
Removed Parameter potrebno naruèiti(broj komada): from Part V13
Removed Parameter potrebno naruèiti(broj komada): from Part V14
Removed Parameter potrebno naruèiti(broj komada): from Part V15
Removed Parameter potrebno naruèiti(broj komada): from Part V16
Removed Parameter potrebno naruèiti(broj komada): from Part V17
Removed Parameter potrebno naruèiti(broj komada): from Part V18
Removed Parameter potrebno naruèiti(broj komada): from Part V19
Removed Parameter potrebno naruèiti(broj komada): from Part W1
Removed Parameter potrebno naruèiti(broj komada): from Part W2
Removed Parameter potrebno naruèiti(broj komada): from Part W3
Removed Parameter potrebno naruèiti(broj komada): from Part W4
Removed Parameter potrebno naruèiti(broj komada): from Part W5
Removed Parameter potrebno naruèiti(broj komada): from Part X1
Removed Parameter potrebno naruèiti(broj komada): from Part X2
Removed Parameter potrebno naruèiti(broj komada): from Part X3
Removed Parameter potrebno naruèiti(broj komada): from Part X4
Removed Parameter potrebno naruèiti(broj komada): from Part X10
Removed Parameter potrebno naruèiti(broj komada): from Part X11
Removed Parameter potrebno naruèiti(broj komada): from Part X12
