Removed Parameter Code_IPC:RESC2012 from Part R?
Removed Parameter Code_IPC:RESC2012 from Part R?
Removed Parameter LatestRevisionDate:29-May-2009 from Part R?
Removed Parameter LatestRevisionDate:29-May-2009 from Part R?
Removed Parameter LatestRevisionNote:IPC-7351 Footprint Added. from Part R?
Removed Parameter LatestRevisionNote:IPC-7351 Footprint Added. from Part R?
Removed Parameter PackageDescription:Chip Resistor 0805 Case Size from Part R?
Removed Parameter PackageDescription:Chip Resistor 0805 Case Size from Part R?
Removed Parameter PackageReference:6-0805 from Part R?
Removed Parameter PackageReference:6-0805 from Part R?
Removed Parameter PackageVersion:Mar-2003 from Part R?
Removed Parameter PackageVersion:Mar-2003 from Part R?
Removed Parameter Published:24-Mar-1999 from Part R?
Removed Parameter Published:24-Mar-1999 from Part R?
Removed Parameter Publisher:Altium Limited from Part R?
Removed Parameter Publisher:Altium Limited from Part R?
Added Parameter cijena (funte)= to Part R?
Added Parameter cijena (funte)= to Part R?
Added Parameter dobavljaè=Farnell to Part R?
Added Parameter dobavljaè=Farnell to Part R?
Added Parameter kataloški broj=2717744 to Part R?
Added Parameter kataloški broj=2717744 to Part R?
Added Parameter opis komponente=Varistor (90V) to Part R?
Added Parameter opis komponente=Varistor (90V) to Part R?
Added Parameter Value=MLV to Part R?
Added Parameter Value=Varistor (90V) to Part R?
