Added Parameter cijena (funte)= to Part C36
Added Parameter cijena (funte)= to Part C37
Added Parameter cijena (funte)= to Part C38
Added Parameter cijena (funte)= to Part C39
Added Parameter cijena (funte)= to Part D5
Added Parameter cijena (funte)= to Part N5
Added Parameter cijena (funte)= to Part N6
Added Parameter cijena (funte)= to Part R78
Added Parameter cijena (funte)= to Part R79
Added Parameter cijena (funte)= to Part R80
Added Parameter dobavljaè= to Part C36
Added Parameter dobavljaè= to Part C37
Added Parameter dobavljaè= to Part C38
Added Parameter dobavljaè= to Part C39
Added Parameter dobavljaè= to Part D5
Added Parameter dobavljaè= to Part N5
Added Parameter dobavljaè= to Part N6
Added Parameter dobavljaè= to Part R78
Added Parameter dobavljaè= to Part R79
Added Parameter dobavljaè= to Part R80
Added Parameter kataloški broj= to Part C36
Added Parameter kataloški broj= to Part C37
Added Parameter kataloški broj= to Part C38
Added Parameter kataloški broj= to Part C39
Added Parameter kataloški broj= to Part D5
Added Parameter kataloški broj= to Part N5
Added Parameter kataloški broj= to Part N6
Added Parameter kataloški broj= to Part R78
Added Parameter kataloški broj= to Part R79
Added Parameter kataloški broj= to Part R80
Added Parameter manafacturer= to Part C36
Added Parameter manafacturer= to Part C37
Added Parameter manafacturer= to Part C38
Added Parameter manafacturer= to Part C39
Added Parameter manafacturer= to Part D5
Added Parameter manafacturer= to Part N5
Added Parameter manafacturer= to Part N6
Added Parameter manafacturer= to Part R78
Added Parameter manafacturer= to Part R79
Added Parameter manafacturer= to Part R80
Added Parameter opis komponente= to Part C36
Added Parameter opis komponente= to Part C37
Added Parameter opis komponente= to Part C38
Added Parameter opis komponente= to Part C39
Added Parameter opis komponente= to Part D5
Added Parameter opis komponente= to Part N5
Added Parameter opis komponente= to Part N6
Added Parameter opis komponente= to Part R78
Added Parameter opis komponente= to Part R79
Added Parameter opis komponente= to Part R80
Added Parameter Value= to Part D5
