[0328/083454:ERROR:tcp_socket_win.cc(335)] bind() returned an error: Only one usage of each socket address (protocol/network address/port) is normally permitted. (0x2740)
[0328/083454:ERROR:devtools_http_handler.cc(229)] Cannot start http server for devtools. Stop devtools.
[0404/172417:INFO:CONSOLE(1)] "Uncaught SyntaxError: Unexpected identifier", source: https://sp.analytics.yahoo.com/sp.pl?a=10001942155268&jsonp=YAHOO.ywa.I13N.handleJSONResponse&d=Wed%2C%2004%20Apr%202018%2015%3A24%3A16%20GMT&n=-2d&b=Altium%20Designer%20Documentation%20%7C%20Online%20Documentation%20for%20Altium%20Products&.yp=429165&f=https%3A%2F%2Fwww.altium.com%2Fdocumentation%2F18.0%2Fdisplay%2FADES%2FAltium%2BDesigner%2BDocumentation&enc=UTF-8 (1)
[0404/172419:INFO:CONSOLE(108)] "Uncaught TypeError: Cannot read property 'top' of null", source: https://www.altium.com/documentation/sites/all/modules/custom/wikimenu/js/wikimenu.js?p6nv4m (108)
[0404/172420:INFO:CONSOLE(25)] "[Facebook Pixel] - Multiple pixels with conflicting versions were detected on this page.", source: https://connect.facebook.net/en_US/fbevents.js (25)
[0404/172420:ERROR:webrtcsession.cc(1388)] ConnectDataChannel called when data_channel_ is NULL.
[0404/172420:WARNING:mediasession.cc(376)] Duplicate id found. Reassigning from 101 to 127
[0404/172420:WARNING:p2ptransportchannel.cc(487)] Jingle:Port[0A98A278:data:1:0:local:Net[any:0.0.0.x/0:Unknown]]: SetOption(5, 0) failed: 0
[0404/172420:WARNING:p2ptransportchannel.cc(487)] Jingle:Port[0A98A9B0:data:1:0:local:Net[any:0:0:0:x:x:x:x:x/0:Unknown]]: SetOption(5, 0) failed: 0
[0406/170549:WARNING:dns_config_service_win.cc(665)] Failed to read DnsConfig.
[0406/170554:WARNING:dns_config_service_win.cc(665)] Failed to read DnsConfig.
[0406/202436:WARNING:dns_config_service_win.cc(665)] Failed to read DnsConfig.
[0406/202441:WARNING:dns_config_service_win.cc(665)] Failed to read DnsConfig.
[0406/202446:WARNING:dns_config_service_win.cc(665)] Failed to read DnsConfig.
[0406/202451:WARNING:dns_config_service_win.cc(665)] Failed to read DnsConfig.
[0406/202456:WARNING:dns_config_service_win.cc(665)] Failed to read DnsConfig.
[0406/202501:WARNING:dns_config_service_win.cc(665)] Failed to read DnsConfig.
[0406/202506:WARNING:dns_config_service_win.cc(665)] Failed to read DnsConfig.
[0406/202511:WARNING:dns_config_service_win.cc(665)] Failed to read DnsConfig.
[0406/202516:WARNING:dns_config_service_win.cc(665)] Failed to read DnsConfig.
[0406/202521:WARNING:dns_config_service_win.cc(665)] Failed to read DnsConfig.
[0406/202526:WARNING:dns_config_service_win.cc(665)] Failed to read DnsConfig.
[0406/202531:WARNING:dns_config_service_win.cc(665)] Failed to read DnsConfig.
[0406/202536:WARNING:dns_config_service_win.cc(665)] Failed to read DnsConfig.
[0406/202541:WARNING:dns_config_service_win.cc(665)] Failed to read DnsConfig.
[0406/202546:WARNING:dns_config_service_win.cc(665)] Failed to read DnsConfig.
[0406/202551:WARNING:dns_config_service_win.cc(665)] Failed to read DnsConfig.
[0406/202556:WARNING:dns_config_service_win.cc(665)] Failed to read DnsConfig.
[0406/202601:WARNING:dns_config_service_win.cc(665)] Failed to read DnsConfig.
[0406/202606:WARNING:dns_config_service_win.cc(665)] Failed to read DnsConfig.
[0406/202611:WARNING:dns_config_service_win.cc(665)] Failed to read DnsConfig.
[0406/202616:WARNING:dns_config_service_win.cc(665)] Failed to read DnsConfig.
[0406/202621:WARNING:dns_config_service_win.cc(665)] Failed to read DnsConfig.
[0406/202626:WARNING:dns_config_service_win.cc(665)] Failed to read DnsConfig.
[0406/202631:WARNING:dns_config_service_win.cc(665)] Failed to read DnsConfig.
[0406/202636:WARNING:dns_config_service_win.cc(665)] Failed to read DnsConfig.
[0406/202641:WARNING:dns_config_service_win.cc(665)] Failed to read DnsConfig.
[0406/202646:WARNING:dns_config_service_win.cc(665)] Failed to read DnsConfig.
[0406/202651:WARNING:dns_config_service_win.cc(665)] Failed to read DnsConfig.
[0406/202656:WARNING:dns_config_service_win.cc(665)] Failed to read DnsConfig.
[0406/202701:WARNING:dns_config_service_win.cc(665)] Failed to read DnsConfig.
[0406/202706:WARNING:dns_config_service_win.cc(665)] Failed to read DnsConfig.
[0406/202711:WARNING:dns_config_service_win.cc(665)] Failed to read DnsConfig.
[0406/202716:WARNING:dns_config_service_win.cc(665)] Failed to read DnsConfig.
[0406/202721:WARNING:dns_config_service_win.cc(665)] Failed to read DnsConfig.
[0406/202726:WARNING:dns_config_service_win.cc(665)] Failed to read DnsConfig.
[0406/202731:WARNING:dns_config_service_win.cc(665)] Failed to read DnsConfig.
[0406/202736:WARNING:dns_config_service_win.cc(665)] Failed to read DnsConfig.
[0406/202741:WARNING:dns_config_service_win.cc(665)] Failed to read DnsConfig.
[0406/202746:WARNING:dns_config_service_win.cc(665)] Failed to read DnsConfig.
[0406/202751:WARNING:dns_config_service_win.cc(665)] Failed to read DnsConfig.
[0406/202756:WARNING:dns_config_service_win.cc(665)] Failed to read DnsConfig.
[0406/202801:WARNING:dns_config_service_win.cc(665)] Failed to read DnsConfig.
[0406/202806:WARNING:dns_config_service_win.cc(665)] Failed to read DnsConfig.
[0406/202811:WARNING:dns_config_service_win.cc(665)] Failed to read DnsConfig.
[0406/202816:WARNING:dns_config_service_win.cc(665)] Failed to read DnsConfig.
[0406/202821:WARNING:dns_config_service_win.cc(665)] Failed to read DnsConfig.
[0406/202826:WARNING:dns_config_service_win.cc(665)] Failed to read DnsConfig.
[0406/202831:WARNING:dns_config_service_win.cc(665)] Failed to read DnsConfig.
[0406/202836:WARNING:dns_config_service_win.cc(665)] Failed to read DnsConfig.
[0406/202841:WARNING:dns_config_service_win.cc(665)] Failed to read DnsConfig.
[0406/202846:WARNING:dns_config_service_win.cc(665)] Failed to read DnsConfig.
[0406/202851:WARNING:dns_config_service_win.cc(665)] Failed to read DnsConfig.
[0406/202856:WARNING:dns_config_service_win.cc(665)] Failed to read DnsConfig.
[0406/202901:WARNING:dns_config_service_win.cc(665)] Failed to read DnsConfig.
[0406/202906:WARNING:dns_config_service_win.cc(665)] Failed to read DnsConfig.
[0406/202911:WARNING:dns_config_service_win.cc(665)] Failed to read DnsConfig.
[0406/202916:WARNING:dns_config_service_win.cc(665)] Failed to read DnsConfig.
[0406/202921:WARNING:dns_config_service_win.cc(665)] Failed to read DnsConfig.
[0406/202926:WARNING:dns_config_service_win.cc(665)] Failed to read DnsConfig.
[0406/202931:WARNING:dns_config_service_win.cc(665)] Failed to read DnsConfig.
[0406/202936:WARNING:dns_config_service_win.cc(665)] Failed to read DnsConfig.
[0406/202941:WARNING:dns_config_service_win.cc(665)] Failed to read DnsConfig.
[0406/202946:WARNING:dns_config_service_win.cc(665)] Failed to read DnsConfig.
[0406/202951:WARNING:dns_config_service_win.cc(665)] Failed to read DnsConfig.
[0406/202956:WARNING:dns_config_service_win.cc(665)] Failed to read DnsConfig.
[0406/203001:WARNING:dns_config_service_win.cc(665)] Failed to read DnsConfig.
[0406/203007:WARNING:dns_config_service_win.cc(665)] Failed to read DnsConfig.
[0406/203012:WARNING:dns_config_service_win.cc(665)] Failed to read DnsConfig.
[0406/203017:WARNING:dns_config_service_win.cc(665)] Failed to read DnsConfig.
[0406/203022:WARNING:dns_config_service_win.cc(665)] Failed to read DnsConfig.
[0406/203027:WARNING:dns_config_service_win.cc(665)] Failed to read DnsConfig.
[0406/203032:WARNING:dns_config_service_win.cc(665)] Failed to read DnsConfig.
[0406/203037:WARNING:dns_config_service_win.cc(665)] Failed to read DnsConfig.
[0406/203042:WARNING:dns_config_service_win.cc(665)] Failed to read DnsConfig.
[0406/203047:WARNING:dns_config_service_win.cc(665)] Failed to read DnsConfig.
[0406/203052:WARNING:dns_config_service_win.cc(665)] Failed to read DnsConfig.
[0406/203057:WARNING:dns_config_service_win.cc(665)] Failed to read DnsConfig.
[0406/203102:WARNING:dns_config_service_win.cc(665)] Failed to read DnsConfig.
[0406/203107:WARNING:dns_config_service_win.cc(665)] Failed to read DnsConfig.
[0406/203112:WARNING:dns_config_service_win.cc(665)] Failed to read DnsConfig.
[0406/203117:WARNING:dns_config_service_win.cc(665)] Failed to read DnsConfig.
[0406/203122:WARNING:dns_config_service_win.cc(665)] Failed to read DnsConfig.
[0406/203127:WARNING:dns_config_service_win.cc(665)] Failed to read DnsConfig.
[0406/203132:WARNING:dns_config_service_win.cc(665)] Failed to read DnsConfig.
[0406/203137:WARNING:dns_config_service_win.cc(665)] Failed to read DnsConfig.
[0406/203142:WARNING:dns_config_service_win.cc(665)] Failed to read DnsConfig.
[0406/203147:WARNING:dns_config_service_win.cc(665)] Failed to read DnsConfig.
[0406/203152:WARNING:dns_config_service_win.cc(665)] Failed to read DnsConfig.
[0406/203157:WARNING:dns_config_service_win.cc(665)] Failed to read DnsConfig.
[0406/203202:WARNING:dns_config_service_win.cc(665)] Failed to read DnsConfig.
[0406/203207:WARNING:dns_config_service_win.cc(665)] Failed to read DnsConfig.
[0406/203212:WARNING:dns_config_service_win.cc(665)] Failed to read DnsConfig.
[0406/203217:WARNING:dns_config_service_win.cc(665)] Failed to read DnsConfig.
[0406/203222:WARNING:dns_config_service_win.cc(665)] Failed to read DnsConfig.
[0406/203227:WARNING:dns_config_service_win.cc(665)] Failed to read DnsConfig.
[0406/203232:WARNING:dns_config_service_win.cc(665)] Failed to read DnsConfig.
[0406/203237:WARNING:dns_config_service_win.cc(665)] Failed to read DnsConfig.
[0406/203242:WARNING:dns_config_service_win.cc(665)] Failed to read DnsConfig.
[0406/203247:WARNING:dns_config_service_win.cc(665)] Failed to read DnsConfig.
[0406/203252:WARNING:dns_config_service_win.cc(665)] Failed to read DnsConfig.
[0406/203257:WARNING:dns_config_service_win.cc(665)] Failed to read DnsConfig.
[0406/203302:WARNING:dns_config_service_win.cc(665)] Failed to read DnsConfig.
[0406/203307:WARNING:dns_config_service_win.cc(665)] Failed to read DnsConfig.
[0406/203312:WARNING:dns_config_service_win.cc(665)] Failed to read DnsConfig.
[0406/203317:WARNING:dns_config_service_win.cc(665)] Failed to read DnsConfig.
[0406/203322:WARNING:dns_config_service_win.cc(665)] Failed to read DnsConfig.
[0406/203327:WARNING:dns_config_service_win.cc(665)] Failed to read DnsConfig.
[0406/203332:WARNING:dns_config_service_win.cc(665)] Failed to read DnsConfig.
[0406/203337:WARNING:dns_config_service_win.cc(665)] Failed to read DnsConfig.
[0406/203342:WARNING:dns_config_service_win.cc(665)] Failed to read DnsConfig.
[0406/203347:WARNING:dns_config_service_win.cc(665)] Failed to read DnsConfig.
[0406/203352:WARNING:dns_config_service_win.cc(665)] Failed to read DnsConfig.
[0406/203357:WARNING:dns_config_service_win.cc(665)] Failed to read DnsConfig.
[0406/203402:WARNING:dns_config_service_win.cc(665)] Failed to read DnsConfig.
[0406/203407:WARNING:dns_config_service_win.cc(665)] Failed to read DnsConfig.
[0406/203412:WARNING:dns_config_service_win.cc(665)] Failed to read DnsConfig.
[0406/203417:WARNING:dns_config_service_win.cc(665)] Failed to read DnsConfig.
[0406/203422:WARNING:dns_config_service_win.cc(665)] Failed to read DnsConfig.
[0406/203427:WARNING:dns_config_service_win.cc(665)] Failed to read DnsConfig.
[0406/203432:WARNING:dns_config_service_win.cc(665)] Failed to read DnsConfig.
[0406/203437:WARNING:dns_config_service_win.cc(665)] Failed to read DnsConfig.
[0406/203442:WARNING:dns_config_service_win.cc(665)] Failed to read DnsConfig.
[0406/203447:WARNING:dns_config_service_win.cc(665)] Failed to read DnsConfig.
[0406/203452:WARNING:dns_config_service_win.cc(665)] Failed to read DnsConfig.
[0406/203457:WARNING:dns_config_service_win.cc(665)] Failed to read DnsConfig.
[0406/203502:WARNING:dns_config_service_win.cc(665)] Failed to read DnsConfig.
[0406/203507:WARNING:dns_config_service_win.cc(665)] Failed to read DnsConfig.
[0406/203512:WARNING:dns_config_service_win.cc(665)] Failed to read DnsConfig.
[0406/203517:WARNING:dns_config_service_win.cc(665)] Failed to read DnsConfig.
[0406/203522:WARNING:dns_config_service_win.cc(665)] Failed to read DnsConfig.
[0406/203527:WARNING:dns_config_service_win.cc(665)] Failed to read DnsConfig.
[0406/203532:WARNING:dns_config_service_win.cc(665)] Failed to read DnsConfig.
[0406/203537:WARNING:dns_config_service_win.cc(665)] Failed to read DnsConfig.
[0406/203542:WARNING:dns_config_service_win.cc(665)] Failed to read DnsConfig.
[0406/203547:WARNING:dns_config_service_win.cc(665)] Failed to read DnsConfig.
[0406/203552:WARNING:dns_config_service_win.cc(665)] Failed to read DnsConfig.
[0406/203557:WARNING:dns_config_service_win.cc(665)] Failed to read DnsConfig.
[0406/203602:WARNING:dns_config_service_win.cc(665)] Failed to read DnsConfig.
[0406/203607:WARNING:dns_config_service_win.cc(665)] Failed to read DnsConfig.
[0406/203612:WARNING:dns_config_service_win.cc(665)] Failed to read DnsConfig.
[0406/203617:WARNING:dns_config_service_win.cc(665)] Failed to read DnsConfig.
[0406/203622:WARNING:dns_config_service_win.cc(665)] Failed to read DnsConfig.
[0406/203627:WARNING:dns_config_service_win.cc(665)] Failed to read DnsConfig.
[0406/203632:WARNING:dns_config_service_win.cc(665)] Failed to read DnsConfig.
[0406/203637:WARNING:dns_config_service_win.cc(665)] Failed to read DnsConfig.
[0406/203642:WARNING:dns_config_service_win.cc(665)] Failed to read DnsConfig.
[0406/203647:WARNING:dns_config_service_win.cc(665)] Failed to read DnsConfig.
[0406/203652:WARNING:dns_config_service_win.cc(665)] Failed to read DnsConfig.
[0406/203657:WARNING:dns_config_service_win.cc(665)] Failed to read DnsConfig.
[0406/203702:WARNING:dns_config_service_win.cc(665)] Failed to read DnsConfig.
[0406/203707:WARNING:dns_config_service_win.cc(665)] Failed to read DnsConfig.
[0406/203712:WARNING:dns_config_service_win.cc(665)] Failed to read DnsConfig.
[0406/203717:WARNING:dns_config_service_win.cc(665)] Failed to read DnsConfig.
[0406/203722:WARNING:dns_config_service_win.cc(665)] Failed to read DnsConfig.
[0406/203727:WARNING:dns_config_service_win.cc(665)] Failed to read DnsConfig.
[0406/203732:WARNING:dns_config_service_win.cc(665)] Failed to read DnsConfig.
[0406/203737:WARNING:dns_config_service_win.cc(665)] Failed to read DnsConfig.
[0406/203742:WARNING:dns_config_service_win.cc(665)] Failed to read DnsConfig.
[0406/203747:WARNING:dns_config_service_win.cc(665)] Failed to read DnsConfig.
[0406/203752:WARNING:dns_config_service_win.cc(665)] Failed to read DnsConfig.
[0406/203757:WARNING:dns_config_service_win.cc(665)] Failed to read DnsConfig.
[0406/203802:WARNING:dns_config_service_win.cc(665)] Failed to read DnsConfig.
[0406/203807:WARNING:dns_config_service_win.cc(665)] Failed to read DnsConfig.
[0406/203812:WARNING:dns_config_service_win.cc(665)] Failed to read DnsConfig.
[0406/203817:WARNING:dns_config_service_win.cc(665)] Failed to read DnsConfig.
[0406/203822:WARNING:dns_config_service_win.cc(665)] Failed to read DnsConfig.
[0406/203827:WARNING:dns_config_service_win.cc(665)] Failed to read DnsConfig.
[0406/203832:WARNING:dns_config_service_win.cc(665)] Failed to read DnsConfig.
[0406/203837:WARNING:dns_config_service_win.cc(665)] Failed to read DnsConfig.
[0406/203842:WARNING:dns_config_service_win.cc(665)] Failed to read DnsConfig.
[0406/203847:WARNING:dns_config_service_win.cc(665)] Failed to read DnsConfig.
[0406/203852:WARNING:dns_config_service_win.cc(665)] Failed to read DnsConfig.
[0406/203857:WARNING:dns_config_service_win.cc(665)] Failed to read DnsConfig.
[0406/203902:WARNING:dns_config_service_win.cc(665)] Failed to read DnsConfig.
[0406/203907:WARNING:dns_config_service_win.cc(665)] Failed to read DnsConfig.
[0406/203912:WARNING:dns_config_service_win.cc(665)] Failed to read DnsConfig.
[0406/203917:WARNING:dns_config_service_win.cc(665)] Failed to read DnsConfig.
[0406/203922:WARNING:dns_config_service_win.cc(665)] Failed to read DnsConfig.
[0406/203927:WARNING:dns_config_service_win.cc(665)] Failed to read DnsConfig.
[0406/203932:WARNING:dns_config_service_win.cc(665)] Failed to read DnsConfig.
[0406/203937:WARNING:dns_config_service_win.cc(665)] Failed to read DnsConfig.
[0406/203942:WARNING:dns_config_service_win.cc(665)] Failed to read DnsConfig.
[0406/203947:WARNING:dns_config_service_win.cc(665)] Failed to read DnsConfig.
[0406/203952:WARNING:dns_config_service_win.cc(665)] Failed to read DnsConfig.
[0406/203957:WARNING:dns_config_service_win.cc(665)] Failed to read DnsConfig.
[0406/204002:WARNING:dns_config_service_win.cc(665)] Failed to read DnsConfig.
[0406/204007:WARNING:dns_config_service_win.cc(665)] Failed to read DnsConfig.
[0406/204012:WARNING:dns_config_service_win.cc(665)] Failed to read DnsConfig.
[0406/204017:WARNING:dns_config_service_win.cc(665)] Failed to read DnsConfig.
[0406/204022:WARNING:dns_config_service_win.cc(665)] Failed to read DnsConfig.
[0406/204027:WARNING:dns_config_service_win.cc(665)] Failed to read DnsConfig.
[0406/204032:WARNING:dns_config_service_win.cc(665)] Failed to read DnsConfig.
[0406/204037:WARNING:dns_config_service_win.cc(665)] Failed to read DnsConfig.
[0406/204042:WARNING:dns_config_service_win.cc(665)] Failed to read DnsConfig.
[0406/204047:WARNING:dns_config_service_win.cc(665)] Failed to read DnsConfig.
[0406/204052:WARNING:dns_config_service_win.cc(665)] Failed to read DnsConfig.
[0406/204057:WARNING:dns_config_service_win.cc(665)] Failed to read DnsConfig.
[0406/204102:WARNING:dns_config_service_win.cc(665)] Failed to read DnsConfig.
[0406/204107:WARNING:dns_config_service_win.cc(665)] Failed to read DnsConfig.
[0406/204112:WARNING:dns_config_service_win.cc(665)] Failed to read DnsConfig.
[0406/204117:WARNING:dns_config_service_win.cc(665)] Failed to read DnsConfig.
[0406/204122:WARNING:dns_config_service_win.cc(665)] Failed to read DnsConfig.
[0406/204127:WARNING:dns_config_service_win.cc(665)] Failed to read DnsConfig.
[0406/204132:WARNING:dns_config_service_win.cc(665)] Failed to read DnsConfig.
[0406/204137:WARNING:dns_config_service_win.cc(665)] Failed to read DnsConfig.
[0406/204142:WARNING:dns_config_service_win.cc(665)] Failed to read DnsConfig.
[0406/204147:WARNING:dns_config_service_win.cc(665)] Failed to read DnsConfig.
[0406/204152:WARNING:dns_config_service_win.cc(665)] Failed to read DnsConfig.
[0406/204157:WARNING:dns_config_service_win.cc(665)] Failed to read DnsConfig.
[0406/204202:WARNING:dns_config_service_win.cc(665)] Failed to read DnsConfig.
[0406/204207:WARNING:dns_config_service_win.cc(665)] Failed to read DnsConfig.
[0406/204212:WARNING:dns_config_service_win.cc(665)] Failed to read DnsConfig.
[0406/204217:WARNING:dns_config_service_win.cc(665)] Failed to read DnsConfig.
[0406/204222:WARNING:dns_config_service_win.cc(665)] Failed to read DnsConfig.
[0406/204227:WARNING:dns_config_service_win.cc(665)] Failed to read DnsConfig.
[0406/204232:WARNING:dns_config_service_win.cc(665)] Failed to read DnsConfig.
[0406/204237:WARNING:dns_config_service_win.cc(665)] Failed to read DnsConfig.
[0406/204242:WARNING:dns_config_service_win.cc(665)] Failed to read DnsConfig.
[0406/204247:WARNING:dns_config_service_win.cc(665)] Failed to read DnsConfig.
[0406/204252:WARNING:dns_config_service_win.cc(665)] Failed to read DnsConfig.
[0406/204257:WARNING:dns_config_service_win.cc(665)] Failed to read DnsConfig.
[0406/204302:WARNING:dns_config_service_win.cc(665)] Failed to read DnsConfig.
[0406/204307:WARNING:dns_config_service_win.cc(665)] Failed to read DnsConfig.
[0406/204312:WARNING:dns_config_service_win.cc(665)] Failed to read DnsConfig.
[0406/204317:WARNING:dns_config_service_win.cc(665)] Failed to read DnsConfig.
[0406/204322:WARNING:dns_config_service_win.cc(665)] Failed to read DnsConfig.
[0406/204327:WARNING:dns_config_service_win.cc(665)] Failed to read DnsConfig.
[0406/204332:WARNING:dns_config_service_win.cc(665)] Failed to read DnsConfig.
[0406/204337:WARNING:dns_config_service_win.cc(665)] Failed to read DnsConfig.
[0406/204342:WARNING:dns_config_service_win.cc(665)] Failed to read DnsConfig.
[0406/204347:WARNING:dns_config_service_win.cc(665)] Failed to read DnsConfig.
[0406/204352:WARNING:dns_config_service_win.cc(665)] Failed to read DnsConfig.
[0406/204357:WARNING:dns_config_service_win.cc(665)] Failed to read DnsConfig.
[0406/204402:WARNING:dns_config_service_win.cc(665)] Failed to read DnsConfig.
[0406/204407:WARNING:dns_config_service_win.cc(665)] Failed to read DnsConfig.
[0406/204412:WARNING:dns_config_service_win.cc(665)] Failed to read DnsConfig.
[0406/204417:WARNING:dns_config_service_win.cc(665)] Failed to read DnsConfig.
[0406/204422:WARNING:dns_config_service_win.cc(665)] Failed to read DnsConfig.
[0406/204427:WARNING:dns_config_service_win.cc(665)] Failed to read DnsConfig.
[0406/204432:WARNING:dns_config_service_win.cc(665)] Failed to read DnsConfig.
[0406/204437:WARNING:dns_config_service_win.cc(665)] Failed to read DnsConfig.
[0406/204442:WARNING:dns_config_service_win.cc(665)] Failed to read DnsConfig.
[0406/204447:WARNING:dns_config_service_win.cc(665)] Failed to read DnsConfig.
[0406/204452:WARNING:dns_config_service_win.cc(665)] Failed to read DnsConfig.
[0406/204457:WARNING:dns_config_service_win.cc(665)] Failed to read DnsConfig.
[0406/204502:WARNING:dns_config_service_win.cc(665)] Failed to read DnsConfig.
[0406/204507:WARNING:dns_config_service_win.cc(665)] Failed to read DnsConfig.
[0406/204512:WARNING:dns_config_service_win.cc(665)] Failed to read DnsConfig.
[0406/204517:WARNING:dns_config_service_win.cc(665)] Failed to read DnsConfig.
[0406/204522:WARNING:dns_config_service_win.cc(665)] Failed to read DnsConfig.
[0406/204527:WARNING:dns_config_service_win.cc(665)] Failed to read DnsConfig.
[0406/204532:WARNING:dns_config_service_win.cc(665)] Failed to read DnsConfig.
[0406/204537:WARNING:dns_config_service_win.cc(665)] Failed to read DnsConfig.
[0406/204542:WARNING:dns_config_service_win.cc(665)] Failed to read DnsConfig.
[0406/204547:WARNING:dns_config_service_win.cc(665)] Failed to read DnsConfig.
[0406/204552:WARNING:dns_config_service_win.cc(665)] Failed to read DnsConfig.
[0406/204557:WARNING:dns_config_service_win.cc(665)] Failed to read DnsConfig.
[0406/204602:WARNING:dns_config_service_win.cc(665)] Failed to read DnsConfig.
[0406/204607:WARNING:dns_config_service_win.cc(665)] Failed to read DnsConfig.
[0406/204612:WARNING:dns_config_service_win.cc(665)] Failed to read DnsConfig.
[0406/204617:WARNING:dns_config_service_win.cc(665)] Failed to read DnsConfig.
[0406/204622:WARNING:dns_config_service_win.cc(665)] Failed to read DnsConfig.
[0406/204627:WARNING:dns_config_service_win.cc(665)] Failed to read DnsConfig.
[0406/204632:WARNING:dns_config_service_win.cc(665)] Failed to read DnsConfig.
[0406/204637:WARNING:dns_config_service_win.cc(665)] Failed to read DnsConfig.
[0406/204642:WARNING:dns_config_service_win.cc(665)] Failed to read DnsConfig.
[0406/204647:WARNING:dns_config_service_win.cc(665)] Failed to read DnsConfig.
[0406/204652:WARNING:dns_config_service_win.cc(665)] Failed to read DnsConfig.
[0406/204657:WARNING:dns_config_service_win.cc(665)] Failed to read DnsConfig.
[0406/204702:WARNING:dns_config_service_win.cc(665)] Failed to read DnsConfig.
[0406/204702:WARNING:dns_config_service_win.cc(665)] Failed to read DnsConfig.
[0409/122021:ERROR:tcp_socket_win.cc(335)] bind() returned an error: Only one usage of each socket address (protocol/network address/port) is normally permitted. (0x2740)
[0409/122022:ERROR:devtools_http_handler.cc(229)] Cannot start http server for devtools. Stop devtools.
[0409/130427:WARNING:dns_config_service_win.cc(665)] Failed to read DnsConfig.
[0409/130537:WARNING:dns_config_service_win.cc(665)] Failed to read DnsConfig.
[0409/130659:WARNING:dns_config_service_win.cc(665)] Failed to read DnsConfig.
[0409/130703:WARNING:dns_config_service_win.cc(665)] Failed to read DnsConfig.
[0409/130812:WARNING:dns_config_service_win.cc(665)] Failed to read DnsConfig.
[0409/130846:WARNING:dns_config_service_win.cc(665)] Failed to read DnsConfig.
[0411/174716:WARNING:dns_config_service_win.cc(665)] Failed to read DnsConfig.
[0411/174721:WARNING:dns_config_service_win.cc(665)] Failed to read DnsConfig.
[0411/174726:WARNING:dns_config_service_win.cc(665)] Failed to read DnsConfig.
[0411/174731:WARNING:dns_config_service_win.cc(665)] Failed to read DnsConfig.
[0411/174736:WARNING:dns_config_service_win.cc(665)] Failed to read DnsConfig.
[0411/174741:WARNING:dns_config_service_win.cc(665)] Failed to read DnsConfig.
[0411/174746:WARNING:dns_config_service_win.cc(665)] Failed to read DnsConfig.
[0411/174751:WARNING:dns_config_service_win.cc(665)] Failed to read DnsConfig.
[0411/174756:WARNING:dns_config_service_win.cc(665)] Failed to read DnsConfig.
[0411/174801:WARNING:dns_config_service_win.cc(665)] Failed to read DnsConfig.
[0411/174806:WARNING:dns_config_service_win.cc(665)] Failed to read DnsConfig.
[0411/174811:WARNING:dns_config_service_win.cc(665)] Failed to read DnsConfig.
[0411/174816:WARNING:dns_config_service_win.cc(665)] Failed to read DnsConfig.
[0411/174821:WARNING:dns_config_service_win.cc(665)] Failed to read DnsConfig.
[0411/174828:WARNING:dns_config_service_win.cc(665)] Failed to read DnsConfig.
[0411/174833:WARNING:dns_config_service_win.cc(665)] Failed to read DnsConfig.
[0411/174838:WARNING:dns_config_service_win.cc(665)] Failed to read DnsConfig.
[0411/174843:WARNING:dns_config_service_win.cc(665)] Failed to read DnsConfig.
[0411/174848:WARNING:dns_config_service_win.cc(665)] Failed to read DnsConfig.
[0411/174853:WARNING:dns_config_service_win.cc(665)] Failed to read DnsConfig.
[0412/084253:WARNING:dns_config_service_win.cc(665)] Failed to read DnsConfig.
[0412/084258:WARNING:dns_config_service_win.cc(665)] Failed to read DnsConfig.
[0412/084303:WARNING:dns_config_service_win.cc(665)] Failed to read DnsConfig.
[0412/084308:WARNING:dns_config_service_win.cc(665)] Failed to read DnsConfig.
[0412/084313:WARNING:dns_config_service_win.cc(665)] Failed to read DnsConfig.
[0412/084318:WARNING:dns_config_service_win.cc(665)] Failed to read DnsConfig.
[0412/130908:WARNING:dns_config_service_win.cc(665)] Failed to read DnsConfig.
[0412/163703:WARNING:dns_config_service_win.cc(665)] Failed to read DnsConfig.
[0413/224352:WARNING:dns_config_service_win.cc(665)] Failed to read DnsConfig.
[0413/224357:WARNING:dns_config_service_win.cc(665)] Failed to read DnsConfig.
[0413/224402:WARNING:dns_config_service_win.cc(665)] Failed to read DnsConfig.
[0413/224407:WARNING:dns_config_service_win.cc(665)] Failed to read DnsConfig.
[0413/224412:WARNING:dns_config_service_win.cc(665)] Failed to read DnsConfig.
[0413/224417:WARNING:dns_config_service_win.cc(665)] Failed to read DnsConfig.
[0413/224422:WARNING:dns_config_service_win.cc(665)] Failed to read DnsConfig.
[0413/224427:WARNING:dns_config_service_win.cc(665)] Failed to read DnsConfig.
[0413/224432:WARNING:dns_config_service_win.cc(665)] Failed to read DnsConfig.
[0413/224437:WARNING:dns_config_service_win.cc(665)] Failed to read DnsConfig.
[0413/224442:WARNING:dns_config_service_win.cc(665)] Failed to read DnsConfig.
[0413/224447:WARNING:dns_config_service_win.cc(665)] Failed to read DnsConfig.
[0413/224452:WARNING:dns_config_service_win.cc(665)] Failed to read DnsConfig.
[0413/224457:WARNING:dns_config_service_win.cc(665)] Failed to read DnsConfig.
[0413/224502:WARNING:dns_config_service_win.cc(665)] Failed to read DnsConfig.
[0413/224507:WARNING:dns_config_service_win.cc(665)] Failed to read DnsConfig.
[0413/224512:WARNING:dns_config_service_win.cc(665)] Failed to read DnsConfig.
[0413/224517:WARNING:dns_config_service_win.cc(665)] Failed to read DnsConfig.
[0413/224522:WARNING:dns_config_service_win.cc(665)] Failed to read DnsConfig.
[0413/224527:WARNING:dns_config_service_win.cc(665)] Failed to read DnsConfig.
[0413/224532:WARNING:dns_config_service_win.cc(665)] Failed to read DnsConfig.
[0413/224537:WARNING:dns_config_service_win.cc(665)] Failed to read DnsConfig.
[0413/224542:WARNING:dns_config_service_win.cc(665)] Failed to read DnsConfig.
[0413/224547:WARNING:dns_config_service_win.cc(665)] Failed to read DnsConfig.
[0413/224552:WARNING:dns_config_service_win.cc(665)] Failed to read DnsConfig.
[0413/224557:WARNING:dns_config_service_win.cc(665)] Failed to read DnsConfig.
[0413/224602:WARNING:dns_config_service_win.cc(665)] Failed to read DnsConfig.
[0413/224607:WARNING:dns_config_service_win.cc(665)] Failed to read DnsConfig.
[0413/224612:WARNING:dns_config_service_win.cc(665)] Failed to read DnsConfig.
[0413/224617:WARNING:dns_config_service_win.cc(665)] Failed to read DnsConfig.
[0413/224622:WARNING:dns_config_service_win.cc(665)] Failed to read DnsConfig.
[0413/224627:WARNING:dns_config_service_win.cc(665)] Failed to read DnsConfig.
[0413/224632:WARNING:dns_config_service_win.cc(665)] Failed to read DnsConfig.
[0413/224637:WARNING:dns_config_service_win.cc(665)] Failed to read DnsConfig.
[0413/224642:WARNING:dns_config_service_win.cc(665)] Failed to read DnsConfig.
[0413/224647:WARNING:dns_config_service_win.cc(665)] Failed to read DnsConfig.
[0413/224652:WARNING:dns_config_service_win.cc(665)] Failed to read DnsConfig.
[0413/224657:WARNING:dns_config_service_win.cc(665)] Failed to read DnsConfig.
[0413/224702:WARNING:dns_config_service_win.cc(665)] Failed to read DnsConfig.
[0413/224707:WARNING:dns_config_service_win.cc(665)] Failed to read DnsConfig.
[0413/224713:WARNING:dns_config_service_win.cc(665)] Failed to read DnsConfig.
[0413/224718:WARNING:dns_config_service_win.cc(665)] Failed to read DnsConfig.
[0413/224723:WARNING:dns_config_service_win.cc(665)] Failed to read DnsConfig.
[0413/224728:WARNING:dns_config_service_win.cc(665)] Failed to read DnsConfig.
[0413/224733:WARNING:dns_config_service_win.cc(665)] Failed to read DnsConfig.
[0413/224738:WARNING:dns_config_service_win.cc(665)] Failed to read DnsConfig.
[0413/224743:WARNING:dns_config_service_win.cc(665)] Failed to read DnsConfig.
[0413/224748:WARNING:dns_config_service_win.cc(665)] Failed to read DnsConfig.
[0413/224753:WARNING:dns_config_service_win.cc(665)] Failed to read DnsConfig.
[0413/224758:WARNING:dns_config_service_win.cc(665)] Failed to read DnsConfig.
[0413/224803:WARNING:dns_config_service_win.cc(665)] Failed to read DnsConfig.
[0413/224808:WARNING:dns_config_service_win.cc(665)] Failed to read DnsConfig.
[0413/224813:WARNING:dns_config_service_win.cc(665)] Failed to read DnsConfig.
[0413/224818:WARNING:dns_config_service_win.cc(665)] Failed to read DnsConfig.
[0413/224823:WARNING:dns_config_service_win.cc(665)] Failed to read DnsConfig.
[0413/224828:WARNING:dns_config_service_win.cc(665)] Failed to read DnsConfig.
[0413/224833:WARNING:dns_config_service_win.cc(665)] Failed to read DnsConfig.
[0415/004342:ERROR:tcp_socket_win.cc(335)] bind() returned an error: Only one usage of each socket address (protocol/network address/port) is normally permitted. (0x2740)
[0415/004342:ERROR:devtools_http_handler.cc(229)] Cannot start http server for devtools. Stop devtools.
