Add component (AddParameter): Name = "Value"; Value = "22nF"; VariantName = "[No Variations]"
Added Component: Designator=C9(C0805)
Add component. Clean all parameters for all variants
Add component (AddParameter): Name = "Value"; Value = "22nF"; VariantName = "[No Variations]"
Add component (AddParameter): Name = "Value"; Value = "22nF"; VariantName = "[No Variations]"
Added Component: Designator=C10(C0805)
Add component. Clean all parameters for all variants
Add component (AddParameter): Name = "Value"; Value = "22nF"; VariantName = "[No Variations]"
Add component (AddParameter): Name = "Value"; Value = "22nF"; VariantName = "[No Variations]"
Added Component: Designator=C11(C0805)
Add component. Clean all parameters for all variants
Add component (AddParameter): Name = "Value"; Value = "22nF"; VariantName = "[No Variations]"
Add component (AddParameter): Name = "Value"; Value = "22nF"; VariantName = "[No Variations]"
Added Component: Designator=C12(C0805)
Add component. Clean all parameters for all variants
Add component (AddParameter): Name = "Value"; Value = "22nF"; VariantName = "[No Variations]"
Add component (AddParameter): Name = "Value"; Value = "100nF"; VariantName = "[No Variations]"
Added Component: Designator=C13(C0805)
Add component. Clean all parameters for all variants
Add component (AddParameter): Name = "Value"; Value = "100nF"; VariantName = "[No Variations]"
Add component (AddParameter): Name = "Value"; Value = "100nF"; VariantName = "[No Variations]"
Added Component: Designator=C14(C0805)
Add component. Clean all parameters for all variants
Add component (AddParameter): Name = "Value"; Value = "100nF"; VariantName = "[No Variations]"
Add component (AddParameter): Name = "Value"; Value = "100nF"; VariantName = "[No Variations]"
Added Component: Designator=C15(C0805)
Add component. Clean all parameters for all variants
Add component (AddParameter): Name = "Value"; Value = "100nF"; VariantName = "[No Variations]"
Add component (AddParameter): Name = "Value"; Value = "100nF"; VariantName = "[No Variations]"
Added Component: Designator=C16(C0805)
Add component. Clean all parameters for all variants
Add component (AddParameter): Name = "Value"; Value = "100nF"; VariantName = "[No Variations]"
Add component (AddParameter): Name = "cijena (funte)"; Value = "0.426"; VariantName = "[No Variations]"
Add component (AddParameter): Name = "dobavljaè"; Value = "Farnell"; VariantName = "[No Variations]"
Add component (AddParameter): Name = "kataloški broj"; Value = "1292518"; VariantName = "[No Variations]"
Add component (AddParameter): Name = "opis komponente"; Value = "Through Hole Resistor 7W"; VariantName = "[No Variations]"
Add component (AddParameter): Name = "Value"; Value = "1"; VariantName = "[No Variations]"
Added Component: Designator=R21(F za 7W otpornik)
Add component. Clean all parameters for all variants
Add component (AddParameter): Name = "cijena (funte)"; Value = "0.426"; VariantName = "[No Variations]"
Add component (AddParameter): Name = "dobavljaè"; Value = "Farnell"; VariantName = "[No Variations]"
Add component (AddParameter): Name = "kataloški broj"; Value = "1292518"; VariantName = "[No Variations]"
Add component (AddParameter): Name = "opis komponente"; Value = "Through Hole Resistor 7W"; VariantName = "[No Variations]"
Add component (AddParameter): Name = "Value"; Value = "1"; VariantName = "[No Variations]"
Add component (AddParameter): Name = "cijena (funte)"; Value = "0.426"; VariantName = "[No Variations]"
Add component (AddParameter): Name = "dobavljaè"; Value = "Farnell"; VariantName = "[No Variations]"
Add component (AddParameter): Name = "kataloški broj"; Value = "1292518"; VariantName = "[No Variations]"
Add component (AddParameter): Name = "opis komponente"; Value = "Through Hole Resistor 7W"; VariantName = "[No Variations]"
Add component (AddParameter): Name = "Value"; Value = "1"; VariantName = "[No Variations]"
Added Component: Designator=R22(F za 7W otpornik)
Add component. Clean all parameters for all variants
Add component (AddParameter): Name = "cijena (funte)"; Value = "0.426"; VariantName = "[No Variations]"
Add component (AddParameter): Name = "dobavljaè"; Value = "Farnell"; VariantName = "[No Variations]"
Add component (AddParameter): Name = "kataloški broj"; Value = "1292518"; VariantName = "[No Variations]"
Add component (AddParameter): Name = "opis komponente"; Value = "Through Hole Resistor 7W"; VariantName = "[No Variations]"
Add component (AddParameter): Name = "Value"; Value = "1"; VariantName = "[No Variations]"
Add component (AddParameter): Name = "cijena (funte)"; Value = "0.426"; VariantName = "[No Variations]"
Add component (AddParameter): Name = "dobavljaè"; Value = "Farnell"; VariantName = "[No Variations]"
Add component (AddParameter): Name = "kataloški broj"; Value = "1292518"; VariantName = "[No Variations]"
Add component (AddParameter): Name = "opis komponente"; Value = "Through Hole Resistor 7W"; VariantName = "[No Variations]"
Add component (AddParameter): Name = "Value"; Value = "1"; VariantName = "[No Variations]"
Added Component: Designator=R23(F za 7W otpornik)
Add component. Clean all parameters for all variants
Add component (AddParameter): Name = "cijena (funte)"; Value = "0.426"; VariantName = "[No Variations]"
Add component (AddParameter): Name = "dobavljaè"; Value = "Farnell"; VariantName = "[No Variations]"
Add component (AddParameter): Name = "kataloški broj"; Value = "1292518"; VariantName = "[No Variations]"
Add component (AddParameter): Name = "opis komponente"; Value = "Through Hole Resistor 7W"; VariantName = "[No Variations]"
Add component (AddParameter): Name = "Value"; Value = "1"; VariantName = "[No Variations]"
Add component (AddParameter): Name = "cijena (funte)"; Value = "0.426"; VariantName = "[No Variations]"
Add component (AddParameter): Name = "dobavljaè"; Value = "Farnell"; VariantName = "[No Variations]"
Add component (AddParameter): Name = "kataloški broj"; Value = "1292518"; VariantName = "[No Variations]"
Add component (AddParameter): Name = "opis komponente"; Value = "Through Hole Resistor 7W"; VariantName = "[No Variations]"
Add component (AddParameter): Name = "Value"; Value = "1"; VariantName = "[No Variations]"
Added Component: Designator=R24(F za 7W otpornik)
Add component. Clean all parameters for all variants
Add component (AddParameter): Name = "cijena (funte)"; Value = "0.426"; VariantName = "[No Variations]"
Add component (AddParameter): Name = "dobavljaè"; Value = "Farnell"; VariantName = "[No Variations]"
Add component (AddParameter): Name = "kataloški broj"; Value = "1292518"; VariantName = "[No Variations]"
Add component (AddParameter): Name = "opis komponente"; Value = "Through Hole Resistor 7W"; VariantName = "[No Variations]"
Add component (AddParameter): Name = "Value"; Value = "1"; VariantName = "[No Variations]"
Added Component: Designator=TP1(Test_point)
Add component. Clean all parameters for all variants
Added Component: Designator=TP2(Test_point)
Add component. Clean all parameters for all variants
Added Component: Designator=TP3(Test_point)
Add component. Clean all parameters for all variants
Added Component: Designator=TP4(Test_point)
Add component. Clean all parameters for all variants
Added Pin To Net: NetName=NetK1_3 Pin=C9-1
Added Pin To Net: NetName=NetK1_6 Pin=C9-2
Added Pin To Net: NetName=NetK2_3 Pin=C10-1
Added Pin To Net: NetName=NetK2_6 Pin=C10-2
Added Pin To Net: NetName=NetD2_5 Pin=C11-1
Added Pin To Net: NetName=NetK3_6 Pin=C11-2
Added Pin To Net: NetName=GNDS Pin=C12-1
Added Pin To Net: NetName=NetK4_6 Pin=C12-2
Added Pin To Net: NetName=NetK1_7 Pin=C13-1
Added Pin To Net: NetName=NetK1_6 Pin=C13-2
Added Pin To Net: NetName=NetK2_7 Pin=C14-1
Added Pin To Net: NetName=NetK2_6 Pin=C14-2
Added Pin To Net: NetName=NetK3_7 Pin=C15-1
Added Pin To Net: NetName=NetK3_6 Pin=C15-2
Added Pin To Net: NetName=NetK4_7 Pin=C16-1
Added Pin To Net: NetName=NetK4_6 Pin=C16-2
Added Pin To Net: NetName=NetR21_1 Pin=R21-1
Added Pin To Net: NetName=NetK1_12 Pin=R21-2
Added Pin To Net: NetName=NetR22_1 Pin=R22-1
Added Pin To Net: NetName=NetK1_3 Pin=R22-2
Added Pin To Net: NetName=NetR23_1 Pin=R23-1
Added Pin To Net: NetName=NetK2_3 Pin=R23-2
Added Pin To Net: NetName=NetR24_1 Pin=R24-1
Added Pin To Net: NetName=NetD2_5 Pin=R24-2
Added Pin To Net: NetName=NetC1_2 Pin=TP1-1
Added Pin To Net: NetName=NetC2_2 Pin=TP2-1
Added Pin To Net: NetName=NetC3_2 Pin=TP3-1
Added Pin To Net: NetName=NetC4_2 Pin=TP4-1
Change Net Name : Old Net Name=NetD2_5 New Net Name=NetC11_1
Change Net Name : Old Net Name=NetK1_3 New Net Name=NetC9_1
Change Net Name : Old Net Name=NetK1_6 New Net Name=NetC9_2
Change Net Name : Old Net Name=NetK1_7 New Net Name=NetC13_1
Change Net Name : Old Net Name=NetK2_3 New Net Name=NetC10_1
Change Net Name : Old Net Name=NetK2_6 New Net Name=NetC10_2
Change Net Name : Old Net Name=NetK2_7 New Net Name=NetC14_1
Change Net Name : Old Net Name=NetK3_6 New Net Name=NetC11_2
Change Net Name : Old Net Name=NetK3_7 New Net Name=NetC15_1
Change Net Name : Old Net Name=NetK4_6 New Net Name=NetC12_2
Change Net Name : Old Net Name=NetK4_7 New Net Name=NetC16_1
Added Member To Class: ClassName=PART_2 Member=Component C9 Cap
Added Member To Class: ClassName=PART_2 Member=Component C10 Cap
Added Member To Class: ClassName=PART_2 Member=Component C11 Cap
Added Member To Class: ClassName=PART_2 Member=Component C12 Cap
Added Member To Class: ClassName=PART_2 Member=Component C13 Cap
Added Member To Class: ClassName=PART_2 Member=Component C14 Cap
Added Member To Class: ClassName=PART_2 Member=Component C15 Cap
Added Member To Class: ClassName=PART_2 Member=Component C16 Cap
Added Member To Class: ClassName=PART_2 Member=Component R21 1
Added Member To Class: ClassName=PART_2 Member=Component R22 1
Added Member To Class: ClassName=PART_2 Member=Component R23 1
Added Member To Class: ClassName=PART_2 Member=Component R24 1
Added Member To Class: ClassName=PART_2 Member=Component TP1 testpoint
Added Member To Class: ClassName=PART_2 Member=Component TP2 testpoint
Added Member To Class: ClassName=PART_2 Member=Component TP3 testpoint
Added Member To Class: ClassName=PART_2 Member=Component TP4 testpoint
Added Member To Class: ClassName=PART_2 Member=Component V3 NMOS-2
