Added Parameter cijena (funte)= to Part C101
Added Parameter cijena (funte)= to Part C102
Added Parameter cijena (funte)= to Part C103
Added Parameter cijena (funte)= to Part C104
Added Parameter cijena (funte)= to Part C105
Added Parameter cijena (funte)= to Part C106
Added Parameter cijena (funte)= to Part C111
Added Parameter cijena (funte)= to Part C112
Added Parameter cijena (funte)= to Part C121
Added Parameter cijena (funte)= to Part C122
Added Parameter cijena (funte)= to Part C131
Added Parameter cijena (funte)= to Part C132
Added Parameter cijena (funte)= to Part C141
Added Parameter cijena (funte)= to Part D1
Added Parameter cijena (funte)= to Part D1
Added Parameter cijena (funte)= to Part H151
Added Parameter cijena (funte)= to Part H152
Added Parameter cijena (funte)= to Part Q131
Added Parameter cijena (funte)= to Part R141
Added Parameter cijena (funte)= to Part R151
Added Parameter cijena (funte)= to Part R152
Added Parameter cijena (funte)= to Part S141
Added Parameter cijena (funte)= to Part X103
Added Parameter dobavljaè= to Part C101
Added Parameter dobavljaè= to Part C102
Added Parameter dobavljaè= to Part C103
Added Parameter dobavljaè= to Part C104
Added Parameter dobavljaè= to Part C105
Added Parameter dobavljaè= to Part C106
Added Parameter dobavljaè= to Part C111
Added Parameter dobavljaè= to Part C112
Added Parameter dobavljaè= to Part C121
Added Parameter dobavljaè= to Part C122
Added Parameter dobavljaè= to Part C131
Added Parameter dobavljaè= to Part C132
Added Parameter dobavljaè= to Part C141
Added Parameter dobavljaè= to Part D1
Added Parameter dobavljaè= to Part D1
Added Parameter dobavljaè= to Part H151
Added Parameter dobavljaè= to Part H152
Added Parameter dobavljaè= to Part Q131
Added Parameter dobavljaè= to Part R141
Added Parameter dobavljaè= to Part R151
Added Parameter dobavljaè= to Part R152
Added Parameter dobavljaè= to Part S141
Added Parameter dobavljaè= to Part X103
Added Parameter kataloški broj= to Part C101
Added Parameter kataloški broj= to Part C102
Added Parameter kataloški broj= to Part C103
Added Parameter kataloški broj= to Part C104
Added Parameter kataloški broj= to Part C105
Added Parameter kataloški broj= to Part C106
Added Parameter kataloški broj= to Part C111
Added Parameter kataloški broj= to Part C112
Added Parameter kataloški broj= to Part C121
Added Parameter kataloški broj= to Part C122
Added Parameter kataloški broj= to Part C131
Added Parameter kataloški broj= to Part C132
Added Parameter kataloški broj= to Part C141
Added Parameter kataloški broj= to Part D1
Added Parameter kataloški broj= to Part D1
Added Parameter kataloški broj= to Part H151
Added Parameter kataloški broj= to Part H152
Added Parameter kataloški broj= to Part Q131
Added Parameter kataloški broj= to Part R141
Added Parameter kataloški broj= to Part R151
Added Parameter kataloški broj= to Part R152
Added Parameter kataloški broj= to Part S141
Added Parameter kataloški broj= to Part X103
Added Parameter manafacturer= to Part C101
Added Parameter manafacturer= to Part C102
Added Parameter manafacturer= to Part C103
Added Parameter manafacturer= to Part C104
Added Parameter manafacturer= to Part C105
Added Parameter manafacturer= to Part C106
Added Parameter manafacturer= to Part C111
Added Parameter manafacturer= to Part C112
Added Parameter manafacturer= to Part C121
Added Parameter manafacturer= to Part C122
Added Parameter manafacturer= to Part C131
Added Parameter manafacturer= to Part C132
Added Parameter manafacturer= to Part C141
Added Parameter manafacturer= to Part D1
Added Parameter manafacturer= to Part D1
Added Parameter manafacturer= to Part H151
Added Parameter manafacturer= to Part H152
Added Parameter manafacturer= to Part Q131
Added Parameter manafacturer= to Part R141
Added Parameter manafacturer= to Part R151
Added Parameter manafacturer= to Part R152
Added Parameter manafacturer= to Part S141
Added Parameter manafacturer= to Part X103
Added Parameter opis komponente= to Part C101
Added Parameter opis komponente= to Part C102
Added Parameter opis komponente= to Part C103
Added Parameter opis komponente= to Part C104
Added Parameter opis komponente= to Part C105
Added Parameter opis komponente= to Part C106
Added Parameter opis komponente= to Part C111
Added Parameter opis komponente= to Part C112
Added Parameter opis komponente= to Part C121
Added Parameter opis komponente= to Part C122
Added Parameter opis komponente= to Part C131
Added Parameter opis komponente= to Part C132
Added Parameter opis komponente= to Part C141
Added Parameter opis komponente= to Part D1
Added Parameter opis komponente= to Part D1
Added Parameter opis komponente= to Part H151
Added Parameter opis komponente= to Part H152
Added Parameter opis komponente= to Part Q131
Added Parameter opis komponente= to Part R141
Added Parameter opis komponente= to Part R151
Added Parameter opis komponente= to Part R152
Added Parameter opis komponente= to Part S141
Added Parameter opis komponente= to Part X103
