Removed Parameter LatestRevisionDate:17-Jul-2002 from Part C36
Removed Parameter LatestRevisionDate:17-Jul-2002 from Part C37
Removed Parameter LatestRevisionDate:17-Jul-2002 from Part C38
Removed Parameter LatestRevisionDate:17-Jul-2002 from Part C39
Removed Parameter LatestRevisionDate:17-Jul-2002 from Part R78
Removed Parameter LatestRevisionDate:17-Jul-2002 from Part R79
Removed Parameter LatestRevisionDate:17-Jul-2002 from Part R80
Removed Parameter LatestRevisionNote:Re-released for DXP Platform. from Part C36
Removed Parameter LatestRevisionNote:Re-released for DXP Platform. from Part C37
Removed Parameter LatestRevisionNote:Re-released for DXP Platform. from Part C38
Removed Parameter LatestRevisionNote:Re-released for DXP Platform. from Part C39
Removed Parameter LatestRevisionNote:Re-released for DXP Platform. from Part R78
Removed Parameter LatestRevisionNote:Re-released for DXP Platform. from Part R79
Removed Parameter LatestRevisionNote:Re-released for DXP Platform. from Part R80
Removed Parameter PackageDescription:Axial Device, Thru-Hole; 2 Leads; 0.4 in Pin Spacing from Part R78
Removed Parameter PackageDescription:Axial Device, Thru-Hole; 2 Leads; 0.4 in Pin Spacing from Part R79
Removed Parameter PackageDescription:Axial Device, Thru-Hole; 2 Leads; 0.4 in Pin Spacing from Part R80
Removed Parameter PackageDescription:Radial Cap, Thru-Hole; 2 Leads; 0.3 in Pin Spacing from Part C36
Removed Parameter PackageDescription:Radial Cap, Thru-Hole; 2 Leads; 0.3 in Pin Spacing from Part C37
Removed Parameter PackageDescription:Radial Cap, Thru-Hole; 2 Leads; 0.3 in Pin Spacing from Part C38
Removed Parameter PackageDescription:Radial Cap, Thru-Hole; 2 Leads; 0.3 in Pin Spacing from Part C39
Removed Parameter PackageReference:AXIAL-0.4 from Part R78
Removed Parameter PackageReference:AXIAL-0.4 from Part R79
Removed Parameter PackageReference:AXIAL-0.4 from Part R80
Removed Parameter PackageReference:RAD-0.3 from Part C36
Removed Parameter PackageReference:RAD-0.3 from Part C37
Removed Parameter PackageReference:RAD-0.3 from Part C38
Removed Parameter PackageReference:RAD-0.3 from Part C39
Removed Parameter Published:8-Jun-2000 from Part C36
Removed Parameter Published:8-Jun-2000 from Part C37
Removed Parameter Published:8-Jun-2000 from Part C38
Removed Parameter Published:8-Jun-2000 from Part C39
Removed Parameter Published:8-Jun-2000 from Part R78
Removed Parameter Published:8-Jun-2000 from Part R79
Removed Parameter Published:8-Jun-2000 from Part R80
Removed Parameter Publisher:Altium Limited from Part C36
Removed Parameter Publisher:Altium Limited from Part C37
Removed Parameter Publisher:Altium Limited from Part C38
Removed Parameter Publisher:Altium Limited from Part C39
Removed Parameter Publisher:Altium Limited from Part R78
Removed Parameter Publisher:Altium Limited from Part R79
Removed Parameter Publisher:Altium Limited from Part R80
